This is pdfTeX, Version 3.14159265-2.6-1.40.20 (TeX Live 2019) (preloaded format=pdflatex 2019.5.29)  7 JUL 2019 11:34
entering extended mode
 restricted \write18 enabled.
 %&-line parsing enabled.
**./images.tex
(./images.tex
LaTeX2e <2018-12-01>

(/usr/local/texlive/2019/texmf-dist/tex/latex/base/article.cls
Document Class: article 2018/09/03 v1.4i Standard LaTeX document class
(/usr/local/texlive/2019/texmf-dist/tex/latex/base/size10.clo
File: size10.clo 2018/09/03 v1.4i Standard LaTeX file (size option)
)
\c@part=\count80
\c@section=\count81
\c@subsection=\count82
\c@subsubsection=\count83
\c@paragraph=\count84
\c@subparagraph=\count85
\c@figure=\count86
\c@table=\count87
\abovecaptionskip=\skip41
\belowcaptionskip=\skip42
\bibindent=\dimen102
) (/usr/local/texlive/2019/texmf-dist/tex/latex/base/ifthen.sty
Package: ifthen 2014/09/29 v1.1c Standard LaTeX ifthen package (DPC)
) (/usr/local/texlive/2019/texmf-dist/tex/latex/amsfonts/amssymb.sty
Package: amssymb 2013/01/14 v3.01 AMS font symbols
(/usr/local/texlive/2019/texmf-dist/tex/latex/amsfonts/amsfonts.sty
Package: amsfonts 2013/01/14 v3.01 Basic AMSFonts support
\@emptytoks=\toks14
\symAMSa=\mathgroup4
\symAMSb=\mathgroup5
LaTeX Font Info:    Overwriting math alphabet `\mathfrak' in version `bold'
(Font)                  U/euf/m/n --> U/euf/b/n on input line 106.
)) (/usr/local/texlive/2019/texmf-dist/tex/latex/graphics/graphics.sty
Package: graphics 2017/06/25 v1.2c Standard LaTeX Graphics (DPC,SPQR)
(/usr/local/texlive/2019/texmf-dist/tex/latex/graphics/trig.sty
Package: trig 2016/01/03 v1.10 sin cos tan (DPC)
) (/usr/local/texlive/2019/texmf-dist/tex/latex/graphics-cfg/graphics.cfg
File: graphics.cfg 2016/06/04 v1.11 sample graphics configuration
)
Package graphics Info: Driver file: pdftex.def on input line 99.
(/usr/local/texlive/2019/texmf-dist/tex/latex/graphics-def/pdftex.def
File: pdftex.def 2018/01/08 v1.0l Graphics/color driver for pdftex
)) (/usr/local/texlive/texmf-local/tex/latex/html/html.sty (/usr/local/texlive/
2019/texmf-dist/tex/latex/hyperref/hyperref.sty
Package: hyperref 2018/11/30 v6.88e Hypertext links for LaTeX
(/usr/local/texlive/2019/texmf-dist/tex/generic/oberdiek/hobsub-hyperref.sty
Package: hobsub-hyperref 2016/05/16 v1.14 Bundle oberdiek, subset hyperref (HO)

(/usr/local/texlive/2019/texmf-dist/tex/generic/oberdiek/hobsub-generic.sty
Package: hobsub-generic 2016/05/16 v1.14 Bundle oberdiek, subset generic (HO)
Package: hobsub 2016/05/16 v1.14 Construct package bundles (HO)
Package: infwarerr 2016/05/16 v1.4 Providing info/warning/error messages (HO)
Package: ltxcmds 2016/05/16 v1.23 LaTeX kernel commands for general use (HO)
Package: ifluatex 2016/05/16 v1.4 Provides the ifluatex switch (HO)
Package ifluatex Info: LuaTeX not detected.
Package: ifvtex 2016/05/16 v1.6 Detect VTeX and its facilities (HO)
Package ifvtex Info: VTeX not detected.
Package: intcalc 2016/05/16 v1.2 Expandable calculations with integers (HO)
Package: ifpdf 2018/09/07 v3.3 Provides the ifpdf switch
Package: etexcmds 2016/05/16 v1.6 Avoid name clashes with e-TeX commands (HO)
Package: kvsetkeys 2016/05/16 v1.17 Key value parser (HO)
Package: kvdefinekeys 2016/05/16 v1.4 Define keys (HO)
Package: pdftexcmds 2018/09/10 v0.29 Utility functions of pdfTeX for LuaTeX (HO
)
Package pdftexcmds Info: LuaTeX not detected.
Package pdftexcmds Info: \pdf@primitive is available.
Package pdftexcmds Info: \pdf@ifprimitive is available.
Package pdftexcmds Info: \pdfdraftmode found.
Package: pdfescape 2016/05/16 v1.14 Implements pdfTeX's escape features (HO)
Package: bigintcalc 2016/05/16 v1.4 Expandable calculations on big integers (HO
)
Package: bitset 2016/05/16 v1.2 Handle bit-vector datatype (HO)
Package: uniquecounter 2016/05/16 v1.3 Provide unlimited unique counter (HO)
)
Package hobsub Info: Skipping package `hobsub' (already loaded).
Package: letltxmacro 2016/05/16 v1.5 Let assignment for LaTeX macros (HO)
Package: hopatch 2016/05/16 v1.3 Wrapper for package hooks (HO)
Package: xcolor-patch 2016/05/16 xcolor patch
Package: atveryend 2016/05/16 v1.9 Hooks at the very end of document (HO)
Package atveryend Info: \enddocument detected (standard20110627).
Package: atbegshi 2016/06/09 v1.18 At begin shipout hook (HO)
Package: refcount 2016/05/16 v3.5 Data extraction from label references (HO)
Package: hycolor 2016/05/16 v1.8 Color options for hyperref/bookmark (HO)
) (/usr/local/texlive/2019/texmf-dist/tex/latex/graphics/keyval.sty
Package: keyval 2014/10/28 v1.15 key=value parser (DPC)
\KV@toks@=\toks15
) (/usr/local/texlive/2019/texmf-dist/tex/generic/ifxetex/ifxetex.sty
Package: ifxetex 2010/09/12 v0.6 Provides ifxetex conditional
) (/usr/local/texlive/2019/texmf-dist/tex/latex/oberdiek/auxhook.sty
Package: auxhook 2016/05/16 v1.4 Hooks for auxiliary files (HO)
) (/usr/local/texlive/2019/texmf-dist/tex/latex/oberdiek/kvoptions.sty
Package: kvoptions 2016/05/16 v3.12 Key value format for package options (HO)
)
\@linkdim=\dimen103
\Hy@linkcounter=\count88
\Hy@pagecounter=\count89
(/usr/local/texlive/2019/texmf-dist/tex/latex/hyperref/pd1enc.def
File: pd1enc.def 2018/11/30 v6.88e Hyperref: PDFDocEncoding definition (HO)
Now handling font encoding PD1 ...
... no UTF-8 mapping file for font encoding PD1
)
\Hy@SavedSpaceFactor=\count90
(/usr/local/texlive/2019/texmf-dist/tex/latex/latexconfig/hyperref.cfg
File: hyperref.cfg 2002/06/06 v1.2 hyperref configuration of TeXLive
)
Package hyperref Info: Hyper figures OFF on input line 4519.
Package hyperref Info: Link nesting OFF on input line 4524.
Package hyperref Info: Hyper index ON on input line 4527.
Package hyperref Info: Plain pages OFF on input line 4534.
Package hyperref Info: Backreferencing OFF on input line 4539.
Package hyperref Info: Implicit mode ON; LaTeX internals redefined.
Package hyperref Info: Bookmarks ON on input line 4772.
\c@Hy@tempcnt=\count91
(/usr/local/texlive/2019/texmf-dist/tex/latex/url/url.sty
\Urlmuskip=\muskip10
Package: url 2013/09/16  ver 3.4  Verb mode for urls, etc.
)
LaTeX Info: Redefining \url on input line 5125.
\XeTeXLinkMargin=\dimen104
\Fld@menulength=\count92
\Field@Width=\dimen105
\Fld@charsize=\dimen106
Package hyperref Info: Hyper figures OFF on input line 6380.
Package hyperref Info: Link nesting OFF on input line 6385.
Package hyperref Info: Hyper index ON on input line 6388.
Package hyperref Info: backreferencing OFF on input line 6395.
Package hyperref Info: Link coloring OFF on input line 6400.
Package hyperref Info: Link coloring with OCG OFF on input line 6405.
Package hyperref Info: PDF/A mode OFF on input line 6410.
LaTeX Info: Redefining \ref on input line 6450.
LaTeX Info: Redefining \pageref on input line 6454.
\Hy@abspage=\count93
\c@Item=\count94
\c@Hfootnote=\count95
)
Package hyperref Info: Driver: hpdftex.
(/usr/local/texlive/2019/texmf-dist/tex/latex/hyperref/hpdftex.def
File: hpdftex.def 2018/11/30 v6.88e Hyperref driver for pdfTeX
\Fld@listcount=\count96
\c@bookmark@seq@number=\count97
(/usr/local/texlive/2019/texmf-dist/tex/latex/oberdiek/rerunfilecheck.sty
Package: rerunfilecheck 2016/05/16 v1.8 Rerun checks for auxiliary files (HO)
Package uniquecounter Info: New unique counter `rerunfilecheck' on input line 2
82.
)
\Hy@SectionHShift=\skip43
)
Package: html 1999/07/19 v1.38 hypertext commands for latex2html (nd, hws, rrm)

\c@lpart=\count98
\c@lchapter=\count99
\c@chapter=\count100
\c@lsection=\count101
\c@lsubsection=\count102
\c@lsubsubsection=\count103
\c@lparagraph=\count104
\c@lsubparagraph=\count105
\c@lsubsubparagraph=\count106
\ptrfile=\write3
) (/usr/local/texlive/2019/texmf-dist/tex/latex/xcolor/xcolor.sty
Package: xcolor 2016/05/11 v2.12 LaTeX color extensions (UK)
(/usr/local/texlive/2019/texmf-dist/tex/latex/graphics-cfg/color.cfg
File: color.cfg 2016/01/02 v1.6 sample color configuration
)
Package xcolor Info: Driver file: pdftex.def on input line 225.
Package xcolor Info: Model `cmy' substituted by `cmy0' on input line 1348.
Package xcolor Info: Model `hsb' substituted by `rgb' on input line 1352.
Package xcolor Info: Model `RGB' extended on input line 1364.
Package xcolor Info: Model `HTML' substituted by `rgb' on input line 1366.
Package xcolor Info: Model `Hsb' substituted by `hsb' on input line 1367.
Package xcolor Info: Model `tHsb' substituted by `hsb' on input line 1368.
Package xcolor Info: Model `HSB' substituted by `hsb' on input line 1369.
Package xcolor Info: Model `Gray' substituted by `gray' on input line 1370.
Package xcolor Info: Model `wave' substituted by `hsb' on input line 1371.
) (/usr/local/texlive/2019/texmf-dist/tex/latex/base/inputenc.sty
Package: inputenc 2018/08/11 v1.3c Input encoding file
\inpenc@prehook=\toks16
\inpenc@posthook=\toks17
)
\sizebox=\box27
\lthtmlwrite=\write4
(/usr/local/texlive/2019/texmf-dist/tex/latex/preview/preview.sty
Package: preview 2017/04/24 11.91 (AUCTeX/preview-latex)
(/usr/local/texlive/2019/texmf-dist/tex/generic/luatex85/luatex85.sty
Package: luatex85 2016/06/15 v1.4 pdftex aliases for luatex
) (/usr/local/texlive/2019/texmf-dist/tex/latex/preview/prtightpage.def
\PreviewBorder=\dimen107
)
\pr@snippet=\count107
\pr@box=\box28
\pr@output=\toks18
)
\lthtmlPageBox=\box29
\lthtmlCropMarkHeight=\dimen108
\lthtmlCropMarkDepth=\dimen109
! Too many }'s.
l.67 ...preview}\copy\lthtmlPageBox\end{preview}}}
                                                  %
You've closed more groups than you opened.
Such booboos are generally harmless, so keep going.

(./images.aux)
\openout1 = `images.aux'.

LaTeX Font Info:    Checking defaults for OML/cmm/m/it on input line 98.
LaTeX Font Info:    ... okay on input line 98.
LaTeX Font Info:    Checking defaults for T1/cmr/m/n on input line 98.
LaTeX Font Info:    ... okay on input line 98.
LaTeX Font Info:    Checking defaults for OT1/cmr/m/n on input line 98.
LaTeX Font Info:    ... okay on input line 98.
LaTeX Font Info:    Checking defaults for OMS/cmsy/m/n on input line 98.
LaTeX Font Info:    ... okay on input line 98.
LaTeX Font Info:    Checking defaults for OMX/cmex/m/n on input line 98.
LaTeX Font Info:    ... okay on input line 98.
LaTeX Font Info:    Checking defaults for U/cmr/m/n on input line 98.
LaTeX Font Info:    ... okay on input line 98.
LaTeX Font Info:    Checking defaults for PD1/pdf/m/n on input line 98.
LaTeX Font Info:    ... okay on input line 98.
(/usr/local/texlive/2019/texmf-dist/tex/context/base/mkii/supp-pdf.mkii
[Loading MPS to PDF converter (version 2006.09.02).]
\scratchcounter=\count108
\scratchdimen=\dimen110
\scratchbox=\box30
\nofMPsegments=\count109
\nofMParguments=\count110
\everyMPshowfont=\toks19
\MPscratchCnt=\count111
\MPscratchDim=\dimen111
\MPnumerator=\count112
\makeMPintoPDFobject=\count113
\everyMPtoPDFconversion=\toks20
) (/usr/local/texlive/2019/texmf-dist/tex/latex/oberdiek/epstopdf-base.sty
Package: epstopdf-base 2016/05/15 v2.6 Base part for package epstopdf
(/usr/local/texlive/2019/texmf-dist/tex/latex/oberdiek/grfext.sty
Package: grfext 2016/05/16 v1.2 Manage graphics extensions (HO)
)
Package epstopdf-base Info: Redefining graphics rule for `.eps' on input line 4
38.
Package grfext Info: Graphics extension search list:
(grfext)             [.pdf,.png,.jpg,.mps,.jpeg,.jbig2,.jb2,.PDF,.PNG,.JPG,.JPE
G,.JBIG2,.JB2,.eps]
(grfext)             \AppendGraphicsExtensions on input line 456.
(/usr/local/texlive/2019/texmf-dist/tex/latex/latexconfig/epstopdf-sys.cfg
File: epstopdf-sys.cfg 2010/07/13 v1.3 Configuration of (r)epstopdf for TeX Liv
e
))
\AtBeginShipoutBox=\box31
Package hyperref Info: Link coloring OFF on input line 98.
(/usr/local/texlive/2019/texmf-dist/tex/latex/hyperref/nameref.sty
Package: nameref 2016/05/21 v2.44 Cross-referencing by name of section
(/usr/local/texlive/2019/texmf-dist/tex/generic/oberdiek/gettitlestring.sty
Package: gettitlestring 2016/05/16 v1.5 Cleanup title references (HO)
)
\c@section@level=\count114
)
LaTeX Info: Redefining \ref on input line 98.
LaTeX Info: Redefining \pageref on input line 98.
LaTeX Info: Redefining \nameref on input line 98.
\@outlinefile=\write5
\openout5 = `images.out'.

Preview: Fontsize 10pt
Preview: PDFoutput 1

latex2htmlLength hsize=349.0pt

latex2htmlLength vsize=633.0pt

latex2htmlLength hoffset=0.0pt

latex2htmlLength voffset=0.0pt

latex2htmlLength topmargin=0.0pt

latex2htmlLength topskip=0.00003pt

latex2htmlLength headheight=0.0pt

latex2htmlLength headsep=0.0pt

latex2htmlLength parskip=0.0pt plus 1.0pt

latex2htmlLength oddsidemargin=62.0pt

latex2htmlLength evensidemargin=62.0pt

LaTeX Font Info:    Try loading font information for U+msa on input line 123.
(/usr/local/texlive/2019/texmf-dist/tex/latex/amsfonts/umsa.fd
File: umsa.fd 2013/01/14 v3.01 AMS symbols A
)
LaTeX Font Info:    Try loading font information for U+msb on input line 123.
(/usr/local/texlive/2019/texmf-dist/tex/latex/amsfonts/umsb.fd
File: umsb.fd 2013/01/14 v3.01 AMS symbols B
)

:tex2html_wrap_inline215:lthtmlCropMarkHeight:=12.83331pt

:tex2html_wrap_inline215:lthtmlCropMarkDepth:=1.49998pt:1ex:=4.30554pt
Preview: Tightpage -32891 -32891 32891 32891
[1{/usr/local/texlive/2019/texmf-var/fonts/map/pdftex/updmap/pdftex.map}]

:tex2html_wrap_inline217:lthtmlCropMarkHeight:=12.83331pt

:tex2html_wrap_inline217:lthtmlCropMarkDepth:=1.49998pt:1ex:=4.30554pt
[2]

:tex2html_wrap_inline219:lthtmlCropMarkHeight:=12.83331pt

:tex2html_wrap_inline219:lthtmlCropMarkDepth:=1.49998pt:1ex:=4.30554pt
[3]

:tex2html_wrap_inline221:lthtmlCropMarkHeight:=12.44444pt

:tex2html_wrap_inline221:lthtmlCropMarkDepth:=1.49998pt:1ex:=4.30554pt
[4]

:tex2html_wrap_inline223:lthtmlCropMarkHeight:=10.30554pt

:tex2html_wrap_inline223:lthtmlCropMarkDepth:=1.49998pt:1ex:=4.30554pt
[5]

:tex2html_wrap_inline225:lthtmlCropMarkHeight:=12.83331pt

:tex2html_wrap_inline225:lthtmlCropMarkDepth:=1.49998pt:1ex:=4.30554pt
[6]

:tex2html_wrap_inline227:lthtmlCropMarkHeight:=13.96227pt

:tex2html_wrap_inline227:lthtmlCropMarkDepth:=1.49998pt:1ex:=4.30554pt
[7]

:tex2html_wrap_inline229:lthtmlCropMarkHeight:=10.30554pt

:tex2html_wrap_inline229:lthtmlCropMarkDepth:=1.49998pt:1ex:=4.30554pt
[8]

:tex2html_wrap_inline231:lthtmlCropMarkHeight:=13.96227pt

:tex2html_wrap_inline231:lthtmlCropMarkDepth:=1.49998pt:1ex:=4.30554pt
[9]

:tex2html_wrap_inline233:lthtmlCropMarkHeight:=13.96227pt

:tex2html_wrap_inline233:lthtmlCropMarkDepth:=1.49998pt:1ex:=4.30554pt
[10]

:tex2html_wrap_inline235:lthtmlCropMarkHeight:=13.96227pt

:tex2html_wrap_inline235:lthtmlCropMarkDepth:=0.0pt:1ex:=4.30554pt
[11]

:tex2html_wrap_indisplay343:lthtmlCropMarkHeight:=19.59839pt

:tex2html_wrap_indisplay343:lthtmlCropMarkDepth:=9.7206pt:1ex:=4.30554pt
[12]

:tex2html_wrap_inline237:lthtmlCropMarkHeight:=10.30554pt

:tex2html_wrap_inline237:lthtmlCropMarkDepth:=1.49998pt:1ex:=4.30554pt
[13]

:tex2html_wrap_indisplay346:lthtmlCropMarkHeight:=20.26508pt

:tex2html_wrap_indisplay346:lthtmlCropMarkDepth:=9.7206pt:1ex:=4.30554pt
[14]

:tex2html_wrap_indisplay348:lthtmlCropMarkHeight:=20.26508pt

:tex2html_wrap_indisplay348:lthtmlCropMarkDepth:=9.7206pt:1ex:=4.30554pt
[15]

:tex2html_wrap_inline239:lthtmlCropMarkHeight:=12.83331pt

:tex2html_wrap_inline239:lthtmlCropMarkDepth:=0.39098pt:1ex:=4.30554pt
[16]

:tex2html_wrap_indisplay352:lthtmlCropMarkHeight:=19.59839pt

:tex2html_wrap_indisplay352:lthtmlCropMarkDepth:=8.3595pt:1ex:=4.30554pt
[17]

:tex2html_wrap_inline243:lthtmlCropMarkHeight:=10.30554pt

:tex2html_wrap_inline243:lthtmlCropMarkDepth:=1.49998pt:1ex:=4.30554pt
[18]

:tex2html_wrap_inline245:lthtmlCropMarkHeight:=12.94444pt

:tex2html_wrap_inline245:lthtmlCropMarkDepth:=1.94443pt:1ex:=4.30554pt
[19]

:tex2html_wrap_indisplay356:lthtmlCropMarkHeight:=10.30554pt

:tex2html_wrap_indisplay356:lthtmlCropMarkDepth:=1.49998pt:1ex:=4.30554pt
[20]

:tex2html_wrap_indisplay357:lthtmlCropMarkHeight:=9.66875pt

:tex2html_wrap_indisplay357:lthtmlCropMarkDepth:=0.0pt:1ex:=4.30554pt
[21]

:tex2html_wrap_indisplay358:lthtmlCropMarkHeight:=19.59839pt

:tex2html_wrap_indisplay358:lthtmlCropMarkDepth:=9.7206pt:1ex:=4.30554pt
[22]

:tex2html_wrap_indisplay360:lthtmlCropMarkHeight:=20.5001pt

:tex2html_wrap_indisplay360:lthtmlCropMarkDepth:=9.7206pt:1ex:=4.30554pt
[23]

:tex2html_wrap_inline247:lthtmlCropMarkHeight:=10.30554pt

:tex2html_wrap_inline247:lthtmlCropMarkDepth:=1.49998pt:1ex:=4.30554pt
[24]

:tex2html_wrap_indisplay363:lthtmlCropMarkHeight:=20.26508pt

:tex2html_wrap_indisplay363:lthtmlCropMarkDepth:=9.7206pt:1ex:=4.30554pt
[25]

:tex2html_wrap_indisplay365:lthtmlCropMarkHeight:=20.26508pt

:tex2html_wrap_indisplay365:lthtmlCropMarkDepth:=9.7206pt:1ex:=4.30554pt
[26]

:tex2html_wrap_inline251:lthtmlCropMarkHeight:=12.83331pt

:tex2html_wrap_inline251:lthtmlCropMarkDepth:=2.86108pt:1ex:=4.30554pt
[27]

:tex2html_wrap_inline253:lthtmlCropMarkHeight:=13.5pt

:tex2html_wrap_inline253:lthtmlCropMarkDepth:=2.86108pt:1ex:=4.30554pt
[28]

:tex2html_wrap_indisplay373:lthtmlCropMarkHeight:=20.72734pt

:tex2html_wrap_indisplay373:lthtmlCropMarkDepth:=9.7206pt:1ex:=4.30554pt
[29]

:tex2html_wrap_inline261:lthtmlCropMarkHeight:=13.96227pt

:tex2html_wrap_inline261:lthtmlCropMarkDepth:=1.49998pt:1ex:=4.30554pt
[30]

:tex2html_wrap_inline265:lthtmlCropMarkHeight:=12.83331pt

:tex2html_wrap_inline265:lthtmlCropMarkDepth:=2.86108pt:1ex:=4.30554pt
[31]

:tex2html_wrap_inline267:lthtmlCropMarkHeight:=12.83331pt

:tex2html_wrap_inline267:lthtmlCropMarkDepth:=1.49998pt:1ex:=4.30554pt
[32]

:tex2html_wrap_inline273:lthtmlCropMarkHeight:=12.59525pt

:tex2html_wrap_inline273:lthtmlCropMarkDepth:=1.49998pt:1ex:=4.30554pt
[33]

:tex2html_wrap_inline275:lthtmlCropMarkHeight:=13.96227pt

:tex2html_wrap_inline275:lthtmlCropMarkDepth:=1.49998pt:1ex:=4.30554pt
[34]

:tex2html_wrap_inline277:lthtmlCropMarkHeight:=13.96227pt

:tex2html_wrap_inline277:lthtmlCropMarkDepth:=1.49998pt:1ex:=4.30554pt
[35]

:tex2html_wrap_indisplay385:lthtmlCropMarkHeight:=19.59839pt

:tex2html_wrap_indisplay385:lthtmlCropMarkDepth:=9.7206pt:1ex:=4.30554pt
[36]

:tex2html_wrap_indisplay387:lthtmlCropMarkHeight:=20.26508pt

:tex2html_wrap_indisplay387:lthtmlCropMarkDepth:=9.7206pt:1ex:=4.30554pt
[37]

:tex2html_wrap_indisplay389:lthtmlCropMarkHeight:=12.83331pt

:tex2html_wrap_indisplay389:lthtmlCropMarkDepth:=1.49998pt:1ex:=4.30554pt
[38]

:tex2html_wrap_indisplay391:lthtmlCropMarkHeight:=20.26508pt

:tex2html_wrap_indisplay391:lthtmlCropMarkDepth:=9.7206pt:1ex:=4.30554pt
[39]

:tex2html_wrap_indisplay393:lthtmlCropMarkHeight:=20.26508pt

:tex2html_wrap_indisplay393:lthtmlCropMarkDepth:=9.7206pt:1ex:=4.30554pt
[40]

:tex2html_wrap_inline283:lthtmlCropMarkHeight:=12.44444pt

:tex2html_wrap_inline283:lthtmlCropMarkDepth:=1.49998pt:1ex:=4.30554pt
[41]

:tex2html_wrap_indisplay397:lthtmlCropMarkHeight:=20.26508pt

:tex2html_wrap_indisplay397:lthtmlCropMarkDepth:=9.7206pt:1ex:=4.30554pt
[42]

:tex2html_wrap_inline287:lthtmlCropMarkHeight:=12.83331pt

:tex2html_wrap_inline287:lthtmlCropMarkDepth:=1.49998pt:1ex:=4.30554pt
[43]

:tex2html_wrap_inline289:lthtmlCropMarkHeight:=10.30554pt

:tex2html_wrap_inline289:lthtmlCropMarkDepth:=1.49998pt:1ex:=4.30554pt
[44]

:tex2html_wrap_indisplay402:lthtmlCropMarkHeight:=20.26508pt

:tex2html_wrap_indisplay402:lthtmlCropMarkDepth:=9.7206pt:1ex:=4.30554pt
[45]

:tex2html_wrap_inline291:lthtmlCropMarkHeight:=12.44444pt

:tex2html_wrap_inline291:lthtmlCropMarkDepth:=1.49998pt:1ex:=4.30554pt
[46]

:tex2html_wrap_inline293:lthtmlCropMarkHeight:=13.96227pt

:tex2html_wrap_inline293:lthtmlCropMarkDepth:=2.86108pt:1ex:=4.30554pt
[47]

:tex2html_wrap_inline295:lthtmlCropMarkHeight:=13.96227pt

:tex2html_wrap_inline295:lthtmlCropMarkDepth:=1.49998pt:1ex:=4.30554pt
[48]

:tex2html_wrap_indisplay407:lthtmlCropMarkHeight:=20.72734pt

:tex2html_wrap_indisplay407:lthtmlCropMarkDepth:=8.3595pt:1ex:=4.30554pt
[49]

:tex2html_wrap_indisplay409:lthtmlCropMarkHeight:=12.83331pt

:tex2html_wrap_indisplay409:lthtmlCropMarkDepth:=1.49998pt:1ex:=4.30554pt
[50]

:tex2html_wrap_indisplay411:lthtmlCropMarkHeight:=20.26508pt

:tex2html_wrap_indisplay411:lthtmlCropMarkDepth:=9.7206pt:1ex:=4.30554pt
[51]

:tex2html_wrap_indisplay413:lthtmlCropMarkHeight:=20.26508pt

:tex2html_wrap_indisplay413:lthtmlCropMarkDepth:=9.7206pt:1ex:=4.30554pt
[52]

:tex2html_wrap_inline301:lthtmlCropMarkHeight:=13.5pt

:tex2html_wrap_inline301:lthtmlCropMarkDepth:=2.5pt:1ex:=4.30554pt
[53]
Package atveryend Info: Empty hook `BeforeClearDocument' on input line 457.
Package atveryend Info: Empty hook `AfterLastShipout' on input line 457.
(./images.aux)
Package atveryend Info: Executing hook `AtVeryEndDocument' on input line 457.
Package atveryend Info: Executing hook `AtEndAfterFileList' on input line 457.

Package rerunfilecheck Warning: File `images.out' has changed.
(rerunfilecheck)                Rerun to get outlines right
(rerunfilecheck)                or use package `bookmark'.

Package rerunfilecheck Info: Checksums for `images.out':
(rerunfilecheck)             Before: <no file>
(rerunfilecheck)             After:  D41D8CD98F00B204E9800998ECF8427E;0.
Package atveryend Info: Empty hook `AtVeryVeryEnd' on input line 457.
 ) 
Here is how much of TeX's memory you used:
 6104 strings out of 492616
 87699 string characters out of 6129481
 179024 words of memory out of 5000000
 9986 multiletter control sequences out of 15000+600000
 5339 words of font info for 22 fonts, out of 8000000 for 9000
 1141 hyphenation exceptions out of 8191
 35i,5n,35p,253b,336s stack positions out of 5000i,500n,10000p,200000b,80000s
</usr/local/texlive/2019/texmf-dist/fonts/type1/public/amsfonts/cm/cmex10.pfb
></usr/local/texlive/2019/texmf-dist/fonts/type1/public/amsfonts/cm/cmmi10.pfb>
</usr/local/texlive/2019/texmf-dist/fonts/type1/public/amsfonts/cm/cmmi7.pfb></
usr/local/texlive/2019/texmf-dist/fonts/type1/public/amsfonts/cm/cmr10.pfb></us
r/local/texlive/2019/texmf-dist/fonts/type1/public/amsfonts/cm/cmr7.pfb></usr/l
ocal/texlive/2019/texmf-dist/fonts/type1/public/amsfonts/cm/cmsy10.pfb></usr/lo
cal/texlive/2019/texmf-dist/fonts/type1/public/amsfonts/cm/cmsy7.pfb>
Output written on images.pdf (53 pages, 75230 bytes).
PDF statistics:
 205 PDF objects out of 1000 (max. 8388607)
 141 compressed objects within 2 object streams
 0 named destinations out of 1000 (max. 500000)
 1 words of extra memory for PDF output out of 10000 (max. 10000000)

