This is pdfTeX, Version 3.14159265-2.6-1.40.20 (TeX Live 2019) (preloaded format=latex 2019.5.29)  7 JUL 2019 14:34
entering extended mode
 restricted \write18 enabled.
 %&-line parsing enabled.
**ActiveFilters.tex
(./ActiveFilters.tex
LaTeX2e <2018-12-01>
(/usr/local/texlive/2019/texmf-dist/tex/latex/base/article.cls
Document Class: article 2018/09/03 v1.4i Standard LaTeX document class
(/usr/local/texlive/2019/texmf-dist/tex/latex/base/size10.clo
File: size10.clo 2018/09/03 v1.4i Standard LaTeX file (size option)
)
\c@part=\count80
\c@section=\count81
\c@subsection=\count82
\c@subsubsection=\count83
\c@paragraph=\count84
\c@subparagraph=\count85
\c@figure=\count86
\c@table=\count87
\abovecaptionskip=\skip41
\belowcaptionskip=\skip42
\bibindent=\dimen102
)
(/usr/local/texlive/2019/texmf-dist/tex/latex/amsfonts/amssymb.sty
Package: amssymb 2013/01/14 v3.01 AMS font symbols

(/usr/local/texlive/2019/texmf-dist/tex/latex/amsfonts/amsfonts.sty
Package: amsfonts 2013/01/14 v3.01 Basic AMSFonts support
\@emptytoks=\toks14
\symAMSa=\mathgroup4
\symAMSb=\mathgroup5
LaTeX Font Info:    Overwriting math alphabet `\mathfrak' in version `bold'
(Font)                  U/euf/m/n --> U/euf/b/n on input line 106.
))
(/usr/local/texlive/2019/texmf-dist/tex/latex/graphics/graphics.sty
Package: graphics 2017/06/25 v1.2c Standard LaTeX Graphics (DPC,SPQR)

(/usr/local/texlive/2019/texmf-dist/tex/latex/graphics/trig.sty
Package: trig 2016/01/03 v1.10 sin cos tan (DPC)
)
(/usr/local/texlive/2019/texmf-dist/tex/latex/graphics-cfg/graphics.cfg
File: graphics.cfg 2016/06/04 v1.11 sample graphics configuration
)
Package graphics Info: Driver file: dvips.def on input line 99.

(/usr/local/texlive/2019/texmf-dist/tex/latex/graphics-def/dvips.def
File: dvips.def 2017/06/20 v3.1d Graphics/color driver for dvips
))
(/usr/local/texlive/texmf-local/tex/latex/html/html.sty
Package: html 1999/07/19 v1.38 hypertext commands for latex2html (nd, hws, rrm)

\c@lpart=\count88
\c@lchapter=\count89
\c@chapter=\count90
\c@lsection=\count91
\c@lsubsection=\count92
\c@lsubsubsection=\count93
\c@lparagraph=\count94
\c@lsubparagraph=\count95
\c@lsubsubparagraph=\count96
\ptrfile=\write3
) (./ActiveFilters.aux)
\openout1 = `ActiveFilters.aux'.

LaTeX Font Info:    Checking defaults for OML/cmm/m/it on input line 8.
LaTeX Font Info:    ... okay on input line 8.
LaTeX Font Info:    Checking defaults for T1/cmr/m/n on input line 8.
LaTeX Font Info:    ... okay on input line 8.
LaTeX Font Info:    Checking defaults for OT1/cmr/m/n on input line 8.
LaTeX Font Info:    ... okay on input line 8.
LaTeX Font Info:    Checking defaults for OMS/cmsy/m/n on input line 8.
LaTeX Font Info:    ... okay on input line 8.
LaTeX Font Info:    Checking defaults for OMX/cmex/m/n on input line 8.
LaTeX Font Info:    ... okay on input line 8.
LaTeX Font Info:    Checking defaults for U/cmr/m/n on input line 8.
LaTeX Font Info:    ... okay on input line 8.
LaTeX Font Info:    Try loading font information for OMS+cmr on input line 17.

(/usr/local/texlive/2019/texmf-dist/tex/latex/base/omscmr.fd
File: omscmr.fd 2014/09/29 v2.5h Standard LaTeX font definitions
)
LaTeX Font Info:    Font shape `OMS/cmr/m/n' in size <10> not available
(Font)              Font shape `OMS/cmsy/m/n' tried instead on input line 17.
LaTeX Font Info:    Try loading font information for U+msa on input line 18.

(/usr/local/texlive/2019/texmf-dist/tex/latex/amsfonts/umsa.fd
File: umsa.fd 2013/01/14 v3.01 AMS symbols A
)
LaTeX Font Info:    Try loading font information for U+msb on input line 18.

(/usr/local/texlive/2019/texmf-dist/tex/latex/amsfonts/umsb.fd
File: umsb.fd 2013/01/14 v3.01 AMS symbols B
)
Overfull \hbox (18.91492pt too wide) in alignment at lines 18--26
 [][][] []
 []


Overfull \hbox (19.35799pt too wide) in alignment at lines 75--87
 [][][] []
 []

[1

]
Overfull \hbox (45.3686pt too wide) detected at line 106
\OMS/cmsy/m/n/10 ^^@\OML/cmm/m/it/10 Lm[]\OT1/cmr/m/n/10 (\OML/cmm/m/it/10 j!\O
T1/cmr/m/n/10 ) = \OMS/cmsy/m/n/10 ^^@\OT1/cmr/m/n/10 20 [] \OMS/cmsy/m/n/10 j\
OML/cmm/m/it/10 H[]\OT1/cmr/m/n/10 (\OML/cmm/m/it/10 j!\OT1/cmr/m/n/10 )\OMS/cm
sy/m/n/10 j \OT1/cmr/m/n/10 = \OMS/cmsy/m/n/10 ^^@\OT1/cmr/m/n/10 20 [] [][][] 
= 20 [] [][][] = \OML/cmm/m/it/10 Lm[]\OT1/cmr/m/n/10 (\OML/cmm/m/it/10 j!\OT1/
cmr/m/n/10 )
 []

[2]
Overfull \hbox (29.3348pt too wide) detected at line 296
\OML/cmm/m/it/10 ![] \OT1/cmr/m/n/10 = []\OML/cmm/m/it/10 ;        \OT1/cmr/m/n
/10 ^^A\OML/cmm/m/it/10 ! \OT1/cmr/m/n/10 = [] = []\OML/cmm/m/it/10 ;     R[] \
OT1/cmr/m/n/10 = \OML/cmm/m/it/10 R[]\OMS/cmsy/m/n/10 jj\OML/cmm/m/it/10 R[] \O
T1/cmr/m/n/10 = []
 []

[3] [4] [5] [6]
Overfull \hbox (48.06488pt too wide) in alignment at lines 689--698
 [][][] []
 []

[7]
Overfull \hbox (60.49623pt too wide) detected at line 738
[] \OT1/cmr/m/n/10 = [] = [] = []
 []

[8]
Overfull \hbox (28.7552pt too wide) detected at line 788
\OML/cmm/m/it/10 V[] \OT1/cmr/m/n/10 = 3\OML/cmm/m/it/10 V[] \OMS/cmsy/m/n/10 ^
^@ \OT1/cmr/m/n/10 2\OML/cmm/m/it/10 V[] \OT1/cmr/m/n/10 = 3\OML/cmm/m/it/10 V[
] \OMS/cmsy/m/n/10 ^^@ \OT1/cmr/m/n/10 2 [] \OML/cmm/m/it/10 V[] \OT1/cmr/m/n/1
0 = \OML/cmm/m/it/10 V[] \OMS/cmsy/m/n/10 ^^@ [] \OML/cmm/m/it/10 V[] \OT1/cmr/
m/n/10 = [] \OML/cmm/m/it/10 V[]
 []


Overfull \hbox (50.3502pt too wide) detected at line 798
\OML/cmm/m/it/10 V[] \OT1/cmr/m/n/10 = [] \OML/cmm/m/it/10 V[] \OT1/cmr/m/n/10 
= [] []\OML/cmm/m/it/10 V[] \OT1/cmr/m/n/10 = [] \OML/cmm/m/it/10 V[]
 []

[9] [10]
Overfull \hbox (75.05098pt too wide) detected at line 941
\OMS/cmsy/m/n/10 j\OML/cmm/m/it/10 H\OT1/cmr/m/n/10 (\OML/cmm/m/it/10 j!\OT1/cm
r/m/n/10 )\OMS/cmsy/m/n/10 j[] \OT1/cmr/m/n/10 = \OML/cmm/m/it/10 H\OT1/cmr/m/n
/10 (\OML/cmm/m/it/10 j!\OT1/cmr/m/n/10 ) \OML/cmm/m/it/10 H\OT1/cmr/m/n/10 (\O
MS/cmsy/m/n/10 ^^@\OML/cmm/m/it/10 j!\OT1/cmr/m/n/10 ) = [] = [] = [] = \OMS/cm
sy/m/n/10 j\OML/cmm/m/it/10 H\OT1/cmr/m/n/10 (\OML/cmm/m/it/10 s\OT1/cmr/m/n/10
 )\OMS/cmsy/m/n/10 j[] \OT1/cmr/m/n/10 = \OML/cmm/m/it/10 H\OT1/cmr/m/n/10 (\OM
L/cmm/m/it/10 s\OT1/cmr/m/n/10 )\OML/cmm/m/it/10 H\OT1/cmr/m/n/10 (\OMS/cmsy/m/
n/10 ^^@\OML/cmm/m/it/10 s\OT1/cmr/m/n/10 )
 []


Overfull \hbox (16.73299pt too wide) detected at line 962
[]       \OT1/cmr/m/n/10 (\OML/cmm/m/it/10 k \OT1/cmr/m/n/10 = 0\OML/cmm/m/it/1
0 ; [] ; \OT1/cmr/m/n/10 2\OML/cmm/m/it/10 n \OMS/cmsy/m/n/10 ^^@ \OT1/cmr/m/n/
10 1)
 []

[11]
Overfull \hbox (77.73593pt too wide) detected at line 978
\OML/cmm/m/it/10 s[] \OT1/cmr/m/n/10 = \OML/cmm/m/it/10 e[] \OT1/cmr/m/n/10 = \
OML/cmm/m/it/10 e[] \OT1/cmr/m/n/10 = \OML/cmm/m/it/10 e[] e[] \OT1/cmr/m/n/10 
= \OML/cmm/m/it/10 e[] \OT1/cmr/m/n/10 = \OML/cmm/m/it/10 s[]
 []


Overfull \hbox (98.52596pt too wide) in alignment at lines 986--993
 [][][] []
 []


Overfull \hbox (90.08002pt too wide) in alignment at lines 1017--1024
 [][][] []
 []


Overfull \hbox (82.31326pt too wide) detected at line 1038
\OML/cmm/m/it/10 s[] \OT1/cmr/m/n/10 = \OML/cmm/m/it/10 e[] \OT1/cmr/m/n/10 = [
]\OML/cmm/m/it/10 ;     s[] \OT1/cmr/m/n/10 = \OML/cmm/m/it/10 e[] \OT1/cmr/m/n
/10 = []\OML/cmm/m/it/10 ;     s[] \OT1/cmr/m/n/10 = \OML/cmm/m/it/10 e[] \OT1/
cmr/m/n/10 = []\OML/cmm/m/it/10 ;     s[] \OT1/cmr/m/n/10 = \OML/cmm/m/it/10 e[
] \OT1/cmr/m/n/10 = []
 []

[12]
Overfull \hbox (19.20929pt too wide) detected at line 1057
\OML/cmm/m/it/10 s[] \OT1/cmr/m/n/10 = \OML/cmm/m/it/10 e[] \OT1/cmr/m/n/10 = \
OML/cmm/m/it/10 e[] \OT1/cmr/m/n/10 = \OMS/cmsy/m/n/10 ^^@\OT1/cmr/m/n/10 1\OML
/cmm/m/it/10 ;     s[] \OT1/cmr/m/n/10 = \OML/cmm/m/it/10 e[] \OT1/cmr/m/n/10 =
 []\OML/cmm/m/it/10 ;     s[] \OT1/cmr/m/n/10 = \OML/cmm/m/it/10 e[] \OT1/cmr/m
/n/10 = []
 []


Overfull \hbox (49.75015pt too wide) in alignment at lines 1060--1066
 [][][] []
 []

[13]
Overfull \hbox (17.95074pt too wide) detected at line 1119
\OML/cmm/m/it/10 H\OT1/cmr/m/n/10 (\OML/cmm/m/it/10 s\OT1/cmr/m/n/10 ) = [] = [
] = []
 []

[14] [15] [16] [17]
Overfull \hbox (10.7691pt too wide) detected at line 1300
\OML/cmm/m/it/10 L[] \OT1/cmr/m/n/10 = [][] [] = [][] 100 = 2 \OML/cmm/m/it/10 
B \OT1/cmr/m/n/10 = 20 \OML/cmm/m/it/10 dB;     []     L[] \OT1/cmr/m/n/10 = 10
 [][] [] = 20 \OML/cmm/m/it/10 dB
 []


Overfull \hbox (12.99141pt too wide) detected at line 1306
\OML/cmm/m/it/10 L[] \OT1/cmr/m/n/10 = [][] [] = [][] 1000 = 3 \OML/cmm/m/it/10
 B \OT1/cmr/m/n/10 = 30 \OML/cmm/m/it/10 dB;     []    L[] \OT1/cmr/m/n/10 = 10
 [][] [] = 30 \OML/cmm/m/it/10 dB
 []

[18] [19] [20]
Overfull \hbox (16.84656pt too wide) in paragraph at lines 1444--1446
[]\OT1/cmr/m/n/10 Also con-sider two ad-di-tional cases re-lated to $\OML/cmm/m
/it/10 j!$\OT1/cmr/m/n/10 . First, $(\OML/cmm/m/it/10 j!\OT1/cmr/m/n/10 )[] = \
OML/cmm/m/it/10 ![]e[]$ 
 []


Overfull \hbox (36.03993pt too wide) detected at line 1464
\OML/cmm/m/it/10 Lm\OT1/cmr/m/n/10 (1 + \OML/cmm/m/it/10 j!^^\\OT1/cmr/m/n/10 )
 = 20  [][] [] = 20  [][](1 + (\OML/cmm/m/it/10 !^^\\OT1/cmr/m/n/10 )[])[] = 10
  [][](1 + (\OML/cmm/m/it/10 !^^\\OT1/cmr/m/n/10 )[])
 []


Overfull \hbox (28.24446pt too wide) detected at line 1470
\OML/cmm/m/it/10 Lm\OT1/cmr/m/n/10 (1 + \OML/cmm/m/it/10 j\OT1/cmr/m/n/10 ) = 2
0  [][] [] = 20  [][] 0\OML/cmm/m/it/10 :\OT1/cmr/m/n/10 707 \OMS/cmsy/m/n/10 ^
^Y \OT1/cmr/m/n/10 3\OML/cmm/m/it/10 :\OT1/cmr/m/n/10 01 \OML/cmm/m/it/10 dB;  
    \U/msa/m/n/10 \\OT1/cmr/m/n/10 (1 + \OML/cmm/m/it/10 j\OT1/cmr/m/n/10 ) = [
]
 []

[21]
Overfull \hbox (18.95628pt too wide) detected at line 1501
\OML/cmm/m/it/10 H\OT1/cmr/m/n/10 (\OML/cmm/m/it/10 j!\OT1/cmr/m/n/10 ) = [] = 
[] = []
 []


Overfull \hbox (95.45944pt too wide) detected at line 1512
\OML/cmm/m/it/10 H\OT1/cmr/m/n/10 (\OML/cmm/m/it/10 j!\OT1/cmr/m/n/10 ) = [] = 
[] = [] [] = \OML/cmm/m/it/10 H[]\OT1/cmr/m/n/10 (\OML/cmm/m/it/10 j!\OT1/cmr/m
/n/10 )\OML/cmm/m/it/10 H[]\OT1/cmr/m/n/10 (\OML/cmm/m/it/10 j!\OT1/cmr/m/n/10 
)
 []

[22]
Overfull \hbox (0.86761pt too wide) in alignment at lines 1525--1529
 [][][] []
 []

[23] [24]
Overfull \hbox (48.54735pt too wide) in alignment at lines 1611--1620
 [][][] []
 []


Overfull \hbox (43.38995pt too wide) in alignment at lines 1630--1639
 [][][] []
 []


Overfull \hbox (37.78293pt too wide) detected at line 1642
\OML/cmm/m/it/10 Lm H[]\OT1/cmr/m/n/10 (\OML/cmm/m/it/10 j!\OT1/cmr/m/n/10 ) = 
\OML/cmm/m/it/10 Lm H[]\OT1/cmr/m/n/10 (\OML/cmm/m/it/10 j!\OT1/cmr/m/n/10 ) + 
\OML/cmm/m/it/10 Lm \OT1/cmr/m/n/10 (2\OML/cmm/m/it/10 ^^P![] j!\OT1/cmr/m/n/10
 )\OML/cmm/m/it/10 ;     \U/msa/m/n/10 \\OML/cmm/m/it/10 H[]\OT1/cmr/m/n/10 (\O
ML/cmm/m/it/10 j!\OT1/cmr/m/n/10 ) = \U/msa/m/n/10 \\OML/cmm/m/it/10 H[]\OT1/cm
r/m/n/10 (\OML/cmm/m/it/10 j!\OT1/cmr/m/n/10 ) + \U/msa/m/n/10 \\OT1/cmr/m/n/10
 (2\OML/cmm/m/it/10 ^^P![] j!\OT1/cmr/m/n/10 )
 []


Overfull \hbox (42.81601pt too wide) in alignment at lines 1651--1660
 [][][] []
 []

[25]
Overfull \hbox (42.94926pt too wide) detected at line 1684
\OML/cmm/m/it/10 H\OT1/cmr/m/n/10 (\OML/cmm/m/it/10 j!\OT1/cmr/m/n/10 ) = \OMS/
cmsy/m/n/10 ^^@[] \OT1/cmr/m/n/10 = \OMS/cmsy/m/n/10 ^^@[] \OT1/cmr/m/n/10 = \O
MS/cmsy/m/n/10 ^^@[] \OT1/cmr/m/n/10 = \OMS/cmsy/m/n/10 ^^@[]
 []

[26] (./ActiveFilters.aux) ) 
Here is how much of TeX's memory you used:
 1040 strings out of 492617
 12379 string characters out of 6129507
 81621 words of memory out of 5000000
 5001 multiletter control sequences out of 15000+600000
 7203 words of font info for 28 fonts, out of 8000000 for 9000
 1141 hyphenation exceptions out of 8191
 25i,10n,27p,224b,243s stack positions out of 5000i,500n,10000p,200000b,80000s

Output written on ActiveFilters.dvi (26 pages, 108084 bytes).
