This is pdfTeX, Version 3.14159265-2.6-1.40.20 (TeX Live 2019) (preloaded format=latex 2019.5.29)  12 SEP 2019 14:05
entering extended mode
 restricted \write18 enabled.
 %&-line parsing enabled.
**ch1
(./ch1.tex
LaTeX2e <2018-12-01>
(/usr/local/texlive/2019/texmf-dist/tex/latex/base/article.cls
Document Class: article 2018/09/03 v1.4i Standard LaTeX document class
(/usr/local/texlive/2019/texmf-dist/tex/latex/base/size10.clo
File: size10.clo 2018/09/03 v1.4i Standard LaTeX file (size option)
)
\c@part=\count80
\c@section=\count81
\c@subsection=\count82
\c@subsubsection=\count83
\c@paragraph=\count84
\c@subparagraph=\count85
\c@figure=\count86
\c@table=\count87
\abovecaptionskip=\skip41
\belowcaptionskip=\skip42
\bibindent=\dimen102
)
(/usr/local/texlive/2019/texmf-dist/tex/latex/amsmath/amsmath.sty
Package: amsmath 2018/12/01 v2.17b AMS math features
\@mathmargin=\skip43

For additional information on amsmath, use the `?' option.
(/usr/local/texlive/2019/texmf-dist/tex/latex/amsmath/amstext.sty
Package: amstext 2000/06/29 v2.01 AMS text

(/usr/local/texlive/2019/texmf-dist/tex/latex/amsmath/amsgen.sty
File: amsgen.sty 1999/11/30 v2.0 generic functions
\@emptytoks=\toks14
\ex@=\dimen103
))
(/usr/local/texlive/2019/texmf-dist/tex/latex/amsmath/amsbsy.sty
Package: amsbsy 1999/11/29 v1.2d Bold Symbols
\pmbraise@=\dimen104
)
(/usr/local/texlive/2019/texmf-dist/tex/latex/amsmath/amsopn.sty
Package: amsopn 2016/03/08 v2.02 operator names
)
\inf@bad=\count88
LaTeX Info: Redefining \frac on input line 223.
\uproot@=\count89
\leftroot@=\count90
LaTeX Info: Redefining \overline on input line 385.
\classnum@=\count91
\DOTSCASE@=\count92
LaTeX Info: Redefining \ldots on input line 482.
LaTeX Info: Redefining \dots on input line 485.
LaTeX Info: Redefining \cdots on input line 606.
\Mathstrutbox@=\box27
\strutbox@=\box28
\big@size=\dimen105
LaTeX Font Info:    Redeclaring font encoding OML on input line 729.
LaTeX Font Info:    Redeclaring font encoding OMS on input line 730.
\macc@depth=\count93
\c@MaxMatrixCols=\count94
\dotsspace@=\muskip10
\c@parentequation=\count95
\dspbrk@lvl=\count96
\tag@help=\toks15
\row@=\count97
\column@=\count98
\maxfields@=\count99
\andhelp@=\toks16
\eqnshift@=\dimen106
\alignsep@=\dimen107
\tagshift@=\dimen108
\tagwidth@=\dimen109
\totwidth@=\dimen110
\lineht@=\dimen111
\@envbody=\toks17
\multlinegap=\skip44
\multlinetaggap=\skip45
\mathdisplay@stack=\toks18
LaTeX Info: Redefining \[ on input line 2844.
LaTeX Info: Redefining \] on input line 2845.
)
(/usr/local/texlive/2019/texmf-dist/tex/latex/amsfonts/amssymb.sty
Package: amssymb 2013/01/14 v3.01 AMS font symbols

(/usr/local/texlive/2019/texmf-dist/tex/latex/amsfonts/amsfonts.sty
Package: amsfonts 2013/01/14 v3.01 Basic AMSFonts support
\symAMSa=\mathgroup4
\symAMSb=\mathgroup5
LaTeX Font Info:    Overwriting math alphabet `\mathfrak' in version `bold'
(Font)                  U/euf/m/n --> U/euf/b/n on input line 106.
))
(/usr/local/texlive/2019/texmf-dist/tex/latex/graphics/graphics.sty
Package: graphics 2017/06/25 v1.2c Standard LaTeX Graphics (DPC,SPQR)

(/usr/local/texlive/2019/texmf-dist/tex/latex/graphics/trig.sty
Package: trig 2016/01/03 v1.10 sin cos tan (DPC)
)
(/usr/local/texlive/2019/texmf-dist/tex/latex/graphics-cfg/graphics.cfg
File: graphics.cfg 2016/06/04 v1.11 sample graphics configuration
)
Package graphics Info: Driver file: dvips.def on input line 99.

(/usr/local/texlive/2019/texmf-dist/tex/latex/graphics-def/dvips.def
File: dvips.def 2017/06/20 v3.1d Graphics/color driver for dvips
))
(/usr/local/texlive/2019/texmf-dist/tex/latex/comment/comment.sty
\CommentStream=\write3

Excluding comment 'comment')
(/usr/local/texlive/texmf-local/tex/latex/html/html.sty
Package: html 1999/07/19 v1.38 hypertext commands for latex2html (nd, hws, rrm)

\c@lpart=\count100
\c@lchapter=\count101
\c@chapter=\count102
\c@lsection=\count103
\c@lsubsection=\count104
\c@lsubsubsection=\count105
\c@lparagraph=\count106
\c@lsubparagraph=\count107
\c@lsubsubparagraph=\count108
\ptrfile=\write4
)
(/usr/local/texlive/2019/texmf-dist/tex/latex/base/makeidx.sty
Package: makeidx 2014/09/29 v1.0m Standard LaTeX package
) (./ch1.aux)
\openout1 = `ch1.aux'.

LaTeX Font Info:    Checking defaults for OML/cmm/m/it on input line 9.
LaTeX Font Info:    ... okay on input line 9.
LaTeX Font Info:    Checking defaults for T1/cmr/m/n on input line 9.
LaTeX Font Info:    ... okay on input line 9.
LaTeX Font Info:    Checking defaults for OT1/cmr/m/n on input line 9.
LaTeX Font Info:    ... okay on input line 9.
LaTeX Font Info:    Checking defaults for OMS/cmsy/m/n on input line 9.
LaTeX Font Info:    ... okay on input line 9.
LaTeX Font Info:    Checking defaults for OMX/cmex/m/n on input line 9.
LaTeX Font Info:    ... okay on input line 9.
LaTeX Font Info:    Checking defaults for U/cmr/m/n on input line 9.
LaTeX Font Info:    ... okay on input line 9.
LaTeX Font Info:    Try loading font information for OMS+cmr on input line 17.

(/usr/local/texlive/2019/texmf-dist/tex/latex/base/omscmr.fd
File: omscmr.fd 2014/09/29 v2.5h Standard LaTeX font definitions
)
LaTeX Font Info:    Font shape `OMS/cmr/m/n' in size <10> not available
(Font)              Font shape `OMS/cmsy/m/n' tried instead on input line 17.
LaTeX Font Info:    Try loading font information for U+msa on input line 17.

(/usr/local/texlive/2019/texmf-dist/tex/latex/amsfonts/umsa.fd
File: umsa.fd 2013/01/14 v3.01 AMS symbols A
)
LaTeX Font Info:    Try loading font information for U+msb on input line 17.

(/usr/local/texlive/2019/texmf-dist/tex/latex/amsfonts/umsb.fd
File: umsb.fd 2013/01/14 v3.01 AMS symbols B
)
Overfull \hbox (6.15121pt too wide) in paragraph at lines 46--51
\OT1/cmr/m/n/10 where $\OML/cmm/m/it/10 k \OT1/cmr/m/n/10 = 8\OML/cmm/m/it/10 :
\OT1/cmr/m/n/10 98755 \OMS/cmsy/m/n/10 ^^B \OT1/cmr/m/n/10 10[]$ $[\OML/cmm/m/i
t/10 Newton \OT1/cmr/m/n/10 (\OML/cmm/m/it/10 meter=Coulumb\OT1/cmr/m/n/10 )[]]
$ is the Coulomb's
 []


Overfull \hbox (93.04056pt too wide) detected at line 63
\OML/cmm/m/it/10 w \OT1/cmr/m/n/10 = \OML/cmm/m/it/10 fl \OT1/cmr/m/n/10 = \OML
/cmm/m/it/10 mg\OT1/cmr/m/n/10 (\OML/cmm/m/it/10 h[] \OMS/cmsy/m/n/10 ^^@ \OML/
cmm/m/it/10 h[]\OT1/cmr/m/n/10 )\OML/cmm/m/it/10 ;       g \OT1/cmr/m/n/10 = []
\OML/cmm/m/it/10 ;     [] \OT1/cmr/m/n/10 = [] = []
 []


Overfull \hbox (29.00523pt too wide) detected at line 71
\OML/cmm/m/it/10 w \OT1/cmr/m/n/10 = \OML/cmm/m/it/10 fl \OT1/cmr/m/n/10 = \OML
/cmm/m/it/10 qE\OT1/cmr/m/n/10 (\OML/cmm/m/it/10 l[] \OMS/cmsy/m/n/10 ^^@ \OML/
cmm/m/it/10 l[]\OT1/cmr/m/n/10 )\OML/cmm/m/it/10 ;       E \OT1/cmr/m/n/10 = []
\OML/cmm/m/it/10 ;     [] \OT1/cmr/m/n/10 = []
 []

[1

]
Overfull \hbox (72.28465pt too wide) detected at line 128
\OML/cmm/m/it/10 p \OT1/cmr/m/n/10 = [] = [] [] = \OML/cmm/m/it/10 v i;        
\OT1/cmr/m/n/10 [\OML/cmm/m/it/10 Watt\OT1/cmr/m/n/10 ] = [] = [][] = [\OML/cmm
/m/it/10 Volt\OT1/cmr/m/n/10 ][\OML/cmm/m/it/10 Ampere\OT1/cmr/m/n/10 ]
 []


Overfull \hbox (12.66927pt too wide) detected at line 133
\OML/cmm/m/it/10 w \OT1/cmr/m/n/10 = [] \OML/cmm/m/it/10 p dt \OT1/cmr/m/n/10 =
 [] \OML/cmm/m/it/10 vi dt;     \OT1/cmr/m/n/10 [\OML/cmm/m/it/10 Joule\OT1/cmr
/m/n/10 ] = [\OML/cmm/m/it/10 Watt\OT1/cmr/m/n/10 ][\OML/cmm/m/it/10 second\OT1
/cmr/m/n/10 ] = [\OML/cmm/m/it/10 Volt\OT1/cmr/m/n/10 ][\OML/cmm/m/it/10 Ampere
\OT1/cmr/m/n/10 ][\OML/cmm/m/it/10 second\OT1/cmr/m/n/10 ]
 []

[2]
Overfull \hbox (90.58682pt too wide) in paragraph at lines 179--185
[][] 
 []

[3] [4] [5]
LaTeX Font Info:    Font shape `OMS/cmr/m/it' in size <10> not available
(Font)              Font shape `OMS/cmsy/m/n' tried instead on input line 364.
 [6]
Overfull \hbox (41.56099pt too wide) detected at line 509
[] \OT1/cmr/m/n/10 = [] = [] = [] = [\OML/cmm/m/it/10 Ohm\OT1/cmr/m/n/10 ]
 []

[7]
Overfull \hbox (26.97282pt too wide) detected at line 522
[] \OT1/cmr/m/n/10 = [] = [] = [\OML/cmm/m/it/10 second\OT1/cmr/m/n/10 ]
 []


Overfull \hbox (0.46445pt too wide) in paragraph at lines 531--535
[]\OT1/cmr/m/it/10 Comparing the re-la-tion-ships be-tween the cur-rent through
 and volt-age across
 []

[8]
Overfull \hbox (21.00441pt too wide) detected at line 644
\OML/cmm/m/it/10 w \OT1/cmr/m/n/10 = [] [][] \OML/cmm/m/it/10 v[]\OT1/cmr/m/n/1
0 (\OML/cmm/m/it/10 t\OT1/cmr/m/n/10 )\OML/cmm/m/it/10 dt \OT1/cmr/m/n/10 = [] 
[][] [][](\OML/cmm/m/it/10 !t\OT1/cmr/m/n/10 )\OML/cmm/m/it/10 dt \OT1/cmr/m/n/
10 = [] [][][1 \OMS/cmsy/m/n/10 ^^@ []\OT1/cmr/m/n/10 (2\OML/cmm/m/it/10 !t\OT1
/cmr/m/n/10 )]\OML/cmm/m/it/10 dt \OT1/cmr/m/n/10 = [] \OML/cmm/m/it/10 T
 []

[9]
Overfull \hbox (13.04314pt too wide) detected at line 666
[] \OML/cmm/m/it/10  []  \OT1/cmr/m/n/10 = [] [] []\OML/cmm/m/it/10 ;    [][]
  \OT1/cmr/m/n/10 = [][1 \OMS/cmsy/m/n/10 ^^@ []\OT1/cmr/m/n/10 (2\OML/cmm/m/i
t/10 \OT1/cmr/m/n/10 )]\OML/cmm/m/it/10 ;    [][]  \OT1/cmr/m/n/10 = [][1 + [
](2\OML/cmm/m/it/10 \OT1/cmr/m/n/10 )]
 []


Overfull \hbox (62.81905pt too wide) in alignment at lines 687--694
 [][][] []
 []

[10]
Overfull \hbox (10.84196pt too wide) detected at line 706
\OML/cmm/m/it/10 w \OT1/cmr/m/n/10 = [][] \OML/cmm/m/it/10 p\OT1/cmr/m/n/10 (\O
ML/cmm/m/it/10 t\OT1/cmr/m/n/10 )\OML/cmm/m/it/10 dt \OT1/cmr/m/n/10 = [][] \OM
L/cmm/m/it/10 v\OT1/cmr/m/n/10 (\OML/cmm/m/it/10 t\OT1/cmr/m/n/10 ) \OML/cmm/m/
it/10 i\OT1/cmr/m/n/10 (\OML/cmm/m/it/10 t\OT1/cmr/m/n/10 )\OML/cmm/m/it/10 dt 
\OT1/cmr/m/n/10 = [][] \OML/cmm/m/it/10 v\OT1/cmr/m/n/10 (\OML/cmm/m/it/10 t\OT
1/cmr/m/n/10 ) \OML/cmm/m/it/10 C[]dt \OT1/cmr/m/n/10 = \OML/cmm/m/it/10 C [][]
 v dv \OT1/cmr/m/n/10 = []\OML/cmm/m/it/10 CV[]
 []


Overfull \hbox (22.99507pt too wide) detected at line 716
\OML/cmm/m/it/10 w \OT1/cmr/m/n/10 = [][] \OML/cmm/m/it/10 v\OT1/cmr/m/n/10 (\O
ML/cmm/m/it/10 t\OT1/cmr/m/n/10 ) \OML/cmm/m/it/10 i\OT1/cmr/m/n/10 (\OML/cmm/m
/it/10 t\OT1/cmr/m/n/10 )\OML/cmm/m/it/10 dt \OT1/cmr/m/n/10 = \OML/cmm/m/it/10
 V[]!C [][] []\OT1/cmr/m/n/10 (\OML/cmm/m/it/10 !t\OT1/cmr/m/n/10 )  [](\OML/cm
m/m/it/10 !t\OT1/cmr/m/n/10 ) \OML/cmm/m/it/10 dt \OT1/cmr/m/n/10 = [] [][] [](
2\OML/cmm/m/it/10 !t\OT1/cmr/m/n/10 )\OML/cmm/m/it/10 dt \OT1/cmr/m/n/10 = 0
 []


Overfull \hbox (15.13121pt too wide) detected at line 741
\OML/cmm/m/it/10 w \OT1/cmr/m/n/10 = [][] \OML/cmm/m/it/10 v\OT1/cmr/m/n/10 (\O
ML/cmm/m/it/10 t\OT1/cmr/m/n/10 ) \OML/cmm/m/it/10 i\OT1/cmr/m/n/10 (\OML/cmm/m
/it/10 t\OT1/cmr/m/n/10 )\OML/cmm/m/it/10 dt \OT1/cmr/m/n/10 = \OML/cmm/m/it/10
 I[]!L [][] []\OT1/cmr/m/n/10 (\OML/cmm/m/it/10 !t\OT1/cmr/m/n/10 )  [](\OML/cm
m/m/it/10 !t\OT1/cmr/m/n/10 ) \OML/cmm/m/it/10 dt \OT1/cmr/m/n/10 = [] [][] [](
2\OML/cmm/m/it/10 !t\OT1/cmr/m/n/10 )\OML/cmm/m/it/10 dt \OT1/cmr/m/n/10 = 0
 []


Overfull \hbox (11.30138pt too wide) in paragraph at lines 754--756
[]\OT1/cmr/m/n/10 Capacitor: the volt-age $\OML/cmm/m/it/10 v[]\OT1/cmr/m/n/10 
(\OML/cmm/m/it/10 t\OT1/cmr/m/n/10 ) = [](\OML/cmm/m/it/10 !t\OT1/cmr/m/n/10 )$
 (red) lags the cur-rent $\OML/cmm/m/it/10 i[] \OT1/cmr/m/n/10 = \OML/cmm/m/it/
10 !C []\OT1/cmr/m/n/10 (\OML/cmm/m/it/10 !t\OT1/cmr/m/n/10 )$
 []

[11] [12]
Overfull \hbox (10.2262pt too wide) detected at line 871
\OML/cmm/m/it/10 v\OT1/cmr/m/n/10 (\OML/cmm/m/it/10 t\OT1/cmr/m/n/10 ) = \OML/c
mm/m/it/10 L[]i[]\OT1/cmr/m/n/10 (\OML/cmm/m/it/10 t\OT1/cmr/m/n/10 ) = \OML/cm
m/m/it/10 L[] \OT1/cmr/m/n/10 (\OMS/cmsy/m/n/10 ^^@\OML/cmm/m/it/10 C[]\OT1/cmr
/m/n/10 )\OML/cmm/m/it/10 ;    []    [] \OT1/cmr/m/n/10 + []\OML/cmm/m/it/10 v\
OT1/cmr/m/n/10 (\OML/cmm/m/it/10 t\OT1/cmr/m/n/10 ) = [](\OML/cmm/m/it/10 t\OT1
/cmr/m/n/10 ) + \OML/cmm/m/it/10 ![]v\OT1/cmr/m/n/10 (\OML/cmm/m/it/10 t\OT1/cm
r/m/n/10 ) = 0
 []

[13] [14] [15] [16]
Overfull \hbox (65.62538pt too wide) detected at line 1126
\OML/cmm/m/it/10 i \OT1/cmr/m/n/10 = \OML/cmm/m/it/10 i[] \OT1/cmr/m/n/10 + \OM
L/cmm/m/it/10 i[] \OT1/cmr/m/n/10 + [] + \OML/cmm/m/it/10 i[] \OT1/cmr/m/n/10 =
 [] [] \OML/cmm/m/it/10 v dt \OT1/cmr/m/n/10 + [] + [] [] \OML/cmm/m/it/10 v dt
 \OT1/cmr/m/n/10 = [] [] \OML/cmm/m/it/10 v dt \OT1/cmr/m/n/10 = [] [] \OML/cmm
/m/it/10 v dt
 []

[17]
Overfull \hbox (65.90924pt too wide) detected at line 1150
\OML/cmm/m/it/10 v \OT1/cmr/m/n/10 = \OML/cmm/m/it/10 v[] \OT1/cmr/m/n/10 + \OM
L/cmm/m/it/10 v[] \OT1/cmr/m/n/10 + [] + \OML/cmm/m/it/10 v[] \OT1/cmr/m/n/10 =
 [] [] \OML/cmm/m/it/10 i dt \OT1/cmr/m/n/10 + [] + [] [] \OML/cmm/m/it/10 i dt
 \OT1/cmr/m/n/10 = [] [] \OML/cmm/m/it/10 i dt \OT1/cmr/m/n/10 = [] [] \OML/cmm
/m/it/10 i dt
 []


Overfull \hbox (191.7383pt too wide) in paragraph at lines 1158--1166
[][] 
 []

[18] [19] [20] [21] [22] [23] [24] [25]
Overfull \hbox (8.57756pt too wide) detected at line 1686
[]\OML/cmm/m/it/10 P[]\OT1/cmr/m/n/10 (\OML/cmm/m/it/10 R[]\OT1/cmr/m/n/10 ) = 
\OML/cmm/m/it/10 V[][] \OT1/cmr/m/n/10 = \OML/cmm/m/it/10 V[][] \OT1/cmr/m/n/10
 = 0
 []

[26] [27] [28] (./ch1.aux) ) 
Here is how much of TeX's memory you used:
 1687 strings out of 492617
 20019 string characters out of 6129507
 88601 words of memory out of 5000000
 5623 multiletter control sequences out of 15000+600000
 7822 words of font info for 30 fonts, out of 8000000 for 9000
 1141 hyphenation exceptions out of 8191
 27i,10n,27p,215b,255s stack positions out of 5000i,500n,10000p,200000b,80000s

Output written on ch1.dvi (28 pages, 105900 bytes).
