This is pdfTeX, Version 3.14159265-2.6-1.40.20 (TeX Live 2019) (preloaded format=latex 2019.5.29)  26 SEP 2019 14:46
entering extended mode
 restricted \write18 enabled.
 %&-line parsing enabled.
**ch2
(./ch2.tex
LaTeX2e <2018-12-01>
(/usr/local/texlive/2019/texmf-dist/tex/latex/base/article.cls
Document Class: article 2018/09/03 v1.4i Standard LaTeX document class
(/usr/local/texlive/2019/texmf-dist/tex/latex/base/size10.clo
File: size10.clo 2018/09/03 v1.4i Standard LaTeX file (size option)
)
\c@part=\count80
\c@section=\count81
\c@subsection=\count82
\c@subsubsection=\count83
\c@paragraph=\count84
\c@subparagraph=\count85
\c@figure=\count86
\c@table=\count87
\abovecaptionskip=\skip41
\belowcaptionskip=\skip42
\bibindent=\dimen102
)
(/usr/local/texlive/2019/texmf-dist/tex/latex/amsmath/amsmath.sty
Package: amsmath 2018/12/01 v2.17b AMS math features
\@mathmargin=\skip43

For additional information on amsmath, use the `?' option.
(/usr/local/texlive/2019/texmf-dist/tex/latex/amsmath/amstext.sty
Package: amstext 2000/06/29 v2.01 AMS text

(/usr/local/texlive/2019/texmf-dist/tex/latex/amsmath/amsgen.sty
File: amsgen.sty 1999/11/30 v2.0 generic functions
\@emptytoks=\toks14
\ex@=\dimen103
))
(/usr/local/texlive/2019/texmf-dist/tex/latex/amsmath/amsbsy.sty
Package: amsbsy 1999/11/29 v1.2d Bold Symbols
\pmbraise@=\dimen104
)
(/usr/local/texlive/2019/texmf-dist/tex/latex/amsmath/amsopn.sty
Package: amsopn 2016/03/08 v2.02 operator names
)
\inf@bad=\count88
LaTeX Info: Redefining \frac on input line 223.
\uproot@=\count89
\leftroot@=\count90
LaTeX Info: Redefining \overline on input line 385.
\classnum@=\count91
\DOTSCASE@=\count92
LaTeX Info: Redefining \ldots on input line 482.
LaTeX Info: Redefining \dots on input line 485.
LaTeX Info: Redefining \cdots on input line 606.
\Mathstrutbox@=\box27
\strutbox@=\box28
\big@size=\dimen105
LaTeX Font Info:    Redeclaring font encoding OML on input line 729.
LaTeX Font Info:    Redeclaring font encoding OMS on input line 730.
\macc@depth=\count93
\c@MaxMatrixCols=\count94
\dotsspace@=\muskip10
\c@parentequation=\count95
\dspbrk@lvl=\count96
\tag@help=\toks15
\row@=\count97
\column@=\count98
\maxfields@=\count99
\andhelp@=\toks16
\eqnshift@=\dimen106
\alignsep@=\dimen107
\tagshift@=\dimen108
\tagwidth@=\dimen109
\totwidth@=\dimen110
\lineht@=\dimen111
\@envbody=\toks17
\multlinegap=\skip44
\multlinetaggap=\skip45
\mathdisplay@stack=\toks18
LaTeX Info: Redefining \[ on input line 2844.
LaTeX Info: Redefining \] on input line 2845.
)
(/usr/local/texlive/2019/texmf-dist/tex/latex/amsfonts/amssymb.sty
Package: amssymb 2013/01/14 v3.01 AMS font symbols

(/usr/local/texlive/2019/texmf-dist/tex/latex/amsfonts/amsfonts.sty
Package: amsfonts 2013/01/14 v3.01 Basic AMSFonts support
\symAMSa=\mathgroup4
\symAMSb=\mathgroup5
LaTeX Font Info:    Overwriting math alphabet `\mathfrak' in version `bold'
(Font)                  U/euf/m/n --> U/euf/b/n on input line 106.
))
(/usr/local/texlive/2019/texmf-dist/tex/latex/graphics/graphics.sty
Package: graphics 2017/06/25 v1.2c Standard LaTeX Graphics (DPC,SPQR)

(/usr/local/texlive/2019/texmf-dist/tex/latex/graphics/trig.sty
Package: trig 2016/01/03 v1.10 sin cos tan (DPC)
)
(/usr/local/texlive/2019/texmf-dist/tex/latex/graphics-cfg/graphics.cfg
File: graphics.cfg 2016/06/04 v1.11 sample graphics configuration
)
Package graphics Info: Driver file: dvips.def on input line 99.

(/usr/local/texlive/2019/texmf-dist/tex/latex/graphics-def/dvips.def
File: dvips.def 2017/06/20 v3.1d Graphics/color driver for dvips
))
(/usr/local/texlive/2019/texmf-dist/tex/latex/comment/comment.sty
\CommentStream=\write3

Excluding comment 'comment')
(/usr/local/texlive/texmf-local/tex/latex/html/html.sty
Package: html 1999/07/19 v1.38 hypertext commands for latex2html (nd, hws, rrm)

\c@lpart=\count100
\c@lchapter=\count101
\c@chapter=\count102
\c@lsection=\count103
\c@lsubsection=\count104
\c@lsubsubsection=\count105
\c@lparagraph=\count106
\c@lsubparagraph=\count107
\c@lsubsubparagraph=\count108
\ptrfile=\write4
)
(/usr/local/texlive/2019/texmf-dist/tex/latex/base/makeidx.sty
Package: makeidx 2014/09/29 v1.0m Standard LaTeX package
) (./ch2.aux)
\openout1 = `ch2.aux'.

LaTeX Font Info:    Checking defaults for OML/cmm/m/it on input line 9.
LaTeX Font Info:    ... okay on input line 9.
LaTeX Font Info:    Checking defaults for T1/cmr/m/n on input line 9.
LaTeX Font Info:    ... okay on input line 9.
LaTeX Font Info:    Checking defaults for OT1/cmr/m/n on input line 9.
LaTeX Font Info:    ... okay on input line 9.
LaTeX Font Info:    Checking defaults for OMS/cmsy/m/n on input line 9.
LaTeX Font Info:    ... okay on input line 9.
LaTeX Font Info:    Checking defaults for OMX/cmex/m/n on input line 9.
LaTeX Font Info:    ... okay on input line 9.
LaTeX Font Info:    Checking defaults for U/cmr/m/n on input line 9.
LaTeX Font Info:    ... okay on input line 9.
LaTeX Font Info:    Try loading font information for U+msa on input line 15.

(/usr/local/texlive/2019/texmf-dist/tex/latex/amsfonts/umsa.fd
File: umsa.fd 2013/01/14 v3.01 AMS symbols A
)
LaTeX Font Info:    Try loading font information for U+msb on input line 15.

(/usr/local/texlive/2019/texmf-dist/tex/latex/amsfonts/umsb.fd
File: umsb.fd 2013/01/14 v3.01 AMS symbols B
)
LaTeX Font Info:    Try loading font information for OMS+cmr on input line 102.


(/usr/local/texlive/2019/texmf-dist/tex/latex/base/omscmr.fd
File: omscmr.fd 2014/09/29 v2.5h Standard LaTeX font definitions
)
LaTeX Font Info:    Font shape `OMS/cmr/m/n' in size <10> not available
(Font)              Font shape `OMS/cmsy/m/n' tried instead on input line 102.
 [1

]
Overfull \hbox (0.8843pt too wide) in paragraph at lines 185--186
[]\OT1/cmr/bx/n/10 The node-voltage method (nodal volt-age anal-y-sis) based on
 KCL: 
 []


Overfull \hbox (20.66284pt too wide) detected at line 216
\OML/cmm/m/it/10 I[] \OT1/cmr/m/n/10 = [] = []\OML/cmm/m/it/10 ;     I[] \OT1/c
mr/m/n/10 = [] = []\OML/cmm/m/it/10 ;     I[] \OT1/cmr/m/n/10 = [] = []
 []

[2] [3]
Overfull \hbox (15.03455pt too wide) detected at line 321
[]
 []

[4] [5]
Overfull \hbox (45.96661pt too wide) detected at line 523
\OML/cmm/m/it/10 P[] \OT1/cmr/m/n/10 = [] \OMS/cmsy/m/n/10 6\OT1/cmr/m/n/10 = [
] + [] = \OML/cmm/m/it/10 P[] \OT1/cmr/m/n/10 + \OML/cmm/m/it/10 P[];        P[
] \OT1/cmr/m/n/10 = \OML/cmm/m/it/10 R\OT1/cmr/m/n/10 (\OML/cmm/m/it/10 I[] \OT
1/cmr/m/n/10 + \OML/cmm/m/it/10 I[]\OT1/cmr/m/n/10 )[] \OMS/cmsy/m/n/10 6\OT1/c
mr/m/n/10 = \OML/cmm/m/it/10 RI[] \OT1/cmr/m/n/10 + \OML/cmm/m/it/10 RI[] \OT1/
cmr/m/n/10 = \OML/cmm/m/it/10 P[] \OT1/cmr/m/n/10 + \OML/cmm/m/it/10 P[]
 []

[6]
Overfull \hbox (54.12112pt too wide) detected at line 546
\OML/cmm/m/it/10 I[] \OT1/cmr/m/n/10 = \OML/cmm/m/it/10 I[] \OT1/cmr/m/n/10 + \
OML/cmm/m/it/10 I[] \OT1/cmr/m/n/10 = [] \OMS/cmsy/m/n/10 ^^@ [] \OT1/cmr/m/n/1
0 = 4\OML/cmm/m/it/10 ;     I[] \OT1/cmr/m/n/10 = \OML/cmm/m/it/10 I[] \OT1/cmr
/m/n/10 + \OML/cmm/m/it/10 I[] \OT1/cmr/m/n/10 = [] \OMS/cmsy/m/n/10 ^^@ [] \OT
1/cmr/m/n/10 = \OMS/cmsy/m/n/10 ^^@\OT1/cmr/m/n/10 1\OML/cmm/m/it/10 ;     I[] 
\OT1/cmr/m/n/10 = \OML/cmm/m/it/10 I[] \OT1/cmr/m/n/10 + \OML/cmm/m/it/10 I[] \
OT1/cmr/m/n/10 = [] + [] = 3
 []

[7]
Overfull \hbox (0.29205pt too wide) in paragraph at lines 632--634
[]\OT1/cmr/bx/n/10 Proof: \OT1/cmr/m/n/10 The proof of this the-o-rem is in par
-al-lel with the proof of Thevenin's
 []

[8] [9] [10]
Overfull \hbox (1.07652pt too wide) detected at line 920
\OML/cmm/m/it/10 I[] \OT1/cmr/m/n/10 + \OML/cmm/m/it/10 I[] \OT1/cmr/m/n/10 + \
OML/cmm/m/it/10 I[] \OT1/cmr/m/n/10 = \OML/cmm/m/it/10 I[] \OT1/cmr/m/n/10 + []
 + [] = 0\OML/cmm/m/it/10 ;     []    I[]R[]R[] \OT1/cmr/m/n/10 + \OML/cmm/m/it
/10 R[]\OT1/cmr/m/n/10 (\OML/cmm/m/it/10 V \OMS/cmsy/m/n/10 ^^@ \OML/cmm/m/it/1
0 V[]\OT1/cmr/m/n/10 ) + \OML/cmm/m/it/10 R[]V \OT1/cmr/m/n/10 = 0
 []

[11] [12]
Overfull \hbox (8.47835pt too wide) detected at line 1033
[]
 []


Overfull \hbox (48.58763pt too wide) detected at line 1048
\OML/cmm/m/it/10 V[] \OT1/cmr/m/n/10 = \OML/cmm/m/it/10 R[]I[] \OT1/cmr/m/n/10 
= 6 \OMS/cmsy/m/n/10 ^^B [] \OT1/cmr/m/n/10 = []\OML/cmm/m/it/10 ;       V[] \O
T1/cmr/m/n/10 = \OML/cmm/m/it/10 R[]\OT1/cmr/m/n/10 (\OML/cmm/m/it/10 I[] \OMS/
cmsy/m/n/10 ^^@ \OML/cmm/m/it/10 I[]\OT1/cmr/m/n/10 ) = 1\OML/cmm/m/it/10 :\OT1
/cmr/m/n/10 5 \OMS/cmsy/m/n/10 ^^B [] \OT1/cmr/m/n/10 = []\OML/cmm/m/it/10 ;   
    V[] \OT1/cmr/m/n/10 = \OML/cmm/m/it/10 V[] \OMS/cmsy/m/n/10 ^^@ \OML/cmm/m/
it/10 V[] \OT1/cmr/m/n/10 = []
 []

[13]
Overfull \hbox (38.26067pt too wide) detected at line 1108
\OML/cmm/m/it/10 R[] \OT1/cmr/m/n/10 = [] = []\OML/cmm/m/it/10 ;     R[] \OT1/c
mr/m/n/10 = [] = []\OML/cmm/m/it/10 ;     R[] \OT1/cmr/m/n/10 = [] = []
 []

[14] [15] [16] [17]
Overfull \hbox (23.33168pt too wide) detected at line 1385
[]      [] \OT1/cmr/m/n/10 = [] [] = \OT1/cmr/bx/n/10 A []
 []

[18]
Overfull \hbox (81.71652pt too wide) detected at line 1501
[] \OT1/cmr/m/n/10 = [][] = [][] = []
 []

[19] [20] [21]
Overfull \hbox (74.73817pt too wide) detected at line 1722
[] \OT1/cmr/m/n/10 = [][] [] = [] [] [] = [] []
 []

[22] [23]
Overfull \hbox (21.15614pt too wide) detected at line 1852
\OML/cmm/m/it/10 v[] \OT1/cmr/m/n/10 = \OML/cmm/m/it/10 G[]v[][] \OT1/cmr/m/n/1
0 = \OML/cmm/m/it/10 G[]i[][][] \OT1/cmr/m/n/10 = \OML/cmm/m/it/10 G[]v[][][]
 []

[24]
Overfull \hbox (5.49567pt too wide) in paragraph at lines 1954--1958
[]\OT1/cmr/bx/n/10 Output re-sis-tance: \OT1/cmr/m/n/10 We as-sume the in-ter-n
al volt-age source is the Thevenin
 []

[25] [26]
Overfull \hbox (73.84415pt too wide) detected at line 2067
\OML/cmm/m/it/10 R[] \OT1/cmr/m/n/10 = [] = [] = \OML/cmm/m/it/10 r[] \OT1/cmr/
m/n/10 + []
 []

[27] [28] [29] (./ch2.aux) ) 
Here is how much of TeX's memory you used:
 1687 strings out of 492617
 20028 string characters out of 6129507
 89601 words of memory out of 5000000
 5623 multiletter control sequences out of 15000+600000
 7822 words of font info for 30 fonts, out of 8000000 for 9000
 1141 hyphenation exceptions out of 8191
 27i,8n,27p,215b,283s stack positions out of 5000i,500n,10000p,200000b,80000s

Output written on ch2.dvi (29 pages, 115396 bytes).
