This is pdfTeX, Version 3.14159265-2.6-1.40.20 (TeX Live 2019) (preloaded format=latex 2019.5.29)  21 NOV 2019 13:54
entering extended mode
 restricted \write18 enabled.
 %&-line parsing enabled.
**ch4
(./ch4.tex
LaTeX2e <2018-12-01>
(/usr/local/texlive/2019/texmf-dist/tex/latex/base/article.cls
Document Class: article 2018/09/03 v1.4i Standard LaTeX document class
(/usr/local/texlive/2019/texmf-dist/tex/latex/base/size10.clo
File: size10.clo 2018/09/03 v1.4i Standard LaTeX file (size option)
)
\c@part=\count80
\c@section=\count81
\c@subsection=\count82
\c@subsubsection=\count83
\c@paragraph=\count84
\c@subparagraph=\count85
\c@figure=\count86
\c@table=\count87
\abovecaptionskip=\skip41
\belowcaptionskip=\skip42
\bibindent=\dimen102
)
(/usr/local/texlive/2019/texmf-dist/tex/latex/amsmath/amsmath.sty
Package: amsmath 2018/12/01 v2.17b AMS math features
\@mathmargin=\skip43

For additional information on amsmath, use the `?' option.
(/usr/local/texlive/2019/texmf-dist/tex/latex/amsmath/amstext.sty
Package: amstext 2000/06/29 v2.01 AMS text

(/usr/local/texlive/2019/texmf-dist/tex/latex/amsmath/amsgen.sty
File: amsgen.sty 1999/11/30 v2.0 generic functions
\@emptytoks=\toks14
\ex@=\dimen103
))
(/usr/local/texlive/2019/texmf-dist/tex/latex/amsmath/amsbsy.sty
Package: amsbsy 1999/11/29 v1.2d Bold Symbols
\pmbraise@=\dimen104
)
(/usr/local/texlive/2019/texmf-dist/tex/latex/amsmath/amsopn.sty
Package: amsopn 2016/03/08 v2.02 operator names
)
\inf@bad=\count88
LaTeX Info: Redefining \frac on input line 223.
\uproot@=\count89
\leftroot@=\count90
LaTeX Info: Redefining \overline on input line 385.
\classnum@=\count91
\DOTSCASE@=\count92
LaTeX Info: Redefining \ldots on input line 482.
LaTeX Info: Redefining \dots on input line 485.
LaTeX Info: Redefining \cdots on input line 606.
\Mathstrutbox@=\box27
\strutbox@=\box28
\big@size=\dimen105
LaTeX Font Info:    Redeclaring font encoding OML on input line 729.
LaTeX Font Info:    Redeclaring font encoding OMS on input line 730.
\macc@depth=\count93
\c@MaxMatrixCols=\count94
\dotsspace@=\muskip10
\c@parentequation=\count95
\dspbrk@lvl=\count96
\tag@help=\toks15
\row@=\count97
\column@=\count98
\maxfields@=\count99
\andhelp@=\toks16
\eqnshift@=\dimen106
\alignsep@=\dimen107
\tagshift@=\dimen108
\tagwidth@=\dimen109
\totwidth@=\dimen110
\lineht@=\dimen111
\@envbody=\toks17
\multlinegap=\skip44
\multlinetaggap=\skip45
\mathdisplay@stack=\toks18
LaTeX Info: Redefining \[ on input line 2844.
LaTeX Info: Redefining \] on input line 2845.
)
(/usr/local/texlive/2019/texmf-dist/tex/latex/amsfonts/amssymb.sty
Package: amssymb 2013/01/14 v3.01 AMS font symbols

(/usr/local/texlive/2019/texmf-dist/tex/latex/amsfonts/amsfonts.sty
Package: amsfonts 2013/01/14 v3.01 Basic AMSFonts support
\symAMSa=\mathgroup4
\symAMSb=\mathgroup5
LaTeX Font Info:    Overwriting math alphabet `\mathfrak' in version `bold'
(Font)                  U/euf/m/n --> U/euf/b/n on input line 106.
))
(/usr/local/texlive/2019/texmf-dist/tex/latex/graphics/graphics.sty
Package: graphics 2017/06/25 v1.2c Standard LaTeX Graphics (DPC,SPQR)

(/usr/local/texlive/2019/texmf-dist/tex/latex/graphics/trig.sty
Package: trig 2016/01/03 v1.10 sin cos tan (DPC)
)
(/usr/local/texlive/2019/texmf-dist/tex/latex/graphics-cfg/graphics.cfg
File: graphics.cfg 2016/06/04 v1.11 sample graphics configuration
)
Package graphics Info: Driver file: dvips.def on input line 99.

(/usr/local/texlive/2019/texmf-dist/tex/latex/graphics-def/dvips.def
File: dvips.def 2017/06/20 v3.1d Graphics/color driver for dvips
))
(/usr/local/texlive/2019/texmf-dist/tex/latex/comment/comment.sty
\CommentStream=\write3

Excluding comment 'comment')
(/usr/local/texlive/texmf-local/tex/latex/html/html.sty
Package: html 1999/07/19 v1.38 hypertext commands for latex2html (nd, hws, rrm)

\c@lpart=\count100
\c@lchapter=\count101
\c@chapter=\count102
\c@lsection=\count103
\c@lsubsection=\count104
\c@lsubsubsection=\count105
\c@lparagraph=\count106
\c@lsubparagraph=\count107
\c@lsubsubparagraph=\count108
\ptrfile=\write4
)
(/usr/local/texlive/2019/texmf-dist/tex/latex/base/makeidx.sty
Package: makeidx 2014/09/29 v1.0m Standard LaTeX package
) (./ch4.aux)
\openout1 = `ch4.aux'.

LaTeX Font Info:    Checking defaults for OML/cmm/m/it on input line 10.
LaTeX Font Info:    ... okay on input line 10.
LaTeX Font Info:    Checking defaults for T1/cmr/m/n on input line 10.
LaTeX Font Info:    ... okay on input line 10.
LaTeX Font Info:    Checking defaults for OT1/cmr/m/n on input line 10.
LaTeX Font Info:    ... okay on input line 10.
LaTeX Font Info:    Checking defaults for OMS/cmsy/m/n on input line 10.
LaTeX Font Info:    ... okay on input line 10.
LaTeX Font Info:    Checking defaults for OMX/cmex/m/n on input line 10.
LaTeX Font Info:    ... okay on input line 10.
LaTeX Font Info:    Checking defaults for U/cmr/m/n on input line 10.
LaTeX Font Info:    ... okay on input line 10.
LaTeX Font Info:    Try loading font information for OMS+cmr on input line 29.

(/usr/local/texlive/2019/texmf-dist/tex/latex/base/omscmr.fd
File: omscmr.fd 2014/09/29 v2.5h Standard LaTeX font definitions
)
LaTeX Font Info:    Font shape `OMS/cmr/m/n' in size <10> not available
(Font)              Font shape `OMS/cmsy/m/n' tried instead on input line 29.
LaTeX Font Info:    Try loading font information for U+msa on input line 31.

(/usr/local/texlive/2019/texmf-dist/tex/latex/amsfonts/umsa.fd
File: umsa.fd 2013/01/14 v3.01 AMS symbols A
)
LaTeX Font Info:    Try loading font information for U+msb on input line 31.

(/usr/local/texlive/2019/texmf-dist/tex/latex/amsfonts/umsb.fd
File: umsb.fd 2013/01/14 v3.01 AMS symbols B
)
LaTeX Font Info:    Font shape `OMS/cmr/m/it' in size <10> not available
(Font)              Font shape `OMS/cmsy/m/n' tried instead on input line 56.
 [1

] [2]
[3]
Overfull \hbox (28.36545pt too wide) detected at line 232
\OML/cmm/m/it/10 I[] \OT1/cmr/m/n/10 = \OML/cmm/m/it/10 I[] [] \OMS/cmsy/m/n/10
 ^^Y \OML/cmm/m/it/10 I[] e[];     []    V[] \OT1/cmr/m/n/10 = \OML/cmm/m/it/10
 ^^QV[] ln [] \OMS/cmsy/m/n/10 ^^Y \OML/cmm/m/it/10 ^^QV[] ln\OT1/cmr/m/n/10 (\
OML/cmm/m/it/10 I[]=I[]\OT1/cmr/m/n/10 )
 []

[4]
Overfull \hbox (2.75803pt too wide) detected at line 279
\OML/cmm/m/it/10 R[] \OT1/cmr/m/n/10 = [] = [] [] = \OML/cmm/m/it/10 ^^QV[][][]
 \OT1/cmr/m/n/10 = \OML/cmm/m/it/10 ^^Q [] \OMS/cmsy/m/n/10 ^^Y \OML/cmm/m/it/1
0 ^^Q []
 []


Overfull \hbox (25.88155pt too wide) detected at line 290
[]
 []

[5] [6] [7] [8] [9] [10] [11]
Overfull \hbox (3.90143pt too wide) in paragraph at lines 762--768
\OT1/cmr/m/n/10 (due to the ex-po-nen-tial re-la-tion-ship be-tween $\OML/cmm/m
/it/10 I[]$ \OT1/cmr/m/n/10 and $\OML/cmm/m/it/10 V[]$\OT1/cmr/m/n/10 ), $\OML/
cmm/m/it/10 ^^LI[] > V[]=R[]$\OT1/cmr/m/n/10 ,
 []

[12]
Overfull \hbox (2.50583pt too wide) detected at line 848
\OML/cmm/m/it/10 I[] \OT1/cmr/m/n/10 + \OML/cmm/m/it/10 i[]\OT1/cmr/m/n/10 (\OM
L/cmm/m/it/10 t\OT1/cmr/m/n/10 ) = [] = [] = (1\OML/cmm/m/it/10 :\OT1/cmr/m/n/1
0 75 + 0\OML/cmm/m/it/10 :\OT1/cmr/m/n/10 05  [](\OML/cmm/m/it/10 !t\OT1/cmr/m/
n/10 )) \OML/cmm/m/it/10 mA
 []


Overfull \hbox (2.1374pt too wide) detected at line 865
[]    []    []
 []


Overfull \hbox (7.3361pt too wide) detected at line 875
\OML/cmm/m/it/10 V[] \OT1/cmr/m/n/10 + \OML/cmm/m/it/10 v[]\OT1/cmr/m/n/10 (\OM
L/cmm/m/it/10 t\OT1/cmr/m/n/10 ) = \OML/cmm/m/it/10 V[] \OMS/cmsy/m/n/10 ^^@ \O
ML/cmm/m/it/10 R[]\OT1/cmr/m/n/10 (\OML/cmm/m/it/10 I[] \OT1/cmr/m/n/10 + \OML/
cmm/m/it/10 i[]\OT1/cmr/m/n/10 (\OML/cmm/m/it/10 t\OT1/cmr/m/n/10 )) = 15 \OMS/
cmsy/m/n/10 ^^@ \OT1/cmr/m/n/10 1\OML/cmm/m/it/10 :\OT1/cmr/m/n/10 5(4 + 2  [](
\OML/cmm/m/it/10 !t\OT1/cmr/m/n/10 ) = (9 \OMS/cmsy/m/n/10 ^^@ \OT1/cmr/m/n/10 
3  [](\OML/cmm/m/it/10 !t\OT1/cmr/m/n/10 )) \OML/cmm/m/it/10 V
 []

[13] [14] [15] [16] [17] [18] [19] [20]
Overfull \hbox (28.1439pt too wide) detected at line 1346
\OML/cmm/m/it/10 dv[] \OT1/cmr/m/n/10 = []\OML/cmm/m/it/10 di[] \OT1/cmr/m/n/10
 + []\OML/cmm/m/it/10 dv[] \OT1/cmr/m/n/10 = \OML/cmm/m/it/10 h[]di[] \OT1/cmr/
m/n/10 + \OML/cmm/m/it/10 h[]dv[]      di[] \OT1/cmr/m/n/10 = []\OML/cmm/m/it/1
0 di[] \OT1/cmr/m/n/10 + []\OML/cmm/m/it/10 dv[] \OT1/cmr/m/n/10 = \OML/cmm/m/i
t/10 h[]di[] \OT1/cmr/m/n/10 + \OML/cmm/m/it/10 h[]dv[]
 []


Overfull \hbox (37.72182pt too wide) detected at line 1382
\OML/cmm/m/it/10 v[] \OT1/cmr/m/n/10 = []\OML/cmm/m/it/10 i[] \OT1/cmr/m/n/10 +
 []\OML/cmm/m/it/10 v[] \OT1/cmr/m/n/10 = \OML/cmm/m/it/10 h[]i[] \OT1/cmr/m/n/
10 + \OML/cmm/m/it/10 h[]v[] \OMS/cmsy/m/n/10 ^^Y \OML/cmm/m/it/10 h[]i[]      
i[] \OT1/cmr/m/n/10 = []\OML/cmm/m/it/10 i[] \OT1/cmr/m/n/10 + []\OML/cmm/m/it/
10 v[] \OT1/cmr/m/n/10 = \OML/cmm/m/it/10 h[]i[] \OT1/cmr/m/n/10 + \OML/cmm/m/i
t/10 h[]v[] \OMS/cmsy/m/n/10 ^^Y \OML/cmm/m/it/10 h[]i[]
 []

[21] [22] [23]
Overfull \hbox (26.1524pt too wide) detected at line 1565
\OML/cmm/m/it/10 I[] \OT1/cmr/m/n/10 = \OML/cmm/m/it/10 ^^LI[] \OT1/cmr/m/n/10 
= 40 \OMS/cmsy/m/n/10 ^^B \OT1/cmr/m/n/10 40 \OML/cmm/m/it/10 ^^VA \OT1/cmr/m/n
/10 = 1\OML/cmm/m/it/10 :\OT1/cmr/m/n/10 6 \OML/cmm/m/it/10 mA;        V[] \OT1
/cmr/m/n/10 = \OML/cmm/m/it/10 V[] \OMS/cmsy/m/n/10 ^^@ \OML/cmm/m/it/10 R[]I[]
 \OT1/cmr/m/n/10 = 12 \OMS/cmsy/m/n/10 ^^@ \OT1/cmr/m/n/10 4 \OMS/cmsy/m/n/10 ^
^B \OT1/cmr/m/n/10 1\OML/cmm/m/it/10 :\OT1/cmr/m/n/10 6 = 5\OML/cmm/m/it/10 :\O
T1/cmr/m/n/10 6 \OML/cmm/m/it/10 V
 []

[24]
Overfull \hbox (32.53397pt too wide) detected at line 1609
\OML/cmm/m/it/10 v[]\OT1/cmr/m/n/10 (\OML/cmm/m/it/10 t\OT1/cmr/m/n/10 ) = \OML
/cmm/m/it/10 V[] \OMS/cmsy/m/n/10 ^^@ \OML/cmm/m/it/10 R[] i[]\OT1/cmr/m/n/10 (
\OML/cmm/m/it/10 t\OT1/cmr/m/n/10 ) = 8\OML/cmm/m/it/10 :\OT1/cmr/m/n/10 8 \OMS
/cmsy/m/n/10 ^^@ \OT1/cmr/m/n/10 2 \OMS/cmsy/m/n/10 ^^B \OT1/cmr/m/n/10 (1\OML/
cmm/m/it/10 :\OT1/cmr/m/n/10 6 + 0\OML/cmm/m/it/10 :\OT1/cmr/m/n/10 8  [] \OML/
cmm/m/it/10 !t\OT1/cmr/m/n/10 ) = (5\OML/cmm/m/it/10 :\OT1/cmr/m/n/10 6 \OMS/cm
sy/m/n/10 ^^@ \OT1/cmr/m/n/10 1\OML/cmm/m/it/10 :\OT1/cmr/m/n/10 6 \OML/cmm/m/i
t/10 sin !t\OT1/cmr/m/n/10 ) \OML/cmm/m/it/10 V \OT1/cmr/m/n/10 = \OML/cmm/m/it
/10 v[]\OT1/cmr/m/n/10 (\OML/cmm/m/it/10 t\OT1/cmr/m/n/10 )
 []


Overfull \hbox (11.83917pt too wide) in alignment at lines 1671--1678
 [][][] []
 []

[25]
Overfull \hbox (62.18234pt too wide) detected at line 1708
\OML/cmm/m/it/10 r[] \OT1/cmr/m/n/10 = \OML/cmm/m/it/10 r[]\OMS/cmsy/m/n/10 jj\
OML/cmm/m/it/10 r[] \OT1/cmr/m/n/10 = \OML/cmm/m/it/10 r[][] \OT1/cmr/m/n/10 = 
\OML/cmm/m/it/10 r[][] \OT1/cmr/m/n/10 = []
 []

[26] [27]
Overfull \hbox (95.9537pt too wide) detected at line 1809
\OML/cmm/m/it/10 A \OT1/cmr/m/n/10 = [] = \OMS/cmsy/m/n/10 ^^@[] \OT1/cmr/m/n/1
0 = \OMS/cmsy/m/n/10 ^^@[] [] \OT1/cmr/m/n/10 = \OMS/cmsy/m/n/10 ^^@[] ^^Y ^^@[
]
 []

[28] [29] [30] [31] [32]
Overfull \hbox (14.15262pt too wide) detected at line 2178
\OT1/cmr/m/n/10 (\OML/cmm/m/it/10 I[] \OT1/cmr/m/n/10 = \OML/cmm/m/it/10 I[]\OT
1/cmr/m/n/10 ) \OMS/cmsy/m/n/10 "\OT1/cmr/m/n/10 =[]\OMS/cmsy/m/n/10 ) \OML/cmm
/m/it/10 I[] \OMS/cmsy/m/n/10 "\OT1/cmr/m/n/10 =[]\OMS/cmsy/m/n/10 ) \OML/cmm/m
/it/10 I[] \OMS/cmsy/m/n/10 "\OT1/cmr/m/n/10 =[]\OMS/cmsy/m/n/10 ) \OT1/cmr/m/n
/10 (\OML/cmm/m/it/10 V[] \OT1/cmr/m/n/10 = \OML/cmm/m/it/10 V[]\OT1/cmr/m/n/10
 ) \OMS/cmsy/m/n/10 #\OT1/cmr/m/n/10 =[]\OMS/cmsy/m/n/10 ) \OML/cmm/m/it/10 I[]
 \OMS/cmsy/m/n/10 #\OT1/cmr/m/n/10 =[]\OMS/cmsy/m/n/10 ) \OT1/cmr/m/n/10 (\OML/
cmm/m/it/10 I[] \OT1/cmr/m/n/10 = \OML/cmm/m/it/10 I[]\OT1/cmr/m/n/10 ) \OMS/cm
sy/m/n/10 #
 []

LaTeX Font Info:    Font shape `OMS/cmr/bx/n' in size <10> not available
(Font)              Font shape `OMS/cmsy/b/n' tried instead on input line 2180.

[33]
Overfull \hbox (37.08803pt too wide) detected at line 2275
\OML/cmm/m/it/10 v[] \OT1/cmr/m/n/10 = \OML/cmm/m/it/10 v[][] \OT1/cmr/m/n/10 =
 \OML/cmm/m/it/10 v[][];       v[] \OT1/cmr/m/n/10 = \OML/cmm/m/it/10 v[][] \OT
1/cmr/m/n/10 = \OML/cmm/m/it/10 v[][]
 []

[34]
Overfull \hbox (115.91475pt too wide) in alignment at lines 2320--2330
 [][][] []
 []

[35]
Overfull \hbox (31.86923pt too wide) detected at line 2397
\OML/cmm/m/it/10 V[] \OT1/cmr/m/n/10 = \OML/cmm/m/it/10 G\OT1/cmr/m/n/10 (\OML/
cmm/m/it/10 V[] \OT1/cmr/m/n/10 + \OML/cmm/m/it/10 FV[]\OT1/cmr/m/n/10 ) = \OML
/cmm/m/it/10 GV[] \OT1/cmr/m/n/10 + \OML/cmm/m/it/10 GFV[];          [] \OT1/cm
r/m/n/10 = \OML/cmm/m/it/10 H \OT1/cmr/m/n/10 = []\OML/cmm/m/it/10 ;        V[]
 \OT1/cmr/m/n/10 = \OML/cmm/m/it/10 HV[] \OT1/cmr/m/n/10 = [] \OML/cmm/m/it/10 
V[]
 []

[36] [37] [38] [39] [40] [41]
Overfull \hbox (7.48486pt too wide) detected at line 2772
\OML/cmm/m/it/10 V[] < V[] < [] \OT1/cmr/m/n/10 + \OML/cmm/m/it/10 V[]    []   
 \OT1/cmr/m/n/10 0 \OML/cmm/m/it/10 < V[] \OMS/cmsy/m/n/10 ^^@ \OML/cmm/m/it/10
 V[] < []
 []


Overfull \hbox (282.05838pt too wide) in paragraph at lines 2793--2803
\OT1/cmr/m/n/10 This non-lin-ear equa-tion can be rep-re-sented by the ta-ble b
e-low: []
 []

[42]
Overfull \hbox (0.11409pt too wide) detected at line 2860
\OML/cmm/m/it/10 V[] \OT1/cmr/m/n/10 = \OML/cmm/m/it/10 V[] \OMS/cmsy/m/n/10 ^^
@ \OML/cmm/m/it/10 R[]K\OT1/cmr/m/n/10 (\OML/cmm/m/it/10 V[] \OMS/cmsy/m/n/10 ^
^@ \OML/cmm/m/it/10 V[]\OT1/cmr/m/n/10 )[] = \OML/cmm/m/it/10 V[] \OMS/cmsy/m/n
/10 ^^@ \OML/cmm/m/it/10 R[]K\OT1/cmr/m/n/10 (\OML/cmm/m/it/10 V[] \OMS/cmsy/m/
n/10 ^^@ \OML/cmm/m/it/10 V[] \OMS/cmsy/m/n/10 ^^@ \OML/cmm/m/it/10 V[]\OT1/cmr
/m/n/10 )[] = 10 \OMS/cmsy/m/n/10 ^^@ \OT1/cmr/m/n/10 10 \OMS/cmsy/m/n/10 ^^B \
OT1/cmr/m/n/10 (0\OML/cmm/m/it/10 :\OT1/cmr/m/n/10 6 \OMS/cmsy/m/n/10 ^^@ \OML/
cmm/m/it/10 V[]\OT1/cmr/m/n/10 )[]
 []


Overfull \hbox (54.70042pt too wide) detected at line 2873
\OML/cmm/m/it/10 V[] \OT1/cmr/m/n/10 = \OML/cmm/m/it/10 V[] \OMS/cmsy/m/n/10 ^^
@ \OML/cmm/m/it/10 V[] \OT1/cmr/m/n/10 = (\OML/cmm/m/it/10 V[] \OMS/cmsy/m/n/10
 ^^@ \OML/cmm/m/it/10 R[]I[]\OT1/cmr/m/n/10 ) \OMS/cmsy/m/n/10 ^^@ \OML/cmm/m/i
t/10 V[] \OT1/cmr/m/n/10 = \OML/cmm/m/it/10 V[] \OMS/cmsy/m/n/10 ^^@ \OML/cmm/m
/it/10 R[]K\OT1/cmr/m/n/10 (\OML/cmm/m/it/10 V[] \OMS/cmsy/m/n/10 ^^@ \OML/cmm/
m/it/10 V[] \OMS/cmsy/m/n/10 ^^@ \OML/cmm/m/it/10 V[]\OT1/cmr/m/n/10 )[] \OMS/c
msy/m/n/10 ^^@ \OML/cmm/m/it/10 V[] \OMS/cmsy/m/n/10 ^^U \OML/cmm/m/it/10 V[] \
OMS/cmsy/m/n/10 ^^@ \OML/cmm/m/it/10 V[] \OMS/cmsy/m/n/10 ^^@ \OML/cmm/m/it/10 
V[]
 []

[43] [44] [45] [46] [47] (./ch4.aux) ) 
Here is how much of TeX's memory you used:
 1686 strings out of 492617
 20013 string characters out of 6129507
 89601 words of memory out of 5000000
 5622 multiletter control sequences out of 15000+600000
 7212 words of font info for 28 fonts, out of 8000000 for 9000
 1141 hyphenation exceptions out of 8191
 27i,9n,27p,215b,257s stack positions out of 5000i,500n,10000p,200000b,80000s

Output written on ch4.dvi (47 pages, 184192 bytes).
