This is pdfTeX, Version 3.14159265-2.6-1.40.20 (TeX Live 2019) (preloaded format=latex 2019.5.29)  31 OCT 2019 23:43
entering extended mode
 restricted \write18 enabled.
 %&-line parsing enabled.
**ch9
(/usr/local/texlive/2019/texmf-dist/tex/latex/tools/x.tex
! Interruption.
<to be read again> 
                   \begingroup 
l.1 
    %%
? x
 
Here is how much of TeX's memory you used:
 7 strings out of 492617
 257 string characters out of 6129507
 57114 words of memory out of 5000000
 4025 multiletter control sequences out of 15000+600000
 3640 words of font info for 14 fonts, out of 8000000 for 9000
 1141 hyphenation exceptions out of 8191
 3i,0n,1p,10b,6s stack positions out of 5000i,500n,10000p,200000b,80000s
No pages of output.
