This is pdfTeX, Version 3.14159265-2.6-1.40.20 (TeX Live 2019) (preloaded format=pdflatex 2019.5.29)  26 SEP 2019 14:56
entering extended mode
 restricted \write18 enabled.
 %&-line parsing enabled.
**./images.tex
(./images.tex
LaTeX2e <2018-12-01>

(/usr/local/texlive/2019/texmf-dist/tex/latex/base/article.cls
Document Class: article 2018/09/03 v1.4i Standard LaTeX document class
(/usr/local/texlive/2019/texmf-dist/tex/latex/base/size10.clo
File: size10.clo 2018/09/03 v1.4i Standard LaTeX file (size option)
)
\c@part=\count80
\c@section=\count81
\c@subsection=\count82
\c@subsubsection=\count83
\c@paragraph=\count84
\c@subparagraph=\count85
\c@figure=\count86
\c@table=\count87
\abovecaptionskip=\skip41
\belowcaptionskip=\skip42
\bibindent=\dimen102
) (/usr/local/texlive/2019/texmf-dist/tex/latex/base/ifthen.sty
Package: ifthen 2014/09/29 v1.1c Standard LaTeX ifthen package (DPC)
) (/usr/local/texlive/2019/texmf-dist/tex/latex/amsmath/amsmath.sty
Package: amsmath 2018/12/01 v2.17b AMS math features
\@mathmargin=\skip43
For additional information on amsmath, use the `?' option.
(/usr/local/texlive/2019/texmf-dist/tex/latex/amsmath/amstext.sty
Package: amstext 2000/06/29 v2.01 AMS text
(/usr/local/texlive/2019/texmf-dist/tex/latex/amsmath/amsgen.sty
File: amsgen.sty 1999/11/30 v2.0 generic functions
\@emptytoks=\toks14
\ex@=\dimen103
)) (/usr/local/texlive/2019/texmf-dist/tex/latex/amsmath/amsbsy.sty
Package: amsbsy 1999/11/29 v1.2d Bold Symbols
\pmbraise@=\dimen104
) (/usr/local/texlive/2019/texmf-dist/tex/latex/amsmath/amsopn.sty
Package: amsopn 2016/03/08 v2.02 operator names
)
\inf@bad=\count88
LaTeX Info: Redefining \frac on input line 223.
\uproot@=\count89
\leftroot@=\count90
LaTeX Info: Redefining \overline on input line 385.
\classnum@=\count91
\DOTSCASE@=\count92
LaTeX Info: Redefining \ldots on input line 482.
LaTeX Info: Redefining \dots on input line 485.
LaTeX Info: Redefining \cdots on input line 606.
\Mathstrutbox@=\box27
\strutbox@=\box28
\big@size=\dimen105
LaTeX Font Info:    Redeclaring font encoding OML on input line 729.
LaTeX Font Info:    Redeclaring font encoding OMS on input line 730.
\macc@depth=\count93
\c@MaxMatrixCols=\count94
\dotsspace@=\muskip10
\c@parentequation=\count95
\dspbrk@lvl=\count96
\tag@help=\toks15
\row@=\count97
\column@=\count98
\maxfields@=\count99
\andhelp@=\toks16
\eqnshift@=\dimen106
\alignsep@=\dimen107
\tagshift@=\dimen108
\tagwidth@=\dimen109
\totwidth@=\dimen110
\lineht@=\dimen111
\@envbody=\toks17
\multlinegap=\skip44
\multlinetaggap=\skip45
\mathdisplay@stack=\toks18
LaTeX Info: Redefining \[ on input line 2844.
LaTeX Info: Redefining \] on input line 2845.
) (/usr/local/texlive/2019/texmf-dist/tex/latex/amsfonts/amssymb.sty
Package: amssymb 2013/01/14 v3.01 AMS font symbols
(/usr/local/texlive/2019/texmf-dist/tex/latex/amsfonts/amsfonts.sty
Package: amsfonts 2013/01/14 v3.01 Basic AMSFonts support
\symAMSa=\mathgroup4
\symAMSb=\mathgroup5
LaTeX Font Info:    Overwriting math alphabet `\mathfrak' in version `bold'
(Font)                  U/euf/m/n --> U/euf/b/n on input line 106.
)) (/usr/local/texlive/2019/texmf-dist/tex/latex/graphics/graphics.sty
Package: graphics 2017/06/25 v1.2c Standard LaTeX Graphics (DPC,SPQR)
(/usr/local/texlive/2019/texmf-dist/tex/latex/graphics/trig.sty
Package: trig 2016/01/03 v1.10 sin cos tan (DPC)
) (/usr/local/texlive/2019/texmf-dist/tex/latex/graphics-cfg/graphics.cfg
File: graphics.cfg 2016/06/04 v1.11 sample graphics configuration
)
Package graphics Info: Driver file: pdftex.def on input line 99.
(/usr/local/texlive/2019/texmf-dist/tex/latex/graphics-def/pdftex.def
File: pdftex.def 2018/01/08 v1.0l Graphics/color driver for pdftex
)) (/usr/local/texlive/2019/texmf-dist/tex/latex/comment/comment.sty
\CommentStream=\write3
Excluding comment 'comment') (/usr/local/texlive/texmf-local/tex/latex/html/htm
l.sty (/usr/local/texlive/2019/texmf-dist/tex/latex/hyperref/hyperref.sty
Package: hyperref 2018/11/30 v6.88e Hypertext links for LaTeX
(/usr/local/texlive/2019/texmf-dist/tex/generic/oberdiek/hobsub-hyperref.sty
Package: hobsub-hyperref 2016/05/16 v1.14 Bundle oberdiek, subset hyperref (HO)

(/usr/local/texlive/2019/texmf-dist/tex/generic/oberdiek/hobsub-generic.sty
Package: hobsub-generic 2016/05/16 v1.14 Bundle oberdiek, subset generic (HO)
Package: hobsub 2016/05/16 v1.14 Construct package bundles (HO)
Package: infwarerr 2016/05/16 v1.4 Providing info/warning/error messages (HO)
Package: ltxcmds 2016/05/16 v1.23 LaTeX kernel commands for general use (HO)
Package: ifluatex 2016/05/16 v1.4 Provides the ifluatex switch (HO)
Package ifluatex Info: LuaTeX not detected.
Package: ifvtex 2016/05/16 v1.6 Detect VTeX and its facilities (HO)
Package ifvtex Info: VTeX not detected.
Package: intcalc 2016/05/16 v1.2 Expandable calculations with integers (HO)
Package: ifpdf 2018/09/07 v3.3 Provides the ifpdf switch
Package: etexcmds 2016/05/16 v1.6 Avoid name clashes with e-TeX commands (HO)
Package: kvsetkeys 2016/05/16 v1.17 Key value parser (HO)
Package: kvdefinekeys 2016/05/16 v1.4 Define keys (HO)
Package: pdftexcmds 2018/09/10 v0.29 Utility functions of pdfTeX for LuaTeX (HO
)
Package pdftexcmds Info: LuaTeX not detected.
Package pdftexcmds Info: \pdf@primitive is available.
Package pdftexcmds Info: \pdf@ifprimitive is available.
Package pdftexcmds Info: \pdfdraftmode found.
Package: pdfescape 2016/05/16 v1.14 Implements pdfTeX's escape features (HO)
Package: bigintcalc 2016/05/16 v1.4 Expandable calculations on big integers (HO
)
Package: bitset 2016/05/16 v1.2 Handle bit-vector datatype (HO)
Package: uniquecounter 2016/05/16 v1.3 Provide unlimited unique counter (HO)
)
Package hobsub Info: Skipping package `hobsub' (already loaded).
Package: letltxmacro 2016/05/16 v1.5 Let assignment for LaTeX macros (HO)
Package: hopatch 2016/05/16 v1.3 Wrapper for package hooks (HO)
Package: xcolor-patch 2016/05/16 xcolor patch
Package: atveryend 2016/05/16 v1.9 Hooks at the very end of document (HO)
Package atveryend Info: \enddocument detected (standard20110627).
Package: atbegshi 2016/06/09 v1.18 At begin shipout hook (HO)
Package: refcount 2016/05/16 v3.5 Data extraction from label references (HO)
Package: hycolor 2016/05/16 v1.8 Color options for hyperref/bookmark (HO)
) (/usr/local/texlive/2019/texmf-dist/tex/latex/graphics/keyval.sty
Package: keyval 2014/10/28 v1.15 key=value parser (DPC)
\KV@toks@=\toks19
) (/usr/local/texlive/2019/texmf-dist/tex/generic/ifxetex/ifxetex.sty
Package: ifxetex 2010/09/12 v0.6 Provides ifxetex conditional
) (/usr/local/texlive/2019/texmf-dist/tex/latex/oberdiek/auxhook.sty
Package: auxhook 2016/05/16 v1.4 Hooks for auxiliary files (HO)
) (/usr/local/texlive/2019/texmf-dist/tex/latex/oberdiek/kvoptions.sty
Package: kvoptions 2016/05/16 v3.12 Key value format for package options (HO)
)
\@linkdim=\dimen112
\Hy@linkcounter=\count100
\Hy@pagecounter=\count101
(/usr/local/texlive/2019/texmf-dist/tex/latex/hyperref/pd1enc.def
File: pd1enc.def 2018/11/30 v6.88e Hyperref: PDFDocEncoding definition (HO)
Now handling font encoding PD1 ...
... no UTF-8 mapping file for font encoding PD1
)
\Hy@SavedSpaceFactor=\count102
(/usr/local/texlive/2019/texmf-dist/tex/latex/latexconfig/hyperref.cfg
File: hyperref.cfg 2002/06/06 v1.2 hyperref configuration of TeXLive
)
Package hyperref Info: Hyper figures OFF on input line 4519.
Package hyperref Info: Link nesting OFF on input line 4524.
Package hyperref Info: Hyper index ON on input line 4527.
Package hyperref Info: Plain pages OFF on input line 4534.
Package hyperref Info: Backreferencing OFF on input line 4539.
Package hyperref Info: Implicit mode ON; LaTeX internals redefined.
Package hyperref Info: Bookmarks ON on input line 4772.
\c@Hy@tempcnt=\count103
(/usr/local/texlive/2019/texmf-dist/tex/latex/url/url.sty
\Urlmuskip=\muskip11
Package: url 2013/09/16  ver 3.4  Verb mode for urls, etc.
)
LaTeX Info: Redefining \url on input line 5125.
\XeTeXLinkMargin=\dimen113
\Fld@menulength=\count104
\Field@Width=\dimen114
\Fld@charsize=\dimen115
Package hyperref Info: Hyper figures OFF on input line 6380.
Package hyperref Info: Link nesting OFF on input line 6385.
Package hyperref Info: Hyper index ON on input line 6388.
Package hyperref Info: backreferencing OFF on input line 6395.
Package hyperref Info: Link coloring OFF on input line 6400.
Package hyperref Info: Link coloring with OCG OFF on input line 6405.
Package hyperref Info: PDF/A mode OFF on input line 6410.
LaTeX Info: Redefining \ref on input line 6450.
LaTeX Info: Redefining \pageref on input line 6454.
\Hy@abspage=\count105
\c@Item=\count106
\c@Hfootnote=\count107
)
Package hyperref Info: Driver: hpdftex.
(/usr/local/texlive/2019/texmf-dist/tex/latex/hyperref/hpdftex.def
File: hpdftex.def 2018/11/30 v6.88e Hyperref driver for pdfTeX
\Fld@listcount=\count108
\c@bookmark@seq@number=\count109
(/usr/local/texlive/2019/texmf-dist/tex/latex/oberdiek/rerunfilecheck.sty
Package: rerunfilecheck 2016/05/16 v1.8 Rerun checks for auxiliary files (HO)
Package uniquecounter Info: New unique counter `rerunfilecheck' on input line 2
82.
)
\Hy@SectionHShift=\skip46
)
Package: html 1999/07/19 v1.38 hypertext commands for latex2html (nd, hws, rrm)

\c@lpart=\count110
\c@lchapter=\count111
\c@chapter=\count112
\c@lsection=\count113
\c@lsubsection=\count114
\c@lsubsubsection=\count115
\c@lparagraph=\count116
\c@lsubparagraph=\count117
\c@lsubsubparagraph=\count118
\ptrfile=\write4
) (/usr/local/texlive/2019/texmf-dist/tex/latex/base/makeidx.sty
Package: makeidx 2014/09/29 v1.0m Standard LaTeX package
) (/usr/local/texlive/2019/texmf-dist/tex/latex/xcolor/xcolor.sty
Package: xcolor 2016/05/11 v2.12 LaTeX color extensions (UK)
(/usr/local/texlive/2019/texmf-dist/tex/latex/graphics-cfg/color.cfg
File: color.cfg 2016/01/02 v1.6 sample color configuration
)
Package xcolor Info: Driver file: pdftex.def on input line 225.
Package xcolor Info: Model `cmy' substituted by `cmy0' on input line 1348.
Package xcolor Info: Model `hsb' substituted by `rgb' on input line 1352.
Package xcolor Info: Model `RGB' extended on input line 1364.
Package xcolor Info: Model `HTML' substituted by `rgb' on input line 1366.
Package xcolor Info: Model `Hsb' substituted by `hsb' on input line 1367.
Package xcolor Info: Model `tHsb' substituted by `hsb' on input line 1368.
Package xcolor Info: Model `HSB' substituted by `hsb' on input line 1369.
Package xcolor Info: Model `Gray' substituted by `gray' on input line 1370.
Package xcolor Info: Model `wave' substituted by `hsb' on input line 1371.
) (/usr/local/texlive/2019/texmf-dist/tex/latex/base/inputenc.sty
Package: inputenc 2018/08/11 v1.3c Input encoding file
\inpenc@prehook=\toks20
\inpenc@posthook=\toks21
)
\sizebox=\box29
\lthtmlwrite=\write5
(/usr/local/texlive/2019/texmf-dist/tex/latex/preview/preview.sty
Package: preview 2017/04/24 11.91 (AUCTeX/preview-latex)
(/usr/local/texlive/2019/texmf-dist/tex/generic/luatex85/luatex85.sty
Package: luatex85 2016/06/15 v1.4 pdftex aliases for luatex
) (/usr/local/texlive/2019/texmf-dist/tex/latex/preview/prtightpage.def
\PreviewBorder=\dimen116
)
\pr@snippet=\count119
\pr@box=\box30
\pr@output=\toks22
)
\lthtmlPageBox=\box31
\lthtmlCropMarkHeight=\dimen117
\lthtmlCropMarkDepth=\dimen118
! Too many }'s.
l.71 ...preview}\copy\lthtmlPageBox\end{preview}}}
                                                  %
You've closed more groups than you opened.
Such booboos are generally harmless, so keep going.

(./images.aux)
\openout1 = `images.aux'.

LaTeX Font Info:    Checking defaults for OML/cmm/m/it on input line 116.
LaTeX Font Info:    ... okay on input line 116.
LaTeX Font Info:    Checking defaults for T1/cmr/m/n on input line 116.
LaTeX Font Info:    ... okay on input line 116.
LaTeX Font Info:    Checking defaults for OT1/cmr/m/n on input line 116.
LaTeX Font Info:    ... okay on input line 116.
LaTeX Font Info:    Checking defaults for OMS/cmsy/m/n on input line 116.
LaTeX Font Info:    ... okay on input line 116.
LaTeX Font Info:    Checking defaults for OMX/cmex/m/n on input line 116.
LaTeX Font Info:    ... okay on input line 116.
LaTeX Font Info:    Checking defaults for U/cmr/m/n on input line 116.
LaTeX Font Info:    ... okay on input line 116.
LaTeX Font Info:    Checking defaults for PD1/pdf/m/n on input line 116.
LaTeX Font Info:    ... okay on input line 116.
(/usr/local/texlive/2019/texmf-dist/tex/context/base/mkii/supp-pdf.mkii
[Loading MPS to PDF converter (version 2006.09.02).]
\scratchcounter=\count120
\scratchdimen=\dimen119
\scratchbox=\box32
\nofMPsegments=\count121
\nofMParguments=\count122
\everyMPshowfont=\toks23
\MPscratchCnt=\count123
\MPscratchDim=\dimen120
\MPnumerator=\count124
\makeMPintoPDFobject=\count125
\everyMPtoPDFconversion=\toks24
) (/usr/local/texlive/2019/texmf-dist/tex/latex/oberdiek/epstopdf-base.sty
Package: epstopdf-base 2016/05/15 v2.6 Base part for package epstopdf
(/usr/local/texlive/2019/texmf-dist/tex/latex/oberdiek/grfext.sty
Package: grfext 2016/05/16 v1.2 Manage graphics extensions (HO)
)
Package epstopdf-base Info: Redefining graphics rule for `.eps' on input line 4
38.
Package grfext Info: Graphics extension search list:
(grfext)             [.pdf,.png,.jpg,.mps,.jpeg,.jbig2,.jb2,.PDF,.PNG,.JPG,.JPE
G,.JBIG2,.JB2,.eps]
(grfext)             \AppendGraphicsExtensions on input line 456.
(/usr/local/texlive/2019/texmf-dist/tex/latex/latexconfig/epstopdf-sys.cfg
File: epstopdf-sys.cfg 2010/07/13 v1.3 Configuration of (r)epstopdf for TeX Liv
e
))
\AtBeginShipoutBox=\box33
Package hyperref Info: Link coloring OFF on input line 116.
(/usr/local/texlive/2019/texmf-dist/tex/latex/hyperref/nameref.sty
Package: nameref 2016/05/21 v2.44 Cross-referencing by name of section
(/usr/local/texlive/2019/texmf-dist/tex/generic/oberdiek/gettitlestring.sty
Package: gettitlestring 2016/05/16 v1.5 Cleanup title references (HO)
)
\c@section@level=\count126
)
LaTeX Info: Redefining \ref on input line 116.
LaTeX Info: Redefining \pageref on input line 116.
LaTeX Info: Redefining \nameref on input line 116.
(./images.out) (./images.out)
\@outlinefile=\write6
\openout6 = `images.out'.

Preview: Fontsize 10pt
Preview: PDFoutput 1

latex2htmlLength hsize=349.0pt

latex2htmlLength vsize=633.0pt

latex2htmlLength hoffset=0.0pt

latex2htmlLength voffset=0.0pt

latex2htmlLength topmargin=0.0pt

latex2htmlLength topskip=0.00003pt

latex2htmlLength headheight=0.0pt

latex2htmlLength headsep=0.0pt

latex2htmlLength parskip=0.0pt plus 1.0pt

latex2htmlLength oddsidemargin=62.0pt

latex2htmlLength evensidemargin=62.0pt

LaTeX Font Info:    Try loading font information for U+msa on input line 141.
(/usr/local/texlive/2019/texmf-dist/tex/latex/amsfonts/umsa.fd
File: umsa.fd 2013/01/14 v3.01 AMS symbols A
)
LaTeX Font Info:    Try loading font information for U+msb on input line 141.
(/usr/local/texlive/2019/texmf-dist/tex/latex/amsfonts/umsb.fd
File: umsb.fd 2013/01/14 v3.01 AMS symbols B
)

:tex2html_wrap_inline3995:lthtmlCropMarkHeight:=12.83331pt

:tex2html_wrap_inline3995:lthtmlCropMarkDepth:=1.94444pt:1ex:=4.30554pt
Preview: Tightpage -32891 -32891 32891 32891
[1{/usr/local/texlive/2019/texmf-var/fonts/map/pdftex/updmap/pdftex.map}]

:tex2html_wrap_inline3997:lthtmlCropMarkHeight:=12.83331pt

:tex2html_wrap_inline3997:lthtmlCropMarkDepth:=1.94444pt:1ex:=4.30554pt
[2]

:tex2html_wrap_inline3999:lthtmlCropMarkHeight:=12.94444pt

:tex2html_wrap_inline3999:lthtmlCropMarkDepth:=0.0pt:1ex:=4.30554pt
[3]

:tex2html_wrap_inline4009:lthtmlCropMarkHeight:=12.83331pt

:tex2html_wrap_inline4009:lthtmlCropMarkDepth:=1.49998pt:1ex:=4.30554pt
[4]

:tex2html_wrap_inline4011:lthtmlCropMarkHeight:=12.83331pt

:tex2html_wrap_inline4011:lthtmlCropMarkDepth:=1.49998pt:1ex:=4.30554pt
[5]

:tex2html_wrap_inline4013:lthtmlCropMarkHeight:=12.83331pt

:tex2html_wrap_inline4013:lthtmlCropMarkDepth:=1.49998pt:1ex:=4.30554pt
[6]

:tex2html_wrap_inline4015:lthtmlCropMarkHeight:=12.83331pt

:tex2html_wrap_inline4015:lthtmlCropMarkDepth:=1.49998pt:1ex:=4.30554pt
[7]

:tex2html_wrap_inline4017:lthtmlCropMarkHeight:=12.83331pt

:tex2html_wrap_inline4017:lthtmlCropMarkDepth:=1.49998pt:1ex:=4.30554pt
[8]

:tex2html_wrap_indisplay4020:lthtmlCropMarkHeight:=16.50006pt

:tex2html_wrap_indisplay4020:lthtmlCropMarkDepth:=5.50006pt:1ex:=4.30554pt
[9]

:tex2html_wrap_indisplay4022:lthtmlCropMarkHeight:=9.66875pt

:tex2html_wrap_indisplay4022:lthtmlCropMarkDepth:=0.0pt:1ex:=4.30554pt
[10]

:tex2html_wrap_indisplay4024:lthtmlCropMarkHeight:=13.5pt

:tex2html_wrap_indisplay4024:lthtmlCropMarkDepth:=2.5pt:1ex:=4.30554pt
[11]

:tex2html_wrap_indisplay4026:lthtmlCropMarkHeight:=16.50006pt

:tex2html_wrap_indisplay4026:lthtmlCropMarkDepth:=5.50006pt:1ex:=4.30554pt
[12]

:tex2html_wrap_indisplay4030:lthtmlCropMarkHeight:=13.5pt

:tex2html_wrap_indisplay4030:lthtmlCropMarkDepth:=2.5pt:1ex:=4.30554pt
[13]

:tex2html_wrap_indisplay4032:lthtmlCropMarkHeight:=20.5001pt

:tex2html_wrap_indisplay4032:lthtmlCropMarkDepth:=9.50012pt:1ex:=4.30554pt
[14]

:tex2html_wrap_inline4034:lthtmlCropMarkHeight:=12.83331pt

:tex2html_wrap_inline4034:lthtmlCropMarkDepth:=1.49998pt:1ex:=4.30554pt
[15]

:tex2html_wrap_inline4036:lthtmlCropMarkHeight:=12.83331pt

:tex2html_wrap_inline4036:lthtmlCropMarkDepth:=1.49998pt:1ex:=4.30554pt
[16]

:tex2html_wrap_inline4038:lthtmlCropMarkHeight:=12.83331pt

:tex2html_wrap_inline4038:lthtmlCropMarkDepth:=1.49998pt:1ex:=4.30554pt
[17]

:tex2html_wrap_inline4044:lthtmlCropMarkHeight:=12.83331pt

:tex2html_wrap_inline4044:lthtmlCropMarkDepth:=1.49998pt:1ex:=4.30554pt
[18]

:tex2html_wrap_inline4046:lthtmlCropMarkHeight:=12.83331pt

:tex2html_wrap_inline4046:lthtmlCropMarkDepth:=1.49998pt:1ex:=4.30554pt
[19]

:tex2html_wrap_inline4048:lthtmlCropMarkHeight:=12.83331pt

:tex2html_wrap_inline4048:lthtmlCropMarkDepth:=1.49998pt:1ex:=4.30554pt
[20]

:tex2html_wrap_inline4050:lthtmlCropMarkHeight:=12.83331pt

:tex2html_wrap_inline4050:lthtmlCropMarkDepth:=1.49998pt:1ex:=4.30554pt
[21]

:tex2html_wrap_inline4052:lthtmlCropMarkHeight:=12.83331pt

:tex2html_wrap_inline4052:lthtmlCropMarkDepth:=1.49998pt:1ex:=4.30554pt
[22]

:tex2html_wrap_inline4054:lthtmlCropMarkHeight:=12.83331pt

:tex2html_wrap_inline4054:lthtmlCropMarkDepth:=1.49998pt:1ex:=4.30554pt
[23]

:tex2html_wrap_inline4056:lthtmlCropMarkHeight:=12.83331pt

:tex2html_wrap_inline4056:lthtmlCropMarkDepth:=1.49998pt:1ex:=4.30554pt
[24]

:tex2html_wrap_indisplay4063:lthtmlCropMarkHeight:=13.5pt

:tex2html_wrap_indisplay4063:lthtmlCropMarkDepth:=2.5pt:1ex:=4.30554pt
[25]

:tex2html_wrap_indisplay4069:lthtmlCropMarkHeight:=13.5pt

:tex2html_wrap_indisplay4069:lthtmlCropMarkDepth:=2.5pt:1ex:=4.30554pt
[26]

:tex2html_wrap_indisplay4071:lthtmlCropMarkHeight:=16.50006pt

:tex2html_wrap_indisplay4071:lthtmlCropMarkDepth:=5.50006pt:1ex:=4.30554pt
[27]

:tex2html_wrap_indisplay4075:lthtmlCropMarkHeight:=13.5pt

:tex2html_wrap_indisplay4075:lthtmlCropMarkDepth:=2.5pt:1ex:=4.30554pt
[28]

:tex2html_wrap_indisplay4086:lthtmlCropMarkHeight:=13.5pt

:tex2html_wrap_indisplay4086:lthtmlCropMarkDepth:=2.5pt:1ex:=4.30554pt
[29]

:tex2html_wrap_indisplay4092:lthtmlCropMarkHeight:=13.5pt

:tex2html_wrap_indisplay4092:lthtmlCropMarkDepth:=2.5pt:1ex:=4.30554pt
[30]

:tex2html_wrap_indisplay4094:lthtmlCropMarkHeight:=20.5001pt

:tex2html_wrap_indisplay4094:lthtmlCropMarkDepth:=9.50012pt:1ex:=4.30554pt
[31]

:tex2html_wrap_inline4096:lthtmlCropMarkHeight:=12.83331pt

:tex2html_wrap_inline4096:lthtmlCropMarkDepth:=1.49998pt:1ex:=4.30554pt
[32]

:tex2html_wrap_inline4098:lthtmlCropMarkHeight:=12.83331pt

:tex2html_wrap_inline4098:lthtmlCropMarkDepth:=1.49998pt:1ex:=4.30554pt
[33]

:tex2html_wrap_inline4100:lthtmlCropMarkHeight:=10.30554pt

:tex2html_wrap_inline4100:lthtmlCropMarkDepth:=0.0pt:1ex:=4.30554pt
[34]

:tex2html_wrap_inline4102:lthtmlCropMarkHeight:=12.44444pt

:tex2html_wrap_inline4102:lthtmlCropMarkDepth:=0.83333pt:1ex:=4.30554pt
[35]

:tex2html_wrap_inline4112:lthtmlCropMarkHeight:=12.94444pt

:tex2html_wrap_inline4112:lthtmlCropMarkDepth:=0.0pt:1ex:=4.30554pt
[36]

:tex2html_wrap_inline4114:lthtmlCropMarkHeight:=12.94444pt

:tex2html_wrap_inline4114:lthtmlCropMarkDepth:=0.0pt:1ex:=4.30554pt
[37]

:tex2html_wrap_inline4116:lthtmlCropMarkHeight:=10.30554pt

:tex2html_wrap_inline4116:lthtmlCropMarkDepth:=0.0pt:1ex:=4.30554pt
[38]

:tex2html_wrap_inline4118:lthtmlCropMarkHeight:=10.30554pt

:tex2html_wrap_inline4118:lthtmlCropMarkDepth:=0.0pt:1ex:=4.30554pt
[39]

:tex2html_wrap_inline4122:lthtmlCropMarkHeight:=12.83331pt

:tex2html_wrap_inline4122:lthtmlCropMarkDepth:=1.49998pt:1ex:=4.30554pt
[40]

:tex2html_wrap_inline4124:lthtmlCropMarkHeight:=10.30554pt

:tex2html_wrap_inline4124:lthtmlCropMarkDepth:=0.0pt:1ex:=4.30554pt
[41]

:tex2html_wrap_indisplay4128:lthtmlCropMarkHeight:=16.50006pt

:tex2html_wrap_indisplay4128:lthtmlCropMarkDepth:=12.79865pt:1ex:=4.30554pt
[42]

:tex2html_wrap_indisplay4130:lthtmlCropMarkHeight:=19.59839pt

:tex2html_wrap_indisplay4130:lthtmlCropMarkDepth:=8.3595pt:1ex:=4.30554pt
[43]

:tex2html_wrap_indisplay4138:lthtmlCropMarkHeight:=19.59839pt

:tex2html_wrap_indisplay4138:lthtmlCropMarkDepth:=6.85951pt:1ex:=4.30554pt
[44]

:tex2html_wrap_inline4140:lthtmlCropMarkHeight:=12.83331pt

:tex2html_wrap_inline4140:lthtmlCropMarkDepth:=1.49998pt:1ex:=4.30554pt
[45]

:tex2html_wrap_inline4142:lthtmlCropMarkHeight:=13.5pt

:tex2html_wrap_inline4142:lthtmlCropMarkDepth:=2.5pt:1ex:=4.30554pt
[46]

:tex2html_wrap_inline4144:lthtmlCropMarkHeight:=13.5pt

:tex2html_wrap_inline4144:lthtmlCropMarkDepth:=2.5pt:1ex:=4.30554pt
[47]

:tex2html_wrap_inline4146:lthtmlCropMarkHeight:=12.83331pt

:tex2html_wrap_inline4146:lthtmlCropMarkDepth:=1.49998pt:1ex:=4.30554pt
[48]

:tex2html_wrap_inline4148:lthtmlCropMarkHeight:=13.50006pt

:tex2html_wrap_inline4148:lthtmlCropMarkDepth:=3.00005pt:1ex:=4.30554pt
[49]

:tex2html_wrap_inline4154:lthtmlCropMarkHeight:=12.83331pt

:tex2html_wrap_inline4154:lthtmlCropMarkDepth:=0.0pt:1ex:=4.30554pt
[50]

:tex2html_wrap_inline4160:lthtmlCropMarkHeight:=12.83331pt

:tex2html_wrap_inline4160:lthtmlCropMarkDepth:=1.49998pt:1ex:=4.30554pt
[51]

:tex2html_wrap_inline4162:lthtmlCropMarkHeight:=12.83331pt

:tex2html_wrap_inline4162:lthtmlCropMarkDepth:=1.49998pt:1ex:=4.30554pt
[52]

:tex2html_wrap_inline4166:lthtmlCropMarkHeight:=12.83331pt

:tex2html_wrap_inline4166:lthtmlCropMarkDepth:=2.86108pt:1ex:=4.30554pt
[53]

:tex2html_wrap_inline4170:lthtmlCropMarkHeight:=12.83331pt

:tex2html_wrap_inline4170:lthtmlCropMarkDepth:=1.49998pt:1ex:=4.30554pt
[54]

:tex2html_wrap_indisplay4174:lthtmlCropMarkHeight:=19.59839pt

:tex2html_wrap_indisplay4174:lthtmlCropMarkDepth:=14.15974pt:1ex:=4.30554pt
[55]

:tex2html_wrap_indisplay4178:lthtmlCropMarkHeight:=21.76114pt

:tex2html_wrap_indisplay4178:lthtmlCropMarkDepth:=9.85956pt:1ex:=4.30554pt
[56]

:tex2html_wrap_inline4180:lthtmlCropMarkHeight:=13.5pt

:tex2html_wrap_inline4180:lthtmlCropMarkDepth:=2.5pt:1ex:=4.30554pt
[57]

:tex2html_wrap_indisplay4182:lthtmlCropMarkHeight:=16.50006pt

:tex2html_wrap_indisplay4182:lthtmlCropMarkDepth:=14.15974pt:1ex:=4.30554pt
[58]

:tex2html_wrap_inline4184:lthtmlCropMarkHeight:=12.83331pt

:tex2html_wrap_inline4184:lthtmlCropMarkDepth:=0.0pt:1ex:=4.30554pt
[59]

:tex2html_wrap_indisplay4186:lthtmlCropMarkHeight:=21.76114pt

:tex2html_wrap_indisplay4186:lthtmlCropMarkDepth:=9.85956pt:1ex:=4.30554pt
[60]
! Missing $ inserted.
<inserted text> 
                $
l.515 \lthtmldisplayZ
                     
I've inserted a begin-math/end-math symbol since I think
you left one out. Proceed, with fingers crossed.

! Missing $ inserted.
<inserted text> 
                $
l.515 \lthtmldisplayZ
                     
I've inserted something that you may have forgotten.
(See the <inserted text> above.)
With luck, this will get me unwedged. But if you
really didn't forget anything, try typing `2' now; then
my insertion and my current dilemma will both disappear.


! LaTeX Error: Bad math environment delimiter.

See the LaTeX manual or LaTeX Companion for explanation.
Type  H <return>  for immediate help.
 ...                                              
                                                  
l.515 \lthtmldisplayZ
                     
Your command was ignored.
Type  I <command> <return>  to replace it with another command,
or  <return>  to continue without it.


:displaymath4194:lthtmlCropMarkHeight:=26.5pt

:displaymath4194:lthtmlCropMarkDepth:=15.5pt:1ex:=4.30554pt
[61]
! Missing $ inserted.
<inserted text> 
                $
l.525 \lthtmldisplayZ
                     
I've inserted a begin-math/end-math symbol since I think
you left one out. Proceed, with fingers crossed.

! Missing $ inserted.
<inserted text> 
                $
l.525 \lthtmldisplayZ
                     
I've inserted something that you may have forgotten.
(See the <inserted text> above.)
With luck, this will get me unwedged. But if you
really didn't forget anything, try typing `2' now; then
my insertion and my current dilemma will both disappear.


! LaTeX Error: Bad math environment delimiter.

See the LaTeX manual or LaTeX Companion for explanation.
Type  H <return>  for immediate help.
 ...                                              
                                                  
l.525 \lthtmldisplayZ
                     
Your command was ignored.
Type  I <command> <return>  to replace it with another command,
or  <return>  to continue without it.


:displaymath4196:lthtmlCropMarkHeight:=26.5pt

:displaymath4196:lthtmlCropMarkDepth:=15.5pt:1ex:=4.30554pt
[62]

:tex2html_wrap_inline4198:lthtmlCropMarkHeight:=12.83331pt

:tex2html_wrap_inline4198:lthtmlCropMarkDepth:=0.0pt:1ex:=4.30554pt
[63]

:tex2html_wrap_inline4200:lthtmlCropMarkHeight:=12.83331pt

:tex2html_wrap_inline4200:lthtmlCropMarkDepth:=0.0pt:1ex:=4.30554pt
[64]

:tex2html_wrap_inline4202:lthtmlCropMarkHeight:=12.83331pt

:tex2html_wrap_inline4202:lthtmlCropMarkDepth:=1.49998pt:1ex:=4.30554pt
[65]

:tex2html_wrap_inline4204:lthtmlCropMarkHeight:=12.83331pt

:tex2html_wrap_inline4204:lthtmlCropMarkDepth:=1.49998pt:1ex:=4.30554pt
[66]

:tex2html_wrap_inline4206:lthtmlCropMarkHeight:=12.83331pt

:tex2html_wrap_inline4206:lthtmlCropMarkDepth:=1.49998pt:1ex:=4.30554pt
[67]

:tex2html_wrap_inline4208:lthtmlCropMarkHeight:=12.83331pt

:tex2html_wrap_inline4208:lthtmlCropMarkDepth:=1.49998pt:1ex:=4.30554pt
[68]

:tex2html_wrap_inline4216:lthtmlCropMarkHeight:=12.83331pt

:tex2html_wrap_inline4216:lthtmlCropMarkDepth:=1.49998pt:1ex:=4.30554pt
[69]

:tex2html_wrap_indisplay4222:lthtmlCropMarkHeight:=20.5001pt

:tex2html_wrap_indisplay4222:lthtmlCropMarkDepth:=9.50012pt:1ex:=4.30554pt
[70]

:tex2html_wrap_indisplay4224:lthtmlCropMarkHeight:=20.5001pt

:tex2html_wrap_indisplay4224:lthtmlCropMarkDepth:=9.50012pt:1ex:=4.30554pt
[71]

:tex2html_wrap_inline4226:lthtmlCropMarkHeight:=12.83331pt

:tex2html_wrap_inline4226:lthtmlCropMarkDepth:=1.49998pt:1ex:=4.30554pt
[72]

:tex2html_wrap_inline4228:lthtmlCropMarkHeight:=13.5pt

:tex2html_wrap_inline4228:lthtmlCropMarkDepth:=2.5pt:1ex:=4.30554pt
[73]

:tex2html_wrap_inline4230:lthtmlCropMarkHeight:=12.83331pt

:tex2html_wrap_inline4230:lthtmlCropMarkDepth:=1.49998pt:1ex:=4.30554pt
[74]

:tex2html_wrap_inline4232:lthtmlCropMarkHeight:=12.83331pt

:tex2html_wrap_inline4232:lthtmlCropMarkDepth:=1.49998pt:1ex:=4.30554pt
[75]

:tex2html_wrap_inline4234:lthtmlCropMarkHeight:=12.83331pt

:tex2html_wrap_inline4234:lthtmlCropMarkDepth:=1.49998pt:1ex:=4.30554pt
[76]

:tex2html_wrap_inline4236:lthtmlCropMarkHeight:=12.83331pt

:tex2html_wrap_inline4236:lthtmlCropMarkDepth:=1.49998pt:1ex:=4.30554pt
[77]

:tex2html_wrap_inline4238:lthtmlCropMarkHeight:=12.83331pt

:tex2html_wrap_inline4238:lthtmlCropMarkDepth:=1.49998pt:1ex:=4.30554pt
[78]

:tex2html_wrap_indisplay4244:lthtmlCropMarkHeight:=20.5001pt

:tex2html_wrap_indisplay4244:lthtmlCropMarkDepth:=9.50012pt:1ex:=4.30554pt
[79]

:tex2html_wrap_indisplay4246:lthtmlCropMarkHeight:=20.5001pt

:tex2html_wrap_indisplay4246:lthtmlCropMarkDepth:=9.50012pt:1ex:=4.30554pt
[80]

:tex2html_wrap_inline4248:lthtmlCropMarkHeight:=12.83331pt

:tex2html_wrap_inline4248:lthtmlCropMarkDepth:=1.49998pt:1ex:=4.30554pt
[81]

:tex2html_wrap_inline4250:lthtmlCropMarkHeight:=12.83331pt

:tex2html_wrap_inline4250:lthtmlCropMarkDepth:=1.49998pt:1ex:=4.30554pt
[82]

:tex2html_wrap_inline4260:lthtmlCropMarkHeight:=12.83331pt

:tex2html_wrap_inline4260:lthtmlCropMarkDepth:=1.49998pt:1ex:=4.30554pt
[83]

:tex2html_wrap_inline4262:lthtmlCropMarkHeight:=12.83331pt

:tex2html_wrap_inline4262:lthtmlCropMarkDepth:=1.49998pt:1ex:=4.30554pt
[84]

:tex2html_wrap_inline4264:lthtmlCropMarkHeight:=12.83331pt

:tex2html_wrap_inline4264:lthtmlCropMarkDepth:=1.49998pt:1ex:=4.30554pt
[85]

:tex2html_wrap_inline4266:lthtmlCropMarkHeight:=12.83331pt

:tex2html_wrap_inline4266:lthtmlCropMarkDepth:=1.49998pt:1ex:=4.30554pt
[86]

:tex2html_wrap_inline4268:lthtmlCropMarkHeight:=12.83331pt

:tex2html_wrap_inline4268:lthtmlCropMarkDepth:=1.49998pt:1ex:=4.30554pt
[87]

:tex2html_wrap_inline4270:lthtmlCropMarkHeight:=12.83331pt

:tex2html_wrap_inline4270:lthtmlCropMarkDepth:=1.49998pt:1ex:=4.30554pt
[88]

:tex2html_wrap_inline4272:lthtmlCropMarkHeight:=12.83331pt

:tex2html_wrap_inline4272:lthtmlCropMarkDepth:=1.49998pt:1ex:=4.30554pt
[89]

:tex2html_wrap_inline4274:lthtmlCropMarkHeight:=12.83331pt

:tex2html_wrap_inline4274:lthtmlCropMarkDepth:=0.0pt:1ex:=4.30554pt
[90]

:tex2html_wrap_inline4276:lthtmlCropMarkHeight:=12.83331pt

:tex2html_wrap_inline4276:lthtmlCropMarkDepth:=0.0pt:1ex:=4.30554pt
[91]

:tex2html_wrap_inline4279:lthtmlCropMarkHeight:=10.30554pt

:tex2html_wrap_inline4279:lthtmlCropMarkDepth:=0.0pt:1ex:=4.30554pt
[92]

:tex2html_wrap_inline4281:lthtmlCropMarkHeight:=10.30554pt

:tex2html_wrap_inline4281:lthtmlCropMarkDepth:=1.94444pt:1ex:=4.30554pt
[93]

:tex2html_wrap_inline4283:lthtmlCropMarkHeight:=13.5pt

:tex2html_wrap_inline4283:lthtmlCropMarkDepth:=2.5pt:1ex:=4.30554pt
[94]

:tex2html_wrap_indisplay4285:lthtmlCropMarkHeight:=13.5pt

:tex2html_wrap_indisplay4285:lthtmlCropMarkDepth:=2.5pt:1ex:=4.30554pt
[95]

:tex2html_wrap_indisplay4287:lthtmlCropMarkHeight:=13.5pt

:tex2html_wrap_indisplay4287:lthtmlCropMarkDepth:=2.5pt:1ex:=4.30554pt
[96]

:tex2html_wrap_indisplay4289:lthtmlCropMarkHeight:=13.5pt

:tex2html_wrap_indisplay4289:lthtmlCropMarkDepth:=2.5pt:1ex:=4.30554pt
[97]

:tex2html_wrap_inline4291:lthtmlCropMarkHeight:=12.83331pt

:tex2html_wrap_inline4291:lthtmlCropMarkDepth:=0.0pt:1ex:=4.30554pt
[98]

:tex2html_wrap_inline4293:lthtmlCropMarkHeight:=10.30554pt

:tex2html_wrap_inline4293:lthtmlCropMarkDepth:=1.49998pt:1ex:=4.30554pt
[99]

:tex2html_wrap_inline4295:lthtmlCropMarkHeight:=10.30554pt

:tex2html_wrap_inline4295:lthtmlCropMarkDepth:=1.49998pt:1ex:=4.30554pt
[100]

:tex2html_wrap_inline4297:lthtmlCropMarkHeight:=13.5pt

:tex2html_wrap_inline4297:lthtmlCropMarkDepth:=2.5pt:1ex:=4.30554pt
[101]

:tex2html_wrap_inline4299:lthtmlCropMarkHeight:=13.5pt

:tex2html_wrap_inline4299:lthtmlCropMarkDepth:=2.5pt:1ex:=4.30554pt
[102]

:tex2html_wrap_inline4301:lthtmlCropMarkHeight:=14.14003pt

:tex2html_wrap_inline4301:lthtmlCropMarkDepth:=2.5pt:1ex:=4.30554pt
[103]

:tex2html_wrap_inline4303:lthtmlCropMarkHeight:=14.14003pt

:tex2html_wrap_inline4303:lthtmlCropMarkDepth:=0.0pt:1ex:=4.30554pt
[104]

:tex2html_wrap_indisplay4305:lthtmlCropMarkHeight:=19.70952pt

:tex2html_wrap_indisplay4305:lthtmlCropMarkDepth:=6.85951pt:1ex:=4.30554pt
[105]

:tex2html_wrap_inline4307:lthtmlCropMarkHeight:=13.5pt

:tex2html_wrap_inline4307:lthtmlCropMarkDepth:=2.5pt:1ex:=4.30554pt
[106]

:tex2html_wrap_inline4311:lthtmlCropMarkHeight:=13.5pt

:tex2html_wrap_inline4311:lthtmlCropMarkDepth:=2.5pt:1ex:=4.30554pt
[107]

:tex2html_wrap_indisplay4315:lthtmlCropMarkHeight:=13.5pt

:tex2html_wrap_indisplay4315:lthtmlCropMarkDepth:=2.5pt:1ex:=4.30554pt
[108]

:tex2html_wrap_inline4317:lthtmlCropMarkHeight:=12.83331pt

:tex2html_wrap_inline4317:lthtmlCropMarkDepth:=1.49998pt:1ex:=4.30554pt
[109]

:tex2html_wrap_inline4321:lthtmlCropMarkHeight:=12.83331pt

:tex2html_wrap_inline4321:lthtmlCropMarkDepth:=1.49998pt:1ex:=4.30554pt
[110]

:tex2html_wrap_indisplay4325:lthtmlCropMarkHeight:=20.9051pt

:tex2html_wrap_indisplay4325:lthtmlCropMarkDepth:=6.85951pt:1ex:=4.30554pt
[111]

:tex2html_wrap_indisplay4327:lthtmlCropMarkHeight:=19.20952pt

:tex2html_wrap_indisplay4327:lthtmlCropMarkDepth:=9.35951pt:1ex:=4.30554pt
[112]

:tex2html_wrap_indisplay4329:lthtmlCropMarkHeight:=19.20952pt

:tex2html_wrap_indisplay4329:lthtmlCropMarkDepth:=9.35951pt:1ex:=4.30554pt
[113]

:tex2html_wrap_indisplay4331:lthtmlCropMarkHeight:=19.20952pt

:tex2html_wrap_indisplay4331:lthtmlCropMarkDepth:=6.85951pt:1ex:=4.30554pt
[114]

:tex2html_wrap_inline4337:lthtmlCropMarkHeight:=12.83331pt

:tex2html_wrap_inline4337:lthtmlCropMarkDepth:=0.0pt:1ex:=4.30554pt
[115]

:tex2html_wrap_inline4339:lthtmlCropMarkHeight:=12.83331pt

:tex2html_wrap_inline4339:lthtmlCropMarkDepth:=1.49998pt:1ex:=4.30554pt
[116]

:tex2html_wrap_inline4341:lthtmlCropMarkHeight:=13.5pt

:tex2html_wrap_inline4341:lthtmlCropMarkDepth:=2.5pt:1ex:=4.30554pt
[117]

:tex2html_wrap_inline4343:lthtmlCropMarkHeight:=13.5pt

:tex2html_wrap_inline4343:lthtmlCropMarkDepth:=2.5pt:1ex:=4.30554pt
[118]

:tex2html_wrap_inline4351:lthtmlCropMarkHeight:=12.83331pt

:tex2html_wrap_inline4351:lthtmlCropMarkDepth:=1.49998pt:1ex:=4.30554pt
[119]

:tex2html_wrap_inline4353:lthtmlCropMarkHeight:=12.83331pt

:tex2html_wrap_inline4353:lthtmlCropMarkDepth:=1.49998pt:1ex:=4.30554pt
[120]

:tex2html_wrap_inline4355:lthtmlCropMarkHeight:=12.83331pt

:tex2html_wrap_inline4355:lthtmlCropMarkDepth:=1.49998pt:1ex:=4.30554pt
[121]

:tex2html_wrap_inline4367:lthtmlCropMarkHeight:=13.5pt

:tex2html_wrap_inline4367:lthtmlCropMarkDepth:=2.5pt:1ex:=4.30554pt
[122]

:tex2html_wrap_inline4373:lthtmlCropMarkHeight:=13.51782pt

:tex2html_wrap_inline4373:lthtmlCropMarkDepth:=1.49998pt:1ex:=4.30554pt
[123]

:tex2html_wrap_inline4375:lthtmlCropMarkHeight:=13.51782pt

:tex2html_wrap_inline4375:lthtmlCropMarkDepth:=1.49998pt:1ex:=4.30554pt
[124]

:tex2html_wrap_inline4377:lthtmlCropMarkHeight:=12.83331pt

:tex2html_wrap_inline4377:lthtmlCropMarkDepth:=1.49998pt:1ex:=4.30554pt
[125]

:tex2html_wrap_inline4379:lthtmlCropMarkHeight:=13.51782pt

:tex2html_wrap_inline4379:lthtmlCropMarkDepth:=1.49998pt:1ex:=4.30554pt
[126]

:tex2html_wrap_inline4385:lthtmlCropMarkHeight:=12.83331pt

:tex2html_wrap_inline4385:lthtmlCropMarkDepth:=1.49998pt:1ex:=4.30554pt
[127]

:tex2html_wrap_inline4393:lthtmlCropMarkHeight:=12.83331pt

:tex2html_wrap_inline4393:lthtmlCropMarkDepth:=1.49998pt:1ex:=4.30554pt
[128]

:tex2html_wrap_inline4395:lthtmlCropMarkHeight:=12.83331pt

:tex2html_wrap_inline4395:lthtmlCropMarkDepth:=1.49998pt:1ex:=4.30554pt
[129]

:tex2html_wrap_inline4397:lthtmlCropMarkHeight:=12.83331pt

:tex2html_wrap_inline4397:lthtmlCropMarkDepth:=1.49998pt:1ex:=4.30554pt
[130]

:tex2html_wrap_inline4399:lthtmlCropMarkHeight:=12.83331pt

:tex2html_wrap_inline4399:lthtmlCropMarkDepth:=1.49998pt:1ex:=4.30554pt
[131]

:tex2html_wrap_inline4401:lthtmlCropMarkHeight:=12.83331pt

:tex2html_wrap_inline4401:lthtmlCropMarkDepth:=1.49998pt:1ex:=4.30554pt
[132]

:tex2html_wrap_inline4411:lthtmlCropMarkHeight:=12.83331pt

:tex2html_wrap_inline4411:lthtmlCropMarkDepth:=1.49998pt:1ex:=4.30554pt
[133]

:tex2html_wrap_inline4417:lthtmlCropMarkHeight:=13.51782pt

:tex2html_wrap_inline4417:lthtmlCropMarkDepth:=1.49998pt:1ex:=4.30554pt
[134]

:tex2html_wrap_inline4419:lthtmlCropMarkHeight:=13.51782pt

:tex2html_wrap_inline4419:lthtmlCropMarkDepth:=2.5pt:1ex:=4.30554pt
[135]

:tex2html_wrap_inline4423:lthtmlCropMarkHeight:=13.51782pt

:tex2html_wrap_inline4423:lthtmlCropMarkDepth:=2.5pt:1ex:=4.30554pt
[136]

:tex2html_wrap_inline4429:lthtmlCropMarkHeight:=13.5pt

:tex2html_wrap_inline4429:lthtmlCropMarkDepth:=2.5pt:1ex:=4.30554pt
[137]

:tex2html_wrap_inline4437:lthtmlCropMarkHeight:=12.83331pt

:tex2html_wrap_inline4437:lthtmlCropMarkDepth:=1.49998pt:1ex:=4.30554pt
[138]

:tex2html_wrap_inline4439:lthtmlCropMarkHeight:=12.83331pt

:tex2html_wrap_inline4439:lthtmlCropMarkDepth:=1.49998pt:1ex:=4.30554pt
[139]

:tex2html_wrap_inline4445:lthtmlCropMarkHeight:=13.5pt

:tex2html_wrap_inline4445:lthtmlCropMarkDepth:=2.5pt:1ex:=4.30554pt
[140]

:tex2html_wrap_indisplay4449:lthtmlCropMarkHeight:=19.59839pt

:tex2html_wrap_indisplay4449:lthtmlCropMarkDepth:=8.3595pt:1ex:=4.30554pt
[141]

:tex2html_wrap_inline4451:lthtmlCropMarkHeight:=12.83331pt

:tex2html_wrap_inline4451:lthtmlCropMarkDepth:=0.0pt:1ex:=4.30554pt
[142]

:tex2html_wrap_inline4457:lthtmlCropMarkHeight:=12.59525pt

:tex2html_wrap_inline4457:lthtmlCropMarkDepth:=1.94444pt:1ex:=4.30554pt
[143]

:tex2html_wrap_indisplay4459:lthtmlCropMarkHeight:=23.23166pt

:tex2html_wrap_indisplay4459:lthtmlCropMarkDepth:=11.79677pt:1ex:=4.30554pt
[144]

:tex2html_wrap_inline4461:lthtmlCropMarkHeight:=12.83331pt

:tex2html_wrap_inline4461:lthtmlCropMarkDepth:=2.86108pt:1ex:=4.30554pt
[145]

:tex2html_wrap_inline4463:lthtmlCropMarkHeight:=12.83331pt

:tex2html_wrap_inline4463:lthtmlCropMarkDepth:=2.86108pt:1ex:=4.30554pt
[146]

:tex2html_wrap_inline4475:lthtmlCropMarkHeight:=12.83331pt

:tex2html_wrap_inline4475:lthtmlCropMarkDepth:=2.86108pt:1ex:=4.30554pt
[147]

:tex2html_wrap_inline4479:lthtmlCropMarkHeight:=12.83331pt

:tex2html_wrap_inline4479:lthtmlCropMarkDepth:=0.0pt:1ex:=4.30554pt
[148]

:tex2html_wrap_inline4483:lthtmlCropMarkHeight:=12.83331pt

:tex2html_wrap_inline4483:lthtmlCropMarkDepth:=0.0pt:1ex:=4.30554pt
[149]

:tex2html_wrap_inline4489:lthtmlCropMarkHeight:=13.51782pt

:tex2html_wrap_inline4489:lthtmlCropMarkDepth:=2.83209pt:1ex:=4.30554pt
[150]

:tex2html_wrap_indisplay4495:lthtmlCropMarkHeight:=26.50018pt

:tex2html_wrap_indisplay4495:lthtmlCropMarkDepth:=15.50018pt:1ex:=4.30554pt
[151]

:tex2html_wrap_inline4501:lthtmlCropMarkHeight:=12.83331pt

:tex2html_wrap_inline4501:lthtmlCropMarkDepth:=1.49998pt:1ex:=4.30554pt
[152]

:tex2html_wrap_inline4503:lthtmlCropMarkHeight:=12.83331pt

:tex2html_wrap_inline4503:lthtmlCropMarkDepth:=1.49998pt:1ex:=4.30554pt
[153]

:tex2html_wrap_inline4505:lthtmlCropMarkHeight:=12.83331pt

:tex2html_wrap_inline4505:lthtmlCropMarkDepth:=1.49998pt:1ex:=4.30554pt
[154]

:tex2html_wrap_inline4509:lthtmlCropMarkHeight:=12.83331pt

:tex2html_wrap_inline4509:lthtmlCropMarkDepth:=1.49998pt:1ex:=4.30554pt
[155]

:tex2html_wrap_inline4511:lthtmlCropMarkHeight:=12.83331pt

:tex2html_wrap_inline4511:lthtmlCropMarkDepth:=1.49998pt:1ex:=4.30554pt
[156]

:tex2html_wrap_inline4513:lthtmlCropMarkHeight:=12.83331pt

:tex2html_wrap_inline4513:lthtmlCropMarkDepth:=1.49998pt:1ex:=4.30554pt
[157]

:tex2html_wrap_indisplay4519:lthtmlCropMarkHeight:=26.50018pt

:tex2html_wrap_indisplay4519:lthtmlCropMarkDepth:=15.50018pt:1ex:=4.30554pt
[158]

:tex2html_wrap_indisplay4541:lthtmlCropMarkHeight:=26.50018pt

:tex2html_wrap_indisplay4541:lthtmlCropMarkDepth:=15.50018pt:1ex:=4.30554pt
[159]

:tex2html_wrap_inline4545:lthtmlCropMarkHeight:=12.83331pt

:tex2html_wrap_inline4545:lthtmlCropMarkDepth:=1.49998pt:1ex:=4.30554pt
[160]

:tex2html_wrap_inline4549:lthtmlCropMarkHeight:=12.83331pt

:tex2html_wrap_inline4549:lthtmlCropMarkDepth:=1.49998pt:1ex:=4.30554pt
[161]

:tex2html_wrap_inline4551:lthtmlCropMarkHeight:=12.83331pt

:tex2html_wrap_inline4551:lthtmlCropMarkDepth:=1.49998pt:1ex:=4.30554pt
[162]

:tex2html_wrap_indisplay4553:lthtmlCropMarkHeight:=26.50018pt

:tex2html_wrap_indisplay4553:lthtmlCropMarkDepth:=15.50018pt:1ex:=4.30554pt
[163]

:tex2html_wrap_inline4557:lthtmlCropMarkHeight:=12.83331pt

:tex2html_wrap_inline4557:lthtmlCropMarkDepth:=1.49998pt:1ex:=4.30554pt
[164]

:tex2html_wrap_indisplay4567:lthtmlCropMarkHeight:=26.50018pt

:tex2html_wrap_indisplay4567:lthtmlCropMarkDepth:=15.50018pt:1ex:=4.30554pt
[165]

:tex2html_wrap_inline4571:lthtmlCropMarkHeight:=12.83331pt

:tex2html_wrap_inline4571:lthtmlCropMarkDepth:=1.49998pt:1ex:=4.30554pt
[166]

:tex2html_wrap_inline4573:lthtmlCropMarkHeight:=12.83331pt

:tex2html_wrap_inline4573:lthtmlCropMarkDepth:=1.49998pt:1ex:=4.30554pt
[167]

:tex2html_wrap_inline4575:lthtmlCropMarkHeight:=13.5pt

:tex2html_wrap_inline4575:lthtmlCropMarkDepth:=2.5pt:1ex:=4.30554pt
[168]

:tex2html_wrap_indisplay4577:lthtmlCropMarkHeight:=13.5pt

:tex2html_wrap_indisplay4577:lthtmlCropMarkDepth:=2.5pt:1ex:=4.30554pt
[169]

:tex2html_wrap_inline4583:lthtmlCropMarkHeight:=12.83331pt

:tex2html_wrap_inline4583:lthtmlCropMarkDepth:=1.49998pt:1ex:=4.30554pt
[170]

:tex2html_wrap_inline4585:lthtmlCropMarkHeight:=12.83331pt

:tex2html_wrap_inline4585:lthtmlCropMarkDepth:=1.49998pt:1ex:=4.30554pt
[171]

:tex2html_wrap_indisplay4595:lthtmlCropMarkHeight:=13.5pt

:tex2html_wrap_indisplay4595:lthtmlCropMarkDepth:=2.5pt:1ex:=4.30554pt
[172]

:tex2html_wrap_indisplay4597:lthtmlCropMarkHeight:=19.59839pt

:tex2html_wrap_indisplay4597:lthtmlCropMarkDepth:=8.3595pt:1ex:=4.30554pt
[173]

:tex2html_wrap_inline4603:lthtmlCropMarkHeight:=12.83331pt

:tex2html_wrap_inline4603:lthtmlCropMarkDepth:=1.49998pt:1ex:=4.30554pt
[174]

:tex2html_wrap_indisplay4607:lthtmlCropMarkHeight:=19.59839pt

:tex2html_wrap_indisplay4607:lthtmlCropMarkDepth:=8.3595pt:1ex:=4.30554pt
[175]

:tex2html_wrap_indisplay4608:lthtmlCropMarkHeight:=13.5pt

:tex2html_wrap_indisplay4608:lthtmlCropMarkDepth:=2.5pt:1ex:=4.30554pt
[176]

:tex2html_wrap_indisplay4612:lthtmlCropMarkHeight:=19.59839pt

:tex2html_wrap_indisplay4612:lthtmlCropMarkDepth:=8.3595pt:1ex:=4.30554pt
[177]

:tex2html_wrap_indisplay4614:lthtmlCropMarkHeight:=19.59839pt

:tex2html_wrap_indisplay4614:lthtmlCropMarkDepth:=8.3595pt:1ex:=4.30554pt
[178]

:tex2html_wrap_inline4616:lthtmlCropMarkHeight:=13.51782pt

:tex2html_wrap_inline4616:lthtmlCropMarkDepth:=0.0pt:1ex:=4.30554pt
[179]

:tex2html_wrap_inline4618:lthtmlCropMarkHeight:=13.51782pt

:tex2html_wrap_inline4618:lthtmlCropMarkDepth:=0.0pt:1ex:=4.30554pt
[180]

:tex2html_wrap_indisplay4620:lthtmlCropMarkHeight:=19.59839pt

:tex2html_wrap_indisplay4620:lthtmlCropMarkDepth:=8.3595pt:1ex:=4.30554pt
[181]

:tex2html_wrap_inline4622:lthtmlCropMarkHeight:=13.51782pt

:tex2html_wrap_inline4622:lthtmlCropMarkDepth:=0.0pt:1ex:=4.30554pt
[182]

:tex2html_wrap_inline4624:lthtmlCropMarkHeight:=13.51782pt

:tex2html_wrap_inline4624:lthtmlCropMarkDepth:=0.0pt:1ex:=4.30554pt
[183]

:tex2html_wrap_indisplay4626:lthtmlCropMarkHeight:=19.59839pt

:tex2html_wrap_indisplay4626:lthtmlCropMarkDepth:=8.3595pt:1ex:=4.30554pt
[184]

:tex2html_wrap_indisplay4632:lthtmlCropMarkHeight:=19.59839pt

:tex2html_wrap_indisplay4632:lthtmlCropMarkDepth:=8.3595pt:1ex:=4.30554pt
[185]

:tex2html_wrap_indisplay4634:lthtmlCropMarkHeight:=19.59839pt

:tex2html_wrap_indisplay4634:lthtmlCropMarkDepth:=8.3595pt:1ex:=4.30554pt
[186]

:tex2html_wrap_inline4640:lthtmlCropMarkHeight:=13.5pt

:tex2html_wrap_inline4640:lthtmlCropMarkDepth:=2.5pt:1ex:=4.30554pt
[187]

:tex2html_wrap_indisplay4648:lthtmlCropMarkHeight:=20.5001pt

:tex2html_wrap_indisplay4648:lthtmlCropMarkDepth:=9.50012pt:1ex:=4.30554pt
[188]

:tex2html_wrap_indisplay4652:lthtmlCropMarkHeight:=19.59839pt

:tex2html_wrap_indisplay4652:lthtmlCropMarkDepth:=8.3595pt:1ex:=4.30554pt
[189]

:tex2html_wrap_inline4654:lthtmlCropMarkHeight:=12.83331pt

:tex2html_wrap_inline4654:lthtmlCropMarkDepth:=1.94444pt:1ex:=4.30554pt
[190]

:tex2html_wrap_indisplay4656:lthtmlCropMarkHeight:=19.59839pt

:tex2html_wrap_indisplay4656:lthtmlCropMarkDepth:=8.3595pt:1ex:=4.30554pt
[191]

:tex2html_wrap_inline4658:lthtmlCropMarkHeight:=13.5pt

:tex2html_wrap_inline4658:lthtmlCropMarkDepth:=2.5pt:1ex:=4.30554pt
[192]

:tex2html_wrap_indisplay4660:lthtmlCropMarkHeight:=20.5001pt

:tex2html_wrap_indisplay4660:lthtmlCropMarkDepth:=9.50012pt:1ex:=4.30554pt
[193]

:tex2html_wrap_inline4664:lthtmlCropMarkHeight:=12.83331pt

:tex2html_wrap_inline4664:lthtmlCropMarkDepth:=1.49998pt:1ex:=4.30554pt
[194]

:tex2html_wrap_inline4666:lthtmlCropMarkHeight:=12.83331pt

:tex2html_wrap_inline4666:lthtmlCropMarkDepth:=1.49998pt:1ex:=4.30554pt
[195]

:tex2html_wrap_inline4670:lthtmlCropMarkHeight:=12.83331pt

:tex2html_wrap_inline4670:lthtmlCropMarkDepth:=1.49998pt:1ex:=4.30554pt
[196]

:tex2html_wrap_inline4674:lthtmlCropMarkHeight:=12.83331pt

:tex2html_wrap_inline4674:lthtmlCropMarkDepth:=1.49998pt:1ex:=4.30554pt
[197]

:tex2html_wrap_inline4676:lthtmlCropMarkHeight:=12.83331pt

:tex2html_wrap_inline4676:lthtmlCropMarkDepth:=1.49998pt:1ex:=4.30554pt
[198]

:tex2html_wrap_inline4678:lthtmlCropMarkHeight:=12.83331pt

:tex2html_wrap_inline4678:lthtmlCropMarkDepth:=0.0pt:1ex:=4.30554pt
[199]

:tex2html_wrap_inline4680:lthtmlCropMarkHeight:=12.83331pt

:tex2html_wrap_inline4680:lthtmlCropMarkDepth:=0.0pt:1ex:=4.30554pt
[200]

:tex2html_wrap_inline4692:lthtmlCropMarkHeight:=12.83331pt

:tex2html_wrap_inline4692:lthtmlCropMarkDepth:=1.49998pt:1ex:=4.30554pt
[201]

:tex2html_wrap_indisplay4710:lthtmlCropMarkHeight:=26.50018pt

:tex2html_wrap_indisplay4710:lthtmlCropMarkDepth:=15.50018pt:1ex:=4.30554pt
[202]

:tex2html_wrap_indisplay4712:lthtmlCropMarkHeight:=26.50018pt

:tex2html_wrap_indisplay4712:lthtmlCropMarkDepth:=15.50018pt:1ex:=4.30554pt
[203]

:tex2html_wrap_indisplay4714:lthtmlCropMarkHeight:=19.20952pt

:tex2html_wrap_indisplay4714:lthtmlCropMarkDepth:=6.85951pt:1ex:=4.30554pt
[204]

:tex2html_wrap_indisplay4718:lthtmlCropMarkHeight:=19.20952pt

:tex2html_wrap_indisplay4718:lthtmlCropMarkDepth:=6.85951pt:1ex:=4.30554pt
[205]

:tex2html_wrap_indisplay4719:lthtmlCropMarkHeight:=20.26508pt

:tex2html_wrap_indisplay4719:lthtmlCropMarkDepth:=8.3595pt:1ex:=4.30554pt
[206]

:tex2html_wrap_inline4723:lthtmlCropMarkHeight:=12.83331pt

:tex2html_wrap_inline4723:lthtmlCropMarkDepth:=1.49998pt:1ex:=4.30554pt
[207]

:tex2html_wrap_indisplay4725:lthtmlCropMarkHeight:=19.59839pt

:tex2html_wrap_indisplay4725:lthtmlCropMarkDepth:=8.3595pt:1ex:=4.30554pt
[208]

:tex2html_wrap_indisplay4727:lthtmlCropMarkHeight:=19.59839pt

:tex2html_wrap_indisplay4727:lthtmlCropMarkDepth:=8.3595pt:1ex:=4.30554pt
[209]

:tex2html_wrap_indisplay4729:lthtmlCropMarkHeight:=20.5001pt

:tex2html_wrap_indisplay4729:lthtmlCropMarkDepth:=9.50012pt:1ex:=4.30554pt
[210]

:tex2html_wrap_indisplay4733:lthtmlCropMarkHeight:=20.26508pt

:tex2html_wrap_indisplay4733:lthtmlCropMarkDepth:=8.3595pt:1ex:=4.30554pt
[211]

:tex2html_wrap_inline4739:lthtmlCropMarkHeight:=12.83331pt

:tex2html_wrap_inline4739:lthtmlCropMarkDepth:=0.0pt:1ex:=4.30554pt
[212]

:tex2html_wrap_inline4741:lthtmlCropMarkHeight:=13.5pt

:tex2html_wrap_inline4741:lthtmlCropMarkDepth:=2.5pt:1ex:=4.30554pt
[213]

:tex2html_wrap_indisplay4747:lthtmlCropMarkHeight:=19.59839pt

:tex2html_wrap_indisplay4747:lthtmlCropMarkDepth:=6.85951pt:1ex:=4.30554pt
[214]

:tex2html_wrap_inline4749:lthtmlCropMarkHeight:=12.83331pt

:tex2html_wrap_inline4749:lthtmlCropMarkDepth:=1.49998pt:1ex:=4.30554pt
[215]

:tex2html_wrap_inline4751:lthtmlCropMarkHeight:=12.83331pt

:tex2html_wrap_inline4751:lthtmlCropMarkDepth:=1.49998pt:1ex:=4.30554pt
[216]

:tex2html_wrap_indisplay4753:lthtmlCropMarkHeight:=19.59839pt

:tex2html_wrap_indisplay4753:lthtmlCropMarkDepth:=6.85951pt:1ex:=4.30554pt
[217]

:tex2html_wrap_inline4755:lthtmlCropMarkHeight:=12.83331pt

:tex2html_wrap_inline4755:lthtmlCropMarkDepth:=0.83333pt:1ex:=4.30554pt
[218]

:tex2html_wrap_indisplay4777:lthtmlCropMarkHeight:=19.59839pt

:tex2html_wrap_indisplay4777:lthtmlCropMarkDepth:=8.3595pt:1ex:=4.30554pt
[219]

:tex2html_wrap_indisplay4781:lthtmlCropMarkHeight:=19.20952pt

:tex2html_wrap_indisplay4781:lthtmlCropMarkDepth:=6.85951pt:1ex:=4.30554pt
[220]

:tex2html_wrap_indisplay4783:lthtmlCropMarkHeight:=19.59839pt

:tex2html_wrap_indisplay4783:lthtmlCropMarkDepth:=9.35951pt:1ex:=4.30554pt
[221]

:tex2html_wrap_indisplay4789:lthtmlCropMarkHeight:=19.59839pt

:tex2html_wrap_indisplay4789:lthtmlCropMarkDepth:=9.35951pt:1ex:=4.30554pt
[222]

:tex2html_wrap_indisplay4791:lthtmlCropMarkHeight:=19.59839pt

:tex2html_wrap_indisplay4791:lthtmlCropMarkDepth:=9.35951pt:1ex:=4.30554pt
[223]

:tex2html_wrap_indisplay4797:lthtmlCropMarkHeight:=19.20952pt

:tex2html_wrap_indisplay4797:lthtmlCropMarkDepth:=6.85951pt:1ex:=4.30554pt
[224]

:tex2html_wrap_indisplay4803:lthtmlCropMarkHeight:=19.59839pt

:tex2html_wrap_indisplay4803:lthtmlCropMarkDepth:=8.3595pt:1ex:=4.30554pt
[225]

:tex2html_wrap_inline4805:lthtmlCropMarkHeight:=12.83331pt

:tex2html_wrap_inline4805:lthtmlCropMarkDepth:=1.49998pt:1ex:=4.30554pt
[226]

:tex2html_wrap_inline4807:lthtmlCropMarkHeight:=12.83331pt

:tex2html_wrap_inline4807:lthtmlCropMarkDepth:=1.49998pt:1ex:=4.30554pt
[227]

:tex2html_wrap_indisplay4829:lthtmlCropMarkHeight:=20.5001pt

:tex2html_wrap_indisplay4829:lthtmlCropMarkDepth:=9.50012pt:1ex:=4.30554pt
[228]

:tex2html_wrap_indisplay4833:lthtmlCropMarkHeight:=19.20952pt

:tex2html_wrap_indisplay4833:lthtmlCropMarkDepth:=7.69284pt:1ex:=4.30554pt
[229]

:tex2html_wrap_indisplay4837:lthtmlCropMarkHeight:=19.59839pt

:tex2html_wrap_indisplay4837:lthtmlCropMarkDepth:=8.3595pt:1ex:=4.30554pt
[230]

:tex2html_wrap_inline4839:lthtmlCropMarkHeight:=12.83331pt

:tex2html_wrap_inline4839:lthtmlCropMarkDepth:=1.49998pt:1ex:=4.30554pt
[231]

:tex2html_wrap_inline4841:lthtmlCropMarkHeight:=13.5pt

:tex2html_wrap_inline4841:lthtmlCropMarkDepth:=2.5pt:1ex:=4.30554pt
[232]

:tex2html_wrap_inline4843:lthtmlCropMarkHeight:=12.83331pt

:tex2html_wrap_inline4843:lthtmlCropMarkDepth:=1.49998pt:1ex:=4.30554pt
[233]

:tex2html_wrap_inline4845:lthtmlCropMarkHeight:=13.5pt

:tex2html_wrap_inline4845:lthtmlCropMarkDepth:=2.5pt:1ex:=4.30554pt
[234]

:tex2html_wrap_inline4847:lthtmlCropMarkHeight:=12.83331pt

:tex2html_wrap_inline4847:lthtmlCropMarkDepth:=1.49998pt:1ex:=4.30554pt
[235]

:tex2html_wrap_inline4849:lthtmlCropMarkHeight:=13.5pt

:tex2html_wrap_inline4849:lthtmlCropMarkDepth:=2.5pt:1ex:=4.30554pt
[236]

:tex2html_wrap_inline4853:lthtmlCropMarkHeight:=13.5pt

:tex2html_wrap_inline4853:lthtmlCropMarkDepth:=2.5pt:1ex:=4.30554pt
[237]

:tex2html_wrap_indisplay4855:lthtmlCropMarkHeight:=12.83331pt

:tex2html_wrap_indisplay4855:lthtmlCropMarkDepth:=1.94444pt:1ex:=4.30554pt
[238]

:tex2html_wrap_inline4857:lthtmlCropMarkHeight:=12.83331pt

:tex2html_wrap_inline4857:lthtmlCropMarkDepth:=1.49998pt:1ex:=4.30554pt
[239]

:tex2html_wrap_inline4859:lthtmlCropMarkHeight:=12.83331pt

:tex2html_wrap_inline4859:lthtmlCropMarkDepth:=1.49998pt:1ex:=4.30554pt
[240]

:tex2html_wrap_inline4863:lthtmlCropMarkHeight:=12.83331pt

:tex2html_wrap_inline4863:lthtmlCropMarkDepth:=1.49998pt:1ex:=4.30554pt
[241]

:tex2html_wrap_inline4867:lthtmlCropMarkHeight:=12.83331pt

:tex2html_wrap_inline4867:lthtmlCropMarkDepth:=1.49998pt:1ex:=4.30554pt
[242]

:tex2html_wrap_inline4869:lthtmlCropMarkHeight:=12.83331pt

:tex2html_wrap_inline4869:lthtmlCropMarkDepth:=1.49998pt:1ex:=4.30554pt
[243]

:tex2html_wrap_inline4871:lthtmlCropMarkHeight:=13.51782pt

:tex2html_wrap_inline4871:lthtmlCropMarkDepth:=2.75433pt:1ex:=4.30554pt
[244]

:tex2html_wrap_inline4873:lthtmlCropMarkHeight:=12.83331pt

:tex2html_wrap_inline4873:lthtmlCropMarkDepth:=1.49998pt:1ex:=4.30554pt
[245]

:tex2html_wrap_inline4875:lthtmlCropMarkHeight:=13.51782pt

:tex2html_wrap_inline4875:lthtmlCropMarkDepth:=2.75433pt:1ex:=4.30554pt
[246]

:tex2html_wrap_inline4877:lthtmlCropMarkHeight:=12.83331pt

:tex2html_wrap_inline4877:lthtmlCropMarkDepth:=1.49998pt:1ex:=4.30554pt
[247]

:tex2html_wrap_inline4879:lthtmlCropMarkHeight:=13.51782pt

:tex2html_wrap_inline4879:lthtmlCropMarkDepth:=2.75433pt:1ex:=4.30554pt
[248]

:tex2html_wrap_inline4883:lthtmlCropMarkHeight:=13.51782pt

:tex2html_wrap_inline4883:lthtmlCropMarkDepth:=2.75433pt:1ex:=4.30554pt
[249]

:tex2html_wrap_inline4885:lthtmlCropMarkHeight:=12.83331pt

:tex2html_wrap_inline4885:lthtmlCropMarkDepth:=1.49998pt:1ex:=4.30554pt
[250]

:tex2html_wrap_inline4887:lthtmlCropMarkHeight:=12.83331pt

:tex2html_wrap_inline4887:lthtmlCropMarkDepth:=1.49998pt:1ex:=4.30554pt
[251]

:tex2html_wrap_inline4889:lthtmlCropMarkHeight:=12.83331pt

:tex2html_wrap_inline4889:lthtmlCropMarkDepth:=1.49998pt:1ex:=4.30554pt
[252]

:tex2html_wrap_inline4891:lthtmlCropMarkHeight:=12.83331pt

:tex2html_wrap_inline4891:lthtmlCropMarkDepth:=1.49998pt:1ex:=4.30554pt
[253]

:tex2html_wrap_inline4893:lthtmlCropMarkHeight:=12.83331pt

:tex2html_wrap_inline4893:lthtmlCropMarkDepth:=1.49998pt:1ex:=4.30554pt
[254]

:tex2html_wrap_inline4895:lthtmlCropMarkHeight:=13.51782pt

:tex2html_wrap_inline4895:lthtmlCropMarkDepth:=2.75433pt:1ex:=4.30554pt
[255]

:tex2html_wrap_inline4897:lthtmlCropMarkHeight:=12.83331pt

:tex2html_wrap_inline4897:lthtmlCropMarkDepth:=1.49998pt:1ex:=4.30554pt
[256]

:tex2html_wrap_inline4899:lthtmlCropMarkHeight:=13.5pt

:tex2html_wrap_inline4899:lthtmlCropMarkDepth:=2.5pt:1ex:=4.30554pt
[257]

:tex2html_wrap_inline4903:lthtmlCropMarkHeight:=13.51782pt

:tex2html_wrap_inline4903:lthtmlCropMarkDepth:=2.75433pt:1ex:=4.30554pt
[258]

:tex2html_wrap_inline4905:lthtmlCropMarkHeight:=13.51782pt

:tex2html_wrap_inline4905:lthtmlCropMarkDepth:=2.4821pt:1ex:=4.30554pt
[259]

:tex2html_wrap_inline4909:lthtmlCropMarkHeight:=13.51782pt

:tex2html_wrap_inline4909:lthtmlCropMarkDepth:=2.5pt:1ex:=4.30554pt
[260]

:tex2html_wrap_inline4911:lthtmlCropMarkHeight:=13.51782pt

:tex2html_wrap_inline4911:lthtmlCropMarkDepth:=2.75433pt:1ex:=4.30554pt
[261]

:tex2html_wrap_inline4915:lthtmlCropMarkHeight:=13.51782pt

:tex2html_wrap_inline4915:lthtmlCropMarkDepth:=2.75433pt:1ex:=4.30554pt
[262]

:tex2html_wrap_inline4917:lthtmlCropMarkHeight:=12.83331pt

:tex2html_wrap_inline4917:lthtmlCropMarkDepth:=1.49998pt:1ex:=4.30554pt
[263]

:tex2html_wrap_inline4921:lthtmlCropMarkHeight:=12.83331pt

:tex2html_wrap_inline4921:lthtmlCropMarkDepth:=1.49998pt:1ex:=4.30554pt
[264]

:tex2html_wrap_inline4923:lthtmlCropMarkHeight:=12.83331pt

:tex2html_wrap_inline4923:lthtmlCropMarkDepth:=1.49998pt:1ex:=4.30554pt
[265]

:tex2html_wrap_inline4925:lthtmlCropMarkHeight:=12.83331pt

:tex2html_wrap_inline4925:lthtmlCropMarkDepth:=1.49998pt:1ex:=4.30554pt
[266]

:tex2html_wrap_inline4927:lthtmlCropMarkHeight:=13.51782pt

:tex2html_wrap_inline4927:lthtmlCropMarkDepth:=2.75433pt:1ex:=4.30554pt
[267]

:tex2html_wrap_inline4931:lthtmlCropMarkHeight:=13.5pt

:tex2html_wrap_inline4931:lthtmlCropMarkDepth:=2.5pt:1ex:=4.30554pt
[268]

:tex2html_wrap_inline4935:lthtmlCropMarkHeight:=13.51782pt

:tex2html_wrap_inline4935:lthtmlCropMarkDepth:=2.75433pt:1ex:=4.30554pt
[269]

:tex2html_wrap_inline4937:lthtmlCropMarkHeight:=13.51782pt

:tex2html_wrap_inline4937:lthtmlCropMarkDepth:=2.4821pt:1ex:=4.30554pt
[270]

:tex2html_wrap_inline4941:lthtmlCropMarkHeight:=13.51782pt

:tex2html_wrap_inline4941:lthtmlCropMarkDepth:=2.5pt:1ex:=4.30554pt
[271]

:tex2html_wrap_inline4943:lthtmlCropMarkHeight:=13.51782pt

:tex2html_wrap_inline4943:lthtmlCropMarkDepth:=2.75433pt:1ex:=4.30554pt
[272]

:tex2html_wrap_indisplay4945:lthtmlCropMarkHeight:=19.20952pt

:tex2html_wrap_indisplay4945:lthtmlCropMarkDepth:=6.85951pt:1ex:=4.30554pt
[273]

:tex2html_wrap_inline4949:lthtmlCropMarkHeight:=12.83331pt

:tex2html_wrap_inline4949:lthtmlCropMarkDepth:=1.49998pt:1ex:=4.30554pt
[274]

:tex2html_wrap_inline4953:lthtmlCropMarkHeight:=13.5pt

:tex2html_wrap_inline4953:lthtmlCropMarkDepth:=2.5pt:1ex:=4.30554pt
[275]

:tex2html_wrap_inline4955:lthtmlCropMarkHeight:=13.5pt

:tex2html_wrap_inline4955:lthtmlCropMarkDepth:=2.5pt:1ex:=4.30554pt
[276]

:tex2html_wrap_inline4957:lthtmlCropMarkHeight:=13.5pt

:tex2html_wrap_inline4957:lthtmlCropMarkDepth:=2.5pt:1ex:=4.30554pt
[277]

:tex2html_wrap_inline4959:lthtmlCropMarkHeight:=12.83331pt

:tex2html_wrap_inline4959:lthtmlCropMarkDepth:=1.49998pt:1ex:=4.30554pt
[278]

:tex2html_wrap_inline4961:lthtmlCropMarkHeight:=13.5pt

:tex2html_wrap_inline4961:lthtmlCropMarkDepth:=2.5pt:1ex:=4.30554pt
[279]

:tex2html_wrap_indisplay4963:lthtmlCropMarkHeight:=19.59839pt

:tex2html_wrap_indisplay4963:lthtmlCropMarkDepth:=9.35951pt:1ex:=4.30554pt
[280]

:tex2html_wrap_inline4965:lthtmlCropMarkHeight:=12.83331pt

:tex2html_wrap_inline4965:lthtmlCropMarkDepth:=1.49998pt:1ex:=4.30554pt
[281]

:tex2html_wrap_inline4967:lthtmlCropMarkHeight:=12.83331pt

:tex2html_wrap_inline4967:lthtmlCropMarkDepth:=1.49998pt:1ex:=4.30554pt
[282]

:tex2html_wrap_inline4969:lthtmlCropMarkHeight:=12.83331pt

:tex2html_wrap_inline4969:lthtmlCropMarkDepth:=1.49998pt:1ex:=4.30554pt
[283]

:tex2html_wrap_inline4971:lthtmlCropMarkHeight:=12.83331pt

:tex2html_wrap_inline4971:lthtmlCropMarkDepth:=1.49998pt:1ex:=4.30554pt
[284]

:tex2html_wrap_inline4975:lthtmlCropMarkHeight:=12.83331pt

:tex2html_wrap_inline4975:lthtmlCropMarkDepth:=0.0pt:1ex:=4.30554pt
[285]

:tex2html_wrap_indisplay4987:lthtmlCropMarkHeight:=19.59839pt

:tex2html_wrap_indisplay4987:lthtmlCropMarkDepth:=6.85951pt:1ex:=4.30554pt
[286]

:tex2html_wrap_inline4989:lthtmlCropMarkHeight:=12.83331pt

:tex2html_wrap_inline4989:lthtmlCropMarkDepth:=1.49998pt:1ex:=4.30554pt
[287]

:tex2html_wrap_inline4991:lthtmlCropMarkHeight:=12.83331pt

:tex2html_wrap_inline4991:lthtmlCropMarkDepth:=1.49998pt:1ex:=4.30554pt
[288]

:tex2html_wrap_inline4993:lthtmlCropMarkHeight:=13.5pt

:tex2html_wrap_inline4993:lthtmlCropMarkDepth:=2.5pt:1ex:=4.30554pt
[289]

:tex2html_wrap_inline4997:lthtmlCropMarkHeight:=12.83331pt

:tex2html_wrap_inline4997:lthtmlCropMarkDepth:=1.49998pt:1ex:=4.30554pt
[290]

:tex2html_wrap_inline4999:lthtmlCropMarkHeight:=12.83331pt

:tex2html_wrap_inline4999:lthtmlCropMarkDepth:=1.49998pt:1ex:=4.30554pt
[291]

:tex2html_wrap_inline5001:lthtmlCropMarkHeight:=12.83331pt

:tex2html_wrap_inline5001:lthtmlCropMarkDepth:=1.49998pt:1ex:=4.30554pt
[292]

:tex2html_wrap_inline5003:lthtmlCropMarkHeight:=12.83331pt

:tex2html_wrap_inline5003:lthtmlCropMarkDepth:=1.49998pt:1ex:=4.30554pt
[293]

:tex2html_wrap_inline5005:lthtmlCropMarkHeight:=12.83331pt

:tex2html_wrap_inline5005:lthtmlCropMarkDepth:=1.49998pt:1ex:=4.30554pt
[294]

:tex2html_wrap_inline5007:lthtmlCropMarkHeight:=12.83331pt

:tex2html_wrap_inline5007:lthtmlCropMarkDepth:=1.49998pt:1ex:=4.30554pt
[295]

:tex2html_wrap_indisplay5038:lthtmlCropMarkHeight:=20.5001pt

:tex2html_wrap_indisplay5038:lthtmlCropMarkDepth:=9.50012pt:1ex:=4.30554pt
[296]

:tex2html_wrap_inline5040:lthtmlCropMarkHeight:=12.83331pt

:tex2html_wrap_inline5040:lthtmlCropMarkDepth:=1.49998pt:1ex:=4.30554pt
[297]

:tex2html_wrap_inline5042:lthtmlCropMarkHeight:=12.83331pt

:tex2html_wrap_inline5042:lthtmlCropMarkDepth:=1.49998pt:1ex:=4.30554pt
[298]

:tex2html_wrap_inline5044:lthtmlCropMarkHeight:=12.83331pt

:tex2html_wrap_inline5044:lthtmlCropMarkDepth:=1.49998pt:1ex:=4.30554pt
[299]

:tex2html_wrap_inline5046:lthtmlCropMarkHeight:=12.83331pt

:tex2html_wrap_inline5046:lthtmlCropMarkDepth:=1.49998pt:1ex:=4.30554pt
[300]

:tex2html_wrap_inline5060:lthtmlCropMarkHeight:=13.5pt

:tex2html_wrap_inline5060:lthtmlCropMarkDepth:=2.5pt:1ex:=4.30554pt
[301]

:tex2html_wrap_inline5062:lthtmlCropMarkHeight:=12.86111pt

:tex2html_wrap_inline5062:lthtmlCropMarkDepth:=0.0pt:1ex:=4.30554pt
[302]

:tex2html_wrap_indisplay5072:lthtmlCropMarkHeight:=20.5001pt

:tex2html_wrap_indisplay5072:lthtmlCropMarkDepth:=9.50012pt:1ex:=4.30554pt
[303]

:tex2html_wrap_inline5074:lthtmlCropMarkHeight:=12.83331pt

:tex2html_wrap_inline5074:lthtmlCropMarkDepth:=1.49998pt:1ex:=4.30554pt
[304]

:tex2html_wrap_inline5076:lthtmlCropMarkHeight:=12.83331pt

:tex2html_wrap_inline5076:lthtmlCropMarkDepth:=1.49998pt:1ex:=4.30554pt
[305]

:tex2html_wrap_inline5078:lthtmlCropMarkHeight:=12.83331pt

:tex2html_wrap_inline5078:lthtmlCropMarkDepth:=1.49998pt:1ex:=4.30554pt
[306]

:tex2html_wrap_inline5080:lthtmlCropMarkHeight:=12.83331pt

:tex2html_wrap_inline5080:lthtmlCropMarkDepth:=1.49998pt:1ex:=4.30554pt
[307]

:tex2html_wrap_inline5086:lthtmlCropMarkHeight:=12.86111pt

:tex2html_wrap_inline5086:lthtmlCropMarkDepth:=0.0pt:1ex:=4.30554pt
[308]

:tex2html_wrap_indisplay5096:lthtmlCropMarkHeight:=20.5001pt

:tex2html_wrap_indisplay5096:lthtmlCropMarkDepth:=9.50012pt:1ex:=4.30554pt
[309]

:tex2html_wrap_inline5098:lthtmlCropMarkHeight:=12.83331pt

:tex2html_wrap_inline5098:lthtmlCropMarkDepth:=1.49998pt:1ex:=4.30554pt
[310]

:tex2html_wrap_inline5100:lthtmlCropMarkHeight:=12.83331pt

:tex2html_wrap_inline5100:lthtmlCropMarkDepth:=1.49998pt:1ex:=4.30554pt
[311]

:tex2html_wrap_inline5102:lthtmlCropMarkHeight:=12.83331pt

:tex2html_wrap_inline5102:lthtmlCropMarkDepth:=1.49998pt:1ex:=4.30554pt
[312]

:tex2html_wrap_inline5104:lthtmlCropMarkHeight:=12.83331pt

:tex2html_wrap_inline5104:lthtmlCropMarkDepth:=1.49998pt:1ex:=4.30554pt
[313]

:tex2html_wrap_indisplay5116:lthtmlCropMarkHeight:=20.5001pt

:tex2html_wrap_indisplay5116:lthtmlCropMarkDepth:=9.50012pt:1ex:=4.30554pt
[314]

:tex2html_wrap_inline5118:lthtmlCropMarkHeight:=12.83331pt

:tex2html_wrap_inline5118:lthtmlCropMarkDepth:=1.49998pt:1ex:=4.30554pt
[315]

:tex2html_wrap_inline5120:lthtmlCropMarkHeight:=12.83331pt

:tex2html_wrap_inline5120:lthtmlCropMarkDepth:=1.49998pt:1ex:=4.30554pt
[316]

:tex2html_wrap_inline5122:lthtmlCropMarkHeight:=12.83331pt

:tex2html_wrap_inline5122:lthtmlCropMarkDepth:=1.49998pt:1ex:=4.30554pt
[317]

:tex2html_wrap_inline5124:lthtmlCropMarkHeight:=12.83331pt

:tex2html_wrap_inline5124:lthtmlCropMarkDepth:=1.49998pt:1ex:=4.30554pt
[318]

:tex2html_wrap_inline5126:lthtmlCropMarkHeight:=13.5pt

:tex2html_wrap_inline5126:lthtmlCropMarkDepth:=2.5pt:1ex:=4.30554pt
[319]

:tex2html_wrap_inline5132:lthtmlCropMarkHeight:=12.94444pt

:tex2html_wrap_inline5132:lthtmlCropMarkDepth:=1.94444pt:1ex:=4.30554pt
[320]

:tex2html_wrap_inline5134:lthtmlCropMarkHeight:=12.94444pt

:tex2html_wrap_inline5134:lthtmlCropMarkDepth:=1.94444pt:1ex:=4.30554pt
[321]

:tex2html_wrap_indisplay5136:lthtmlCropMarkHeight:=19.70952pt

:tex2html_wrap_indisplay5136:lthtmlCropMarkDepth:=8.80396pt:1ex:=4.30554pt
[322]

:tex2html_wrap_indisplay5138:lthtmlCropMarkHeight:=20.50012pt

:tex2html_wrap_indisplay5138:lthtmlCropMarkDepth:=11.3612pt:1ex:=4.30554pt
[323]

:tex2html_wrap_indisplay5148:lthtmlCropMarkHeight:=20.50012pt

:tex2html_wrap_indisplay5148:lthtmlCropMarkDepth:=11.0001pt:1ex:=4.30554pt
[324]

:tex2html_wrap_indisplay5150:lthtmlCropMarkHeight:=20.50012pt

:tex2html_wrap_indisplay5150:lthtmlCropMarkDepth:=11.0001pt:1ex:=4.30554pt
[325]

:tex2html_wrap_indisplay5152:lthtmlCropMarkHeight:=20.50012pt

:tex2html_wrap_indisplay5152:lthtmlCropMarkDepth:=11.0001pt:1ex:=4.30554pt
[326]

:tex2html_wrap_indisplay5154:lthtmlCropMarkHeight:=20.50012pt

:tex2html_wrap_indisplay5154:lthtmlCropMarkDepth:=11.0001pt:1ex:=4.30554pt
[327]

:tex2html_wrap_indisplay5156:lthtmlCropMarkHeight:=14.91226pt

:tex2html_wrap_indisplay5156:lthtmlCropMarkDepth:=2.5pt:1ex:=4.30554pt
[328]

:tex2html_wrap_indisplay5158:lthtmlCropMarkHeight:=14.64003pt

:tex2html_wrap_indisplay5158:lthtmlCropMarkDepth:=1.94444pt:1ex:=4.30554pt
[329]

:tex2html_wrap_indisplay5160:lthtmlCropMarkHeight:=20.5001pt

:tex2html_wrap_indisplay5160:lthtmlCropMarkDepth:=9.50012pt:1ex:=4.30554pt
[330]

:tex2html_wrap_inline5162:lthtmlCropMarkHeight:=12.83331pt

:tex2html_wrap_inline5162:lthtmlCropMarkDepth:=1.49998pt:1ex:=4.30554pt
[331]

:tex2html_wrap_indisplay5164:lthtmlCropMarkHeight:=13.5pt

:tex2html_wrap_indisplay5164:lthtmlCropMarkDepth:=2.5pt:1ex:=4.30554pt
[332]

:tex2html_wrap_inline5166:lthtmlCropMarkHeight:=12.83331pt

:tex2html_wrap_inline5166:lthtmlCropMarkDepth:=1.49998pt:1ex:=4.30554pt
[333]

:tex2html_wrap_indisplay5168:lthtmlCropMarkHeight:=13.5pt

:tex2html_wrap_indisplay5168:lthtmlCropMarkDepth:=2.5pt:1ex:=4.30554pt
[334]

:tex2html_wrap_inline5170:lthtmlCropMarkHeight:=12.83331pt

:tex2html_wrap_inline5170:lthtmlCropMarkDepth:=0.0pt:1ex:=4.30554pt
[335]

:tex2html_wrap_indisplay5172:lthtmlCropMarkHeight:=22.53902pt

:tex2html_wrap_indisplay5172:lthtmlCropMarkDepth:=9.50012pt:1ex:=4.30554pt
[336]

:tex2html_wrap_indisplay5174:lthtmlCropMarkHeight:=22.53902pt

:tex2html_wrap_indisplay5174:lthtmlCropMarkDepth:=9.50012pt:1ex:=4.30554pt
[337]

:tex2html_wrap_inline5176:lthtmlCropMarkHeight:=12.86111pt

:tex2html_wrap_inline5176:lthtmlCropMarkDepth:=1.49998pt:1ex:=4.30554pt
[338]

:tex2html_wrap_inline5178:lthtmlCropMarkHeight:=12.86111pt

:tex2html_wrap_inline5178:lthtmlCropMarkDepth:=1.49998pt:1ex:=4.30554pt
[339]

:tex2html_wrap_inline5180:lthtmlCropMarkHeight:=12.86111pt

:tex2html_wrap_inline5180:lthtmlCropMarkDepth:=1.49998pt:1ex:=4.30554pt
[340]

:tex2html_wrap_indisplay5182:lthtmlCropMarkHeight:=20.5001pt

:tex2html_wrap_indisplay5182:lthtmlCropMarkDepth:=9.50012pt:1ex:=4.30554pt
[341]

:tex2html_wrap_inline5184:lthtmlCropMarkHeight:=12.9224pt

:tex2html_wrap_inline5184:lthtmlCropMarkDepth:=1.49998pt:1ex:=4.30554pt
[342]

:tex2html_wrap_inline5186:lthtmlCropMarkHeight:=12.83331pt

:tex2html_wrap_inline5186:lthtmlCropMarkDepth:=1.49998pt:1ex:=4.30554pt
[343]

:tex2html_wrap_inline5188:lthtmlCropMarkHeight:=12.83331pt

:tex2html_wrap_inline5188:lthtmlCropMarkDepth:=1.49998pt:1ex:=4.30554pt
[344]

:tex2html_wrap_indisplay5198:lthtmlCropMarkHeight:=20.5001pt

:tex2html_wrap_indisplay5198:lthtmlCropMarkDepth:=9.50012pt:1ex:=4.30554pt
[345]

:tex2html_wrap_indisplay5200:lthtmlCropMarkHeight:=20.5001pt

:tex2html_wrap_indisplay5200:lthtmlCropMarkDepth:=9.50012pt:1ex:=4.30554pt
[346]

:tex2html_wrap_indisplay5206:lthtmlCropMarkHeight:=20.5001pt

:tex2html_wrap_indisplay5206:lthtmlCropMarkDepth:=9.50012pt:1ex:=4.30554pt
[347]

:tex2html_wrap_indisplay5208:lthtmlCropMarkHeight:=19.36032pt

:tex2html_wrap_indisplay5208:lthtmlCropMarkDepth:=6.85951pt:1ex:=4.30554pt
[348]

:tex2html_wrap_indisplay5210:lthtmlCropMarkHeight:=19.36032pt

:tex2html_wrap_indisplay5210:lthtmlCropMarkDepth:=6.85951pt:1ex:=4.30554pt
[349]

:tex2html_wrap_inline5220:lthtmlCropMarkHeight:=13.5pt

:tex2html_wrap_inline5220:lthtmlCropMarkDepth:=2.5pt:1ex:=4.30554pt
[350]

:tex2html_wrap_inline5226:lthtmlCropMarkHeight:=12.83331pt

:tex2html_wrap_inline5226:lthtmlCropMarkDepth:=1.49998pt:1ex:=4.30554pt
[351]

:tex2html_wrap_indisplay5228:lthtmlCropMarkHeight:=12.83331pt

:tex2html_wrap_indisplay5228:lthtmlCropMarkDepth:=1.49998pt:1ex:=4.30554pt
[352]

:tex2html_wrap_indisplay5232:lthtmlCropMarkHeight:=12.83331pt

:tex2html_wrap_indisplay5232:lthtmlCropMarkDepth:=1.94444pt:1ex:=4.30554pt
[353]

:tex2html_wrap_indisplay5233:lthtmlCropMarkHeight:=19.36032pt

:tex2html_wrap_indisplay5233:lthtmlCropMarkDepth:=6.85951pt:1ex:=4.30554pt
[354]

:tex2html_wrap_indisplay5239:lthtmlCropMarkHeight:=12.83331pt

:tex2html_wrap_indisplay5239:lthtmlCropMarkDepth:=1.94444pt:1ex:=4.30554pt
[355]

:tex2html_wrap_indisplay5243:lthtmlCropMarkHeight:=19.59839pt

:tex2html_wrap_indisplay5243:lthtmlCropMarkDepth:=8.3595pt:1ex:=4.30554pt
[356]

:tex2html_wrap_indisplay5251:lthtmlCropMarkHeight:=20.5001pt

:tex2html_wrap_indisplay5251:lthtmlCropMarkDepth:=9.50012pt:1ex:=4.30554pt
[357]

:tex2html_wrap_indisplay5255:lthtmlCropMarkHeight:=19.59839pt

:tex2html_wrap_indisplay5255:lthtmlCropMarkDepth:=8.3595pt:1ex:=4.30554pt
[358]

:tex2html_wrap_inline5257:lthtmlCropMarkHeight:=13.5pt

:tex2html_wrap_inline5257:lthtmlCropMarkDepth:=2.5pt:1ex:=4.30554pt
[359]

:tex2html_wrap_inline5259:lthtmlCropMarkHeight:=12.83331pt

:tex2html_wrap_inline5259:lthtmlCropMarkDepth:=1.49998pt:1ex:=4.30554pt
[360]

:tex2html_wrap_indisplay5261:lthtmlCropMarkHeight:=19.20952pt

:tex2html_wrap_indisplay5261:lthtmlCropMarkDepth:=6.85951pt:1ex:=4.30554pt
[361]

:tex2html_wrap_indisplay5265:lthtmlCropMarkHeight:=19.59839pt

:tex2html_wrap_indisplay5265:lthtmlCropMarkDepth:=8.3595pt:1ex:=4.30554pt
[362]

:tex2html_wrap_indisplay5269:lthtmlCropMarkHeight:=19.59839pt

:tex2html_wrap_indisplay5269:lthtmlCropMarkDepth:=8.3595pt:1ex:=4.30554pt
[363]

:tex2html_wrap_inline5271:lthtmlCropMarkHeight:=15.20636pt

:tex2html_wrap_inline5271:lthtmlCropMarkDepth:=1.49998pt:1ex:=4.30554pt
[364]

:tex2html_wrap_indisplay5273:lthtmlCropMarkHeight:=19.59839pt

:tex2html_wrap_indisplay5273:lthtmlCropMarkDepth:=9.35951pt:1ex:=4.30554pt
[365]

:tex2html_wrap_indisplay5275:lthtmlCropMarkHeight:=19.59839pt

:tex2html_wrap_indisplay5275:lthtmlCropMarkDepth:=9.35951pt:1ex:=4.30554pt
[366]

:tex2html_wrap_inline5277:lthtmlCropMarkHeight:=15.20636pt

:tex2html_wrap_inline5277:lthtmlCropMarkDepth:=1.49998pt:1ex:=4.30554pt
[367]

:tex2html_wrap_inline5293:lthtmlCropMarkHeight:=12.83331pt

:tex2html_wrap_inline5293:lthtmlCropMarkDepth:=0.0pt:1ex:=4.30554pt
[368]

:tex2html_wrap_indisplay5295:lthtmlCropMarkHeight:=20.5001pt

:tex2html_wrap_indisplay5295:lthtmlCropMarkDepth:=9.50012pt:1ex:=4.30554pt
[369]

:tex2html_wrap_indisplay5297:lthtmlCropMarkHeight:=12.83331pt

:tex2html_wrap_indisplay5297:lthtmlCropMarkDepth:=1.94444pt:1ex:=4.30554pt
[370]

:tex2html_wrap_indisplay5305:lthtmlCropMarkHeight:=12.83331pt

:tex2html_wrap_indisplay5305:lthtmlCropMarkDepth:=1.94444pt:1ex:=4.30554pt
[371]

:tex2html_wrap_indisplay5311:lthtmlCropMarkHeight:=20.5001pt

:tex2html_wrap_indisplay5311:lthtmlCropMarkDepth:=9.50012pt:1ex:=4.30554pt
[372]

:tex2html_wrap_indisplay5313:lthtmlCropMarkHeight:=12.83331pt

:tex2html_wrap_indisplay5313:lthtmlCropMarkDepth:=1.94444pt:1ex:=4.30554pt
[373]

:tex2html_wrap_inline5315:lthtmlCropMarkHeight:=12.83331pt

:tex2html_wrap_inline5315:lthtmlCropMarkDepth:=1.49998pt:1ex:=4.30554pt
[374]

:tex2html_wrap_inline5317:lthtmlCropMarkHeight:=12.83331pt

:tex2html_wrap_inline5317:lthtmlCropMarkDepth:=1.49998pt:1ex:=4.30554pt
[375]

:tex2html_wrap_inline5319:lthtmlCropMarkHeight:=12.83331pt

:tex2html_wrap_inline5319:lthtmlCropMarkDepth:=1.49998pt:1ex:=4.30554pt
[376]

:tex2html_wrap_indisplay5321:lthtmlCropMarkHeight:=12.83331pt

:tex2html_wrap_indisplay5321:lthtmlCropMarkDepth:=1.94444pt:1ex:=4.30554pt
[377]

:tex2html_wrap_inline5325:lthtmlCropMarkHeight:=12.83331pt

:tex2html_wrap_inline5325:lthtmlCropMarkDepth:=1.94444pt:1ex:=4.30554pt
[378]

:tex2html_wrap_inline5327:lthtmlCropMarkHeight:=12.83331pt

:tex2html_wrap_inline5327:lthtmlCropMarkDepth:=1.94444pt:1ex:=4.30554pt
[379]

:tex2html_wrap_inline5329:lthtmlCropMarkHeight:=12.83331pt

:tex2html_wrap_inline5329:lthtmlCropMarkDepth:=1.49998pt:1ex:=4.30554pt
[380]

:tex2html_wrap_indisplay5331:lthtmlCropMarkHeight:=12.83331pt

:tex2html_wrap_indisplay5331:lthtmlCropMarkDepth:=1.94444pt:1ex:=4.30554pt
[381]

:tex2html_wrap_indisplay5333:lthtmlCropMarkHeight:=20.5001pt

:tex2html_wrap_indisplay5333:lthtmlCropMarkDepth:=9.50012pt:1ex:=4.30554pt
[382]

:tex2html_wrap_indisplay5335:lthtmlCropMarkHeight:=22.53902pt

:tex2html_wrap_indisplay5335:lthtmlCropMarkDepth:=9.50012pt:1ex:=4.30554pt
[383]

:tex2html_wrap_indisplay5339:lthtmlCropMarkHeight:=13.5pt

:tex2html_wrap_indisplay5339:lthtmlCropMarkDepth:=2.5pt:1ex:=4.30554pt
[384]

:tex2html_wrap_indisplay5341:lthtmlCropMarkHeight:=13.5pt

:tex2html_wrap_indisplay5341:lthtmlCropMarkDepth:=2.5pt:1ex:=4.30554pt
[385]

:tex2html_wrap_inline5343:lthtmlCropMarkHeight:=12.83331pt

:tex2html_wrap_inline5343:lthtmlCropMarkDepth:=1.49998pt:1ex:=4.30554pt
[386]

:tex2html_wrap_inline5345:lthtmlCropMarkHeight:=12.83331pt

:tex2html_wrap_inline5345:lthtmlCropMarkDepth:=1.49998pt:1ex:=4.30554pt
[387]

:tex2html_wrap_inline5347:lthtmlCropMarkHeight:=13.5pt

:tex2html_wrap_inline5347:lthtmlCropMarkDepth:=2.5pt:1ex:=4.30554pt
[388]

:tex2html_wrap_indisplay5349:lthtmlCropMarkHeight:=20.5001pt

:tex2html_wrap_indisplay5349:lthtmlCropMarkDepth:=9.50012pt:1ex:=4.30554pt
[389]

:tex2html_wrap_indisplay5351:lthtmlCropMarkHeight:=12.83331pt

:tex2html_wrap_indisplay5351:lthtmlCropMarkDepth:=1.49998pt:1ex:=4.30554pt
[390]

:tex2html_wrap_indisplay5353:lthtmlCropMarkHeight:=12.83331pt

:tex2html_wrap_indisplay5353:lthtmlCropMarkDepth:=1.49998pt:1ex:=4.30554pt
[391]

:tex2html_wrap_indisplay5355:lthtmlCropMarkHeight:=20.5001pt

:tex2html_wrap_indisplay5355:lthtmlCropMarkDepth:=9.50012pt:1ex:=4.30554pt
[392]

:tex2html_wrap_inline5357:lthtmlCropMarkHeight:=12.83331pt

:tex2html_wrap_inline5357:lthtmlCropMarkDepth:=1.49998pt:1ex:=4.30554pt
[393]

:tex2html_wrap_indisplay5359:lthtmlCropMarkHeight:=20.5001pt

:tex2html_wrap_indisplay5359:lthtmlCropMarkDepth:=9.50012pt:1ex:=4.30554pt
[394]

:tex2html_wrap_indisplay5361:lthtmlCropMarkHeight:=13.5pt

:tex2html_wrap_indisplay5361:lthtmlCropMarkDepth:=2.5pt:1ex:=4.30554pt
[395]

:tex2html_wrap_indisplay5363:lthtmlCropMarkHeight:=13.5pt

:tex2html_wrap_indisplay5363:lthtmlCropMarkDepth:=2.5pt:1ex:=4.30554pt
[396]

:tex2html_wrap_indisplay5365:lthtmlCropMarkHeight:=20.5001pt

:tex2html_wrap_indisplay5365:lthtmlCropMarkDepth:=9.50012pt:1ex:=4.30554pt
[397]

:tex2html_wrap_inline5367:lthtmlCropMarkHeight:=14.14003pt

:tex2html_wrap_inline5367:lthtmlCropMarkDepth:=0.0pt:1ex:=4.30554pt
[398]

:tex2html_wrap_indisplay5369:lthtmlCropMarkHeight:=22.53902pt

:tex2html_wrap_indisplay5369:lthtmlCropMarkDepth:=9.50012pt:1ex:=4.30554pt
[399]

:tex2html_wrap_inline5372:lthtmlCropMarkHeight:=10.30554pt

:tex2html_wrap_inline5372:lthtmlCropMarkDepth:=1.49998pt:1ex:=4.30554pt
[400]

:tex2html_wrap_inline5376:lthtmlCropMarkHeight:=10.30554pt

:tex2html_wrap_inline5376:lthtmlCropMarkDepth:=1.49998pt:1ex:=4.30554pt
[401]

:tex2html_wrap_inline5378:lthtmlCropMarkHeight:=10.30554pt

:tex2html_wrap_inline5378:lthtmlCropMarkDepth:=1.49998pt:1ex:=4.30554pt
[402]

:tex2html_wrap_inline5382:lthtmlCropMarkHeight:=12.83331pt

:tex2html_wrap_inline5382:lthtmlCropMarkDepth:=1.49998pt:1ex:=4.30554pt
[403]

:tex2html_wrap_inline5384:lthtmlCropMarkHeight:=12.83331pt

:tex2html_wrap_inline5384:lthtmlCropMarkDepth:=0.0pt:1ex:=4.30554pt
[404]

:tex2html_wrap_inline5386:lthtmlCropMarkHeight:=10.30554pt

:tex2html_wrap_inline5386:lthtmlCropMarkDepth:=1.49998pt:1ex:=4.30554pt
[405]

:tex2html_wrap_inline5388:lthtmlCropMarkHeight:=10.30554pt

:tex2html_wrap_inline5388:lthtmlCropMarkDepth:=1.49998pt:1ex:=4.30554pt
[406]

:tex2html_wrap_inline5390:lthtmlCropMarkHeight:=12.83331pt

:tex2html_wrap_inline5390:lthtmlCropMarkDepth:=1.49998pt:1ex:=4.30554pt
[407]

:tex2html_wrap_inline5392:lthtmlCropMarkHeight:=12.83331pt

:tex2html_wrap_inline5392:lthtmlCropMarkDepth:=1.49998pt:1ex:=4.30554pt
[408]

:tex2html_wrap_inline5394:lthtmlCropMarkHeight:=12.94444pt

:tex2html_wrap_inline5394:lthtmlCropMarkDepth:=1.94444pt:1ex:=4.30554pt
[409]

:tex2html_wrap_inline5396:lthtmlCropMarkHeight:=12.59525pt

:tex2html_wrap_inline5396:lthtmlCropMarkDepth:=1.49998pt:1ex:=4.30554pt
[410]

:tex2html_wrap_inline5398:lthtmlCropMarkHeight:=12.59525pt

:tex2html_wrap_inline5398:lthtmlCropMarkDepth:=1.49998pt:1ex:=4.30554pt
[411]

:tex2html_wrap_inline5400:lthtmlCropMarkHeight:=12.83331pt

:tex2html_wrap_inline5400:lthtmlCropMarkDepth:=1.49998pt:1ex:=4.30554pt
[412]

:tex2html_wrap_inline5408:lthtmlCropMarkHeight:=13.5pt

:tex2html_wrap_inline5408:lthtmlCropMarkDepth:=2.5pt:1ex:=4.30554pt
[413]

:tex2html_wrap_inline5410:lthtmlCropMarkHeight:=12.83331pt

:tex2html_wrap_inline5410:lthtmlCropMarkDepth:=1.49998pt:1ex:=4.30554pt
[414]

:tex2html_wrap_inline5412:lthtmlCropMarkHeight:=12.83331pt

:tex2html_wrap_inline5412:lthtmlCropMarkDepth:=1.49998pt:1ex:=4.30554pt
[415]

:tex2html_wrap_indisplay5414:lthtmlCropMarkHeight:=19.59839pt

:tex2html_wrap_indisplay5414:lthtmlCropMarkDepth:=8.3595pt:1ex:=4.30554pt
[416]

:tex2html_wrap_indisplay5416:lthtmlCropMarkHeight:=19.59839pt

:tex2html_wrap_indisplay5416:lthtmlCropMarkDepth:=8.3595pt:1ex:=4.30554pt
[417]

:tex2html_wrap_inline5428:lthtmlCropMarkHeight:=12.83331pt

:tex2html_wrap_inline5428:lthtmlCropMarkDepth:=1.49998pt:1ex:=4.30554pt
[418]

:tex2html_wrap_indisplay5432:lthtmlCropMarkHeight:=19.70952pt

:tex2html_wrap_indisplay5432:lthtmlCropMarkDepth:=8.80396pt:1ex:=4.30554pt
[419]

:tex2html_wrap_inline5438:lthtmlCropMarkHeight:=12.83331pt

:tex2html_wrap_inline5438:lthtmlCropMarkDepth:=1.49998pt:1ex:=4.30554pt
[420]

:tex2html_wrap_inline5440:lthtmlCropMarkHeight:=10.30554pt

:tex2html_wrap_inline5440:lthtmlCropMarkDepth:=1.49998pt:1ex:=4.30554pt
[421]

:tex2html_wrap_indisplay5444:lthtmlCropMarkHeight:=20.26508pt

:tex2html_wrap_indisplay5444:lthtmlCropMarkDepth:=9.35951pt:1ex:=4.30554pt
[422]

:tex2html_wrap_inline5446:lthtmlCropMarkHeight:=10.30554pt

:tex2html_wrap_inline5446:lthtmlCropMarkDepth:=1.49998pt:1ex:=4.30554pt
[423]

:tex2html_wrap_inline5454:lthtmlCropMarkHeight:=12.83331pt

:tex2html_wrap_inline5454:lthtmlCropMarkDepth:=1.49998pt:1ex:=4.30554pt
[424]

:tex2html_wrap_inline5456:lthtmlCropMarkHeight:=10.30554pt

:tex2html_wrap_inline5456:lthtmlCropMarkDepth:=1.49998pt:1ex:=4.30554pt
[425]

:tex2html_wrap_inline5458:lthtmlCropMarkHeight:=12.83331pt

:tex2html_wrap_inline5458:lthtmlCropMarkDepth:=1.49998pt:1ex:=4.30554pt
[426]

:tex2html_wrap_indisplay5462:lthtmlCropMarkHeight:=19.70952pt

:tex2html_wrap_indisplay5462:lthtmlCropMarkDepth:=8.80396pt:1ex:=4.30554pt
[427]

:tex2html_wrap_inline5480:lthtmlCropMarkHeight:=12.83331pt

:tex2html_wrap_inline5480:lthtmlCropMarkDepth:=1.49998pt:1ex:=4.30554pt
[428]

:tex2html_wrap_inline5484:lthtmlCropMarkHeight:=13.5pt

:tex2html_wrap_inline5484:lthtmlCropMarkDepth:=2.5pt:1ex:=4.30554pt
[429]

:tex2html_wrap_inline5486:lthtmlCropMarkHeight:=13.5pt

:tex2html_wrap_inline5486:lthtmlCropMarkDepth:=2.5pt:1ex:=4.30554pt
[430]

:tex2html_wrap_indisplay5488:lthtmlCropMarkHeight:=19.59839pt

:tex2html_wrap_indisplay5488:lthtmlCropMarkDepth:=8.3595pt:1ex:=4.30554pt
[431]

:tex2html_wrap_inline5492:lthtmlCropMarkHeight:=13.5pt

:tex2html_wrap_inline5492:lthtmlCropMarkDepth:=2.5pt:1ex:=4.30554pt
[432]

:tex2html_wrap_inline5494:lthtmlCropMarkHeight:=12.83331pt

:tex2html_wrap_inline5494:lthtmlCropMarkDepth:=1.49998pt:1ex:=4.30554pt
[433]

:tex2html_wrap_inline5496:lthtmlCropMarkHeight:=12.83331pt

:tex2html_wrap_inline5496:lthtmlCropMarkDepth:=1.49998pt:1ex:=4.30554pt
[434]

:tex2html_wrap_indisplay5501:lthtmlCropMarkHeight:=10.30554pt

:tex2html_wrap_indisplay5501:lthtmlCropMarkDepth:=1.49998pt:1ex:=4.30554pt
[435]

:tex2html_wrap_indisplay5505:lthtmlCropMarkHeight:=17.07062pt

:tex2html_wrap_indisplay5505:lthtmlCropMarkDepth:=8.3595pt:1ex:=4.30554pt
[436]

:tex2html_wrap_indisplay5507:lthtmlCropMarkHeight:=12.83331pt

:tex2html_wrap_indisplay5507:lthtmlCropMarkDepth:=1.49998pt:1ex:=4.30554pt
[437]

:tex2html_wrap_indisplay5511:lthtmlCropMarkHeight:=19.59839pt

:tex2html_wrap_indisplay5511:lthtmlCropMarkDepth:=8.3595pt:1ex:=4.30554pt
[438]

:tex2html_wrap_indisplay5513:lthtmlCropMarkHeight:=12.83331pt

:tex2html_wrap_indisplay5513:lthtmlCropMarkDepth:=1.49998pt:1ex:=4.30554pt
[439]

:tex2html_wrap_indisplay5517:lthtmlCropMarkHeight:=19.59839pt

:tex2html_wrap_indisplay5517:lthtmlCropMarkDepth:=9.35951pt:1ex:=4.30554pt
[440]

:tex2html_wrap_inline5545:lthtmlCropMarkHeight:=10.30554pt

:tex2html_wrap_inline5545:lthtmlCropMarkDepth:=1.49998pt:1ex:=4.30554pt
[441]

:tex2html_wrap_indisplay5549:lthtmlCropMarkHeight:=19.59839pt

:tex2html_wrap_indisplay5549:lthtmlCropMarkDepth:=8.3595pt:1ex:=4.30554pt
[442]

:tex2html_wrap_indisplay5551:lthtmlCropMarkHeight:=19.59839pt

:tex2html_wrap_indisplay5551:lthtmlCropMarkDepth:=8.3595pt:1ex:=4.30554pt
[443]

:tex2html_wrap_indisplay5553:lthtmlCropMarkHeight:=19.59839pt

:tex2html_wrap_indisplay5553:lthtmlCropMarkDepth:=8.3595pt:1ex:=4.30554pt
[444]

:tex2html_wrap_inline5555:lthtmlCropMarkHeight:=12.83331pt

:tex2html_wrap_inline5555:lthtmlCropMarkDepth:=1.49998pt:1ex:=4.30554pt
[445]

:tex2html_wrap_inline5557:lthtmlCropMarkHeight:=12.83331pt

:tex2html_wrap_inline5557:lthtmlCropMarkDepth:=1.49998pt:1ex:=4.30554pt
[446]

:tex2html_wrap_inline5559:lthtmlCropMarkHeight:=12.59525pt

:tex2html_wrap_inline5559:lthtmlCropMarkDepth:=1.49998pt:1ex:=4.30554pt
[447]

:tex2html_wrap_indisplay5565:lthtmlCropMarkHeight:=13.5pt

:tex2html_wrap_indisplay5565:lthtmlCropMarkDepth:=2.5pt:1ex:=4.30554pt
[448]

:tex2html_wrap_indisplay5567:lthtmlCropMarkHeight:=13.5pt

:tex2html_wrap_indisplay5567:lthtmlCropMarkDepth:=2.5pt:1ex:=4.30554pt
[449]

:tex2html_wrap_indisplay5573:lthtmlCropMarkHeight:=19.59839pt

:tex2html_wrap_indisplay5573:lthtmlCropMarkDepth:=9.35951pt:1ex:=4.30554pt
[450]

:tex2html_wrap_indisplay5577:lthtmlCropMarkHeight:=17.07062pt

:tex2html_wrap_indisplay5577:lthtmlCropMarkDepth:=8.3595pt:1ex:=4.30554pt
[451]

:tex2html_wrap_indisplay5579:lthtmlCropMarkHeight:=20.26508pt

:tex2html_wrap_indisplay5579:lthtmlCropMarkDepth:=8.3595pt:1ex:=4.30554pt
[452]

:tex2html_wrap_inline5585:lthtmlCropMarkHeight:=12.83331pt

:tex2html_wrap_inline5585:lthtmlCropMarkDepth:=1.49998pt:1ex:=4.30554pt
[453]

:tex2html_wrap_indisplay5587:lthtmlCropMarkHeight:=17.56877pt

:tex2html_wrap_indisplay5587:lthtmlCropMarkDepth:=2.5pt:1ex:=4.30554pt
[454]

:tex2html_wrap_inline5591:lthtmlCropMarkHeight:=12.83331pt

:tex2html_wrap_inline5591:lthtmlCropMarkDepth:=1.49998pt:1ex:=4.30554pt
[455]

:tex2html_wrap_inline5597:lthtmlCropMarkHeight:=13.5pt

:tex2html_wrap_inline5597:lthtmlCropMarkDepth:=2.5pt:1ex:=4.30554pt
[456]

:tex2html_wrap_indisplay5601:lthtmlCropMarkHeight:=13.5pt

:tex2html_wrap_indisplay5601:lthtmlCropMarkDepth:=2.5pt:1ex:=4.30554pt
[457]

:tex2html_wrap_indisplay5603:lthtmlCropMarkHeight:=13.5pt

:tex2html_wrap_indisplay5603:lthtmlCropMarkDepth:=2.5pt:1ex:=4.30554pt
[458]

:tex2html_wrap_indisplay5609:lthtmlCropMarkHeight:=19.59839pt

:tex2html_wrap_indisplay5609:lthtmlCropMarkDepth:=9.35951pt:1ex:=4.30554pt
[459]

:tex2html_wrap_indisplay5611:lthtmlCropMarkHeight:=20.26508pt

:tex2html_wrap_indisplay5611:lthtmlCropMarkDepth:=8.3595pt:1ex:=4.30554pt
[460]

:tex2html_wrap_inline5623:lthtmlCropMarkHeight:=12.83331pt

:tex2html_wrap_inline5623:lthtmlCropMarkDepth:=1.49998pt:1ex:=4.30554pt
[461]

:tex2html_wrap_indisplay5627:lthtmlCropMarkHeight:=12.94444pt

:tex2html_wrap_indisplay5627:lthtmlCropMarkDepth:=1.94444pt:1ex:=4.30554pt
[462]

:tex2html_wrap_inline5639:lthtmlCropMarkHeight:=11.39098pt

:tex2html_wrap_inline5639:lthtmlCropMarkDepth:=1.49998pt:1ex:=4.30554pt
[463]

:tex2html_wrap_inline5641:lthtmlCropMarkHeight:=13.5pt

:tex2html_wrap_inline5641:lthtmlCropMarkDepth:=2.5pt:1ex:=4.30554pt
[464]

:tex2html_wrap_inline5643:lthtmlCropMarkHeight:=12.83331pt

:tex2html_wrap_inline5643:lthtmlCropMarkDepth:=1.49998pt:1ex:=4.30554pt
[465]

:tex2html_wrap_inline5649:lthtmlCropMarkHeight:=13.5pt

:tex2html_wrap_inline5649:lthtmlCropMarkDepth:=2.5pt:1ex:=4.30554pt
[466]

:tex2html_wrap_inline5659:lthtmlCropMarkHeight:=13.5pt

:tex2html_wrap_inline5659:lthtmlCropMarkDepth:=2.5pt:1ex:=4.30554pt
[467]

:tex2html_wrap_inline5661:lthtmlCropMarkHeight:=12.83331pt

:tex2html_wrap_inline5661:lthtmlCropMarkDepth:=1.49998pt:1ex:=4.30554pt
[468]

:tex2html_wrap_inline5663:lthtmlCropMarkHeight:=10.30554pt

:tex2html_wrap_inline5663:lthtmlCropMarkDepth:=1.49998pt:1ex:=4.30554pt
[469]

:tex2html_wrap_inline5665:lthtmlCropMarkHeight:=10.30554pt

:tex2html_wrap_inline5665:lthtmlCropMarkDepth:=1.49998pt:1ex:=4.30554pt
[470]

:tex2html_wrap_inline5667:lthtmlCropMarkHeight:=12.83331pt

:tex2html_wrap_inline5667:lthtmlCropMarkDepth:=1.49998pt:1ex:=4.30554pt
[471]

:tex2html_wrap_inline5669:lthtmlCropMarkHeight:=10.30554pt

:tex2html_wrap_inline5669:lthtmlCropMarkDepth:=1.49998pt:1ex:=4.30554pt
[472]

:tex2html_wrap_inline5671:lthtmlCropMarkHeight:=10.30554pt

:tex2html_wrap_inline5671:lthtmlCropMarkDepth:=1.49998pt:1ex:=4.30554pt
[473]

:tex2html_wrap_inline5679:lthtmlCropMarkHeight:=12.83331pt

:tex2html_wrap_inline5679:lthtmlCropMarkDepth:=2.86108pt:1ex:=4.30554pt
[474]

:tex2html_wrap_inline5699:lthtmlCropMarkHeight:=12.83331pt

:tex2html_wrap_inline5699:lthtmlCropMarkDepth:=1.49998pt:1ex:=4.30554pt
[475]

:tex2html_wrap_inline5701:lthtmlCropMarkHeight:=12.94444pt

:tex2html_wrap_inline5701:lthtmlCropMarkDepth:=1.49998pt:1ex:=4.30554pt
[476]

:tex2html_wrap_inline5703:lthtmlCropMarkHeight:=12.83331pt

:tex2html_wrap_inline5703:lthtmlCropMarkDepth:=1.49998pt:1ex:=4.30554pt
[477]

:tex2html_wrap_inline5705:lthtmlCropMarkHeight:=12.83331pt

:tex2html_wrap_inline5705:lthtmlCropMarkDepth:=1.49998pt:1ex:=4.30554pt
[478]

:tex2html_wrap_inline5707:lthtmlCropMarkHeight:=12.83331pt

:tex2html_wrap_inline5707:lthtmlCropMarkDepth:=1.49998pt:1ex:=4.30554pt
[479]

:tex2html_wrap_inline5709:lthtmlCropMarkHeight:=12.83331pt

:tex2html_wrap_inline5709:lthtmlCropMarkDepth:=1.49998pt:1ex:=4.30554pt
[480]

:tex2html_wrap_inline5711:lthtmlCropMarkHeight:=12.44444pt

:tex2html_wrap_inline5711:lthtmlCropMarkDepth:=1.49998pt:1ex:=4.30554pt
[481]
Package atveryend Info: Empty hook `BeforeClearDocument' on input line 3210.
Package atveryend Info: Empty hook `AfterLastShipout' on input line 3210.
(./images.aux)
Package atveryend Info: Executing hook `AtVeryEndDocument' on input line 3210.
Package atveryend Info: Executing hook `AtEndAfterFileList' on input line 3210.

Package rerunfilecheck Info: File `images.out' has not changed.
(rerunfilecheck)             Checksum: D41D8CD98F00B204E9800998ECF8427E;0.
Package atveryend Info: Empty hook `AtVeryVeryEnd' on input line 3210.
 ) 
Here is how much of TeX's memory you used:
 6751 strings out of 492616
 95350 string characters out of 6129481
 193366 words of memory out of 5000000
 10603 multiletter control sequences out of 15000+600000
 6266 words of font info for 25 fonts, out of 8000000 for 9000
 1141 hyphenation exceptions out of 8191
 35i,9n,35p,253b,341s stack positions out of 5000i,500n,10000p,200000b,80000s
</usr/local/texlive/2019/texmf-dist/fonts/type1/public/amsfonts/cm/cmbx10.pfb
></usr/local/texlive/2019/texmf-dist/fonts/type1/public/amsfonts/cm/cmex10.pfb>
</usr/local/texlive/2019/texmf-dist/fonts/type1/public/amsfonts/cm/cmmi10.pfb><
/usr/local/texlive/2019/texmf-dist/fonts/type1/public/amsfonts/cm/cmmi5.pfb></u
sr/local/texlive/2019/texmf-dist/fonts/type1/public/amsfonts/cm/cmmi7.pfb></usr
/local/texlive/2019/texmf-dist/fonts/type1/public/amsfonts/cm/cmr10.pfb></usr/l
ocal/texlive/2019/texmf-dist/fonts/type1/public/amsfonts/cm/cmr5.pfb></usr/loca
l/texlive/2019/texmf-dist/fonts/type1/public/amsfonts/cm/cmr7.pfb></usr/local/t
exlive/2019/texmf-dist/fonts/type1/public/amsfonts/cm/cmsy10.pfb></usr/local/te
xlive/2019/texmf-dist/fonts/type1/public/amsfonts/cm/cmsy7.pfb></usr/local/texl
ive/2019/texmf-dist/fonts/type1/public/amsfonts/symbols/msam10.pfb>
Output written on images.pdf (481 pages, 250284 bytes).
PDF statistics:
 1601 PDF objects out of 1728 (max. 8388607)
 1096 compressed objects within 11 object streams
 0 named destinations out of 1000 (max. 500000)
 1 words of extra memory for PDF output out of 10000 (max. 10000000)

