This is pdfTeX, Version 3.14159265-2.6-1.40.20 (TeX Live 2019) (preloaded format=pdflatex 2019.5.29)  1 SEP 2019 10:36
entering extended mode
 restricted \write18 enabled.
 %&-line parsing enabled.
**./images.tex
(./images.tex
LaTeX2e <2018-12-01>

(/usr/local/texlive/2019/texmf-dist/tex/latex/base/article.cls
Document Class: article 2018/09/03 v1.4i Standard LaTeX document class
(/usr/local/texlive/2019/texmf-dist/tex/latex/base/size10.clo
File: size10.clo 2018/09/03 v1.4i Standard LaTeX file (size option)
)
\c@part=\count80
\c@section=\count81
\c@subsection=\count82
\c@subsubsection=\count83
\c@paragraph=\count84
\c@subparagraph=\count85
\c@figure=\count86
\c@table=\count87
\abovecaptionskip=\skip41
\belowcaptionskip=\skip42
\bibindent=\dimen102
) (/usr/local/texlive/2019/texmf-dist/tex/latex/base/ifthen.sty
Package: ifthen 2014/09/29 v1.1c Standard LaTeX ifthen package (DPC)
) (/usr/local/texlive/2019/texmf-dist/tex/latex/amsmath/amsmath.sty
Package: amsmath 2018/12/01 v2.17b AMS math features
\@mathmargin=\skip43
For additional information on amsmath, use the `?' option.
(/usr/local/texlive/2019/texmf-dist/tex/latex/amsmath/amstext.sty
Package: amstext 2000/06/29 v2.01 AMS text
(/usr/local/texlive/2019/texmf-dist/tex/latex/amsmath/amsgen.sty
File: amsgen.sty 1999/11/30 v2.0 generic functions
\@emptytoks=\toks14
\ex@=\dimen103
)) (/usr/local/texlive/2019/texmf-dist/tex/latex/amsmath/amsbsy.sty
Package: amsbsy 1999/11/29 v1.2d Bold Symbols
\pmbraise@=\dimen104
) (/usr/local/texlive/2019/texmf-dist/tex/latex/amsmath/amsopn.sty
Package: amsopn 2016/03/08 v2.02 operator names
)
\inf@bad=\count88
LaTeX Info: Redefining \frac on input line 223.
\uproot@=\count89
\leftroot@=\count90
LaTeX Info: Redefining \overline on input line 385.
\classnum@=\count91
\DOTSCASE@=\count92
LaTeX Info: Redefining \ldots on input line 482.
LaTeX Info: Redefining \dots on input line 485.
LaTeX Info: Redefining \cdots on input line 606.
\Mathstrutbox@=\box27
\strutbox@=\box28
\big@size=\dimen105
LaTeX Font Info:    Redeclaring font encoding OML on input line 729.
LaTeX Font Info:    Redeclaring font encoding OMS on input line 730.
\macc@depth=\count93
\c@MaxMatrixCols=\count94
\dotsspace@=\muskip10
\c@parentequation=\count95
\dspbrk@lvl=\count96
\tag@help=\toks15
\row@=\count97
\column@=\count98
\maxfields@=\count99
\andhelp@=\toks16
\eqnshift@=\dimen106
\alignsep@=\dimen107
\tagshift@=\dimen108
\tagwidth@=\dimen109
\totwidth@=\dimen110
\lineht@=\dimen111
\@envbody=\toks17
\multlinegap=\skip44
\multlinetaggap=\skip45
\mathdisplay@stack=\toks18
LaTeX Info: Redefining \[ on input line 2844.
LaTeX Info: Redefining \] on input line 2845.
) (/usr/local/texlive/2019/texmf-dist/tex/latex/amsfonts/amssymb.sty
Package: amssymb 2013/01/14 v3.01 AMS font symbols
(/usr/local/texlive/2019/texmf-dist/tex/latex/amsfonts/amsfonts.sty
Package: amsfonts 2013/01/14 v3.01 Basic AMSFonts support
\symAMSa=\mathgroup4
\symAMSb=\mathgroup5
LaTeX Font Info:    Overwriting math alphabet `\mathfrak' in version `bold'
(Font)                  U/euf/m/n --> U/euf/b/n on input line 106.
)) (/usr/local/texlive/2019/texmf-dist/tex/latex/graphics/graphics.sty
Package: graphics 2017/06/25 v1.2c Standard LaTeX Graphics (DPC,SPQR)
(/usr/local/texlive/2019/texmf-dist/tex/latex/graphics/trig.sty
Package: trig 2016/01/03 v1.10 sin cos tan (DPC)
) (/usr/local/texlive/2019/texmf-dist/tex/latex/graphics-cfg/graphics.cfg
File: graphics.cfg 2016/06/04 v1.11 sample graphics configuration
)
Package graphics Info: Driver file: pdftex.def on input line 99.
(/usr/local/texlive/2019/texmf-dist/tex/latex/graphics-def/pdftex.def
File: pdftex.def 2018/01/08 v1.0l Graphics/color driver for pdftex
)) (/usr/local/texlive/2019/texmf-dist/tex/latex/comment/comment.sty
\CommentStream=\write3
Excluding comment 'comment') (/usr/local/texlive/texmf-local/tex/latex/html/htm
l.sty (/usr/local/texlive/2019/texmf-dist/tex/latex/hyperref/hyperref.sty
Package: hyperref 2018/11/30 v6.88e Hypertext links for LaTeX
(/usr/local/texlive/2019/texmf-dist/tex/generic/oberdiek/hobsub-hyperref.sty
Package: hobsub-hyperref 2016/05/16 v1.14 Bundle oberdiek, subset hyperref (HO)

(/usr/local/texlive/2019/texmf-dist/tex/generic/oberdiek/hobsub-generic.sty
Package: hobsub-generic 2016/05/16 v1.14 Bundle oberdiek, subset generic (HO)
Package: hobsub 2016/05/16 v1.14 Construct package bundles (HO)
Package: infwarerr 2016/05/16 v1.4 Providing info/warning/error messages (HO)
Package: ltxcmds 2016/05/16 v1.23 LaTeX kernel commands for general use (HO)
Package: ifluatex 2016/05/16 v1.4 Provides the ifluatex switch (HO)
Package ifluatex Info: LuaTeX not detected.
Package: ifvtex 2016/05/16 v1.6 Detect VTeX and its facilities (HO)
Package ifvtex Info: VTeX not detected.
Package: intcalc 2016/05/16 v1.2 Expandable calculations with integers (HO)
Package: ifpdf 2018/09/07 v3.3 Provides the ifpdf switch
Package: etexcmds 2016/05/16 v1.6 Avoid name clashes with e-TeX commands (HO)
Package: kvsetkeys 2016/05/16 v1.17 Key value parser (HO)
Package: kvdefinekeys 2016/05/16 v1.4 Define keys (HO)
Package: pdftexcmds 2018/09/10 v0.29 Utility functions of pdfTeX for LuaTeX (HO
)
Package pdftexcmds Info: LuaTeX not detected.
Package pdftexcmds Info: \pdf@primitive is available.
Package pdftexcmds Info: \pdf@ifprimitive is available.
Package pdftexcmds Info: \pdfdraftmode found.
Package: pdfescape 2016/05/16 v1.14 Implements pdfTeX's escape features (HO)
Package: bigintcalc 2016/05/16 v1.4 Expandable calculations on big integers (HO
)
Package: bitset 2016/05/16 v1.2 Handle bit-vector datatype (HO)
Package: uniquecounter 2016/05/16 v1.3 Provide unlimited unique counter (HO)
)
Package hobsub Info: Skipping package `hobsub' (already loaded).
Package: letltxmacro 2016/05/16 v1.5 Let assignment for LaTeX macros (HO)
Package: hopatch 2016/05/16 v1.3 Wrapper for package hooks (HO)
Package: xcolor-patch 2016/05/16 xcolor patch
Package: atveryend 2016/05/16 v1.9 Hooks at the very end of document (HO)
Package atveryend Info: \enddocument detected (standard20110627).
Package: atbegshi 2016/06/09 v1.18 At begin shipout hook (HO)
Package: refcount 2016/05/16 v3.5 Data extraction from label references (HO)
Package: hycolor 2016/05/16 v1.8 Color options for hyperref/bookmark (HO)
) (/usr/local/texlive/2019/texmf-dist/tex/latex/graphics/keyval.sty
Package: keyval 2014/10/28 v1.15 key=value parser (DPC)
\KV@toks@=\toks19
) (/usr/local/texlive/2019/texmf-dist/tex/generic/ifxetex/ifxetex.sty
Package: ifxetex 2010/09/12 v0.6 Provides ifxetex conditional
) (/usr/local/texlive/2019/texmf-dist/tex/latex/oberdiek/auxhook.sty
Package: auxhook 2016/05/16 v1.4 Hooks for auxiliary files (HO)
) (/usr/local/texlive/2019/texmf-dist/tex/latex/oberdiek/kvoptions.sty
Package: kvoptions 2016/05/16 v3.12 Key value format for package options (HO)
)
\@linkdim=\dimen112
\Hy@linkcounter=\count100
\Hy@pagecounter=\count101
(/usr/local/texlive/2019/texmf-dist/tex/latex/hyperref/pd1enc.def
File: pd1enc.def 2018/11/30 v6.88e Hyperref: PDFDocEncoding definition (HO)
Now handling font encoding PD1 ...
... no UTF-8 mapping file for font encoding PD1
)
\Hy@SavedSpaceFactor=\count102
(/usr/local/texlive/2019/texmf-dist/tex/latex/latexconfig/hyperref.cfg
File: hyperref.cfg 2002/06/06 v1.2 hyperref configuration of TeXLive
)
Package hyperref Info: Hyper figures OFF on input line 4519.
Package hyperref Info: Link nesting OFF on input line 4524.
Package hyperref Info: Hyper index ON on input line 4527.
Package hyperref Info: Plain pages OFF on input line 4534.
Package hyperref Info: Backreferencing OFF on input line 4539.
Package hyperref Info: Implicit mode ON; LaTeX internals redefined.
Package hyperref Info: Bookmarks ON on input line 4772.
\c@Hy@tempcnt=\count103
(/usr/local/texlive/2019/texmf-dist/tex/latex/url/url.sty
\Urlmuskip=\muskip11
Package: url 2013/09/16  ver 3.4  Verb mode for urls, etc.
)
LaTeX Info: Redefining \url on input line 5125.
\XeTeXLinkMargin=\dimen113
\Fld@menulength=\count104
\Field@Width=\dimen114
\Fld@charsize=\dimen115
Package hyperref Info: Hyper figures OFF on input line 6380.
Package hyperref Info: Link nesting OFF on input line 6385.
Package hyperref Info: Hyper index ON on input line 6388.
Package hyperref Info: backreferencing OFF on input line 6395.
Package hyperref Info: Link coloring OFF on input line 6400.
Package hyperref Info: Link coloring with OCG OFF on input line 6405.
Package hyperref Info: PDF/A mode OFF on input line 6410.
LaTeX Info: Redefining \ref on input line 6450.
LaTeX Info: Redefining \pageref on input line 6454.
\Hy@abspage=\count105
\c@Item=\count106
\c@Hfootnote=\count107
)
Package hyperref Info: Driver: hpdftex.
(/usr/local/texlive/2019/texmf-dist/tex/latex/hyperref/hpdftex.def
File: hpdftex.def 2018/11/30 v6.88e Hyperref driver for pdfTeX
\Fld@listcount=\count108
\c@bookmark@seq@number=\count109
(/usr/local/texlive/2019/texmf-dist/tex/latex/oberdiek/rerunfilecheck.sty
Package: rerunfilecheck 2016/05/16 v1.8 Rerun checks for auxiliary files (HO)
Package uniquecounter Info: New unique counter `rerunfilecheck' on input line 2
82.
)
\Hy@SectionHShift=\skip46
)
Package: html 1999/07/19 v1.38 hypertext commands for latex2html (nd, hws, rrm)

\c@lpart=\count110
\c@lchapter=\count111
\c@chapter=\count112
\c@lsection=\count113
\c@lsubsection=\count114
\c@lsubsubsection=\count115
\c@lparagraph=\count116
\c@lsubparagraph=\count117
\c@lsubsubparagraph=\count118
\ptrfile=\write4
) (/usr/local/texlive/2019/texmf-dist/tex/latex/base/makeidx.sty
Package: makeidx 2014/09/29 v1.0m Standard LaTeX package
) (/usr/local/texlive/2019/texmf-dist/tex/latex/xcolor/xcolor.sty
Package: xcolor 2016/05/11 v2.12 LaTeX color extensions (UK)
(/usr/local/texlive/2019/texmf-dist/tex/latex/graphics-cfg/color.cfg
File: color.cfg 2016/01/02 v1.6 sample color configuration
)
Package xcolor Info: Driver file: pdftex.def on input line 225.
Package xcolor Info: Model `cmy' substituted by `cmy0' on input line 1348.
Package xcolor Info: Model `hsb' substituted by `rgb' on input line 1352.
Package xcolor Info: Model `RGB' extended on input line 1364.
Package xcolor Info: Model `HTML' substituted by `rgb' on input line 1366.
Package xcolor Info: Model `Hsb' substituted by `hsb' on input line 1367.
Package xcolor Info: Model `tHsb' substituted by `hsb' on input line 1368.
Package xcolor Info: Model `HSB' substituted by `hsb' on input line 1369.
Package xcolor Info: Model `Gray' substituted by `gray' on input line 1370.
Package xcolor Info: Model `wave' substituted by `hsb' on input line 1371.
) (/usr/local/texlive/2019/texmf-dist/tex/latex/base/inputenc.sty
Package: inputenc 2018/08/11 v1.3c Input encoding file
\inpenc@prehook=\toks20
\inpenc@posthook=\toks21
)
\sizebox=\box29
\lthtmlwrite=\write5
(/usr/local/texlive/2019/texmf-dist/tex/latex/preview/preview.sty
Package: preview 2017/04/24 11.91 (AUCTeX/preview-latex)
(/usr/local/texlive/2019/texmf-dist/tex/generic/luatex85/luatex85.sty
Package: luatex85 2016/06/15 v1.4 pdftex aliases for luatex
) (/usr/local/texlive/2019/texmf-dist/tex/latex/preview/prtightpage.def
\PreviewBorder=\dimen116
)
\pr@snippet=\count119
\pr@box=\box30
\pr@output=\toks22
)
\lthtmlPageBox=\box31
\lthtmlCropMarkHeight=\dimen117
\lthtmlCropMarkDepth=\dimen118
! Too many }'s.
l.69 ...preview}\copy\lthtmlPageBox\end{preview}}}
                                                  %
You've closed more groups than you opened.
Such booboos are generally harmless, so keep going.

(./images.aux)
\openout1 = `images.aux'.

LaTeX Font Info:    Checking defaults for OML/cmm/m/it on input line 114.
LaTeX Font Info:    ... okay on input line 114.
LaTeX Font Info:    Checking defaults for T1/cmr/m/n on input line 114.
LaTeX Font Info:    ... okay on input line 114.
LaTeX Font Info:    Checking defaults for OT1/cmr/m/n on input line 114.
LaTeX Font Info:    ... okay on input line 114.
LaTeX Font Info:    Checking defaults for OMS/cmsy/m/n on input line 114.
LaTeX Font Info:    ... okay on input line 114.
LaTeX Font Info:    Checking defaults for OMX/cmex/m/n on input line 114.
LaTeX Font Info:    ... okay on input line 114.
LaTeX Font Info:    Checking defaults for U/cmr/m/n on input line 114.
LaTeX Font Info:    ... okay on input line 114.
LaTeX Font Info:    Checking defaults for PD1/pdf/m/n on input line 114.
LaTeX Font Info:    ... okay on input line 114.
(/usr/local/texlive/2019/texmf-dist/tex/context/base/mkii/supp-pdf.mkii
[Loading MPS to PDF converter (version 2006.09.02).]
\scratchcounter=\count120
\scratchdimen=\dimen119
\scratchbox=\box32
\nofMPsegments=\count121
\nofMParguments=\count122
\everyMPshowfont=\toks23
\MPscratchCnt=\count123
\MPscratchDim=\dimen120
\MPnumerator=\count124
\makeMPintoPDFobject=\count125
\everyMPtoPDFconversion=\toks24
) (/usr/local/texlive/2019/texmf-dist/tex/latex/oberdiek/epstopdf-base.sty
Package: epstopdf-base 2016/05/15 v2.6 Base part for package epstopdf
(/usr/local/texlive/2019/texmf-dist/tex/latex/oberdiek/grfext.sty
Package: grfext 2016/05/16 v1.2 Manage graphics extensions (HO)
)
Package epstopdf-base Info: Redefining graphics rule for `.eps' on input line 4
38.
Package grfext Info: Graphics extension search list:
(grfext)             [.pdf,.png,.jpg,.mps,.jpeg,.jbig2,.jb2,.PDF,.PNG,.JPG,.JPE
G,.JBIG2,.JB2,.eps]
(grfext)             \AppendGraphicsExtensions on input line 456.
(/usr/local/texlive/2019/texmf-dist/tex/latex/latexconfig/epstopdf-sys.cfg
File: epstopdf-sys.cfg 2010/07/13 v1.3 Configuration of (r)epstopdf for TeX Liv
e
))
\AtBeginShipoutBox=\box33
Package hyperref Info: Link coloring OFF on input line 114.
(/usr/local/texlive/2019/texmf-dist/tex/latex/hyperref/nameref.sty
Package: nameref 2016/05/21 v2.44 Cross-referencing by name of section
(/usr/local/texlive/2019/texmf-dist/tex/generic/oberdiek/gettitlestring.sty
Package: gettitlestring 2016/05/16 v1.5 Cleanup title references (HO)
)
\c@section@level=\count126
)
LaTeX Info: Redefining \ref on input line 114.
LaTeX Info: Redefining \pageref on input line 114.
LaTeX Info: Redefining \nameref on input line 114.
(./images.out) (./images.out)
\@outlinefile=\write6
\openout6 = `images.out'.

Preview: Fontsize 10pt
Preview: PDFoutput 1

latex2htmlLength hsize=349.0pt

latex2htmlLength vsize=633.0pt

latex2htmlLength hoffset=0.0pt

latex2htmlLength voffset=0.0pt

latex2htmlLength topmargin=0.0pt

latex2htmlLength topskip=0.00003pt

latex2htmlLength headheight=0.0pt

latex2htmlLength headsep=0.0pt

latex2htmlLength parskip=0.0pt plus 1.0pt

latex2htmlLength oddsidemargin=62.0pt

latex2htmlLength evensidemargin=62.0pt

LaTeX Font Info:    Try loading font information for U+msa on input line 139.
(/usr/local/texlive/2019/texmf-dist/tex/latex/amsfonts/umsa.fd
File: umsa.fd 2013/01/14 v3.01 AMS symbols A
)
LaTeX Font Info:    Try loading font information for U+msb on input line 139.
(/usr/local/texlive/2019/texmf-dist/tex/latex/amsfonts/umsb.fd
File: umsb.fd 2013/01/14 v3.01 AMS symbols B
)

:tex2html_wrap_inline1491:lthtmlCropMarkHeight:=13.96227pt

:tex2html_wrap_inline1491:lthtmlCropMarkDepth:=0.83333pt:1ex:=4.30554pt
Preview: Tightpage -32891 -32891 32891 32891
[1{/usr/local/texlive/2019/texmf-var/fonts/map/pdftex/updmap/pdftex.map}]

:tex2html_wrap_inline1493:lthtmlCropMarkHeight:=12.83331pt

:tex2html_wrap_inline1493:lthtmlCropMarkDepth:=1.49998pt:1ex:=4.30554pt
[2]

:tex2html_wrap_inline1495:lthtmlCropMarkHeight:=12.83331pt

:tex2html_wrap_inline1495:lthtmlCropMarkDepth:=1.49998pt:1ex:=4.30554pt
[3]

:tex2html_wrap_inline1497:lthtmlCropMarkHeight:=10.30554pt

:tex2html_wrap_inline1497:lthtmlCropMarkDepth:=1.49998pt:1ex:=4.30554pt
[4]

:tex2html_wrap_inline1499:lthtmlCropMarkHeight:=10.30554pt

:tex2html_wrap_inline1499:lthtmlCropMarkDepth:=1.49998pt:1ex:=4.30554pt
[5]

:tex2html_wrap_inline1501:lthtmlCropMarkHeight:=14.14003pt

:tex2html_wrap_inline1501:lthtmlCropMarkDepth:=0.0pt:1ex:=4.30554pt
[6]

:tex2html_wrap_inline1503:lthtmlCropMarkHeight:=13.96227pt

:tex2html_wrap_inline1503:lthtmlCropMarkDepth:=0.0pt:1ex:=4.30554pt
[7]

:tex2html_wrap_inline1505:lthtmlCropMarkHeight:=10.30554pt

:tex2html_wrap_inline1505:lthtmlCropMarkDepth:=1.49998pt:1ex:=4.30554pt
[8]

:tex2html_wrap_inline1507:lthtmlCropMarkHeight:=12.44444pt

:tex2html_wrap_inline1507:lthtmlCropMarkDepth:=1.49998pt:1ex:=4.30554pt
[9]

:tex2html_wrap_inline1509:lthtmlCropMarkHeight:=12.83331pt

:tex2html_wrap_inline1509:lthtmlCropMarkDepth:=1.49998pt:1ex:=4.30554pt
[10]

:tex2html_wrap_inline1511:lthtmlCropMarkHeight:=12.83331pt

:tex2html_wrap_inline1511:lthtmlCropMarkDepth:=1.49998pt:1ex:=4.30554pt
[11]

:tex2html_wrap_inline1515:lthtmlCropMarkHeight:=12.83331pt

:tex2html_wrap_inline1515:lthtmlCropMarkDepth:=0.0pt:1ex:=4.30554pt
[12]

:tex2html_wrap_inline1519:lthtmlCropMarkHeight:=14.14003pt

:tex2html_wrap_inline1519:lthtmlCropMarkDepth:=0.0pt:1ex:=4.30554pt
[13]

:tex2html_wrap_inline1521:lthtmlCropMarkHeight:=12.83331pt

:tex2html_wrap_inline1521:lthtmlCropMarkDepth:=0.0pt:1ex:=4.30554pt
[14]

:tex2html_wrap_inline1525:lthtmlCropMarkHeight:=12.83331pt

:tex2html_wrap_inline1525:lthtmlCropMarkDepth:=0.0pt:1ex:=4.30554pt
[15]

:tex2html_wrap_inline1527:lthtmlCropMarkHeight:=12.83331pt

:tex2html_wrap_inline1527:lthtmlCropMarkDepth:=0.0pt:1ex:=4.30554pt
[16]

:tex2html_wrap_inline1529:lthtmlCropMarkHeight:=13.96227pt

:tex2html_wrap_inline1529:lthtmlCropMarkDepth:=0.0pt:1ex:=4.30554pt
[17]

:tex2html_wrap_inline1531:lthtmlCropMarkHeight:=13.96227pt

:tex2html_wrap_inline1531:lthtmlCropMarkDepth:=0.0pt:1ex:=4.30554pt
[18]

:tex2html_wrap_indisplay1533:lthtmlCropMarkHeight:=19.20952pt

:tex2html_wrap_indisplay1533:lthtmlCropMarkDepth:=6.85951pt:1ex:=4.30554pt
[19]

:tex2html_wrap_inline1535:lthtmlCropMarkHeight:=12.83331pt

:tex2html_wrap_inline1535:lthtmlCropMarkDepth:=1.49998pt:1ex:=4.30554pt
[20]

:tex2html_wrap_inline1537:lthtmlCropMarkHeight:=12.83331pt

:tex2html_wrap_inline1537:lthtmlCropMarkDepth:=1.49998pt:1ex:=4.30554pt
[21]

:tex2html_wrap_inline1539:lthtmlCropMarkHeight:=12.83331pt

:tex2html_wrap_inline1539:lthtmlCropMarkDepth:=1.49998pt:1ex:=4.30554pt
[22]

:tex2html_wrap_inline1541:lthtmlCropMarkHeight:=12.83331pt

:tex2html_wrap_inline1541:lthtmlCropMarkDepth:=1.49998pt:1ex:=4.30554pt
[23]

:tex2html_wrap_indisplay1545:lthtmlCropMarkHeight:=20.5001pt

:tex2html_wrap_indisplay1545:lthtmlCropMarkDepth:=9.50012pt:1ex:=4.30554pt
[24]

:tex2html_wrap_inline1547:lthtmlCropMarkHeight:=13.96227pt

:tex2html_wrap_inline1547:lthtmlCropMarkDepth:=2.5pt:1ex:=4.30554pt
[25]

:tex2html_wrap_inline1549:lthtmlCropMarkHeight:=12.83331pt

:tex2html_wrap_inline1549:lthtmlCropMarkDepth:=1.49998pt:1ex:=4.30554pt
[26]

:tex2html_wrap_inline1551:lthtmlCropMarkHeight:=12.83331pt

:tex2html_wrap_inline1551:lthtmlCropMarkDepth:=1.49998pt:1ex:=4.30554pt
[27]

:tex2html_wrap_inline1553:lthtmlCropMarkHeight:=14.14003pt

:tex2html_wrap_inline1553:lthtmlCropMarkDepth:=0.39098pt:1ex:=4.30554pt
[28]

:tex2html_wrap_inline1555:lthtmlCropMarkHeight:=13.96227pt

:tex2html_wrap_inline1555:lthtmlCropMarkDepth:=2.5pt:1ex:=4.30554pt
[29]

:tex2html_wrap_inline1557:lthtmlCropMarkHeight:=13.96227pt

:tex2html_wrap_inline1557:lthtmlCropMarkDepth:=0.0pt:1ex:=4.30554pt
[30]

:tex2html_wrap_inline1559:lthtmlCropMarkHeight:=13.96227pt

:tex2html_wrap_inline1559:lthtmlCropMarkDepth:=0.0pt:1ex:=4.30554pt
[31]

:tex2html_wrap_inline1561:lthtmlCropMarkHeight:=13.96227pt

:tex2html_wrap_inline1561:lthtmlCropMarkDepth:=0.0pt:1ex:=4.30554pt
[32]

:tex2html_wrap_inline1565:lthtmlCropMarkHeight:=13.96227pt

:tex2html_wrap_inline1565:lthtmlCropMarkDepth:=2.5pt:1ex:=4.30554pt
[33]

:tex2html_wrap_inline1575:lthtmlCropMarkHeight:=10.30554pt

:tex2html_wrap_inline1575:lthtmlCropMarkDepth:=1.49998pt:1ex:=4.30554pt
[34]

:tex2html_wrap_inline1577:lthtmlCropMarkHeight:=12.83331pt

:tex2html_wrap_inline1577:lthtmlCropMarkDepth:=1.49998pt:1ex:=4.30554pt
[35]

:tex2html_wrap_inline1579:lthtmlCropMarkHeight:=12.83331pt

:tex2html_wrap_inline1579:lthtmlCropMarkDepth:=1.49998pt:1ex:=4.30554pt
[36]

:tex2html_wrap_inline1581:lthtmlCropMarkHeight:=12.83331pt

:tex2html_wrap_inline1581:lthtmlCropMarkDepth:=1.49998pt:1ex:=4.30554pt
[37]

:tex2html_wrap_inline1601:lthtmlCropMarkHeight:=13.96227pt

:tex2html_wrap_inline1601:lthtmlCropMarkDepth:=2.5pt:1ex:=4.30554pt
[38]

:tex2html_wrap_indisplay1605:lthtmlCropMarkHeight:=14.46227pt

:tex2html_wrap_indisplay1605:lthtmlCropMarkDepth:=2.5pt:1ex:=4.30554pt
[39]

:tex2html_wrap_inline1607:lthtmlCropMarkHeight:=12.59525pt

:tex2html_wrap_inline1607:lthtmlCropMarkDepth:=1.49998pt:1ex:=4.30554pt
[40]

:tex2html_wrap_indisplay1609:lthtmlCropMarkHeight:=17.07062pt

:tex2html_wrap_indisplay1609:lthtmlCropMarkDepth:=8.3595pt:1ex:=4.30554pt
[41]

:tex2html_wrap_indisplay1613:lthtmlCropMarkHeight:=14.46227pt

:tex2html_wrap_indisplay1613:lthtmlCropMarkDepth:=2.5pt:1ex:=4.30554pt
[42]

:tex2html_wrap_indisplay1615:lthtmlCropMarkHeight:=19.59839pt

:tex2html_wrap_indisplay1615:lthtmlCropMarkDepth:=9.35951pt:1ex:=4.30554pt
[43]

:tex2html_wrap_inline1617:lthtmlCropMarkHeight:=13.5pt

:tex2html_wrap_inline1617:lthtmlCropMarkDepth:=2.5pt:1ex:=4.30554pt
[44]

:tex2html_wrap_inline1619:lthtmlCropMarkHeight:=12.83331pt

:tex2html_wrap_inline1619:lthtmlCropMarkDepth:=0.39098pt:1ex:=4.30554pt
[45]

:tex2html_wrap_indisplay1621:lthtmlCropMarkHeight:=10.8312pt

:tex2html_wrap_indisplay1621:lthtmlCropMarkDepth:=1.49998pt:1ex:=4.30554pt
[46]

:tex2html_wrap_inline1625:lthtmlCropMarkHeight:=13.96227pt

:tex2html_wrap_inline1625:lthtmlCropMarkDepth:=1.49998pt:1ex:=4.30554pt
[47]

:tex2html_wrap_indisplay1627:lthtmlCropMarkHeight:=20.72734pt

:tex2html_wrap_indisplay1627:lthtmlCropMarkDepth:=9.50012pt:1ex:=4.30554pt
[48]

:tex2html_wrap_inline1629:lthtmlCropMarkHeight:=10.8312pt

:tex2html_wrap_inline1629:lthtmlCropMarkDepth:=1.49998pt:1ex:=4.30554pt
[49]

:tex2html_wrap_indisplay1631:lthtmlCropMarkHeight:=20.5001pt

:tex2html_wrap_indisplay1631:lthtmlCropMarkDepth:=9.50012pt:1ex:=4.30554pt
[50]

:tex2html_wrap_inline1633:lthtmlCropMarkHeight:=12.83331pt

:tex2html_wrap_inline1633:lthtmlCropMarkDepth:=1.49998pt:1ex:=4.30554pt
[51]

:tex2html_wrap_inline1635:lthtmlCropMarkHeight:=12.83331pt

:tex2html_wrap_inline1635:lthtmlCropMarkDepth:=1.49998pt:1ex:=4.30554pt
[52]

:tex2html_wrap_inline1637:lthtmlCropMarkHeight:=14.14003pt

:tex2html_wrap_inline1637:lthtmlCropMarkDepth:=0.0pt:1ex:=4.30554pt
[53]

:tex2html_wrap_inline1639:lthtmlCropMarkHeight:=13.5pt

:tex2html_wrap_inline1639:lthtmlCropMarkDepth:=2.5pt:1ex:=4.30554pt
[54]

:tex2html_wrap_inline1641:lthtmlCropMarkHeight:=14.14003pt

:tex2html_wrap_inline1641:lthtmlCropMarkDepth:=0.0pt:1ex:=4.30554pt
[55]

:tex2html_wrap_inline1643:lthtmlCropMarkHeight:=12.83331pt

:tex2html_wrap_inline1643:lthtmlCropMarkDepth:=1.49998pt:1ex:=4.30554pt
[56]

:tex2html_wrap_inline1645:lthtmlCropMarkHeight:=12.83331pt

:tex2html_wrap_inline1645:lthtmlCropMarkDepth:=1.49998pt:1ex:=4.30554pt
[57]

:tex2html_wrap_inline1647:lthtmlCropMarkHeight:=12.83331pt

:tex2html_wrap_inline1647:lthtmlCropMarkDepth:=1.49998pt:1ex:=4.30554pt
[58]

:tex2html_wrap_inline1649:lthtmlCropMarkHeight:=12.83331pt

:tex2html_wrap_inline1649:lthtmlCropMarkDepth:=1.49998pt:1ex:=4.30554pt
[59]

:tex2html_wrap_indisplay1653:lthtmlCropMarkHeight:=20.5001pt

:tex2html_wrap_indisplay1653:lthtmlCropMarkDepth:=9.50012pt:1ex:=4.30554pt
[60]

:tex2html_wrap_inline1657:lthtmlCropMarkHeight:=13.5pt

:tex2html_wrap_inline1657:lthtmlCropMarkDepth:=2.5pt:1ex:=4.30554pt
[61]

:tex2html_wrap_indisplay1671:lthtmlCropMarkHeight:=20.5001pt

:tex2html_wrap_indisplay1671:lthtmlCropMarkDepth:=9.50012pt:1ex:=4.30554pt
[62]

:tex2html_wrap_inline1675:lthtmlCropMarkHeight:=10.8312pt

:tex2html_wrap_inline1675:lthtmlCropMarkDepth:=1.49998pt:1ex:=4.30554pt
[63]

:tex2html_wrap_inline1677:lthtmlCropMarkHeight:=12.83331pt

:tex2html_wrap_inline1677:lthtmlCropMarkDepth:=1.49998pt:1ex:=4.30554pt
[64]

:tex2html_wrap_inline1679:lthtmlCropMarkHeight:=13.5pt

:tex2html_wrap_inline1679:lthtmlCropMarkDepth:=2.5pt:1ex:=4.30554pt
[65]

:tex2html_wrap_inline1681:lthtmlCropMarkHeight:=13.5pt

:tex2html_wrap_inline1681:lthtmlCropMarkDepth:=2.5pt:1ex:=4.30554pt
[66]

:tex2html_wrap_inline1683:lthtmlCropMarkHeight:=13.5pt

:tex2html_wrap_inline1683:lthtmlCropMarkDepth:=2.5pt:1ex:=4.30554pt
[67]

:tex2html_wrap_inline1685:lthtmlCropMarkHeight:=12.83331pt

:tex2html_wrap_inline1685:lthtmlCropMarkDepth:=2.86108pt:1ex:=4.30554pt
[68]

:tex2html_wrap_inline1687:lthtmlCropMarkHeight:=12.83331pt

:tex2html_wrap_inline1687:lthtmlCropMarkDepth:=2.86108pt:1ex:=4.30554pt
[69]

:tex2html_wrap_inline1689:lthtmlCropMarkHeight:=10.8312pt

:tex2html_wrap_inline1689:lthtmlCropMarkDepth:=1.49998pt:1ex:=4.30554pt
[70]

:tex2html_wrap_inline1695:lthtmlCropMarkHeight:=13.96227pt

:tex2html_wrap_inline1695:lthtmlCropMarkDepth:=1.49998pt:1ex:=4.30554pt
[71]

:tex2html_wrap_inline1697:lthtmlCropMarkHeight:=13.96227pt

:tex2html_wrap_inline1697:lthtmlCropMarkDepth:=1.49998pt:1ex:=4.30554pt
[72]

:tex2html_wrap_indisplay1699:lthtmlCropMarkHeight:=20.26508pt

:tex2html_wrap_indisplay1699:lthtmlCropMarkDepth:=9.7206pt:1ex:=4.30554pt
[73]

:tex2html_wrap_indisplay1703:lthtmlCropMarkHeight:=20.26508pt

:tex2html_wrap_indisplay1703:lthtmlCropMarkDepth:=9.7206pt:1ex:=4.30554pt
[74]

:tex2html_wrap_indisplay1705:lthtmlCropMarkHeight:=20.5001pt

:tex2html_wrap_indisplay1705:lthtmlCropMarkDepth:=9.7206pt:1ex:=4.30554pt
[75]

:tex2html_wrap_indisplay1707:lthtmlCropMarkHeight:=19.59839pt

:tex2html_wrap_indisplay1707:lthtmlCropMarkDepth:=9.7206pt:1ex:=4.30554pt
[76]

:tex2html_wrap_inline1711:lthtmlCropMarkHeight:=12.83331pt

:tex2html_wrap_inline1711:lthtmlCropMarkDepth:=1.49998pt:1ex:=4.30554pt
[77]

:tex2html_wrap_inline1715:lthtmlCropMarkHeight:=10.30554pt

:tex2html_wrap_inline1715:lthtmlCropMarkDepth:=1.49998pt:1ex:=4.30554pt
[78]

:tex2html_wrap_indisplay1721:lthtmlCropMarkHeight:=20.72734pt

:tex2html_wrap_indisplay1721:lthtmlCropMarkDepth:=9.7206pt:1ex:=4.30554pt
[79]

:tex2html_wrap_indisplay1725:lthtmlCropMarkHeight:=19.59839pt

:tex2html_wrap_indisplay1725:lthtmlCropMarkDepth:=9.7206pt:1ex:=4.30554pt
[80]

:tex2html_wrap_indisplay1728:lthtmlCropMarkHeight:=12.59525pt

:tex2html_wrap_indisplay1728:lthtmlCropMarkDepth:=1.49998pt:1ex:=4.30554pt
[81]

:tex2html_wrap_indisplay1730:lthtmlCropMarkHeight:=9.66875pt

:tex2html_wrap_indisplay1730:lthtmlCropMarkDepth:=0.0pt:1ex:=4.30554pt
[82]

:tex2html_wrap_indisplay1732:lthtmlCropMarkHeight:=20.72734pt

:tex2html_wrap_indisplay1732:lthtmlCropMarkDepth:=9.7206pt:1ex:=4.30554pt
[83]

:tex2html_wrap_indisplay1736:lthtmlCropMarkHeight:=20.26508pt

:tex2html_wrap_indisplay1736:lthtmlCropMarkDepth:=9.7206pt:1ex:=4.30554pt
[84]

:tex2html_wrap_indisplay1742:lthtmlCropMarkHeight:=20.26508pt

:tex2html_wrap_indisplay1742:lthtmlCropMarkDepth:=7.69284pt:1ex:=4.30554pt
[85]

:tex2html_wrap_indisplay1748:lthtmlCropMarkHeight:=20.72734pt

:tex2html_wrap_indisplay1748:lthtmlCropMarkDepth:=9.7206pt:1ex:=4.30554pt
[86]

:tex2html_wrap_inline1750:lthtmlCropMarkHeight:=13.96227pt

:tex2html_wrap_inline1750:lthtmlCropMarkDepth:=2.86108pt:1ex:=4.30554pt
[87]

:tex2html_wrap_indisplay1752:lthtmlCropMarkHeight:=20.5001pt

:tex2html_wrap_indisplay1752:lthtmlCropMarkDepth:=9.7206pt:1ex:=4.30554pt
[88]

:tex2html_wrap_indisplay1756:lthtmlCropMarkHeight:=20.72734pt

:tex2html_wrap_indisplay1756:lthtmlCropMarkDepth:=9.7206pt:1ex:=4.30554pt
[89]

:tex2html_wrap_indisplay1760:lthtmlCropMarkHeight:=20.5001pt

:tex2html_wrap_indisplay1760:lthtmlCropMarkDepth:=9.7206pt:1ex:=4.30554pt
[90]

:tex2html_wrap_indisplay1763:lthtmlCropMarkHeight:=10.30554pt

:tex2html_wrap_indisplay1763:lthtmlCropMarkDepth:=1.49998pt:1ex:=4.30554pt
[91]

:tex2html_wrap_indisplay1767:lthtmlCropMarkHeight:=20.5001pt

:tex2html_wrap_indisplay1767:lthtmlCropMarkDepth:=9.7206pt:1ex:=4.30554pt
[92]

:tex2html_wrap_indisplay1771:lthtmlCropMarkHeight:=19.59839pt

:tex2html_wrap_indisplay1771:lthtmlCropMarkDepth:=9.7206pt:1ex:=4.30554pt
[93]

:tex2html_wrap_indisplay1774:lthtmlCropMarkHeight:=12.83331pt

:tex2html_wrap_indisplay1774:lthtmlCropMarkDepth:=1.49998pt:1ex:=4.30554pt
[94]

:tex2html_wrap_indisplay1778:lthtmlCropMarkHeight:=20.26508pt

:tex2html_wrap_indisplay1778:lthtmlCropMarkDepth:=9.7206pt:1ex:=4.30554pt
[95]

:tex2html_wrap_indisplay1780:lthtmlCropMarkHeight:=10.8312pt

:tex2html_wrap_indisplay1780:lthtmlCropMarkDepth:=0.0pt:1ex:=4.30554pt
[96]

:tex2html_wrap_indisplay1782:lthtmlCropMarkHeight:=20.5001pt

:tex2html_wrap_indisplay1782:lthtmlCropMarkDepth:=9.50012pt:1ex:=4.30554pt
[97]

:tex2html_wrap_inline1786:lthtmlCropMarkHeight:=12.83331pt

:tex2html_wrap_inline1786:lthtmlCropMarkDepth:=2.86108pt:1ex:=4.30554pt
[98]

:tex2html_wrap_indisplay1788:lthtmlCropMarkHeight:=19.59839pt

:tex2html_wrap_indisplay1788:lthtmlCropMarkDepth:=8.3595pt:1ex:=4.30554pt
[99]

:tex2html_wrap_indisplay1790:lthtmlCropMarkHeight:=12.83331pt

:tex2html_wrap_indisplay1790:lthtmlCropMarkDepth:=1.49998pt:1ex:=4.30554pt
[100]

:tex2html_wrap_indisplay1792:lthtmlCropMarkHeight:=20.5001pt

:tex2html_wrap_indisplay1792:lthtmlCropMarkDepth:=9.50012pt:1ex:=4.30554pt
[101]

:tex2html_wrap_indisplay1794:lthtmlCropMarkHeight:=19.59839pt

:tex2html_wrap_indisplay1794:lthtmlCropMarkDepth:=8.3595pt:1ex:=4.30554pt
[102]

:tex2html_wrap_indisplay1796:lthtmlCropMarkHeight:=20.5001pt

:tex2html_wrap_indisplay1796:lthtmlCropMarkDepth:=9.7206pt:1ex:=4.30554pt
[103]

:tex2html_wrap_indisplay1798:lthtmlCropMarkHeight:=20.5001pt

:tex2html_wrap_indisplay1798:lthtmlCropMarkDepth:=9.50012pt:1ex:=4.30554pt
[104]

:tex2html_wrap_inline1800:lthtmlCropMarkHeight:=12.83331pt

:tex2html_wrap_inline1800:lthtmlCropMarkDepth:=1.49998pt:1ex:=4.30554pt
[105]

:tex2html_wrap_inline1806:lthtmlCropMarkHeight:=12.83331pt

:tex2html_wrap_inline1806:lthtmlCropMarkDepth:=2.86108pt:1ex:=4.30554pt
[106]

:tex2html_wrap_inline1815:lthtmlCropMarkHeight:=13.96227pt

:tex2html_wrap_inline1815:lthtmlCropMarkDepth:=2.5pt:1ex:=4.30554pt
[107]

:tex2html_wrap_inline1817:lthtmlCropMarkHeight:=12.83331pt

:tex2html_wrap_inline1817:lthtmlCropMarkDepth:=0.83333pt:1ex:=4.30554pt
[108]

:tex2html_wrap_inline1819:lthtmlCropMarkHeight:=12.83331pt

:tex2html_wrap_inline1819:lthtmlCropMarkDepth:=0.0pt:1ex:=4.30554pt
[109]

:tex2html_wrap_inline1821:lthtmlCropMarkHeight:=13.96227pt

:tex2html_wrap_inline1821:lthtmlCropMarkDepth:=2.5pt:1ex:=4.30554pt
[110]

:tex2html_wrap_inline1823:lthtmlCropMarkHeight:=13.96227pt

:tex2html_wrap_inline1823:lthtmlCropMarkDepth:=0.0pt:1ex:=4.30554pt
[111]

:tex2html_wrap_indisplay1825:lthtmlCropMarkHeight:=14.46227pt

:tex2html_wrap_indisplay1825:lthtmlCropMarkDepth:=1.49998pt:1ex:=4.30554pt
[112]

:tex2html_wrap_inline1827:lthtmlCropMarkHeight:=12.83331pt

:tex2html_wrap_inline1827:lthtmlCropMarkDepth:=1.49998pt:1ex:=4.30554pt
[113]

:tex2html_wrap_inline1831:lthtmlCropMarkHeight:=13.96227pt

:tex2html_wrap_inline1831:lthtmlCropMarkDepth:=0.0pt:1ex:=4.30554pt
[114]

:tex2html_wrap_inline1833:lthtmlCropMarkHeight:=13.96227pt

:tex2html_wrap_inline1833:lthtmlCropMarkDepth:=0.0pt:1ex:=4.30554pt
[115]

:tex2html_wrap_indisplay1835:lthtmlCropMarkHeight:=19.59839pt

:tex2html_wrap_indisplay1835:lthtmlCropMarkDepth:=9.7206pt:1ex:=4.30554pt
[116]

:tex2html_wrap_indisplay1836:lthtmlCropMarkHeight:=19.59839pt

:tex2html_wrap_indisplay1836:lthtmlCropMarkDepth:=8.3595pt:1ex:=4.30554pt
[117]

:tex2html_wrap_inline1838:lthtmlCropMarkHeight:=12.83331pt

:tex2html_wrap_inline1838:lthtmlCropMarkDepth:=1.49998pt:1ex:=4.30554pt
[118]

:tex2html_wrap_inline1840:lthtmlCropMarkHeight:=12.83331pt

:tex2html_wrap_inline1840:lthtmlCropMarkDepth:=1.49998pt:1ex:=4.30554pt
[119]

:tex2html_wrap_inline1842:lthtmlCropMarkHeight:=12.83331pt

:tex2html_wrap_inline1842:lthtmlCropMarkDepth:=1.49998pt:1ex:=4.30554pt
[120]

:tex2html_wrap_inline1844:lthtmlCropMarkHeight:=12.83331pt

:tex2html_wrap_inline1844:lthtmlCropMarkDepth:=1.49998pt:1ex:=4.30554pt
[121]

:tex2html_wrap_indisplay1846:lthtmlCropMarkHeight:=20.26508pt

:tex2html_wrap_indisplay1846:lthtmlCropMarkDepth:=9.35951pt:1ex:=4.30554pt
[122]

:tex2html_wrap_indisplay1848:lthtmlCropMarkHeight:=19.59839pt

:tex2html_wrap_indisplay1848:lthtmlCropMarkDepth:=9.7206pt:1ex:=4.30554pt
[123]

:tex2html_wrap_indisplay1849:lthtmlCropMarkHeight:=20.5001pt

:tex2html_wrap_indisplay1849:lthtmlCropMarkDepth:=9.50012pt:1ex:=4.30554pt
[124]

:tex2html_wrap_indisplay1853:lthtmlCropMarkHeight:=22.51393pt

:tex2html_wrap_indisplay1853:lthtmlCropMarkDepth:=13.02782pt:1ex:=4.30554pt
[125]

:tex2html_wrap_indisplay1854:lthtmlCropMarkHeight:=22.51393pt

:tex2html_wrap_indisplay1854:lthtmlCropMarkDepth:=13.02782pt:1ex:=4.30554pt
[126]

:tex2html_wrap_indisplay1856:lthtmlCropMarkHeight:=20.5001pt

:tex2html_wrap_indisplay1856:lthtmlCropMarkDepth:=9.50012pt:1ex:=4.30554pt
[127]

:tex2html_wrap_inline1858:lthtmlCropMarkHeight:=13.96227pt

:tex2html_wrap_inline1858:lthtmlCropMarkDepth:=0.0pt:1ex:=4.30554pt
[128]

:tex2html_wrap_inline1862:lthtmlCropMarkHeight:=13.96227pt

:tex2html_wrap_inline1862:lthtmlCropMarkDepth:=0.0pt:1ex:=4.30554pt
[129]

:tex2html_wrap_indisplay1864:lthtmlCropMarkHeight:=19.59839pt

:tex2html_wrap_indisplay1864:lthtmlCropMarkDepth:=8.3595pt:1ex:=4.30554pt
[130]

:tex2html_wrap_indisplay1865:lthtmlCropMarkHeight:=20.5001pt

:tex2html_wrap_indisplay1865:lthtmlCropMarkDepth:=9.50012pt:1ex:=4.30554pt
[131]

:tex2html_wrap_indisplay1867:lthtmlCropMarkHeight:=19.59839pt

:tex2html_wrap_indisplay1867:lthtmlCropMarkDepth:=8.3595pt:1ex:=4.30554pt
[132]

:tex2html_wrap_indisplay1869:lthtmlCropMarkHeight:=20.5001pt

:tex2html_wrap_indisplay1869:lthtmlCropMarkDepth:=9.50012pt:1ex:=4.30554pt
[133]

:tex2html_wrap_inline1871:lthtmlCropMarkHeight:=12.83331pt

:tex2html_wrap_inline1871:lthtmlCropMarkDepth:=2.86108pt:1ex:=4.30554pt
[134]

:tex2html_wrap_inline1873:lthtmlCropMarkHeight:=12.83331pt

:tex2html_wrap_inline1873:lthtmlCropMarkDepth:=2.86108pt:1ex:=4.30554pt
[135]

:tex2html_wrap_inline1875:lthtmlCropMarkHeight:=12.83331pt

:tex2html_wrap_inline1875:lthtmlCropMarkDepth:=1.49998pt:1ex:=4.30554pt
[136]

:tex2html_wrap_inline1877:lthtmlCropMarkHeight:=12.83331pt

:tex2html_wrap_inline1877:lthtmlCropMarkDepth:=2.86108pt:1ex:=4.30554pt
[137]

:tex2html_wrap_indisplay1879:lthtmlCropMarkHeight:=19.59839pt

:tex2html_wrap_indisplay1879:lthtmlCropMarkDepth:=8.3595pt:1ex:=4.30554pt
[138]

:tex2html_wrap_indisplay1880:lthtmlCropMarkHeight:=20.5001pt

:tex2html_wrap_indisplay1880:lthtmlCropMarkDepth:=9.50012pt:1ex:=4.30554pt
[139]

:tex2html_wrap_inline1882:lthtmlCropMarkHeight:=12.83331pt

:tex2html_wrap_inline1882:lthtmlCropMarkDepth:=2.86108pt:1ex:=4.30554pt
[140]

:tex2html_wrap_inline1884:lthtmlCropMarkHeight:=12.83331pt

:tex2html_wrap_inline1884:lthtmlCropMarkDepth:=1.49998pt:1ex:=4.30554pt
[141]

:tex2html_wrap_indisplay1888:lthtmlCropMarkHeight:=20.5001pt

:tex2html_wrap_indisplay1888:lthtmlCropMarkDepth:=9.50012pt:1ex:=4.30554pt
[142]

:tex2html_wrap_indisplay1889:lthtmlCropMarkHeight:=19.59839pt

:tex2html_wrap_indisplay1889:lthtmlCropMarkDepth:=8.3595pt:1ex:=4.30554pt
[143]

:tex2html_wrap_inline1891:lthtmlCropMarkHeight:=12.83331pt

:tex2html_wrap_inline1891:lthtmlCropMarkDepth:=1.49998pt:1ex:=4.30554pt
[144]

:tex2html_wrap_inline1893:lthtmlCropMarkHeight:=12.83331pt

:tex2html_wrap_inline1893:lthtmlCropMarkDepth:=1.49998pt:1ex:=4.30554pt
[145]

:tex2html_wrap_indisplay1895:lthtmlCropMarkHeight:=20.5001pt

:tex2html_wrap_indisplay1895:lthtmlCropMarkDepth:=9.50012pt:1ex:=4.30554pt
[146]

:tex2html_wrap_inline1897:lthtmlCropMarkHeight:=12.83331pt

:tex2html_wrap_inline1897:lthtmlCropMarkDepth:=1.49998pt:1ex:=4.30554pt
[147]

:tex2html_wrap_inline1899:lthtmlCropMarkHeight:=12.83331pt

:tex2html_wrap_inline1899:lthtmlCropMarkDepth:=1.49998pt:1ex:=4.30554pt
[148]

:tex2html_wrap_inline1901:lthtmlCropMarkHeight:=12.83331pt

:tex2html_wrap_inline1901:lthtmlCropMarkDepth:=1.49998pt:1ex:=4.30554pt
[149]

:tex2html_wrap_indisplay1903:lthtmlCropMarkHeight:=20.5001pt

:tex2html_wrap_indisplay1903:lthtmlCropMarkDepth:=9.50012pt:1ex:=4.30554pt
[150]

:tex2html_wrap_inline1905:lthtmlCropMarkHeight:=12.83331pt

:tex2html_wrap_inline1905:lthtmlCropMarkDepth:=1.49998pt:1ex:=4.30554pt
[151]

:tex2html_wrap_inline1907:lthtmlCropMarkHeight:=12.83331pt

:tex2html_wrap_inline1907:lthtmlCropMarkDepth:=1.49998pt:1ex:=4.30554pt
[152]

:tex2html_wrap_indisplay1909:lthtmlCropMarkHeight:=20.5001pt

:tex2html_wrap_indisplay1909:lthtmlCropMarkDepth:=9.50012pt:1ex:=4.30554pt
[153]

:tex2html_wrap_inline1911:lthtmlCropMarkHeight:=12.83331pt

:tex2html_wrap_inline1911:lthtmlCropMarkDepth:=1.49998pt:1ex:=4.30554pt
[154]

:tex2html_wrap_inline1913:lthtmlCropMarkHeight:=12.83331pt

:tex2html_wrap_inline1913:lthtmlCropMarkDepth:=1.49998pt:1ex:=4.30554pt
[155]

:tex2html_wrap_indisplay1915:lthtmlCropMarkHeight:=20.5001pt

:tex2html_wrap_indisplay1915:lthtmlCropMarkDepth:=9.50012pt:1ex:=4.30554pt
[156]

:tex2html_wrap_inline1917:lthtmlCropMarkHeight:=12.83331pt

:tex2html_wrap_inline1917:lthtmlCropMarkDepth:=1.49998pt:1ex:=4.30554pt
[157]

:tex2html_wrap_inline1921:lthtmlCropMarkHeight:=12.83331pt

:tex2html_wrap_inline1921:lthtmlCropMarkDepth:=1.49998pt:1ex:=4.30554pt
[158]

:tex2html_wrap_indisplay1923:lthtmlCropMarkHeight:=20.5001pt

:tex2html_wrap_indisplay1923:lthtmlCropMarkDepth:=9.50012pt:1ex:=4.30554pt
[159]

:tex2html_wrap_inline1925:lthtmlCropMarkHeight:=13.5pt

:tex2html_wrap_inline1925:lthtmlCropMarkDepth:=2.5pt:1ex:=4.30554pt
[160]

:tex2html_wrap_indisplay1927:lthtmlCropMarkHeight:=14.01782pt

:tex2html_wrap_indisplay1927:lthtmlCropMarkDepth:=2.47217pt:1ex:=4.30554pt
[161]

:tex2html_wrap_indisplay1929:lthtmlCropMarkHeight:=19.59839pt

:tex2html_wrap_indisplay1929:lthtmlCropMarkDepth:=8.3595pt:1ex:=4.30554pt
[162]

:tex2html_wrap_inline1937:lthtmlCropMarkHeight:=12.83331pt

:tex2html_wrap_inline1937:lthtmlCropMarkDepth:=1.49998pt:1ex:=4.30554pt
[163]

:tex2html_wrap_indisplay1943:lthtmlCropMarkHeight:=20.5001pt

:tex2html_wrap_indisplay1943:lthtmlCropMarkDepth:=9.50012pt:1ex:=4.30554pt
[164]

:tex2html_wrap_indisplay1945:lthtmlCropMarkHeight:=20.5001pt

:tex2html_wrap_indisplay1945:lthtmlCropMarkDepth:=9.50012pt:1ex:=4.30554pt
[165]

:tex2html_wrap_inline1949:lthtmlCropMarkHeight:=12.83331pt

:tex2html_wrap_inline1949:lthtmlCropMarkDepth:=1.49998pt:1ex:=4.30554pt
[166]

:tex2html_wrap_inline1951:lthtmlCropMarkHeight:=13.5pt

:tex2html_wrap_inline1951:lthtmlCropMarkDepth:=2.5pt:1ex:=4.30554pt
[167]

:tex2html_wrap_indisplay1953:lthtmlCropMarkHeight:=20.5001pt

:tex2html_wrap_indisplay1953:lthtmlCropMarkDepth:=9.50012pt:1ex:=4.30554pt
[168]

:tex2html_wrap_inline1955:lthtmlCropMarkHeight:=13.51782pt

:tex2html_wrap_inline1955:lthtmlCropMarkDepth:=2.4821pt:1ex:=4.30554pt
[169]

:tex2html_wrap_inline1957:lthtmlCropMarkHeight:=13.51782pt

:tex2html_wrap_inline1957:lthtmlCropMarkDepth:=2.4821pt:1ex:=4.30554pt
[170]

:tex2html_wrap_inline1959:lthtmlCropMarkHeight:=12.83331pt

:tex2html_wrap_inline1959:lthtmlCropMarkDepth:=2.86108pt:1ex:=4.30554pt
[171]

:tex2html_wrap_indisplay1967:lthtmlCropMarkHeight:=20.2829pt

:tex2html_wrap_indisplay1967:lthtmlCropMarkDepth:=9.7206pt:1ex:=4.30554pt
[172]

:tex2html_wrap_indisplay1969:lthtmlCropMarkHeight:=20.5001pt

:tex2html_wrap_indisplay1969:lthtmlCropMarkDepth:=9.50012pt:1ex:=4.30554pt
[173]

:tex2html_wrap_indisplay1971:lthtmlCropMarkHeight:=20.5001pt

:tex2html_wrap_indisplay1971:lthtmlCropMarkDepth:=9.50012pt:1ex:=4.30554pt
[174]

:tex2html_wrap_inline1975:lthtmlCropMarkHeight:=12.94444pt

:tex2html_wrap_inline1975:lthtmlCropMarkDepth:=2.86108pt:1ex:=4.30554pt
[175]

:tex2html_wrap_inline1977:lthtmlCropMarkHeight:=12.83331pt

:tex2html_wrap_inline1977:lthtmlCropMarkDepth:=1.49998pt:1ex:=4.30554pt
[176]

:tex2html_wrap_inline1979:lthtmlCropMarkHeight:=12.83331pt

:tex2html_wrap_inline1979:lthtmlCropMarkDepth:=1.49998pt:1ex:=4.30554pt
[177]

:tex2html_wrap_inline1981:lthtmlCropMarkHeight:=12.83331pt

:tex2html_wrap_inline1981:lthtmlCropMarkDepth:=1.49998pt:1ex:=4.30554pt
[178]

:tex2html_wrap_inline1993:lthtmlCropMarkHeight:=12.83331pt

:tex2html_wrap_inline1993:lthtmlCropMarkDepth:=1.49998pt:1ex:=4.30554pt
[179]
! Missing $ inserted.
<inserted text> 
                $
l.1259 \lthtmldisplayZ
                      
I've inserted a begin-math/end-math symbol since I think
you left one out. Proceed, with fingers crossed.

! Missing $ inserted.
<inserted text> 
                $
l.1259 \lthtmldisplayZ
                      
I've inserted something that you may have forgotten.
(See the <inserted text> above.)
With luck, this will get me unwedged. But if you
really didn't forget anything, try typing `2' now; then
my insertion and my current dilemma will both disappear.


! LaTeX Error: Bad math environment delimiter.

See the LaTeX manual or LaTeX Companion for explanation.
Type  H <return>  for immediate help.
 ...                                              
                                                  
l.1259 \lthtmldisplayZ
                      
Your command was ignored.
Type  I <command> <return>  to replace it with another command,
or  <return>  to continue without it.


:displaymath1995:lthtmlCropMarkHeight:=27.29999pt

:displaymath1995:lthtmlCropMarkDepth:=16.29999pt:1ex:=4.30554pt
[180]

:tex2html_wrap_inline1997:lthtmlCropMarkHeight:=13.96227pt

:tex2html_wrap_inline1997:lthtmlCropMarkDepth:=0.0pt:1ex:=4.30554pt
[181]

:tex2html_wrap_inline1999:lthtmlCropMarkHeight:=12.59525pt

:tex2html_wrap_inline1999:lthtmlCropMarkDepth:=1.49998pt:1ex:=4.30554pt
[182]

:tex2html_wrap_indisplay2001:lthtmlCropMarkHeight:=19.70952pt

:tex2html_wrap_indisplay2001:lthtmlCropMarkDepth:=6.85951pt:1ex:=4.30554pt
[183]

:tex2html_wrap_indisplay2002:lthtmlCropMarkHeight:=19.61122pt

:tex2html_wrap_indisplay2002:lthtmlCropMarkDepth:=8.61124pt:1ex:=4.30554pt
[184]

:tex2html_wrap_inline2004:lthtmlCropMarkHeight:=18.00206pt

:tex2html_wrap_inline2004:lthtmlCropMarkDepth:=0.0pt:1ex:=4.30554pt
[185]

:tex2html_wrap_indisplay2006:lthtmlCropMarkHeight:=20.26508pt

:tex2html_wrap_indisplay2006:lthtmlCropMarkDepth:=9.35951pt:1ex:=4.30554pt
[186]

:tex2html_wrap_indisplay2008:lthtmlCropMarkHeight:=19.70952pt

:tex2html_wrap_indisplay2008:lthtmlCropMarkDepth:=6.85951pt:1ex:=4.30554pt
[187]

:tex2html_wrap_indisplay2009:lthtmlCropMarkHeight:=19.70952pt

:tex2html_wrap_indisplay2009:lthtmlCropMarkDepth:=6.85951pt:1ex:=4.30554pt
[188]

:tex2html_wrap_indisplay2011:lthtmlCropMarkHeight:=20.26508pt

:tex2html_wrap_indisplay2011:lthtmlCropMarkDepth:=9.35951pt:1ex:=4.30554pt
[189]

:tex2html_wrap_indisplay2013:lthtmlCropMarkHeight:=19.70952pt

:tex2html_wrap_indisplay2013:lthtmlCropMarkDepth:=8.61124pt:1ex:=4.30554pt
[190]

:tex2html_wrap_inline2015:lthtmlCropMarkHeight:=13.5pt

:tex2html_wrap_inline2015:lthtmlCropMarkDepth:=2.5pt:1ex:=4.30554pt
[191]

:tex2html_wrap_indisplay2023:lthtmlCropMarkHeight:=20.72734pt

:tex2html_wrap_indisplay2023:lthtmlCropMarkDepth:=8.3595pt:1ex:=4.30554pt
[192]

:tex2html_wrap_indisplay2025:lthtmlCropMarkHeight:=13.5pt

:tex2html_wrap_indisplay2025:lthtmlCropMarkDepth:=2.5pt:1ex:=4.30554pt
[193]

:tex2html_wrap_inline2027:lthtmlCropMarkHeight:=12.83331pt

:tex2html_wrap_inline2027:lthtmlCropMarkDepth:=1.94444pt:1ex:=4.30554pt
[194]

:tex2html_wrap_inline2029:lthtmlCropMarkHeight:=12.94444pt

:tex2html_wrap_inline2029:lthtmlCropMarkDepth:=1.94444pt:1ex:=4.30554pt
[195]
Package atveryend Info: Empty hook `BeforeClearDocument' on input line 1356.
Package atveryend Info: Empty hook `AfterLastShipout' on input line 1356.
(./images.aux)
Package atveryend Info: Executing hook `AtVeryEndDocument' on input line 1356.
Package atveryend Info: Executing hook `AtEndAfterFileList' on input line 1356.

Package rerunfilecheck Info: File `images.out' has not changed.
(rerunfilecheck)             Checksum: D41D8CD98F00B204E9800998ECF8427E;0.
Package atveryend Info: Empty hook `AtVeryVeryEnd' on input line 1356.
 ) 
Here is how much of TeX's memory you used:
 6745 strings out of 492616
 95291 string characters out of 6129481
 191366 words of memory out of 5000000
 10600 multiletter control sequences out of 15000+600000
 5339 words of font info for 22 fonts, out of 8000000 for 9000
 1141 hyphenation exceptions out of 8191
 35i,8n,35p,253b,341s stack positions out of 5000i,500n,10000p,200000b,80000s
</usr/local/texlive/2019/texmf-dist/fonts/type1/public/amsfonts/cm/cmex10.pfb
></usr/local/texlive/2019/texmf-dist/fonts/type1/public/amsfonts/cm/cmmi10.pfb>
</usr/local/texlive/2019/texmf-dist/fonts/type1/public/amsfonts/cm/cmmi7.pfb></
usr/local/texlive/2019/texmf-dist/fonts/type1/public/amsfonts/cm/cmr10.pfb></us
r/local/texlive/2019/texmf-dist/fonts/type1/public/amsfonts/cm/cmr7.pfb></usr/l
ocal/texlive/2019/texmf-dist/fonts/type1/public/amsfonts/cm/cmsy10.pfb></usr/lo
cal/texlive/2019/texmf-dist/fonts/type1/public/amsfonts/cm/cmsy7.pfb>
Output written on images.pdf (195 pages, 133285 bytes).
PDF statistics:
 662 PDF objects out of 1000 (max. 8388607)
 453 compressed objects within 5 object streams
 0 named destinations out of 1000 (max. 500000)
 1 words of extra memory for PDF output out of 10000 (max. 10000000)

