This is pdfTeX, Version 3.14159265-2.6-1.40.20 (TeX Live 2019) (preloaded format=pdflatex 2019.5.29)  10 DEC 2019 20:56
entering extended mode
 restricted \write18 enabled.
 %&-line parsing enabled.
**./images.tex
(./images.tex
LaTeX2e <2018-12-01>

(/usr/local/texlive/2019/texmf-dist/tex/latex/base/article.cls
Document Class: article 2018/09/03 v1.4i Standard LaTeX document class
(/usr/local/texlive/2019/texmf-dist/tex/latex/base/size10.clo
File: size10.clo 2018/09/03 v1.4i Standard LaTeX file (size option)
)
\c@part=\count80
\c@section=\count81
\c@subsection=\count82
\c@subsubsection=\count83
\c@paragraph=\count84
\c@subparagraph=\count85
\c@figure=\count86
\c@table=\count87
\abovecaptionskip=\skip41
\belowcaptionskip=\skip42
\bibindent=\dimen102
) (/usr/local/texlive/2019/texmf-dist/tex/latex/base/ifthen.sty
Package: ifthen 2014/09/29 v1.1c Standard LaTeX ifthen package (DPC)
) (/usr/local/texlive/2019/texmf-dist/tex/latex/amsfonts/amssymb.sty
Package: amssymb 2013/01/14 v3.01 AMS font symbols
(/usr/local/texlive/2019/texmf-dist/tex/latex/amsfonts/amsfonts.sty
Package: amsfonts 2013/01/14 v3.01 Basic AMSFonts support
\@emptytoks=\toks14
\symAMSa=\mathgroup4
\symAMSb=\mathgroup5
LaTeX Font Info:    Overwriting math alphabet `\mathfrak' in version `bold'
(Font)                  U/euf/m/n --> U/euf/b/n on input line 106.
)) (/usr/local/texlive/2019/texmf-dist/tex/latex/graphics/graphics.sty
Package: graphics 2017/06/25 v1.2c Standard LaTeX Graphics (DPC,SPQR)
(/usr/local/texlive/2019/texmf-dist/tex/latex/graphics/trig.sty
Package: trig 2016/01/03 v1.10 sin cos tan (DPC)
) (/usr/local/texlive/2019/texmf-dist/tex/latex/graphics-cfg/graphics.cfg
File: graphics.cfg 2016/06/04 v1.11 sample graphics configuration
)
Package graphics Info: Driver file: pdftex.def on input line 99.
(/usr/local/texlive/2019/texmf-dist/tex/latex/graphics-def/pdftex.def
File: pdftex.def 2018/01/08 v1.0l Graphics/color driver for pdftex
)) (/usr/local/texlive/texmf-local/tex/latex/html/html.sty (/usr/local/texlive/
2019/texmf-dist/tex/latex/hyperref/hyperref.sty
Package: hyperref 2018/11/30 v6.88e Hypertext links for LaTeX
(/usr/local/texlive/2019/texmf-dist/tex/generic/oberdiek/hobsub-hyperref.sty
Package: hobsub-hyperref 2016/05/16 v1.14 Bundle oberdiek, subset hyperref (HO)

(/usr/local/texlive/2019/texmf-dist/tex/generic/oberdiek/hobsub-generic.sty
Package: hobsub-generic 2016/05/16 v1.14 Bundle oberdiek, subset generic (HO)
Package: hobsub 2016/05/16 v1.14 Construct package bundles (HO)
Package: infwarerr 2016/05/16 v1.4 Providing info/warning/error messages (HO)
Package: ltxcmds 2016/05/16 v1.23 LaTeX kernel commands for general use (HO)
Package: ifluatex 2016/05/16 v1.4 Provides the ifluatex switch (HO)
Package ifluatex Info: LuaTeX not detected.
Package: ifvtex 2016/05/16 v1.6 Detect VTeX and its facilities (HO)
Package ifvtex Info: VTeX not detected.
Package: intcalc 2016/05/16 v1.2 Expandable calculations with integers (HO)
Package: ifpdf 2018/09/07 v3.3 Provides the ifpdf switch
Package: etexcmds 2016/05/16 v1.6 Avoid name clashes with e-TeX commands (HO)
Package: kvsetkeys 2016/05/16 v1.17 Key value parser (HO)
Package: kvdefinekeys 2016/05/16 v1.4 Define keys (HO)
Package: pdftexcmds 2018/09/10 v0.29 Utility functions of pdfTeX for LuaTeX (HO
)
Package pdftexcmds Info: LuaTeX not detected.
Package pdftexcmds Info: \pdf@primitive is available.
Package pdftexcmds Info: \pdf@ifprimitive is available.
Package pdftexcmds Info: \pdfdraftmode found.
Package: pdfescape 2016/05/16 v1.14 Implements pdfTeX's escape features (HO)
Package: bigintcalc 2016/05/16 v1.4 Expandable calculations on big integers (HO
)
Package: bitset 2016/05/16 v1.2 Handle bit-vector datatype (HO)
Package: uniquecounter 2016/05/16 v1.3 Provide unlimited unique counter (HO)
)
Package hobsub Info: Skipping package `hobsub' (already loaded).
Package: letltxmacro 2016/05/16 v1.5 Let assignment for LaTeX macros (HO)
Package: hopatch 2016/05/16 v1.3 Wrapper for package hooks (HO)
Package: xcolor-patch 2016/05/16 xcolor patch
Package: atveryend 2016/05/16 v1.9 Hooks at the very end of document (HO)
Package atveryend Info: \enddocument detected (standard20110627).
Package: atbegshi 2016/06/09 v1.18 At begin shipout hook (HO)
Package: refcount 2016/05/16 v3.5 Data extraction from label references (HO)
Package: hycolor 2016/05/16 v1.8 Color options for hyperref/bookmark (HO)
) (/usr/local/texlive/2019/texmf-dist/tex/latex/graphics/keyval.sty
Package: keyval 2014/10/28 v1.15 key=value parser (DPC)
\KV@toks@=\toks15
) (/usr/local/texlive/2019/texmf-dist/tex/generic/ifxetex/ifxetex.sty
Package: ifxetex 2010/09/12 v0.6 Provides ifxetex conditional
) (/usr/local/texlive/2019/texmf-dist/tex/latex/oberdiek/auxhook.sty
Package: auxhook 2016/05/16 v1.4 Hooks for auxiliary files (HO)
) (/usr/local/texlive/2019/texmf-dist/tex/latex/oberdiek/kvoptions.sty
Package: kvoptions 2016/05/16 v3.12 Key value format for package options (HO)
)
\@linkdim=\dimen103
\Hy@linkcounter=\count88
\Hy@pagecounter=\count89
(/usr/local/texlive/2019/texmf-dist/tex/latex/hyperref/pd1enc.def
File: pd1enc.def 2018/11/30 v6.88e Hyperref: PDFDocEncoding definition (HO)
Now handling font encoding PD1 ...
... no UTF-8 mapping file for font encoding PD1
)
\Hy@SavedSpaceFactor=\count90
(/usr/local/texlive/2019/texmf-dist/tex/latex/latexconfig/hyperref.cfg
File: hyperref.cfg 2002/06/06 v1.2 hyperref configuration of TeXLive
)
Package hyperref Info: Hyper figures OFF on input line 4519.
Package hyperref Info: Link nesting OFF on input line 4524.
Package hyperref Info: Hyper index ON on input line 4527.
Package hyperref Info: Plain pages OFF on input line 4534.
Package hyperref Info: Backreferencing OFF on input line 4539.
Package hyperref Info: Implicit mode ON; LaTeX internals redefined.
Package hyperref Info: Bookmarks ON on input line 4772.
\c@Hy@tempcnt=\count91
(/usr/local/texlive/2019/texmf-dist/tex/latex/url/url.sty
\Urlmuskip=\muskip10
Package: url 2013/09/16  ver 3.4  Verb mode for urls, etc.
)
LaTeX Info: Redefining \url on input line 5125.
\XeTeXLinkMargin=\dimen104
\Fld@menulength=\count92
\Field@Width=\dimen105
\Fld@charsize=\dimen106
Package hyperref Info: Hyper figures OFF on input line 6380.
Package hyperref Info: Link nesting OFF on input line 6385.
Package hyperref Info: Hyper index ON on input line 6388.
Package hyperref Info: backreferencing OFF on input line 6395.
Package hyperref Info: Link coloring OFF on input line 6400.
Package hyperref Info: Link coloring with OCG OFF on input line 6405.
Package hyperref Info: PDF/A mode OFF on input line 6410.
LaTeX Info: Redefining \ref on input line 6450.
LaTeX Info: Redefining \pageref on input line 6454.
\Hy@abspage=\count93
\c@Item=\count94
\c@Hfootnote=\count95
)
Package hyperref Info: Driver: hpdftex.
(/usr/local/texlive/2019/texmf-dist/tex/latex/hyperref/hpdftex.def
File: hpdftex.def 2018/11/30 v6.88e Hyperref driver for pdfTeX
\Fld@listcount=\count96
\c@bookmark@seq@number=\count97
(/usr/local/texlive/2019/texmf-dist/tex/latex/oberdiek/rerunfilecheck.sty
Package: rerunfilecheck 2016/05/16 v1.8 Rerun checks for auxiliary files (HO)
Package uniquecounter Info: New unique counter `rerunfilecheck' on input line 2
82.
)
\Hy@SectionHShift=\skip43
)
Package: html 1999/07/19 v1.38 hypertext commands for latex2html (nd, hws, rrm)

\c@lpart=\count98
\c@lchapter=\count99
\c@chapter=\count100
\c@lsection=\count101
\c@lsubsection=\count102
\c@lsubsubsection=\count103
\c@lparagraph=\count104
\c@lsubparagraph=\count105
\c@lsubsubparagraph=\count106
\ptrfile=\write3
) (/usr/local/texlive/2019/texmf-dist/tex/latex/xcolor/xcolor.sty
Package: xcolor 2016/05/11 v2.12 LaTeX color extensions (UK)
(/usr/local/texlive/2019/texmf-dist/tex/latex/graphics-cfg/color.cfg
File: color.cfg 2016/01/02 v1.6 sample color configuration
)
Package xcolor Info: Driver file: pdftex.def on input line 225.
Package xcolor Info: Model `cmy' substituted by `cmy0' on input line 1348.
Package xcolor Info: Model `hsb' substituted by `rgb' on input line 1352.
Package xcolor Info: Model `RGB' extended on input line 1364.
Package xcolor Info: Model `HTML' substituted by `rgb' on input line 1366.
Package xcolor Info: Model `Hsb' substituted by `hsb' on input line 1367.
Package xcolor Info: Model `tHsb' substituted by `hsb' on input line 1368.
Package xcolor Info: Model `HSB' substituted by `hsb' on input line 1369.
Package xcolor Info: Model `Gray' substituted by `gray' on input line 1370.
Package xcolor Info: Model `wave' substituted by `hsb' on input line 1371.
) (/usr/local/texlive/2019/texmf-dist/tex/latex/base/inputenc.sty
Package: inputenc 2018/08/11 v1.3c Input encoding file
\inpenc@prehook=\toks16
\inpenc@posthook=\toks17
)
\sizebox=\box27
\lthtmlwrite=\write4
(/usr/local/texlive/2019/texmf-dist/tex/latex/preview/preview.sty
Package: preview 2017/04/24 11.91 (AUCTeX/preview-latex)
(/usr/local/texlive/2019/texmf-dist/tex/generic/luatex85/luatex85.sty
Package: luatex85 2016/06/15 v1.4 pdftex aliases for luatex
) (/usr/local/texlive/2019/texmf-dist/tex/latex/preview/prtightpage.def
\PreviewBorder=\dimen107
)
\pr@snippet=\count107
\pr@box=\box28
\pr@output=\toks18
)
\lthtmlPageBox=\box29
\lthtmlCropMarkHeight=\dimen108
\lthtmlCropMarkDepth=\dimen109
! Too many }'s.
l.69 ...preview}\copy\lthtmlPageBox\end{preview}}}
                                                  %
You've closed more groups than you opened.
Such booboos are generally harmless, so keep going.

(./images.aux)
\openout1 = `images.aux'.

LaTeX Font Info:    Checking defaults for OML/cmm/m/it on input line 100.
LaTeX Font Info:    ... okay on input line 100.
LaTeX Font Info:    Checking defaults for T1/cmr/m/n on input line 100.
LaTeX Font Info:    ... okay on input line 100.
LaTeX Font Info:    Checking defaults for OT1/cmr/m/n on input line 100.
LaTeX Font Info:    ... okay on input line 100.
LaTeX Font Info:    Checking defaults for OMS/cmsy/m/n on input line 100.
LaTeX Font Info:    ... okay on input line 100.
LaTeX Font Info:    Checking defaults for OMX/cmex/m/n on input line 100.
LaTeX Font Info:    ... okay on input line 100.
LaTeX Font Info:    Checking defaults for U/cmr/m/n on input line 100.
LaTeX Font Info:    ... okay on input line 100.
LaTeX Font Info:    Checking defaults for PD1/pdf/m/n on input line 100.
LaTeX Font Info:    ... okay on input line 100.
(/usr/local/texlive/2019/texmf-dist/tex/context/base/mkii/supp-pdf.mkii
[Loading MPS to PDF converter (version 2006.09.02).]
\scratchcounter=\count108
\scratchdimen=\dimen110
\scratchbox=\box30
\nofMPsegments=\count109
\nofMParguments=\count110
\everyMPshowfont=\toks19
\MPscratchCnt=\count111
\MPscratchDim=\dimen111
\MPnumerator=\count112
\makeMPintoPDFobject=\count113
\everyMPtoPDFconversion=\toks20
) (/usr/local/texlive/2019/texmf-dist/tex/latex/oberdiek/epstopdf-base.sty
Package: epstopdf-base 2016/05/15 v2.6 Base part for package epstopdf
(/usr/local/texlive/2019/texmf-dist/tex/latex/oberdiek/grfext.sty
Package: grfext 2016/05/16 v1.2 Manage graphics extensions (HO)
)
Package epstopdf-base Info: Redefining graphics rule for `.eps' on input line 4
38.
Package grfext Info: Graphics extension search list:
(grfext)             [.pdf,.png,.jpg,.mps,.jpeg,.jbig2,.jb2,.PDF,.PNG,.JPG,.JPE
G,.JBIG2,.JB2,.eps]
(grfext)             \AppendGraphicsExtensions on input line 456.
(/usr/local/texlive/2019/texmf-dist/tex/latex/latexconfig/epstopdf-sys.cfg
File: epstopdf-sys.cfg 2010/07/13 v1.3 Configuration of (r)epstopdf for TeX Liv
e
))
\AtBeginShipoutBox=\box31
Package hyperref Info: Link coloring OFF on input line 100.
(/usr/local/texlive/2019/texmf-dist/tex/latex/hyperref/nameref.sty
Package: nameref 2016/05/21 v2.44 Cross-referencing by name of section
(/usr/local/texlive/2019/texmf-dist/tex/generic/oberdiek/gettitlestring.sty
Package: gettitlestring 2016/05/16 v1.5 Cleanup title references (HO)
)
\c@section@level=\count114
)
LaTeX Info: Redefining \ref on input line 100.
LaTeX Info: Redefining \pageref on input line 100.
LaTeX Info: Redefining \nameref on input line 100.
(./images.out) (./images.out)
\@outlinefile=\write5
\openout5 = `images.out'.

Preview: Fontsize 10pt
Preview: PDFoutput 1

latex2htmlLength hsize=349.0pt

latex2htmlLength vsize=633.0pt

latex2htmlLength hoffset=0.0pt

latex2htmlLength voffset=0.0pt

latex2htmlLength topmargin=0.0pt

latex2htmlLength topskip=0.00003pt

latex2htmlLength headheight=0.0pt

latex2htmlLength headsep=0.0pt

latex2htmlLength parskip=0.0pt plus 1.0pt

latex2htmlLength oddsidemargin=62.0pt

latex2htmlLength evensidemargin=62.0pt

LaTeX Font Info:    Try loading font information for U+msa on input line 128.
(/usr/local/texlive/2019/texmf-dist/tex/latex/amsfonts/umsa.fd
File: umsa.fd 2013/01/14 v3.01 AMS symbols A
)
LaTeX Font Info:    Try loading font information for U+msb on input line 128.
(/usr/local/texlive/2019/texmf-dist/tex/latex/amsfonts/umsb.fd
File: umsb.fd 2013/01/14 v3.01 AMS symbols B
)

:tex2html_wrap_indisplay3096:lthtmlCropMarkHeight:=20.5001pt

:tex2html_wrap_indisplay3096:lthtmlCropMarkDepth:=9.50012pt:1ex:=4.30554pt
Preview: Tightpage -32891 -32891 32891 32891
[1{/usr/local/texlive/2019/texmf-var/fonts/map/pdftex/updmap/pdftex.map}]

:tex2html_wrap_inline1887:lthtmlCropMarkHeight:=13.5pt

:tex2html_wrap_inline1887:lthtmlCropMarkDepth:=2.5pt:1ex:=4.30554pt
[2]

:tex2html_wrap_inline1889:lthtmlCropMarkHeight:=10.30554pt

:tex2html_wrap_inline1889:lthtmlCropMarkDepth:=0.0pt:1ex:=4.30554pt
[3]

:tex2html_wrap_indisplay3100:lthtmlCropMarkHeight:=13.5pt

:tex2html_wrap_indisplay3100:lthtmlCropMarkDepth:=2.5pt:1ex:=4.30554pt
[4]

:tex2html_wrap_indisplay3101:lthtmlCropMarkHeight:=9.66875pt

:tex2html_wrap_indisplay3101:lthtmlCropMarkDepth:=0.0pt:1ex:=4.30554pt
[5]

:tex2html_wrap_indisplay3102:lthtmlCropMarkHeight:=20.26508pt

:tex2html_wrap_indisplay3102:lthtmlCropMarkDepth:=9.35951pt:1ex:=4.30554pt
[6]

:tex2html_wrap_indisplay3104:lthtmlCropMarkHeight:=19.20952pt

:tex2html_wrap_indisplay3104:lthtmlCropMarkDepth:=8.80396pt:1ex:=4.30554pt
[7]

:tex2html_wrap_inline1891:lthtmlCropMarkHeight:=13.5pt

:tex2html_wrap_inline1891:lthtmlCropMarkDepth:=2.5pt:1ex:=4.30554pt
[8]

:tex2html_wrap_inline1893:lthtmlCropMarkHeight:=12.44444pt

:tex2html_wrap_inline1893:lthtmlCropMarkDepth:=0.0pt:1ex:=4.30554pt
[9]

:tex2html_wrap_inline1895:lthtmlCropMarkHeight:=13.5pt

:tex2html_wrap_inline1895:lthtmlCropMarkDepth:=2.5pt:1ex:=4.30554pt
[10]

:tex2html_wrap_inline1897:lthtmlCropMarkHeight:=15.07217pt

:tex2html_wrap_inline1897:lthtmlCropMarkDepth:=2.5pt:1ex:=4.30554pt
[11]

:tex2html_wrap_inline1899:lthtmlCropMarkHeight:=13.5pt

:tex2html_wrap_inline1899:lthtmlCropMarkDepth:=2.5pt:1ex:=4.30554pt
[12]

:tex2html_wrap_inline1901:lthtmlCropMarkHeight:=14.14003pt

:tex2html_wrap_inline1901:lthtmlCropMarkDepth:=0.0pt:1ex:=4.30554pt
[13]

:tex2html_wrap_inline1903:lthtmlCropMarkHeight:=14.14003pt

:tex2html_wrap_inline1903:lthtmlCropMarkDepth:=2.5pt:1ex:=4.30554pt
[14]

:tex2html_wrap_indisplay3113:lthtmlCropMarkHeight:=20.5001pt

:tex2html_wrap_indisplay3113:lthtmlCropMarkDepth:=9.50012pt:1ex:=4.30554pt
[15]

:tex2html_wrap_inline1905:lthtmlCropMarkHeight:=13.5pt

:tex2html_wrap_inline1905:lthtmlCropMarkDepth:=2.5pt:1ex:=4.30554pt
[16]

:tex2html_wrap_indisplay3119:lthtmlCropMarkHeight:=20.26508pt

:tex2html_wrap_indisplay3119:lthtmlCropMarkDepth:=9.35951pt:1ex:=4.30554pt
[17]

:tex2html_wrap_indisplay3121:lthtmlCropMarkHeight:=19.20952pt

:tex2html_wrap_indisplay3121:lthtmlCropMarkDepth:=9.35951pt:1ex:=4.30554pt
[18]

:tex2html_wrap_inline1909:lthtmlCropMarkHeight:=13.5pt

:tex2html_wrap_inline1909:lthtmlCropMarkDepth:=2.5pt:1ex:=4.30554pt
[19]

:tex2html_wrap_inline1913:lthtmlCropMarkHeight:=13.5pt

:tex2html_wrap_inline1913:lthtmlCropMarkDepth:=2.5pt:1ex:=4.30554pt
[20]

:tex2html_wrap_inline1915:lthtmlCropMarkHeight:=15.07217pt

:tex2html_wrap_inline1915:lthtmlCropMarkDepth:=2.5pt:1ex:=4.30554pt
[21]

:tex2html_wrap_inline1917:lthtmlCropMarkHeight:=13.5pt

:tex2html_wrap_inline1917:lthtmlCropMarkDepth:=2.5pt:1ex:=4.30554pt
[22]

:tex2html_wrap_inline1919:lthtmlCropMarkHeight:=14.14003pt

:tex2html_wrap_inline1919:lthtmlCropMarkDepth:=0.0pt:1ex:=4.30554pt
[23]

:tex2html_wrap_inline1921:lthtmlCropMarkHeight:=14.14003pt

:tex2html_wrap_inline1921:lthtmlCropMarkDepth:=2.5pt:1ex:=4.30554pt
[24]

:tex2html_wrap_inline1923:lthtmlCropMarkHeight:=12.83331pt

:tex2html_wrap_inline1923:lthtmlCropMarkDepth:=1.49998pt:1ex:=4.30554pt
[25]

:tex2html_wrap_inline1925:lthtmlCropMarkHeight:=13.5pt

:tex2html_wrap_inline1925:lthtmlCropMarkDepth:=2.5pt:1ex:=4.30554pt
[26]

:tex2html_wrap_inline1927:lthtmlCropMarkHeight:=12.88586pt

:tex2html_wrap_inline1927:lthtmlCropMarkDepth:=0.0pt:1ex:=4.30554pt
[27]

:tex2html_wrap_inline1929:lthtmlCropMarkHeight:=12.59525pt

:tex2html_wrap_inline1929:lthtmlCropMarkDepth:=1.94444pt:1ex:=4.30554pt
[28]

LaTeX Warning: Command \j invalid in math mode on input line 307.


:tex2html_wrap_indisplay3134:lthtmlCropMarkHeight:=19.36032pt

:tex2html_wrap_indisplay3134:lthtmlCropMarkDepth:=8.80396pt:1ex:=4.30554pt
[29]

:tex2html_wrap_indisplay3136:lthtmlCropMarkHeight:=20.5001pt

:tex2html_wrap_indisplay3136:lthtmlCropMarkDepth:=9.50012pt:1ex:=4.30554pt
[30]

:tex2html_wrap_indisplay3140:lthtmlCropMarkHeight:=13.5pt

:tex2html_wrap_indisplay3140:lthtmlCropMarkDepth:=2.5pt:1ex:=4.30554pt
[31]

:tex2html_wrap_indisplay3142:lthtmlCropMarkHeight:=13.5pt

:tex2html_wrap_indisplay3142:lthtmlCropMarkDepth:=2.5pt:1ex:=4.30554pt
[32]

:tex2html_wrap_indisplay3144:lthtmlCropMarkHeight:=20.26508pt

:tex2html_wrap_indisplay3144:lthtmlCropMarkDepth:=9.35951pt:1ex:=4.30554pt
[33]

:tex2html_wrap_indisplay3146:lthtmlCropMarkHeight:=20.5001pt

:tex2html_wrap_indisplay3146:lthtmlCropMarkDepth:=9.50012pt:1ex:=4.30554pt
[34]

:tex2html_wrap_indisplay3148:lthtmlCropMarkHeight:=20.9051pt

:tex2html_wrap_indisplay3148:lthtmlCropMarkDepth:=9.50012pt:1ex:=4.30554pt
[35]

:tex2html_wrap_inline1935:lthtmlCropMarkHeight:=13.5pt

:tex2html_wrap_inline1935:lthtmlCropMarkDepth:=2.5pt:1ex:=4.30554pt
[36]

:tex2html_wrap_inline1937:lthtmlCropMarkHeight:=13.5pt

:tex2html_wrap_inline1937:lthtmlCropMarkDepth:=2.5pt:1ex:=4.30554pt
[37]

:tex2html_wrap_inline1939:lthtmlCropMarkHeight:=13.5pt

:tex2html_wrap_inline1939:lthtmlCropMarkDepth:=2.5pt:1ex:=4.30554pt
[38]

:tex2html_wrap_inline1941:lthtmlCropMarkHeight:=13.5pt

:tex2html_wrap_inline1941:lthtmlCropMarkDepth:=2.5pt:1ex:=4.30554pt
[39]

:tex2html_wrap_inline1943:lthtmlCropMarkHeight:=13.5pt

:tex2html_wrap_inline1943:lthtmlCropMarkDepth:=3.14723pt:1ex:=4.30554pt
[40]

:tex2html_wrap_inline1945:lthtmlCropMarkHeight:=13.5pt

:tex2html_wrap_inline1945:lthtmlCropMarkDepth:=2.5pt:1ex:=4.30554pt
[41]

:tex2html_wrap_inline1947:lthtmlCropMarkHeight:=10.30554pt

:tex2html_wrap_inline1947:lthtmlCropMarkDepth:=1.49998pt:1ex:=4.30554pt
[42]

:tex2html_wrap_inline1949:lthtmlCropMarkHeight:=10.30554pt

:tex2html_wrap_inline1949:lthtmlCropMarkDepth:=1.49998pt:1ex:=4.30554pt
[43]

:tex2html_wrap_inline1951:lthtmlCropMarkHeight:=10.30554pt

:tex2html_wrap_inline1951:lthtmlCropMarkDepth:=1.49998pt:1ex:=4.30554pt
[44]

:tex2html_wrap_indisplay3159:lthtmlCropMarkHeight:=19.20952pt

:tex2html_wrap_indisplay3159:lthtmlCropMarkDepth:=6.85951pt:1ex:=4.30554pt
[45]

:tex2html_wrap_indisplay3161:lthtmlCropMarkHeight:=19.20952pt

:tex2html_wrap_indisplay3161:lthtmlCropMarkDepth:=6.85951pt:1ex:=4.30554pt
[46]

:tex2html_wrap_inline1953:lthtmlCropMarkHeight:=10.30554pt

:tex2html_wrap_inline1953:lthtmlCropMarkDepth:=1.49998pt:1ex:=4.30554pt
[47]

:tex2html_wrap_inline1955:lthtmlCropMarkHeight:=10.30554pt

:tex2html_wrap_inline1955:lthtmlCropMarkDepth:=1.49998pt:1ex:=4.30554pt
[48]

:tex2html_wrap_inline1957:lthtmlCropMarkHeight:=10.30554pt

:tex2html_wrap_inline1957:lthtmlCropMarkDepth:=1.49998pt:1ex:=4.30554pt
[49]

:tex2html_wrap_inline1959:lthtmlCropMarkHeight:=14.14003pt

:tex2html_wrap_inline1959:lthtmlCropMarkDepth:=1.49998pt:1ex:=4.30554pt
[50]

:tex2html_wrap_inline1961:lthtmlCropMarkHeight:=14.14003pt

:tex2html_wrap_inline1961:lthtmlCropMarkDepth:=1.49998pt:1ex:=4.30554pt
[51]

:tex2html_wrap_inline1963:lthtmlCropMarkHeight:=14.14003pt

:tex2html_wrap_inline1963:lthtmlCropMarkDepth:=1.49998pt:1ex:=4.30554pt
[52]

:tex2html_wrap_inline1965:lthtmlCropMarkHeight:=12.83331pt

:tex2html_wrap_inline1965:lthtmlCropMarkDepth:=0.0pt:1ex:=4.30554pt
[53]

:tex2html_wrap_indisplay3170:lthtmlCropMarkHeight:=20.50012pt

:tex2html_wrap_indisplay3170:lthtmlCropMarkDepth:=9.50012pt:1ex:=4.30554pt
[54]

:tex2html_wrap_inline1967:lthtmlCropMarkHeight:=13.5pt

:tex2html_wrap_inline1967:lthtmlCropMarkDepth:=2.5pt:1ex:=4.30554pt
[55]

:tex2html_wrap_inline1969:lthtmlCropMarkHeight:=13.5pt

:tex2html_wrap_inline1969:lthtmlCropMarkDepth:=2.5pt:1ex:=4.30554pt
[56]

:tex2html_wrap_indisplay3174:lthtmlCropMarkHeight:=13.5pt

:tex2html_wrap_indisplay3174:lthtmlCropMarkDepth:=2.5pt:1ex:=4.30554pt
[57]

:tex2html_wrap_indisplay3176:lthtmlCropMarkHeight:=20.26508pt

:tex2html_wrap_indisplay3176:lthtmlCropMarkDepth:=9.35951pt:1ex:=4.30554pt
[58]

:tex2html_wrap_indisplay3178:lthtmlCropMarkHeight:=20.26508pt

:tex2html_wrap_indisplay3178:lthtmlCropMarkDepth:=8.80396pt:1ex:=4.30554pt
[59]

:tex2html_wrap_inline1971:lthtmlCropMarkHeight:=12.83331pt

:tex2html_wrap_inline1971:lthtmlCropMarkDepth:=1.49998pt:1ex:=4.30554pt
[60]

:tex2html_wrap_indisplay3182:lthtmlCropMarkHeight:=20.5001pt

:tex2html_wrap_indisplay3182:lthtmlCropMarkDepth:=9.50012pt:1ex:=4.30554pt
[61]

:tex2html_wrap_indisplay3184:lthtmlCropMarkHeight:=19.59839pt

:tex2html_wrap_indisplay3184:lthtmlCropMarkDepth:=8.3595pt:1ex:=4.30554pt
[62]

:tex2html_wrap_inline1973:lthtmlCropMarkHeight:=12.83331pt

:tex2html_wrap_inline1973:lthtmlCropMarkDepth:=1.49998pt:1ex:=4.30554pt
[63]

:tex2html_wrap_indisplay3187:lthtmlCropMarkHeight:=19.59839pt

:tex2html_wrap_indisplay3187:lthtmlCropMarkDepth:=8.3595pt:1ex:=4.30554pt
[64]

:tex2html_wrap_indisplay3189:lthtmlCropMarkHeight:=20.5001pt

:tex2html_wrap_indisplay3189:lthtmlCropMarkDepth:=9.50012pt:1ex:=4.30554pt
[65]

:tex2html_wrap_inline1975:lthtmlCropMarkHeight:=12.83331pt

:tex2html_wrap_inline1975:lthtmlCropMarkDepth:=1.49998pt:1ex:=4.30554pt
[66]

:tex2html_wrap_inline1977:lthtmlCropMarkHeight:=12.83331pt

:tex2html_wrap_inline1977:lthtmlCropMarkDepth:=1.49998pt:1ex:=4.30554pt
[67]

:tex2html_wrap_indisplay3193:lthtmlCropMarkHeight:=12.83331pt

:tex2html_wrap_indisplay3193:lthtmlCropMarkDepth:=0.0pt:1ex:=4.30554pt
[68]

:tex2html_wrap_indisplay3195:lthtmlCropMarkHeight:=19.59839pt

:tex2html_wrap_indisplay3195:lthtmlCropMarkDepth:=8.3595pt:1ex:=4.30554pt
[69]

:tex2html_wrap_inline1979:lthtmlCropMarkHeight:=12.83331pt

:tex2html_wrap_inline1979:lthtmlCropMarkDepth:=1.49998pt:1ex:=4.30554pt
[70]

:tex2html_wrap_inline1981:lthtmlCropMarkHeight:=12.83331pt

:tex2html_wrap_inline1981:lthtmlCropMarkDepth:=1.49998pt:1ex:=4.30554pt
[71]

:tex2html_wrap_inline1983:lthtmlCropMarkHeight:=13.5pt

:tex2html_wrap_inline1983:lthtmlCropMarkDepth:=2.5pt:1ex:=4.30554pt
[72]

:tex2html_wrap_inline1985:lthtmlCropMarkHeight:=13.5pt

:tex2html_wrap_inline1985:lthtmlCropMarkDepth:=2.5pt:1ex:=4.30554pt
[73]

:tex2html_wrap_indisplay3201:lthtmlCropMarkHeight:=20.9051pt

:tex2html_wrap_indisplay3201:lthtmlCropMarkDepth:=9.35951pt:1ex:=4.30554pt
[74]

:tex2html_wrap_indisplay3203:lthtmlCropMarkHeight:=19.59839pt

:tex2html_wrap_indisplay3203:lthtmlCropMarkDepth:=9.7206pt:1ex:=4.30554pt
[75]

:tex2html_wrap_indisplay3205:lthtmlCropMarkHeight:=21.2817pt

:tex2html_wrap_indisplay3205:lthtmlCropMarkDepth:=9.35951pt:1ex:=4.30554pt
[76]

:tex2html_wrap_inline1989:lthtmlCropMarkHeight:=12.94444pt

:tex2html_wrap_inline1989:lthtmlCropMarkDepth:=1.94444pt:1ex:=4.30554pt
[77]

:tex2html_wrap_inline1991:lthtmlCropMarkHeight:=13.5pt

:tex2html_wrap_inline1991:lthtmlCropMarkDepth:=2.5pt:1ex:=4.30554pt
[78]

:tex2html_wrap_inline1993:lthtmlCropMarkHeight:=12.83331pt

:tex2html_wrap_inline1993:lthtmlCropMarkDepth:=1.49998pt:1ex:=4.30554pt
[79]

:tex2html_wrap_inline1995:lthtmlCropMarkHeight:=12.83331pt

:tex2html_wrap_inline1995:lthtmlCropMarkDepth:=1.49998pt:1ex:=4.30554pt
[80]

:tex2html_wrap_inline1997:lthtmlCropMarkHeight:=12.83331pt

:tex2html_wrap_inline1997:lthtmlCropMarkDepth:=1.49998pt:1ex:=4.30554pt
[81]

:tex2html_wrap_inline1999:lthtmlCropMarkHeight:=12.83331pt

:tex2html_wrap_inline1999:lthtmlCropMarkDepth:=1.49998pt:1ex:=4.30554pt
[82]

:tex2html_wrap_inline2001:lthtmlCropMarkHeight:=12.83331pt

:tex2html_wrap_inline2001:lthtmlCropMarkDepth:=1.49998pt:1ex:=4.30554pt
[83]

:tex2html_wrap_indisplay3215:lthtmlCropMarkHeight:=19.20952pt

:tex2html_wrap_indisplay3215:lthtmlCropMarkDepth:=9.2999pt:1ex:=4.30554pt
[84]

:tex2html_wrap_inline2003:lthtmlCropMarkHeight:=13.5pt

:tex2html_wrap_inline2003:lthtmlCropMarkDepth:=2.5pt:1ex:=4.30554pt
[85]

:tex2html_wrap_inline2005:lthtmlCropMarkHeight:=13.5pt

:tex2html_wrap_inline2005:lthtmlCropMarkDepth:=2.5pt:1ex:=4.30554pt
[86]

:tex2html_wrap_inline2007:lthtmlCropMarkHeight:=12.83331pt

:tex2html_wrap_inline2007:lthtmlCropMarkDepth:=1.49998pt:1ex:=4.30554pt
[87]

:tex2html_wrap_inline2009:lthtmlCropMarkHeight:=12.83331pt

:tex2html_wrap_inline2009:lthtmlCropMarkDepth:=1.49998pt:1ex:=4.30554pt
[88]

:tex2html_wrap_indisplay3221:lthtmlCropMarkHeight:=20.9051pt

:tex2html_wrap_indisplay3221:lthtmlCropMarkDepth:=9.35951pt:1ex:=4.30554pt
[89]

:tex2html_wrap_indisplay3223:lthtmlCropMarkHeight:=19.59839pt

:tex2html_wrap_indisplay3223:lthtmlCropMarkDepth:=9.2999pt:1ex:=4.30554pt
[90]

:tex2html_wrap_indisplay3225:lthtmlCropMarkHeight:=21.2817pt

:tex2html_wrap_indisplay3225:lthtmlCropMarkDepth:=9.35951pt:1ex:=4.30554pt
[91]

:tex2html_wrap_indisplay3227:lthtmlCropMarkHeight:=20.5001pt

:tex2html_wrap_indisplay3227:lthtmlCropMarkDepth:=9.50012pt:1ex:=4.30554pt
[92]

:tex2html_wrap_inline2011:lthtmlCropMarkHeight:=12.83331pt

:tex2html_wrap_inline2011:lthtmlCropMarkDepth:=1.49998pt:1ex:=4.30554pt
[93]

:tex2html_wrap_indisplay3230:lthtmlCropMarkHeight:=20.5001pt

:tex2html_wrap_indisplay3230:lthtmlCropMarkDepth:=9.50012pt:1ex:=4.30554pt
[94]

:tex2html_wrap_inline2013:lthtmlCropMarkHeight:=12.83331pt

:tex2html_wrap_inline2013:lthtmlCropMarkDepth:=1.49998pt:1ex:=4.30554pt
[95]

:tex2html_wrap_indisplay3233:lthtmlCropMarkHeight:=19.59839pt

:tex2html_wrap_indisplay3233:lthtmlCropMarkDepth:=9.7206pt:1ex:=4.30554pt
[96]

:tex2html_wrap_inline2017:lthtmlCropMarkHeight:=13.5pt

:tex2html_wrap_inline2017:lthtmlCropMarkDepth:=2.5pt:1ex:=4.30554pt
[97]

:tex2html_wrap_indisplay3237:lthtmlCropMarkHeight:=20.5001pt

:tex2html_wrap_indisplay3237:lthtmlCropMarkDepth:=9.7206pt:1ex:=4.30554pt
[98]

:tex2html_wrap_indisplay3239:lthtmlCropMarkHeight:=20.5001pt

:tex2html_wrap_indisplay3239:lthtmlCropMarkDepth:=9.7206pt:1ex:=4.30554pt
[99]

:tex2html_wrap_inline2021:lthtmlCropMarkHeight:=12.94444pt

:tex2html_wrap_inline2021:lthtmlCropMarkDepth:=1.49998pt:1ex:=4.30554pt
[100]

:tex2html_wrap_indisplay3243:lthtmlCropMarkHeight:=20.5001pt

:tex2html_wrap_indisplay3243:lthtmlCropMarkDepth:=9.7206pt:1ex:=4.30554pt
[101]

:tex2html_wrap_indisplay3245:lthtmlCropMarkHeight:=19.59839pt

:tex2html_wrap_indisplay3245:lthtmlCropMarkDepth:=8.3595pt:1ex:=4.30554pt
[102]

:tex2html_wrap_indisplay3247:lthtmlCropMarkHeight:=20.5001pt

:tex2html_wrap_indisplay3247:lthtmlCropMarkDepth:=9.7206pt:1ex:=4.30554pt
[103]

:tex2html_wrap_indisplay3249:lthtmlCropMarkHeight:=20.5001pt

:tex2html_wrap_indisplay3249:lthtmlCropMarkDepth:=9.7206pt:1ex:=4.30554pt
[104]

:tex2html_wrap_indisplay3251:lthtmlCropMarkHeight:=19.59839pt

:tex2html_wrap_indisplay3251:lthtmlCropMarkDepth:=8.3595pt:1ex:=4.30554pt
[105]

:tex2html_wrap_indisplay3253:lthtmlCropMarkHeight:=19.20952pt

:tex2html_wrap_indisplay3253:lthtmlCropMarkDepth:=16.9001pt:1ex:=4.30554pt
[106]

:tex2html_wrap_indisplay3255:lthtmlCropMarkHeight:=20.26508pt

:tex2html_wrap_indisplay3255:lthtmlCropMarkDepth:=16.9001pt:1ex:=4.30554pt
[107]

:tex2html_wrap_indisplay3257:lthtmlCropMarkHeight:=20.26508pt

:tex2html_wrap_indisplay3257:lthtmlCropMarkDepth:=13.26498pt:1ex:=4.30554pt
[108]

:tex2html_wrap_indisplay3259:lthtmlCropMarkHeight:=19.20952pt

:tex2html_wrap_indisplay3259:lthtmlCropMarkDepth:=8.80396pt:1ex:=4.30554pt
[109]

:tex2html_wrap_indisplay3263:lthtmlCropMarkHeight:=27.9001pt

:tex2html_wrap_indisplay3263:lthtmlCropMarkDepth:=16.9001pt:1ex:=4.30554pt
[110]

:tex2html_wrap_indisplay3265:lthtmlCropMarkHeight:=19.59839pt

:tex2html_wrap_indisplay3265:lthtmlCropMarkDepth:=9.35951pt:1ex:=4.30554pt
[111]

:tex2html_wrap_indisplay3267:lthtmlCropMarkHeight:=24.27719pt

:tex2html_wrap_indisplay3267:lthtmlCropMarkDepth:=12.12308pt:1ex:=4.30554pt
[112]

:tex2html_wrap_indisplay3269:lthtmlCropMarkHeight:=19.59839pt

:tex2html_wrap_indisplay3269:lthtmlCropMarkDepth:=9.7206pt:1ex:=4.30554pt
[113]

:tex2html_wrap_inline2023:lthtmlCropMarkHeight:=13.5pt

:tex2html_wrap_inline2023:lthtmlCropMarkDepth:=2.5pt:1ex:=4.30554pt
[114]

:tex2html_wrap_inline2025:lthtmlCropMarkHeight:=12.83331pt

:tex2html_wrap_inline2025:lthtmlCropMarkDepth:=1.49998pt:1ex:=4.30554pt
[115]

:tex2html_wrap_inline2027:lthtmlCropMarkHeight:=12.83331pt

:tex2html_wrap_inline2027:lthtmlCropMarkDepth:=1.49998pt:1ex:=4.30554pt
[116]

:tex2html_wrap_inline2029:lthtmlCropMarkHeight:=12.83331pt

:tex2html_wrap_inline2029:lthtmlCropMarkDepth:=1.49998pt:1ex:=4.30554pt
[117]

:tex2html_wrap_inline2031:lthtmlCropMarkHeight:=13.5pt

:tex2html_wrap_inline2031:lthtmlCropMarkDepth:=2.5pt:1ex:=4.30554pt
[118]

:tex2html_wrap_inline2033:lthtmlCropMarkHeight:=12.83331pt

:tex2html_wrap_inline2033:lthtmlCropMarkDepth:=1.49998pt:1ex:=4.30554pt
[119]

:tex2html_wrap_inline2035:lthtmlCropMarkHeight:=12.44444pt

:tex2html_wrap_inline2035:lthtmlCropMarkDepth:=0.0pt:1ex:=4.30554pt
[120]

:tex2html_wrap_indisplay3282:lthtmlCropMarkHeight:=20.9051pt

:tex2html_wrap_indisplay3282:lthtmlCropMarkDepth:=9.35951pt:1ex:=4.30554pt
[121]

:tex2html_wrap_indisplay3284:lthtmlCropMarkHeight:=20.9051pt

:tex2html_wrap_indisplay3284:lthtmlCropMarkDepth:=9.35951pt:1ex:=4.30554pt
[122]

:tex2html_wrap_indisplay3286:lthtmlCropMarkHeight:=19.20952pt

:tex2html_wrap_indisplay3286:lthtmlCropMarkDepth:=6.85951pt:1ex:=4.30554pt
[123]

:tex2html_wrap_inline2039:lthtmlCropMarkHeight:=13.5pt

:tex2html_wrap_inline2039:lthtmlCropMarkDepth:=2.5pt:1ex:=4.30554pt
[124]

:tex2html_wrap_inline2041:lthtmlCropMarkHeight:=13.5pt

:tex2html_wrap_inline2041:lthtmlCropMarkDepth:=2.5pt:1ex:=4.30554pt
[125]

:tex2html_wrap_inline2043:lthtmlCropMarkHeight:=13.5pt

:tex2html_wrap_inline2043:lthtmlCropMarkDepth:=2.5pt:1ex:=4.30554pt
[126]

:tex2html_wrap_indisplay3291:lthtmlCropMarkHeight:=28.19998pt

:tex2html_wrap_indisplay3291:lthtmlCropMarkDepth:=17.19998pt:1ex:=4.30554pt
[127]

:tex2html_wrap_inline2047:lthtmlCropMarkHeight:=13.5pt

:tex2html_wrap_inline2047:lthtmlCropMarkDepth:=2.5pt:1ex:=4.30554pt
[128]

:tex2html_wrap_inline2049:lthtmlCropMarkHeight:=12.83331pt

:tex2html_wrap_inline2049:lthtmlCropMarkDepth:=0.0pt:1ex:=4.30554pt
[129]

:tex2html_wrap_inline2051:lthtmlCropMarkHeight:=12.83331pt

:tex2html_wrap_inline2051:lthtmlCropMarkDepth:=1.49998pt:1ex:=4.30554pt
[130]

:tex2html_wrap_inline2053:lthtmlCropMarkHeight:=12.83331pt

:tex2html_wrap_inline2053:lthtmlCropMarkDepth:=1.49998pt:1ex:=4.30554pt
[131]

:tex2html_wrap_indisplay3299:lthtmlCropMarkHeight:=19.59839pt

:tex2html_wrap_indisplay3299:lthtmlCropMarkDepth:=8.3595pt:1ex:=4.30554pt
[132]

:tex2html_wrap_inline2057:lthtmlCropMarkHeight:=13.5pt

:tex2html_wrap_inline2057:lthtmlCropMarkDepth:=2.5pt:1ex:=4.30554pt
[133]

:tex2html_wrap_inline2059:lthtmlCropMarkHeight:=13.5pt

:tex2html_wrap_inline2059:lthtmlCropMarkDepth:=2.5pt:1ex:=4.30554pt
[134]

:tex2html_wrap_inline2061:lthtmlCropMarkHeight:=12.83331pt

:tex2html_wrap_inline2061:lthtmlCropMarkDepth:=1.49998pt:1ex:=4.30554pt
[135]

:tex2html_wrap_inline2063:lthtmlCropMarkHeight:=12.83331pt

:tex2html_wrap_inline2063:lthtmlCropMarkDepth:=1.49998pt:1ex:=4.30554pt
[136]

:tex2html_wrap_inline2065:lthtmlCropMarkHeight:=13.5pt

:tex2html_wrap_inline2065:lthtmlCropMarkDepth:=2.5pt:1ex:=4.30554pt
[137]

:tex2html_wrap_indisplay3306:lthtmlCropMarkHeight:=13.5pt

:tex2html_wrap_indisplay3306:lthtmlCropMarkDepth:=2.5pt:1ex:=4.30554pt
[138]

:tex2html_wrap_inline2067:lthtmlCropMarkHeight:=13.5pt

:tex2html_wrap_inline2067:lthtmlCropMarkDepth:=2.5pt:1ex:=4.30554pt
[139]

:tex2html_wrap_indisplay3309:lthtmlCropMarkHeight:=13.5pt

:tex2html_wrap_indisplay3309:lthtmlCropMarkDepth:=2.5pt:1ex:=4.30554pt
[140]

:tex2html_wrap_indisplay3311:lthtmlCropMarkHeight:=19.59839pt

:tex2html_wrap_indisplay3311:lthtmlCropMarkDepth:=8.3595pt:1ex:=4.30554pt
[141]

:tex2html_wrap_indisplay3313:lthtmlCropMarkHeight:=20.5001pt

:tex2html_wrap_indisplay3313:lthtmlCropMarkDepth:=9.50012pt:1ex:=4.30554pt
[142]

:tex2html_wrap_indisplay3315:lthtmlCropMarkHeight:=20.26508pt

:tex2html_wrap_indisplay3315:lthtmlCropMarkDepth:=9.35951pt:1ex:=4.30554pt
[143]

:tex2html_wrap_inline2069:lthtmlCropMarkHeight:=14.14003pt

:tex2html_wrap_inline2069:lthtmlCropMarkDepth:=2.5pt:1ex:=4.30554pt
[144]

:tex2html_wrap_indisplay3318:lthtmlCropMarkHeight:=13.5pt

:tex2html_wrap_indisplay3318:lthtmlCropMarkDepth:=2.5pt:1ex:=4.30554pt
[145]

:tex2html_wrap_indisplay3320:lthtmlCropMarkHeight:=20.9051pt

:tex2html_wrap_indisplay3320:lthtmlCropMarkDepth:=9.35951pt:1ex:=4.30554pt
[146]

:tex2html_wrap_indisplay3322:lthtmlCropMarkHeight:=20.9051pt

:tex2html_wrap_indisplay3322:lthtmlCropMarkDepth:=9.35951pt:1ex:=4.30554pt
[147]

:tex2html_wrap_indisplay3324:lthtmlCropMarkHeight:=20.9051pt

:tex2html_wrap_indisplay3324:lthtmlCropMarkDepth:=9.35951pt:1ex:=4.30554pt
[148]

:tex2html_wrap_indisplay3326:lthtmlCropMarkHeight:=20.9051pt

:tex2html_wrap_indisplay3326:lthtmlCropMarkDepth:=9.35951pt:1ex:=4.30554pt
[149]

:tex2html_wrap_indisplay3328:lthtmlCropMarkHeight:=19.59839pt

:tex2html_wrap_indisplay3328:lthtmlCropMarkDepth:=9.30394pt:1ex:=4.30554pt
[150]

:tex2html_wrap_indisplay3332:lthtmlCropMarkHeight:=20.9051pt

:tex2html_wrap_indisplay3332:lthtmlCropMarkDepth:=9.35951pt:1ex:=4.30554pt
[151]

:tex2html_wrap_indisplay3334:lthtmlCropMarkHeight:=20.9051pt

:tex2html_wrap_indisplay3334:lthtmlCropMarkDepth:=9.35951pt:1ex:=4.30554pt
[152]

:tex2html_wrap_inline2075:lthtmlCropMarkHeight:=12.83331pt

:tex2html_wrap_inline2075:lthtmlCropMarkDepth:=1.49998pt:1ex:=4.30554pt
[153]

:tex2html_wrap_inline2077:lthtmlCropMarkHeight:=12.83331pt

:tex2html_wrap_inline2077:lthtmlCropMarkDepth:=1.49998pt:1ex:=4.30554pt
[154]

:tex2html_wrap_inline2079:lthtmlCropMarkHeight:=12.83331pt

:tex2html_wrap_inline2079:lthtmlCropMarkDepth:=1.49998pt:1ex:=4.30554pt
[155]

:tex2html_wrap_inline2081:lthtmlCropMarkHeight:=13.5pt

:tex2html_wrap_inline2081:lthtmlCropMarkDepth:=2.5pt:1ex:=4.30554pt
[156]

:tex2html_wrap_inline2085:lthtmlCropMarkHeight:=12.83331pt

:tex2html_wrap_inline2085:lthtmlCropMarkDepth:=1.49998pt:1ex:=4.30554pt
[157]

:tex2html_wrap_inline2087:lthtmlCropMarkHeight:=12.83331pt

:tex2html_wrap_inline2087:lthtmlCropMarkDepth:=1.49998pt:1ex:=4.30554pt
[158]

:tex2html_wrap_inline2089:lthtmlCropMarkHeight:=12.83331pt

:tex2html_wrap_inline2089:lthtmlCropMarkDepth:=1.94444pt:1ex:=4.30554pt
[159]

:tex2html_wrap_inline2091:lthtmlCropMarkHeight:=13.5pt

:tex2html_wrap_inline2091:lthtmlCropMarkDepth:=2.5pt:1ex:=4.30554pt
[160]

:tex2html_wrap_inline2093:lthtmlCropMarkHeight:=12.83331pt

:tex2html_wrap_inline2093:lthtmlCropMarkDepth:=0.0pt:1ex:=4.30554pt
[161]

:tex2html_wrap_inline2095:lthtmlCropMarkHeight:=13.51782pt

:tex2html_wrap_inline2095:lthtmlCropMarkDepth:=2.4821pt:1ex:=4.30554pt
[162]

:tex2html_wrap_inline2097:lthtmlCropMarkHeight:=14.14003pt

:tex2html_wrap_inline2097:lthtmlCropMarkDepth:=2.5pt:1ex:=4.30554pt
[163]

:tex2html_wrap_indisplay3352:lthtmlCropMarkHeight:=20.2829pt

:tex2html_wrap_indisplay3352:lthtmlCropMarkDepth:=9.52611pt:1ex:=4.30554pt
[164]

:tex2html_wrap_indisplay3356:lthtmlCropMarkHeight:=20.26508pt

:tex2html_wrap_indisplay3356:lthtmlCropMarkDepth:=9.35951pt:1ex:=4.30554pt
[165]

:tex2html_wrap_indisplay3358:lthtmlCropMarkHeight:=20.26508pt

:tex2html_wrap_indisplay3358:lthtmlCropMarkDepth:=9.35951pt:1ex:=4.30554pt
[166]

:tex2html_wrap_indisplay3360:lthtmlCropMarkHeight:=20.9051pt

:tex2html_wrap_indisplay3360:lthtmlCropMarkDepth:=9.35951pt:1ex:=4.30554pt
[167]

:tex2html_wrap_inline2099:lthtmlCropMarkHeight:=13.5pt

:tex2html_wrap_inline2099:lthtmlCropMarkDepth:=2.5pt:1ex:=4.30554pt
[168]

:tex2html_wrap_indisplay3363:lthtmlCropMarkHeight:=20.9051pt

:tex2html_wrap_indisplay3363:lthtmlCropMarkDepth:=9.35951pt:1ex:=4.30554pt
[169]

:tex2html_wrap_indisplay3365:lthtmlCropMarkHeight:=12.83331pt

:tex2html_wrap_indisplay3365:lthtmlCropMarkDepth:=1.94444pt:1ex:=4.30554pt
[170]

:tex2html_wrap_inline2103:lthtmlCropMarkHeight:=13.5pt

:tex2html_wrap_inline2103:lthtmlCropMarkDepth:=2.5pt:1ex:=4.30554pt
[171]

:tex2html_wrap_inline2107:lthtmlCropMarkHeight:=13.5pt

:tex2html_wrap_inline2107:lthtmlCropMarkDepth:=2.5pt:1ex:=4.30554pt
[172]

:tex2html_wrap_inline2109:lthtmlCropMarkHeight:=13.5pt

:tex2html_wrap_inline2109:lthtmlCropMarkDepth:=2.5pt:1ex:=4.30554pt
[173]

:tex2html_wrap_inline2111:lthtmlCropMarkHeight:=13.5pt

:tex2html_wrap_inline2111:lthtmlCropMarkDepth:=2.5pt:1ex:=4.30554pt
[174]

:tex2html_wrap_indisplay3374:lthtmlCropMarkHeight:=20.9051pt

:tex2html_wrap_indisplay3374:lthtmlCropMarkDepth:=9.35951pt:1ex:=4.30554pt
[175]

:tex2html_wrap_indisplay3376:lthtmlCropMarkHeight:=19.20952pt

:tex2html_wrap_indisplay3376:lthtmlCropMarkDepth:=9.2999pt:1ex:=4.30554pt
[176]

:tex2html_wrap_indisplay3378:lthtmlCropMarkHeight:=19.59839pt

:tex2html_wrap_indisplay3378:lthtmlCropMarkDepth:=8.3595pt:1ex:=4.30554pt
[177]

:tex2html_wrap_indisplay3382:lthtmlCropMarkHeight:=19.20952pt

:tex2html_wrap_indisplay3382:lthtmlCropMarkDepth:=9.2999pt:1ex:=4.30554pt
[178]

:tex2html_wrap_indisplay3384:lthtmlCropMarkHeight:=19.59839pt

:tex2html_wrap_indisplay3384:lthtmlCropMarkDepth:=8.3595pt:1ex:=4.30554pt
[179]

:tex2html_wrap_indisplay3386:lthtmlCropMarkHeight:=19.59839pt

:tex2html_wrap_indisplay3386:lthtmlCropMarkDepth:=8.3595pt:1ex:=4.30554pt
[180]

:tex2html_wrap_indisplay3388:lthtmlCropMarkHeight:=20.9051pt

:tex2html_wrap_indisplay3388:lthtmlCropMarkDepth:=9.35951pt:1ex:=4.30554pt
[181]

:tex2html_wrap_inline2117:lthtmlCropMarkHeight:=12.83331pt

:tex2html_wrap_inline2117:lthtmlCropMarkDepth:=0.0pt:1ex:=4.30554pt
[182]

:tex2html_wrap_indisplay3391:lthtmlCropMarkHeight:=20.5001pt

:tex2html_wrap_indisplay3391:lthtmlCropMarkDepth:=9.50012pt:1ex:=4.30554pt
[183]

:tex2html_wrap_indisplay3393:lthtmlCropMarkHeight:=19.59839pt

:tex2html_wrap_indisplay3393:lthtmlCropMarkDepth:=8.3595pt:1ex:=4.30554pt
[184]

:tex2html_wrap_indisplay3395:lthtmlCropMarkHeight:=20.9051pt

:tex2html_wrap_indisplay3395:lthtmlCropMarkDepth:=9.50012pt:1ex:=4.30554pt
[185]

:tex2html_wrap_indisplay3397:lthtmlCropMarkHeight:=20.9051pt

:tex2html_wrap_indisplay3397:lthtmlCropMarkDepth:=9.35951pt:1ex:=4.30554pt
[186]

:tex2html_wrap_indisplay3399:lthtmlCropMarkHeight:=20.9051pt

:tex2html_wrap_indisplay3399:lthtmlCropMarkDepth:=9.50012pt:1ex:=4.30554pt
[187]

:tex2html_wrap_indisplay3401:lthtmlCropMarkHeight:=20.9051pt

:tex2html_wrap_indisplay3401:lthtmlCropMarkDepth:=9.35951pt:1ex:=4.30554pt
[188]

:tex2html_wrap_indisplay3403:lthtmlCropMarkHeight:=20.9051pt

:tex2html_wrap_indisplay3403:lthtmlCropMarkDepth:=9.50012pt:1ex:=4.30554pt
[189]

:tex2html_wrap_indisplay3405:lthtmlCropMarkHeight:=20.9051pt

:tex2html_wrap_indisplay3405:lthtmlCropMarkDepth:=9.50012pt:1ex:=4.30554pt
[190]

:tex2html_wrap_indisplay3407:lthtmlCropMarkHeight:=20.9051pt

:tex2html_wrap_indisplay3407:lthtmlCropMarkDepth:=9.35951pt:1ex:=4.30554pt
[191]

:tex2html_wrap_indisplay3409:lthtmlCropMarkHeight:=26.50018pt

:tex2html_wrap_indisplay3409:lthtmlCropMarkDepth:=15.50018pt:1ex:=4.30554pt
[192]

:tex2html_wrap_inline2119:lthtmlCropMarkHeight:=13.5pt

:tex2html_wrap_inline2119:lthtmlCropMarkDepth:=2.5pt:1ex:=4.30554pt
[193]

:tex2html_wrap_inline2123:lthtmlCropMarkHeight:=13.5pt

:tex2html_wrap_inline2123:lthtmlCropMarkDepth:=2.5pt:1ex:=4.30554pt
[194]

:tex2html_wrap_inline2125:lthtmlCropMarkHeight:=13.5pt

:tex2html_wrap_inline2125:lthtmlCropMarkDepth:=2.5pt:1ex:=4.30554pt
[195]

:tex2html_wrap_inline2127:lthtmlCropMarkHeight:=10.30554pt

:tex2html_wrap_inline2127:lthtmlCropMarkDepth:=0.0pt:1ex:=4.30554pt
[196]

:tex2html_wrap_indisplay3417:lthtmlCropMarkHeight:=19.20952pt

:tex2html_wrap_indisplay3417:lthtmlCropMarkDepth:=9.35951pt:1ex:=4.30554pt
[197]

:tex2html_wrap_indisplay3420:lthtmlCropMarkHeight:=21.0418pt

:tex2html_wrap_indisplay3420:lthtmlCropMarkDepth:=9.50012pt:1ex:=4.30554pt
[198]

:tex2html_wrap_inline2131:lthtmlCropMarkHeight:=10.30554pt

:tex2html_wrap_inline2131:lthtmlCropMarkDepth:=1.49998pt:1ex:=4.30554pt
[199]

:tex2html_wrap_indisplay3423:lthtmlCropMarkHeight:=24.04184pt

:tex2html_wrap_indisplay3423:lthtmlCropMarkDepth:=12.50015pt:1ex:=4.30554pt
[200]

:tex2html_wrap_indisplay3425:lthtmlCropMarkHeight:=16.99098pt

:tex2html_wrap_indisplay3425:lthtmlCropMarkDepth:=1.49998pt:1ex:=4.30554pt
[201]

:tex2html_wrap_inline2133:lthtmlCropMarkHeight:=14.14003pt

:tex2html_wrap_inline2133:lthtmlCropMarkDepth:=1.49998pt:1ex:=4.30554pt
[202]

:tex2html_wrap_indisplay3428:lthtmlCropMarkHeight:=20.9051pt

:tex2html_wrap_indisplay3428:lthtmlCropMarkDepth:=9.2999pt:1ex:=4.30554pt
[203]

:tex2html_wrap_inline2135:lthtmlCropMarkHeight:=14.14003pt

:tex2html_wrap_inline2135:lthtmlCropMarkDepth:=2.5pt:1ex:=4.30554pt
[204]

:tex2html_wrap_inline2137:lthtmlCropMarkHeight:=14.14003pt

:tex2html_wrap_inline2137:lthtmlCropMarkDepth:=1.94444pt:1ex:=4.30554pt
[205]

:tex2html_wrap_indisplay3432:lthtmlCropMarkHeight:=20.9051pt

:tex2html_wrap_indisplay3432:lthtmlCropMarkDepth:=6.85951pt:1ex:=4.30554pt
[206]

:tex2html_wrap_inline2139:lthtmlCropMarkHeight:=10.30554pt

:tex2html_wrap_inline2139:lthtmlCropMarkDepth:=1.49998pt:1ex:=4.30554pt
[207]

:tex2html_wrap_indisplay3435:lthtmlCropMarkHeight:=26.8361pt

:tex2html_wrap_indisplay3435:lthtmlCropMarkDepth:=15.8361pt:1ex:=4.30554pt
[208]

:tex2html_wrap_inline2143:lthtmlCropMarkHeight:=15.07217pt

:tex2html_wrap_inline2143:lthtmlCropMarkDepth:=2.86108pt:1ex:=4.30554pt
[209]

:tex2html_wrap_inline2147:lthtmlCropMarkHeight:=12.44444pt

:tex2html_wrap_inline2147:lthtmlCropMarkDepth:=0.0pt:1ex:=4.30554pt
[210]

:tex2html_wrap_inline2149:lthtmlCropMarkHeight:=12.44444pt

:tex2html_wrap_inline2149:lthtmlCropMarkDepth:=0.0pt:1ex:=4.30554pt
[211]

:tex2html_wrap_inline2151:lthtmlCropMarkHeight:=10.30554pt

:tex2html_wrap_inline2151:lthtmlCropMarkDepth:=0.0pt:1ex:=4.30554pt
[212]

:tex2html_wrap_inline2155:lthtmlCropMarkHeight:=15.07217pt

:tex2html_wrap_inline2155:lthtmlCropMarkDepth:=2.86108pt:1ex:=4.30554pt
[213]

:tex2html_wrap_indisplay3446:lthtmlCropMarkHeight:=20.50012pt

:tex2html_wrap_indisplay3446:lthtmlCropMarkDepth:=11.30002pt:1ex:=4.30554pt
[214]

:tex2html_wrap_indisplay3449:lthtmlCropMarkHeight:=20.5001pt

:tex2html_wrap_indisplay3449:lthtmlCropMarkDepth:=11.30002pt:1ex:=4.30554pt
[215]

:tex2html_wrap_indisplay3452:lthtmlCropMarkHeight:=26.8361pt

:tex2html_wrap_indisplay3452:lthtmlCropMarkDepth:=15.8361pt:1ex:=4.30554pt
[216]

:tex2html_wrap_inline2165:lthtmlCropMarkHeight:=13.5pt

:tex2html_wrap_inline2165:lthtmlCropMarkDepth:=2.5pt:1ex:=4.30554pt
[217]

:tex2html_wrap_inline2167:lthtmlCropMarkHeight:=12.44444pt

:tex2html_wrap_inline2167:lthtmlCropMarkDepth:=1.49998pt:1ex:=4.30554pt
[218]

:tex2html_wrap_indisplay3457:lthtmlCropMarkHeight:=19.20952pt

:tex2html_wrap_indisplay3457:lthtmlCropMarkDepth:=9.35951pt:1ex:=4.30554pt
[219]

:tex2html_wrap_inline2171:lthtmlCropMarkHeight:=13.5pt

:tex2html_wrap_inline2171:lthtmlCropMarkDepth:=2.5pt:1ex:=4.30554pt
[220]

:tex2html_wrap_inline2173:lthtmlCropMarkHeight:=13.5pt

:tex2html_wrap_inline2173:lthtmlCropMarkDepth:=2.5pt:1ex:=4.30554pt
[221]

:tex2html_wrap_inline2179:lthtmlCropMarkHeight:=14.14003pt

:tex2html_wrap_inline2179:lthtmlCropMarkDepth:=2.5pt:1ex:=4.30554pt
[222]

:tex2html_wrap_indisplay3465:lthtmlCropMarkHeight:=19.20952pt

:tex2html_wrap_indisplay3465:lthtmlCropMarkDepth:=9.35951pt:1ex:=4.30554pt
[223]

:tex2html_wrap_inline2183:lthtmlCropMarkHeight:=13.5pt

:tex2html_wrap_inline2183:lthtmlCropMarkDepth:=2.5pt:1ex:=4.30554pt
[224]

:tex2html_wrap_indisplay3471:lthtmlCropMarkHeight:=20.5001pt

:tex2html_wrap_indisplay3471:lthtmlCropMarkDepth:=9.50012pt:1ex:=4.30554pt
[225]

:tex2html_wrap_inline2193:lthtmlCropMarkHeight:=12.44444pt

:tex2html_wrap_inline2193:lthtmlCropMarkDepth:=0.0pt:1ex:=4.30554pt
[226]

:tex2html_wrap_indisplay3475:lthtmlCropMarkHeight:=20.97896pt

:tex2html_wrap_indisplay3475:lthtmlCropMarkDepth:=9.97896pt:1ex:=4.30554pt
[227]

:tex2html_wrap_indisplay3478:lthtmlCropMarkHeight:=15.37892pt

:tex2html_wrap_indisplay3478:lthtmlCropMarkDepth:=2.5pt:1ex:=4.30554pt
[228]

:tex2html_wrap_inline2209:lthtmlCropMarkHeight:=14.87892pt

:tex2html_wrap_inline2209:lthtmlCropMarkDepth:=1.49998pt:1ex:=4.30554pt
[229]

:tex2html_wrap_inline2211:lthtmlCropMarkHeight:=12.94444pt

:tex2html_wrap_inline2211:lthtmlCropMarkDepth:=1.94444pt:1ex:=4.30554pt
[230]

:tex2html_wrap_inline2213:lthtmlCropMarkHeight:=10.30554pt

:tex2html_wrap_inline2213:lthtmlCropMarkDepth:=2.33333pt:1ex:=4.30554pt
[231]

:tex2html_wrap_indisplay3486:lthtmlCropMarkHeight:=15.37892pt

:tex2html_wrap_indisplay3486:lthtmlCropMarkDepth:=2.47217pt:1ex:=4.30554pt
[232]

:tex2html_wrap_indisplay3490:lthtmlCropMarkHeight:=20.26508pt

:tex2html_wrap_indisplay3490:lthtmlCropMarkDepth:=6.85951pt:1ex:=4.30554pt
[233]

:tex2html_wrap_indisplay3494:lthtmlCropMarkHeight:=13.5pt

:tex2html_wrap_indisplay3494:lthtmlCropMarkDepth:=2.5pt:1ex:=4.30554pt
[234]

:tex2html_wrap_indisplay3496:lthtmlCropMarkHeight:=19.20952pt

:tex2html_wrap_indisplay3496:lthtmlCropMarkDepth:=13.18895pt:1ex:=4.30554pt
[235]

:tex2html_wrap_indisplay3498:lthtmlCropMarkHeight:=19.20952pt

:tex2html_wrap_indisplay3498:lthtmlCropMarkDepth:=13.18895pt:1ex:=4.30554pt
[236]

:tex2html_wrap_inline2223:lthtmlCropMarkHeight:=13.5pt

:tex2html_wrap_inline2223:lthtmlCropMarkDepth:=2.5pt:1ex:=4.30554pt
[237]

:tex2html_wrap_inline2225:lthtmlCropMarkHeight:=10.30554pt

:tex2html_wrap_inline2225:lthtmlCropMarkDepth:=0.0pt:1ex:=4.30554pt
[238]

:tex2html_wrap_indisplay3502:lthtmlCropMarkHeight:=15.37892pt

:tex2html_wrap_indisplay3502:lthtmlCropMarkDepth:=2.5pt:1ex:=4.30554pt
[239]

:tex2html_wrap_indisplay3505:lthtmlCropMarkHeight:=15.37892pt

:tex2html_wrap_indisplay3505:lthtmlCropMarkDepth:=2.5pt:1ex:=4.30554pt
[240]

:tex2html_wrap_inline2231:lthtmlCropMarkHeight:=14.26085pt

:tex2html_wrap_inline2231:lthtmlCropMarkDepth:=1.49998pt:1ex:=4.30554pt
[241]

:tex2html_wrap_inline2233:lthtmlCropMarkHeight:=14.26085pt

:tex2html_wrap_inline2233:lthtmlCropMarkDepth:=1.49998pt:1ex:=4.30554pt
[242]

:tex2html_wrap_inline2235:lthtmlCropMarkHeight:=12.44444pt

:tex2html_wrap_inline2235:lthtmlCropMarkDepth:=0.83333pt:1ex:=4.30554pt
[243]

:tex2html_wrap_inline2237:lthtmlCropMarkHeight:=14.87892pt

:tex2html_wrap_inline2237:lthtmlCropMarkDepth:=1.49998pt:1ex:=4.30554pt
[244]

:tex2html_wrap_inline2239:lthtmlCropMarkHeight:=12.94444pt

:tex2html_wrap_inline2239:lthtmlCropMarkDepth:=1.94444pt:1ex:=4.30554pt
[245]

:tex2html_wrap_inline2241:lthtmlCropMarkHeight:=10.30554pt

:tex2html_wrap_inline2241:lthtmlCropMarkDepth:=2.33333pt:1ex:=4.30554pt
[246]

:tex2html_wrap_indisplay3514:lthtmlCropMarkHeight:=15.37892pt

:tex2html_wrap_indisplay3514:lthtmlCropMarkDepth:=2.47217pt:1ex:=4.30554pt
[247]

:tex2html_wrap_inline2243:lthtmlCropMarkHeight:=10.30554pt

:tex2html_wrap_inline2243:lthtmlCropMarkDepth:=1.49998pt:1ex:=4.30554pt
[248]

:tex2html_wrap_indisplay3518:lthtmlCropMarkHeight:=19.70952pt

:tex2html_wrap_indisplay3518:lthtmlCropMarkDepth:=6.85951pt:1ex:=4.30554pt
[249]

:tex2html_wrap_indisplay3524:lthtmlCropMarkHeight:=19.20952pt

:tex2html_wrap_indisplay3524:lthtmlCropMarkDepth:=13.18895pt:1ex:=4.30554pt
[250]

:tex2html_wrap_indisplay3526:lthtmlCropMarkHeight:=19.20952pt

:tex2html_wrap_indisplay3526:lthtmlCropMarkDepth:=13.18895pt:1ex:=4.30554pt
[251]

:tex2html_wrap_inline2253:lthtmlCropMarkHeight:=12.44444pt

:tex2html_wrap_inline2253:lthtmlCropMarkDepth:=1.94444pt:1ex:=4.30554pt
[252]

:tex2html_wrap_inline2255:lthtmlCropMarkHeight:=12.44444pt

:tex2html_wrap_inline2255:lthtmlCropMarkDepth:=0.0pt:1ex:=4.30554pt
[253]

:tex2html_wrap_inline2257:lthtmlCropMarkHeight:=14.14003pt

:tex2html_wrap_inline2257:lthtmlCropMarkDepth:=0.83333pt:1ex:=4.30554pt
[254]

:tex2html_wrap_inline2259:lthtmlCropMarkHeight:=14.87892pt

:tex2html_wrap_inline2259:lthtmlCropMarkDepth:=0.83333pt:1ex:=4.30554pt
[255]

:tex2html_wrap_inline2261:lthtmlCropMarkHeight:=14.87892pt

:tex2html_wrap_inline2261:lthtmlCropMarkDepth:=1.49998pt:1ex:=4.30554pt
[256]

:tex2html_wrap_inline2263:lthtmlCropMarkHeight:=12.94444pt

:tex2html_wrap_inline2263:lthtmlCropMarkDepth:=1.94444pt:1ex:=4.30554pt
[257]

:tex2html_wrap_indisplay3535:lthtmlCropMarkHeight:=19.36032pt

:tex2html_wrap_indisplay3535:lthtmlCropMarkDepth:=9.2999pt:1ex:=4.30554pt
[258]

:tex2html_wrap_inline2265:lthtmlCropMarkHeight:=10.30554pt

:tex2html_wrap_inline2265:lthtmlCropMarkDepth:=1.49998pt:1ex:=4.30554pt
[259]

:tex2html_wrap_inline2267:lthtmlCropMarkHeight:=12.88586pt

:tex2html_wrap_inline2267:lthtmlCropMarkDepth:=2.4821pt:1ex:=4.30554pt
[260]

:tex2html_wrap_indisplay3542:lthtmlCropMarkHeight:=19.20952pt

:tex2html_wrap_indisplay3542:lthtmlCropMarkDepth:=10.4721pt:1ex:=4.30554pt
[261]

:tex2html_wrap_indisplay3544:lthtmlCropMarkHeight:=19.20952pt

:tex2html_wrap_indisplay3544:lthtmlCropMarkDepth:=9.2999pt:1ex:=4.30554pt
[262]

:tex2html_wrap_inline2271:lthtmlCropMarkHeight:=15.07217pt

:tex2html_wrap_inline2271:lthtmlCropMarkDepth:=2.5pt:1ex:=4.30554pt
[263]

:tex2html_wrap_inline2273:lthtmlCropMarkHeight:=12.44444pt

:tex2html_wrap_inline2273:lthtmlCropMarkDepth:=0.0pt:1ex:=4.30554pt
[264]

:tex2html_wrap_inline2275:lthtmlCropMarkHeight:=14.14003pt

:tex2html_wrap_inline2275:lthtmlCropMarkDepth:=0.83333pt:1ex:=4.30554pt
[265]

:tex2html_wrap_inline2277:lthtmlCropMarkHeight:=14.49002pt

:tex2html_wrap_inline2277:lthtmlCropMarkDepth:=0.0pt:1ex:=4.30554pt
[266]

:tex2html_wrap_inline2279:lthtmlCropMarkHeight:=14.87892pt

:tex2html_wrap_inline2279:lthtmlCropMarkDepth:=1.49998pt:1ex:=4.30554pt
[267]

:tex2html_wrap_inline2281:lthtmlCropMarkHeight:=12.94444pt

:tex2html_wrap_inline2281:lthtmlCropMarkDepth:=1.94444pt:1ex:=4.30554pt
[268]

:tex2html_wrap_indisplay3552:lthtmlCropMarkHeight:=21.83725pt

:tex2html_wrap_indisplay3552:lthtmlCropMarkDepth:=6.85951pt:1ex:=4.30554pt
[269]

:tex2html_wrap_indisplay3554:lthtmlCropMarkHeight:=21.83725pt

:tex2html_wrap_indisplay3554:lthtmlCropMarkDepth:=6.85951pt:1ex:=4.30554pt
[270]

:tex2html_wrap_inline2283:lthtmlCropMarkHeight:=10.30554pt

:tex2html_wrap_inline2283:lthtmlCropMarkDepth:=1.49998pt:1ex:=4.30554pt
[271]

:tex2html_wrap_inline2285:lthtmlCropMarkHeight:=12.44444pt

:tex2html_wrap_inline2285:lthtmlCropMarkDepth:=1.49998pt:1ex:=4.30554pt
[272]

:tex2html_wrap_inline2287:lthtmlCropMarkHeight:=12.88586pt

:tex2html_wrap_inline2287:lthtmlCropMarkDepth:=2.4821pt:1ex:=4.30554pt
[273]

:tex2html_wrap_indisplay3562:lthtmlCropMarkHeight:=19.20952pt

:tex2html_wrap_indisplay3562:lthtmlCropMarkDepth:=10.4721pt:1ex:=4.30554pt
[274]

:tex2html_wrap_indisplay3564:lthtmlCropMarkHeight:=19.20952pt

:tex2html_wrap_indisplay3564:lthtmlCropMarkDepth:=9.35951pt:1ex:=4.30554pt
[275]

:tex2html_wrap_inline2291:lthtmlCropMarkHeight:=13.5pt

:tex2html_wrap_inline2291:lthtmlCropMarkDepth:=2.5pt:1ex:=4.30554pt
[276]

:tex2html_wrap_inline2293:lthtmlCropMarkHeight:=12.44444pt

:tex2html_wrap_inline2293:lthtmlCropMarkDepth:=0.0pt:1ex:=4.30554pt
[277]

:tex2html_wrap_inline2295:lthtmlCropMarkHeight:=14.14003pt

:tex2html_wrap_inline2295:lthtmlCropMarkDepth:=0.83333pt:1ex:=4.30554pt
[278]

:tex2html_wrap_inline2297:lthtmlCropMarkHeight:=14.87892pt

:tex2html_wrap_inline2297:lthtmlCropMarkDepth:=0.83333pt:1ex:=4.30554pt
[279]

:tex2html_wrap_inline2299:lthtmlCropMarkHeight:=14.87892pt

:tex2html_wrap_inline2299:lthtmlCropMarkDepth:=1.49998pt:1ex:=4.30554pt
[280]

:tex2html_wrap_inline2301:lthtmlCropMarkHeight:=12.94444pt

:tex2html_wrap_inline2301:lthtmlCropMarkDepth:=1.94444pt:1ex:=4.30554pt
[281]

:tex2html_wrap_inline2303:lthtmlCropMarkHeight:=13.5pt

:tex2html_wrap_inline2303:lthtmlCropMarkDepth:=2.5pt:1ex:=4.30554pt
[282]

:tex2html_wrap_inline2305:lthtmlCropMarkHeight:=12.94444pt

:tex2html_wrap_inline2305:lthtmlCropMarkDepth:=0.0pt:1ex:=4.30554pt
[283]

:tex2html_wrap_inline2307:lthtmlCropMarkHeight:=12.94444pt

:tex2html_wrap_inline2307:lthtmlCropMarkDepth:=0.0pt:1ex:=4.30554pt
[284]

:tex2html_wrap_inline2309:lthtmlCropMarkHeight:=13.5pt

:tex2html_wrap_inline2309:lthtmlCropMarkDepth:=2.5pt:1ex:=4.30554pt
[285]

:tex2html_wrap_inline2311:lthtmlCropMarkHeight:=13.5pt

:tex2html_wrap_inline2311:lthtmlCropMarkDepth:=2.5pt:1ex:=4.30554pt
[286]

:tex2html_wrap_indisplay3577:lthtmlCropMarkHeight:=19.20952pt

:tex2html_wrap_indisplay3577:lthtmlCropMarkDepth:=9.35951pt:1ex:=4.30554pt
[287]

:tex2html_wrap_inline2313:lthtmlCropMarkHeight:=12.44444pt

:tex2html_wrap_inline2313:lthtmlCropMarkDepth:=0.0pt:1ex:=4.30554pt
[288]

:tex2html_wrap_inline2315:lthtmlCropMarkHeight:=14.14003pt

:tex2html_wrap_inline2315:lthtmlCropMarkDepth:=0.83333pt:1ex:=4.30554pt
[289]

:tex2html_wrap_inline2317:lthtmlCropMarkHeight:=14.49002pt

:tex2html_wrap_inline2317:lthtmlCropMarkDepth:=0.0pt:1ex:=4.30554pt
[290]

:tex2html_wrap_indisplay3582:lthtmlCropMarkHeight:=15.37892pt

:tex2html_wrap_indisplay3582:lthtmlCropMarkDepth:=2.5pt:1ex:=4.30554pt
[291]

:tex2html_wrap_inline2319:lthtmlCropMarkHeight:=13.5pt

:tex2html_wrap_inline2319:lthtmlCropMarkDepth:=2.5pt:1ex:=4.30554pt
[292]

:tex2html_wrap_inline2325:lthtmlCropMarkHeight:=13.5pt

:tex2html_wrap_inline2325:lthtmlCropMarkDepth:=2.5pt:1ex:=4.30554pt
[293]

:tex2html_wrap_inline2327:lthtmlCropMarkHeight:=13.5pt

:tex2html_wrap_inline2327:lthtmlCropMarkDepth:=2.5pt:1ex:=4.30554pt
[294]

:tex2html_wrap_indisplay3589:lthtmlCropMarkHeight:=19.20952pt

:tex2html_wrap_indisplay3589:lthtmlCropMarkDepth:=9.35951pt:1ex:=4.30554pt
[295]

:tex2html_wrap_inline2329:lthtmlCropMarkHeight:=12.44444pt

:tex2html_wrap_inline2329:lthtmlCropMarkDepth:=0.0pt:1ex:=4.30554pt
[296]

:tex2html_wrap_inline2331:lthtmlCropMarkHeight:=14.14003pt

:tex2html_wrap_inline2331:lthtmlCropMarkDepth:=0.83333pt:1ex:=4.30554pt
[297]

:tex2html_wrap_inline2333:lthtmlCropMarkHeight:=14.87892pt

:tex2html_wrap_inline2333:lthtmlCropMarkDepth:=0.83333pt:1ex:=4.30554pt
[298]

:tex2html_wrap_indisplay3594:lthtmlCropMarkHeight:=15.37892pt

:tex2html_wrap_indisplay3594:lthtmlCropMarkDepth:=2.5pt:1ex:=4.30554pt
[299]

:tex2html_wrap_inline2339:lthtmlCropMarkHeight:=12.94444pt

:tex2html_wrap_inline2339:lthtmlCropMarkDepth:=0.0pt:1ex:=4.30554pt
[300]

:tex2html_wrap_inline2341:lthtmlCropMarkHeight:=12.94444pt

:tex2html_wrap_inline2341:lthtmlCropMarkDepth:=0.0pt:1ex:=4.30554pt
[301]

:tex2html_wrap_inline2343:lthtmlCropMarkHeight:=13.5pt

:tex2html_wrap_inline2343:lthtmlCropMarkDepth:=2.5pt:1ex:=4.30554pt
[302]

:tex2html_wrap_inline2345:lthtmlCropMarkHeight:=13.5pt

:tex2html_wrap_inline2345:lthtmlCropMarkDepth:=2.5pt:1ex:=4.30554pt
[303]

:tex2html_wrap_inline2347:lthtmlCropMarkHeight:=13.5pt

:tex2html_wrap_inline2347:lthtmlCropMarkDepth:=2.5pt:1ex:=4.30554pt
[304]

:tex2html_wrap_indisplay3603:lthtmlCropMarkHeight:=19.20952pt

:tex2html_wrap_indisplay3603:lthtmlCropMarkDepth:=9.35951pt:1ex:=4.30554pt
[305]

:tex2html_wrap_inline2349:lthtmlCropMarkHeight:=14.14003pt

:tex2html_wrap_inline2349:lthtmlCropMarkDepth:=2.5pt:1ex:=4.30554pt
[306]

:tex2html_wrap_inline2353:lthtmlCropMarkHeight:=13.5pt

:tex2html_wrap_inline2353:lthtmlCropMarkDepth:=2.5pt:1ex:=4.30554pt
[307]

:tex2html_wrap_indisplay3609:lthtmlCropMarkHeight:=20.26508pt

:tex2html_wrap_indisplay3609:lthtmlCropMarkDepth:=9.35951pt:1ex:=4.30554pt
[308]

:tex2html_wrap_inline2357:lthtmlCropMarkHeight:=13.5pt

:tex2html_wrap_inline2357:lthtmlCropMarkDepth:=2.5pt:1ex:=4.30554pt
[309]

:tex2html_wrap_inline2359:lthtmlCropMarkHeight:=12.83331pt

:tex2html_wrap_inline2359:lthtmlCropMarkDepth:=0.0pt:1ex:=4.30554pt
[310]

:tex2html_wrap_inline2361:lthtmlCropMarkHeight:=13.5pt

:tex2html_wrap_inline2361:lthtmlCropMarkDepth:=2.5pt:1ex:=4.30554pt
[311]

:tex2html_wrap_indisplay3614:lthtmlCropMarkHeight:=20.26508pt

:tex2html_wrap_indisplay3614:lthtmlCropMarkDepth:=9.35951pt:1ex:=4.30554pt
[312]

:tex2html_wrap_inline2363:lthtmlCropMarkHeight:=14.14003pt

:tex2html_wrap_inline2363:lthtmlCropMarkDepth:=2.5pt:1ex:=4.30554pt
[313]

:tex2html_wrap_indisplay3618:lthtmlCropMarkHeight:=14.64003pt

:tex2html_wrap_indisplay3618:lthtmlCropMarkDepth:=2.5pt:1ex:=4.30554pt
[314]

:tex2html_wrap_indisplay3620:lthtmlCropMarkHeight:=13.5pt

:tex2html_wrap_indisplay3620:lthtmlCropMarkDepth:=2.5pt:1ex:=4.30554pt
[315]

:tex2html_wrap_indisplay3622:lthtmlCropMarkHeight:=20.9051pt

:tex2html_wrap_indisplay3622:lthtmlCropMarkDepth:=9.33168pt:1ex:=4.30554pt
[316]

:tex2html_wrap_indisplay3624:lthtmlCropMarkHeight:=20.5001pt

:tex2html_wrap_indisplay3624:lthtmlCropMarkDepth:=9.50012pt:1ex:=4.30554pt
[317]

:tex2html_wrap_inline2371:lthtmlCropMarkHeight:=12.44444pt

:tex2html_wrap_inline2371:lthtmlCropMarkDepth:=1.49998pt:1ex:=4.30554pt
[318]

:tex2html_wrap_inline2373:lthtmlCropMarkHeight:=12.94444pt

:tex2html_wrap_inline2373:lthtmlCropMarkDepth:=1.94443pt:1ex:=4.30554pt
[319]

:tex2html_wrap_inline2375:lthtmlCropMarkHeight:=12.83331pt

:tex2html_wrap_inline2375:lthtmlCropMarkDepth:=0.0pt:1ex:=4.30554pt
[320]

:tex2html_wrap_inline2377:lthtmlCropMarkHeight:=13.51782pt

:tex2html_wrap_inline2377:lthtmlCropMarkDepth:=2.5pt:1ex:=4.30554pt
[321]

:tex2html_wrap_inline2381:lthtmlCropMarkHeight:=13.51782pt

:tex2html_wrap_inline2381:lthtmlCropMarkDepth:=2.5pt:1ex:=4.30554pt
[322]

:tex2html_wrap_inline2383:lthtmlCropMarkHeight:=13.51782pt

:tex2html_wrap_inline2383:lthtmlCropMarkDepth:=2.5pt:1ex:=4.30554pt
[323]

:tex2html_wrap_inline2385:lthtmlCropMarkHeight:=13.51782pt

:tex2html_wrap_inline2385:lthtmlCropMarkDepth:=2.5pt:1ex:=4.30554pt
[324]

:tex2html_wrap_inline2387:lthtmlCropMarkHeight:=14.14003pt

:tex2html_wrap_inline2387:lthtmlCropMarkDepth:=2.5pt:1ex:=4.30554pt
[325]

:tex2html_wrap_indisplay3636:lthtmlCropMarkHeight:=26.50018pt

:tex2html_wrap_indisplay3636:lthtmlCropMarkDepth:=15.50018pt:1ex:=4.30554pt
[326]

:tex2html_wrap_indisplay3638:lthtmlCropMarkHeight:=13.5pt

:tex2html_wrap_indisplay3638:lthtmlCropMarkDepth:=2.5pt:1ex:=4.30554pt
[327]

:tex2html_wrap_indisplay3640:lthtmlCropMarkHeight:=14.64003pt

:tex2html_wrap_indisplay3640:lthtmlCropMarkDepth:=2.5pt:1ex:=4.30554pt
[328]

:tex2html_wrap_indisplay3642:lthtmlCropMarkHeight:=20.26508pt

:tex2html_wrap_indisplay3642:lthtmlCropMarkDepth:=9.35951pt:1ex:=4.30554pt
[329]

:tex2html_wrap_indisplay3644:lthtmlCropMarkHeight:=26.50018pt

:tex2html_wrap_indisplay3644:lthtmlCropMarkDepth:=15.50018pt:1ex:=4.30554pt
[330]

:tex2html_wrap_indisplay3646:lthtmlCropMarkHeight:=20.9051pt

:tex2html_wrap_indisplay3646:lthtmlCropMarkDepth:=8.3595pt:1ex:=4.30554pt
[331]

:tex2html_wrap_indisplay3648:lthtmlCropMarkHeight:=20.26508pt

:tex2html_wrap_indisplay3648:lthtmlCropMarkDepth:=12.50786pt:1ex:=4.30554pt
[332]

:tex2html_wrap_inline2389:lthtmlCropMarkHeight:=10.30554pt

:tex2html_wrap_inline2389:lthtmlCropMarkDepth:=1.49998pt:1ex:=4.30554pt
[333]

:tex2html_wrap_indisplay3651:lthtmlCropMarkHeight:=20.9051pt

:tex2html_wrap_indisplay3651:lthtmlCropMarkDepth:=8.3595pt:1ex:=4.30554pt
[334]

:tex2html_wrap_indisplay3653:lthtmlCropMarkHeight:=20.9051pt

:tex2html_wrap_indisplay3653:lthtmlCropMarkDepth:=9.33168pt:1ex:=4.30554pt
[335]

:tex2html_wrap_inline2391:lthtmlCropMarkHeight:=10.30554pt

:tex2html_wrap_inline2391:lthtmlCropMarkDepth:=1.49998pt:1ex:=4.30554pt
[336]

:tex2html_wrap_inline2393:lthtmlCropMarkHeight:=12.94444pt

:tex2html_wrap_inline2393:lthtmlCropMarkDepth:=1.94444pt:1ex:=4.30554pt
[337]

:tex2html_wrap_inline2395:lthtmlCropMarkHeight:=12.94444pt

:tex2html_wrap_inline2395:lthtmlCropMarkDepth:=1.49998pt:1ex:=4.30554pt
[338]

:tex2html_wrap_inline2397:lthtmlCropMarkHeight:=12.94444pt

:tex2html_wrap_inline2397:lthtmlCropMarkDepth:=1.49998pt:1ex:=4.30554pt
[339]

:tex2html_wrap_inline2399:lthtmlCropMarkHeight:=14.45114pt

:tex2html_wrap_inline2399:lthtmlCropMarkDepth:=2.5pt:1ex:=4.30554pt
[340]

:tex2html_wrap_inline2401:lthtmlCropMarkHeight:=14.45114pt

:tex2html_wrap_inline2401:lthtmlCropMarkDepth:=2.5pt:1ex:=4.30554pt
[341]

:tex2html_wrap_indisplay3663:lthtmlCropMarkHeight:=21.45558pt

:tex2html_wrap_indisplay3663:lthtmlCropMarkDepth:=10.45557pt:1ex:=4.30554pt
[342]

:tex2html_wrap_indisplay3665:lthtmlCropMarkHeight:=14.95114pt

:tex2html_wrap_indisplay3665:lthtmlCropMarkDepth:=2.5pt:1ex:=4.30554pt
[343]

:tex2html_wrap_indisplay3667:lthtmlCropMarkHeight:=15.37892pt

:tex2html_wrap_indisplay3667:lthtmlCropMarkDepth:=2.5pt:1ex:=4.30554pt
[344]

:tex2html_wrap_indisplay3669:lthtmlCropMarkHeight:=21.21622pt

:tex2html_wrap_indisplay3669:lthtmlCropMarkDepth:=9.35951pt:1ex:=4.30554pt
[345]

:tex2html_wrap_indisplay3671:lthtmlCropMarkHeight:=21.21622pt

:tex2html_wrap_indisplay3671:lthtmlCropMarkDepth:=9.35951pt:1ex:=4.30554pt
[346]

:tex2html_wrap_indisplay3673:lthtmlCropMarkHeight:=13.5pt

:tex2html_wrap_indisplay3673:lthtmlCropMarkDepth:=2.5pt:1ex:=4.30554pt
[347]

:tex2html_wrap_indisplay3675:lthtmlCropMarkHeight:=13.5pt

:tex2html_wrap_indisplay3675:lthtmlCropMarkDepth:=2.5pt:1ex:=4.30554pt
[348]

:tex2html_wrap_indisplay3677:lthtmlCropMarkHeight:=13.5pt

:tex2html_wrap_indisplay3677:lthtmlCropMarkDepth:=2.5pt:1ex:=4.30554pt
[349]

:tex2html_wrap_indisplay3679:lthtmlCropMarkHeight:=14.46227pt

:tex2html_wrap_indisplay3679:lthtmlCropMarkDepth:=2.5pt:1ex:=4.30554pt
[350]

:tex2html_wrap_inline2403:lthtmlCropMarkHeight:=12.83331pt

:tex2html_wrap_inline2403:lthtmlCropMarkDepth:=0.0pt:1ex:=4.30554pt
[351]

:tex2html_wrap_inline2405:lthtmlCropMarkHeight:=10.30554pt

:tex2html_wrap_inline2405:lthtmlCropMarkDepth:=0.0pt:1ex:=4.30554pt
[352]

:tex2html_wrap_inline2407:lthtmlCropMarkHeight:=12.59525pt

:tex2html_wrap_inline2407:lthtmlCropMarkDepth:=0.0pt:1ex:=4.30554pt
[353]

:tex2html_wrap_inline2409:lthtmlCropMarkHeight:=13.5pt

:tex2html_wrap_inline2409:lthtmlCropMarkDepth:=2.5pt:1ex:=4.30554pt
[354]

:tex2html_wrap_inline2411:lthtmlCropMarkHeight:=12.83331pt

:tex2html_wrap_inline2411:lthtmlCropMarkDepth:=0.0pt:1ex:=4.30554pt
[355]

:tex2html_wrap_indisplay3687:lthtmlCropMarkHeight:=21.2551pt

:tex2html_wrap_indisplay3687:lthtmlCropMarkDepth:=8.3595pt:1ex:=4.30554pt
[356]

:tex2html_wrap_inline2415:lthtmlCropMarkHeight:=12.83331pt

:tex2html_wrap_inline2415:lthtmlCropMarkDepth:=0.0pt:1ex:=4.30554pt
[357]

:tex2html_wrap_inline2417:lthtmlCropMarkHeight:=12.83331pt

:tex2html_wrap_inline2417:lthtmlCropMarkDepth:=0.0pt:1ex:=4.30554pt
[358]

:tex2html_wrap_inline2425:lthtmlCropMarkHeight:=12.83331pt

:tex2html_wrap_inline2425:lthtmlCropMarkDepth:=0.0pt:1ex:=4.30554pt
[359]

:tex2html_wrap_inline2429:lthtmlCropMarkHeight:=14.26085pt

:tex2html_wrap_inline2429:lthtmlCropMarkDepth:=0.0pt:1ex:=4.30554pt
[360]

:tex2html_wrap_indisplay3698:lthtmlCropMarkHeight:=19.70952pt

:tex2html_wrap_indisplay3698:lthtmlCropMarkDepth:=6.85951pt:1ex:=4.30554pt
[361]

:tex2html_wrap_inline2435:lthtmlCropMarkHeight:=14.26085pt

:tex2html_wrap_inline2435:lthtmlCropMarkDepth:=0.0pt:1ex:=4.30554pt
[362]

:tex2html_wrap_indisplay3703:lthtmlCropMarkHeight:=19.70952pt

:tex2html_wrap_indisplay3703:lthtmlCropMarkDepth:=8.80396pt:1ex:=4.30554pt
[363]

:tex2html_wrap_indisplay3706:lthtmlCropMarkHeight:=21.2551pt

:tex2html_wrap_indisplay3706:lthtmlCropMarkDepth:=8.3595pt:1ex:=4.30554pt
[364]

:tex2html_wrap_inline2439:lthtmlCropMarkHeight:=12.83331pt

:tex2html_wrap_inline2439:lthtmlCropMarkDepth:=1.49998pt:1ex:=4.30554pt
[365]

:tex2html_wrap_inline2441:lthtmlCropMarkHeight:=12.83331pt

:tex2html_wrap_inline2441:lthtmlCropMarkDepth:=1.49998pt:1ex:=4.30554pt
[366]

:tex2html_wrap_inline2443:lthtmlCropMarkHeight:=13.5pt

:tex2html_wrap_inline2443:lthtmlCropMarkDepth:=2.5pt:1ex:=4.30554pt
[367]

:tex2html_wrap_indisplay3712:lthtmlCropMarkHeight:=19.59839pt

:tex2html_wrap_indisplay3712:lthtmlCropMarkDepth:=8.3595pt:1ex:=4.30554pt
[368]

:tex2html_wrap_indisplay3714:lthtmlCropMarkHeight:=19.59839pt

:tex2html_wrap_indisplay3714:lthtmlCropMarkDepth:=8.3595pt:1ex:=4.30554pt
[369]

:tex2html_wrap_indisplay3716:lthtmlCropMarkHeight:=19.59839pt

:tex2html_wrap_indisplay3716:lthtmlCropMarkDepth:=8.3595pt:1ex:=4.30554pt
[370]

:tex2html_wrap_inline2445:lthtmlCropMarkHeight:=12.83331pt

:tex2html_wrap_inline2445:lthtmlCropMarkDepth:=1.49998pt:1ex:=4.30554pt
[371]

:tex2html_wrap_inline2447:lthtmlCropMarkHeight:=12.94444pt

:tex2html_wrap_inline2447:lthtmlCropMarkDepth:=1.49998pt:1ex:=4.30554pt
[372]

:tex2html_wrap_indisplay3720:lthtmlCropMarkHeight:=19.59839pt

:tex2html_wrap_indisplay3720:lthtmlCropMarkDepth:=8.3595pt:1ex:=4.30554pt
[373]

:tex2html_wrap_inline2449:lthtmlCropMarkHeight:=14.14003pt

:tex2html_wrap_inline2449:lthtmlCropMarkDepth:=2.5pt:1ex:=4.30554pt
[374]

:tex2html_wrap_inline2451:lthtmlCropMarkHeight:=14.14003pt

:tex2html_wrap_inline2451:lthtmlCropMarkDepth:=2.5pt:1ex:=4.30554pt
[375]

:tex2html_wrap_inline2453:lthtmlCropMarkHeight:=14.14003pt

:tex2html_wrap_inline2453:lthtmlCropMarkDepth:=0.0pt:1ex:=4.30554pt
[376]

:tex2html_wrap_inline2455:lthtmlCropMarkHeight:=14.14003pt

:tex2html_wrap_inline2455:lthtmlCropMarkDepth:=2.5pt:1ex:=4.30554pt
[377]

:tex2html_wrap_inline2457:lthtmlCropMarkHeight:=14.14003pt

:tex2html_wrap_inline2457:lthtmlCropMarkDepth:=2.5pt:1ex:=4.30554pt
[378]

:tex2html_wrap_inline2459:lthtmlCropMarkHeight:=14.14003pt

:tex2html_wrap_inline2459:lthtmlCropMarkDepth:=2.5pt:1ex:=4.30554pt
[379]

:tex2html_wrap_inline2461:lthtmlCropMarkHeight:=14.14003pt

:tex2html_wrap_inline2461:lthtmlCropMarkDepth:=2.5pt:1ex:=4.30554pt
[380]

:tex2html_wrap_indisplay3731:lthtmlCropMarkHeight:=20.9051pt

:tex2html_wrap_indisplay3731:lthtmlCropMarkDepth:=9.64693pt:1ex:=4.30554pt
[381]

:tex2html_wrap_indisplay3733:lthtmlCropMarkHeight:=19.59839pt

:tex2html_wrap_indisplay3733:lthtmlCropMarkDepth:=8.3595pt:1ex:=4.30554pt
[382]

:tex2html_wrap_indisplay3735:lthtmlCropMarkHeight:=19.59839pt

:tex2html_wrap_indisplay3735:lthtmlCropMarkDepth:=8.3595pt:1ex:=4.30554pt
[383]

:tex2html_wrap_inline2469:lthtmlCropMarkHeight:=12.94444pt

:tex2html_wrap_inline2469:lthtmlCropMarkDepth:=1.49998pt:1ex:=4.30554pt
[384]

:tex2html_wrap_indisplay3739:lthtmlCropMarkHeight:=19.59839pt

:tex2html_wrap_indisplay3739:lthtmlCropMarkDepth:=8.3595pt:1ex:=4.30554pt
[385]

:tex2html_wrap_inline2473:lthtmlCropMarkHeight:=12.94444pt

:tex2html_wrap_inline2473:lthtmlCropMarkDepth:=1.94444pt:1ex:=4.30554pt
[386]

:tex2html_wrap_inline2477:lthtmlCropMarkHeight:=10.8312pt

:tex2html_wrap_inline2477:lthtmlCropMarkDepth:=2.86108pt:1ex:=4.30554pt
[387]

:tex2html_wrap_inline2483:lthtmlCropMarkHeight:=11.39098pt

:tex2html_wrap_inline2483:lthtmlCropMarkDepth:=1.49998pt:1ex:=4.30554pt
[388]

:tex2html_wrap_indisplay3748:lthtmlCropMarkHeight:=19.20952pt

:tex2html_wrap_indisplay3748:lthtmlCropMarkDepth:=6.85951pt:1ex:=4.30554pt
[389]

:tex2html_wrap_indisplay3750:lthtmlCropMarkHeight:=20.5001pt

:tex2html_wrap_indisplay3750:lthtmlCropMarkDepth:=9.7206pt:1ex:=4.30554pt
[390]

:tex2html_wrap_inline2485:lthtmlCropMarkHeight:=12.94444pt

:tex2html_wrap_inline2485:lthtmlCropMarkDepth:=1.94444pt:1ex:=4.30554pt
[391]

:tex2html_wrap_indisplay3754:lthtmlCropMarkHeight:=15.37892pt

:tex2html_wrap_indisplay3754:lthtmlCropMarkDepth:=2.5pt:1ex:=4.30554pt
[392]

:tex2html_wrap_inline2489:lthtmlCropMarkHeight:=13.5pt

:tex2html_wrap_inline2489:lthtmlCropMarkDepth:=2.5pt:1ex:=4.30554pt
[393]

:tex2html_wrap_inline2493:lthtmlCropMarkHeight:=11.83333pt

:tex2html_wrap_inline2493:lthtmlCropMarkDepth:=0.83333pt:1ex:=4.30554pt
[394]

:tex2html_wrap_inline2495:lthtmlCropMarkHeight:=13.96227pt

:tex2html_wrap_inline2495:lthtmlCropMarkDepth:=0.0pt:1ex:=4.30554pt
[395]

:tex2html_wrap_indisplay3763:lthtmlCropMarkHeight:=13.5pt

:tex2html_wrap_indisplay3763:lthtmlCropMarkDepth:=2.5pt:1ex:=4.30554pt
[396]

:tex2html_wrap_inline2503:lthtmlCropMarkHeight:=10.30554pt

:tex2html_wrap_inline2503:lthtmlCropMarkDepth:=0.0pt:1ex:=4.30554pt
[397]

:tex2html_wrap_inline2505:lthtmlCropMarkHeight:=12.44444pt

:tex2html_wrap_inline2505:lthtmlCropMarkDepth:=0.0pt:1ex:=4.30554pt
[398]

:tex2html_wrap_indisplay3769:lthtmlCropMarkHeight:=32.50024pt

:tex2html_wrap_indisplay3769:lthtmlCropMarkDepth:=21.50024pt:1ex:=4.30554pt
[399]

:tex2html_wrap_inline2509:lthtmlCropMarkHeight:=12.94444pt

:tex2html_wrap_inline2509:lthtmlCropMarkDepth:=0.0pt:1ex:=4.30554pt
[400]

:tex2html_wrap_inline2511:lthtmlCropMarkHeight:=13.5pt

:tex2html_wrap_inline2511:lthtmlCropMarkDepth:=2.5pt:1ex:=4.30554pt
[401]

:tex2html_wrap_inline2513:lthtmlCropMarkHeight:=14.26085pt

:tex2html_wrap_inline2513:lthtmlCropMarkDepth:=0.0pt:1ex:=4.30554pt
[402]

:tex2html_wrap_inline2515:lthtmlCropMarkHeight:=13.5pt

:tex2html_wrap_inline2515:lthtmlCropMarkDepth:=2.5pt:1ex:=4.30554pt
[403]

:tex2html_wrap_inline2517:lthtmlCropMarkHeight:=14.14003pt

:tex2html_wrap_inline2517:lthtmlCropMarkDepth:=2.5pt:1ex:=4.30554pt
[404]

:tex2html_wrap_indisplay3777:lthtmlCropMarkHeight:=20.26508pt

:tex2html_wrap_indisplay3777:lthtmlCropMarkDepth:=8.80396pt:1ex:=4.30554pt
[405]

:tex2html_wrap_indisplay3779:lthtmlCropMarkHeight:=20.26508pt

:tex2html_wrap_indisplay3779:lthtmlCropMarkDepth:=9.35951pt:1ex:=4.30554pt
[406]

:tex2html_wrap_indisplay3783:lthtmlCropMarkHeight:=20.5001pt

:tex2html_wrap_indisplay3783:lthtmlCropMarkDepth:=9.50012pt:1ex:=4.30554pt
[407]

:tex2html_wrap_indisplay3786:lthtmlCropMarkHeight:=14.76085pt

:tex2html_wrap_indisplay3786:lthtmlCropMarkDepth:=2.5pt:1ex:=4.30554pt
[408]

:tex2html_wrap_inline2529:lthtmlCropMarkHeight:=14.87892pt

:tex2html_wrap_inline2529:lthtmlCropMarkDepth:=1.94444pt:1ex:=4.30554pt
[409]

:tex2html_wrap_indisplay3789:lthtmlCropMarkHeight:=17.07062pt

:tex2html_wrap_indisplay3789:lthtmlCropMarkDepth:=6.85951pt:1ex:=4.30554pt
[410]

:tex2html_wrap_inline2531:lthtmlCropMarkHeight:=12.44444pt

:tex2html_wrap_inline2531:lthtmlCropMarkDepth:=0.0pt:1ex:=4.30554pt
[411]

:tex2html_wrap_inline2533:lthtmlCropMarkHeight:=13.5pt

:tex2html_wrap_inline2533:lthtmlCropMarkDepth:=2.5pt:1ex:=4.30554pt
[412]

:tex2html_wrap_indisplay3794:lthtmlCropMarkHeight:=13.5pt

:tex2html_wrap_indisplay3794:lthtmlCropMarkDepth:=2.5pt:1ex:=4.30554pt
[413]

:tex2html_wrap_inline2537:lthtmlCropMarkHeight:=12.59525pt

:tex2html_wrap_inline2537:lthtmlCropMarkDepth:=1.94444pt:1ex:=4.30554pt
[414]

:tex2html_wrap_inline2543:lthtmlCropMarkHeight:=14.87892pt

:tex2html_wrap_inline2543:lthtmlCropMarkDepth:=2.5pt:1ex:=4.30554pt
[415]

:tex2html_wrap_indisplay3800:lthtmlCropMarkHeight:=14.46227pt

:tex2html_wrap_indisplay3800:lthtmlCropMarkDepth:=2.5pt:1ex:=4.30554pt
[416]

:tex2html_wrap_inline2545:lthtmlCropMarkHeight:=13.5pt

:tex2html_wrap_inline2545:lthtmlCropMarkDepth:=2.5pt:1ex:=4.30554pt
[417]

:tex2html_wrap_inline2547:lthtmlCropMarkHeight:=12.44444pt

:tex2html_wrap_inline2547:lthtmlCropMarkDepth:=0.0pt:1ex:=4.30554pt
[418]

:tex2html_wrap_indisplay3804:lthtmlCropMarkHeight:=14.64003pt

:tex2html_wrap_indisplay3804:lthtmlCropMarkDepth:=2.5pt:1ex:=4.30554pt
[419]

:tex2html_wrap_inline2549:lthtmlCropMarkHeight:=12.59525pt

:tex2html_wrap_inline2549:lthtmlCropMarkDepth:=1.94444pt:1ex:=4.30554pt
[420]

:tex2html_wrap_inline2553:lthtmlCropMarkHeight:=12.44444pt

:tex2html_wrap_inline2553:lthtmlCropMarkDepth:=0.0pt:1ex:=4.30554pt
[421]

:tex2html_wrap_inline2555:lthtmlCropMarkHeight:=13.5pt

:tex2html_wrap_inline2555:lthtmlCropMarkDepth:=2.5pt:1ex:=4.30554pt
[422]

:tex2html_wrap_inline2557:lthtmlCropMarkHeight:=14.14003pt

:tex2html_wrap_inline2557:lthtmlCropMarkDepth:=2.5pt:1ex:=4.30554pt
[423]

:tex2html_wrap_indisplay3811:lthtmlCropMarkHeight:=17.07062pt

:tex2html_wrap_indisplay3811:lthtmlCropMarkDepth:=6.85951pt:1ex:=4.30554pt
[424]

:tex2html_wrap_inline2559:lthtmlCropMarkHeight:=13.5pt

:tex2html_wrap_inline2559:lthtmlCropMarkDepth:=2.5pt:1ex:=4.30554pt
[425]

:tex2html_wrap_inline2563:lthtmlCropMarkHeight:=12.59525pt

:tex2html_wrap_inline2563:lthtmlCropMarkDepth:=1.94444pt:1ex:=4.30554pt
[426]

:tex2html_wrap_indisplay3816:lthtmlCropMarkHeight:=16.48007pt

:tex2html_wrap_indisplay3816:lthtmlCropMarkDepth:=2.56187pt:1ex:=4.30554pt
[427]

:tex2html_wrap_indisplay3818:lthtmlCropMarkHeight:=15.83821pt

:tex2html_wrap_indisplay3818:lthtmlCropMarkDepth:=2.56187pt:1ex:=4.30554pt
[428]

:tex2html_wrap_indisplay3820:lthtmlCropMarkHeight:=14.64003pt

:tex2html_wrap_indisplay3820:lthtmlCropMarkDepth:=2.5pt:1ex:=4.30554pt
[429]

:tex2html_wrap_indisplay3824:lthtmlCropMarkHeight:=17.07062pt

:tex2html_wrap_indisplay3824:lthtmlCropMarkDepth:=6.85951pt:1ex:=4.30554pt
[430]

:tex2html_wrap_inline2569:lthtmlCropMarkHeight:=12.44444pt

:tex2html_wrap_inline2569:lthtmlCropMarkDepth:=0.39098pt:1ex:=4.30554pt
[431]

:tex2html_wrap_inline2571:lthtmlCropMarkHeight:=12.44444pt

:tex2html_wrap_inline2571:lthtmlCropMarkDepth:=1.35971pt:1ex:=4.30554pt
[432]

:tex2html_wrap_indisplay3828:lthtmlCropMarkHeight:=13.5pt

:tex2html_wrap_indisplay3828:lthtmlCropMarkDepth:=2.5pt:1ex:=4.30554pt
[433]

:tex2html_wrap_inline2573:lthtmlCropMarkHeight:=12.44444pt

:tex2html_wrap_inline2573:lthtmlCropMarkDepth:=0.39098pt:1ex:=4.30554pt
[434]

:tex2html_wrap_inline2575:lthtmlCropMarkHeight:=12.44444pt

:tex2html_wrap_inline2575:lthtmlCropMarkDepth:=1.35971pt:1ex:=4.30554pt
[435]

:tex2html_wrap_indisplay3832:lthtmlCropMarkHeight:=17.07062pt

:tex2html_wrap_indisplay3832:lthtmlCropMarkDepth:=6.85951pt:1ex:=4.30554pt
[436]

:tex2html_wrap_inline2577:lthtmlCropMarkHeight:=13.5pt

:tex2html_wrap_inline2577:lthtmlCropMarkDepth:=2.5pt:1ex:=4.30554pt
[437]

:tex2html_wrap_inline2579:lthtmlCropMarkHeight:=12.44444pt

:tex2html_wrap_inline2579:lthtmlCropMarkDepth:=0.39098pt:1ex:=4.30554pt
[438]

:tex2html_wrap_inline2581:lthtmlCropMarkHeight:=12.44444pt

:tex2html_wrap_inline2581:lthtmlCropMarkDepth:=0.39098pt:1ex:=4.30554pt
[439]

:tex2html_wrap_inline2583:lthtmlCropMarkHeight:=13.5pt

:tex2html_wrap_inline2583:lthtmlCropMarkDepth:=2.5pt:1ex:=4.30554pt
[440]

:tex2html_wrap_inline2585:lthtmlCropMarkHeight:=12.44444pt

:tex2html_wrap_inline2585:lthtmlCropMarkDepth:=0.39098pt:1ex:=4.30554pt
[441]

:tex2html_wrap_inline2587:lthtmlCropMarkHeight:=13.5pt

:tex2html_wrap_inline2587:lthtmlCropMarkDepth:=2.5pt:1ex:=4.30554pt
[442]

:tex2html_wrap_inline2589:lthtmlCropMarkHeight:=12.44444pt

:tex2html_wrap_inline2589:lthtmlCropMarkDepth:=0.39098pt:1ex:=4.30554pt
[443]

:tex2html_wrap_inline2591:lthtmlCropMarkHeight:=13.5pt

:tex2html_wrap_inline2591:lthtmlCropMarkDepth:=2.5pt:1ex:=4.30554pt
[444]

:tex2html_wrap_inline2593:lthtmlCropMarkHeight:=14.14003pt

:tex2html_wrap_inline2593:lthtmlCropMarkDepth:=2.5pt:1ex:=4.30554pt
[445]

:tex2html_wrap_indisplay3843:lthtmlCropMarkHeight:=14.64003pt

:tex2html_wrap_indisplay3843:lthtmlCropMarkDepth:=2.5pt:1ex:=4.30554pt
[446]

:tex2html_wrap_indisplay3845:lthtmlCropMarkHeight:=14.64003pt

:tex2html_wrap_indisplay3845:lthtmlCropMarkDepth:=2.5pt:1ex:=4.30554pt
[447]

:tex2html_wrap_inline2595:lthtmlCropMarkHeight:=13.5pt

:tex2html_wrap_inline2595:lthtmlCropMarkDepth:=2.5pt:1ex:=4.30554pt
[448]

:tex2html_wrap_inline2599:lthtmlCropMarkHeight:=12.44444pt

:tex2html_wrap_inline2599:lthtmlCropMarkDepth:=1.49998pt:1ex:=4.30554pt
[449]

:tex2html_wrap_inline2601:lthtmlCropMarkHeight:=12.44444pt

:tex2html_wrap_inline2601:lthtmlCropMarkDepth:=1.49998pt:1ex:=4.30554pt
[450]

:tex2html_wrap_indisplay3851:lthtmlCropMarkHeight:=23.79675pt

:tex2html_wrap_indisplay3851:lthtmlCropMarkDepth:=11.30792pt:1ex:=4.30554pt
[451]

:tex2html_wrap_inline2605:lthtmlCropMarkHeight:=14.14003pt

:tex2html_wrap_inline2605:lthtmlCropMarkDepth:=2.5pt:1ex:=4.30554pt
[452]

:tex2html_wrap_inline2607:lthtmlCropMarkHeight:=12.94444pt

:tex2html_wrap_inline2607:lthtmlCropMarkDepth:=1.94444pt:1ex:=4.30554pt
[453]

:tex2html_wrap_indisplay3856:lthtmlCropMarkHeight:=16.06598pt

:tex2html_wrap_indisplay3856:lthtmlCropMarkDepth:=2.86108pt:1ex:=4.30554pt
[454]

:tex2html_wrap_indisplay3859:lthtmlCropMarkHeight:=20.26508pt

:tex2html_wrap_indisplay3859:lthtmlCropMarkDepth:=9.35951pt:1ex:=4.30554pt
[455]

:tex2html_wrap_inline2611:lthtmlCropMarkHeight:=13.5pt

:tex2html_wrap_inline2611:lthtmlCropMarkDepth:=2.5pt:1ex:=4.30554pt
[456]

:tex2html_wrap_inline2613:lthtmlCropMarkHeight:=13.5pt

:tex2html_wrap_inline2613:lthtmlCropMarkDepth:=2.5pt:1ex:=4.30554pt
[457]

:tex2html_wrap_indisplay3863:lthtmlCropMarkHeight:=13.5pt

:tex2html_wrap_indisplay3863:lthtmlCropMarkDepth:=2.5pt:1ex:=4.30554pt
[458]

:tex2html_wrap_inline2615:lthtmlCropMarkHeight:=13.5pt

:tex2html_wrap_inline2615:lthtmlCropMarkDepth:=2.5pt:1ex:=4.30554pt
[459]

:tex2html_wrap_inline2617:lthtmlCropMarkHeight:=13.5pt

:tex2html_wrap_inline2617:lthtmlCropMarkDepth:=2.5pt:1ex:=4.30554pt
[460]

:tex2html_wrap_inline2619:lthtmlCropMarkHeight:=12.94444pt

:tex2html_wrap_inline2619:lthtmlCropMarkDepth:=1.94444pt:1ex:=4.30554pt
[461]

:tex2html_wrap_inline2621:lthtmlCropMarkHeight:=13.96227pt

:tex2html_wrap_inline2621:lthtmlCropMarkDepth:=2.47217pt:1ex:=4.30554pt
[462]

:tex2html_wrap_indisplay3869:lthtmlCropMarkHeight:=17.07062pt

:tex2html_wrap_indisplay3869:lthtmlCropMarkDepth:=8.3595pt:1ex:=4.30554pt
[463]

:tex2html_wrap_indisplay3871:lthtmlCropMarkHeight:=17.07062pt

:tex2html_wrap_indisplay3871:lthtmlCropMarkDepth:=8.3595pt:1ex:=4.30554pt
[464]

:tex2html_wrap_indisplay3873:lthtmlCropMarkHeight:=20.26508pt

:tex2html_wrap_indisplay3873:lthtmlCropMarkDepth:=9.35951pt:1ex:=4.30554pt
[465]

:tex2html_wrap_inline2623:lthtmlCropMarkHeight:=13.5pt

:tex2html_wrap_inline2623:lthtmlCropMarkDepth:=2.5pt:1ex:=4.30554pt
[466]

:tex2html_wrap_inline2625:lthtmlCropMarkHeight:=13.5pt

:tex2html_wrap_inline2625:lthtmlCropMarkDepth:=2.5pt:1ex:=4.30554pt
[467]

:tex2html_wrap_indisplay3877:lthtmlCropMarkHeight:=17.07062pt

:tex2html_wrap_indisplay3877:lthtmlCropMarkDepth:=6.85951pt:1ex:=4.30554pt
[468]

:tex2html_wrap_inline2627:lthtmlCropMarkHeight:=13.5pt

:tex2html_wrap_inline2627:lthtmlCropMarkDepth:=2.5pt:1ex:=4.30554pt
[469]

:tex2html_wrap_inline2629:lthtmlCropMarkHeight:=11.39098pt

:tex2html_wrap_inline2629:lthtmlCropMarkDepth:=1.49998pt:1ex:=4.30554pt
[470]

:tex2html_wrap_indisplay3881:lthtmlCropMarkHeight:=13.5pt

:tex2html_wrap_indisplay3881:lthtmlCropMarkDepth:=2.5pt:1ex:=4.30554pt
[471]

:tex2html_wrap_inline2631:lthtmlCropMarkHeight:=13.5pt

:tex2html_wrap_inline2631:lthtmlCropMarkDepth:=2.5pt:1ex:=4.30554pt
[472]

:tex2html_wrap_indisplay3885:lthtmlCropMarkHeight:=17.07062pt

:tex2html_wrap_indisplay3885:lthtmlCropMarkDepth:=8.3595pt:1ex:=4.30554pt
[473]

:tex2html_wrap_indisplay3887:lthtmlCropMarkHeight:=14.64003pt

:tex2html_wrap_indisplay3887:lthtmlCropMarkDepth:=2.5pt:1ex:=4.30554pt
[474]

:tex2html_wrap_indisplay3889:lthtmlCropMarkHeight:=19.20952pt

:tex2html_wrap_indisplay3889:lthtmlCropMarkDepth:=17.30008pt:1ex:=4.30554pt
[475]

:tex2html_wrap_inline2635:lthtmlCropMarkHeight:=14.14003pt

:tex2html_wrap_inline2635:lthtmlCropMarkDepth:=2.5pt:1ex:=4.30554pt
[476]

:tex2html_wrap_inline2637:lthtmlCropMarkHeight:=12.44444pt

:tex2html_wrap_inline2637:lthtmlCropMarkDepth:=0.0pt:1ex:=4.30554pt
[477]

:tex2html_wrap_inline2639:lthtmlCropMarkHeight:=10.30554pt

:tex2html_wrap_inline2639:lthtmlCropMarkDepth:=1.49998pt:1ex:=4.30554pt
[478]

:tex2html_wrap_indisplay3894:lthtmlCropMarkHeight:=19.20952pt

:tex2html_wrap_indisplay3894:lthtmlCropMarkDepth:=8.80396pt:1ex:=4.30554pt
[479]

:tex2html_wrap_inline2645:lthtmlCropMarkHeight:=10.30554pt

:tex2html_wrap_inline2645:lthtmlCropMarkDepth:=2.86108pt:1ex:=4.30554pt
[480]

:tex2html_wrap_inline2647:lthtmlCropMarkHeight:=10.30554pt

:tex2html_wrap_inline2647:lthtmlCropMarkDepth:=0.0pt:1ex:=4.30554pt
[481]

:tex2html_wrap_indisplay3900:lthtmlCropMarkHeight:=19.70952pt

:tex2html_wrap_indisplay3900:lthtmlCropMarkDepth:=6.85951pt:1ex:=4.30554pt
[482]

:tex2html_wrap_indisplay3902:lthtmlCropMarkHeight:=20.9051pt

:tex2html_wrap_indisplay3902:lthtmlCropMarkDepth:=9.33168pt:1ex:=4.30554pt
[483]

:tex2html_wrap_inline2649:lthtmlCropMarkHeight:=15.57779pt

:tex2html_wrap_inline2649:lthtmlCropMarkDepth:=2.86108pt:1ex:=4.30554pt
[484]

:tex2html_wrap_indisplay3905:lthtmlCropMarkHeight:=19.20952pt

:tex2html_wrap_indisplay3905:lthtmlCropMarkDepth:=11.30002pt:1ex:=4.30554pt
[485]

:tex2html_wrap_inline2651:lthtmlCropMarkHeight:=14.14003pt

:tex2html_wrap_inline2651:lthtmlCropMarkDepth:=2.5pt:1ex:=4.30554pt
[486]

:tex2html_wrap_inline2653:lthtmlCropMarkHeight:=12.94444pt

:tex2html_wrap_inline2653:lthtmlCropMarkDepth:=1.94444pt:1ex:=4.30554pt
[487]

:tex2html_wrap_inline2655:lthtmlCropMarkHeight:=12.83331pt

:tex2html_wrap_inline2655:lthtmlCropMarkDepth:=1.49998pt:1ex:=4.30554pt
[488]

:tex2html_wrap_indisplay3911:lthtmlCropMarkHeight:=20.26508pt

:tex2html_wrap_indisplay3911:lthtmlCropMarkDepth:=9.35951pt:1ex:=4.30554pt
[489]

:tex2html_wrap_inline2659:lthtmlCropMarkHeight:=12.83331pt

:tex2html_wrap_inline2659:lthtmlCropMarkDepth:=1.49998pt:1ex:=4.30554pt
[490]

:tex2html_wrap_indisplay3915:lthtmlCropMarkHeight:=19.59839pt

:tex2html_wrap_indisplay3915:lthtmlCropMarkDepth:=9.35951pt:1ex:=4.30554pt
[491]

:tex2html_wrap_inline2661:lthtmlCropMarkHeight:=13.5pt

:tex2html_wrap_inline2661:lthtmlCropMarkDepth:=2.5pt:1ex:=4.30554pt
[492]

:tex2html_wrap_indisplay3918:lthtmlCropMarkHeight:=19.20952pt

:tex2html_wrap_indisplay3918:lthtmlCropMarkDepth:=8.80396pt:1ex:=4.30554pt
[493]

:tex2html_wrap_inline2663:lthtmlCropMarkHeight:=13.5pt

:tex2html_wrap_inline2663:lthtmlCropMarkDepth:=2.5pt:1ex:=4.30554pt
[494]

:tex2html_wrap_indisplay3921:lthtmlCropMarkHeight:=20.50012pt

:tex2html_wrap_indisplay3921:lthtmlCropMarkDepth:=9.50012pt:1ex:=4.30554pt
[495]

:tex2html_wrap_inline2667:lthtmlCropMarkHeight:=13.5pt

:tex2html_wrap_inline2667:lthtmlCropMarkDepth:=2.5pt:1ex:=4.30554pt
[496]

:tex2html_wrap_indisplay3925:lthtmlCropMarkHeight:=20.5001pt

:tex2html_wrap_indisplay3925:lthtmlCropMarkDepth:=9.50012pt:1ex:=4.30554pt
[497]

:tex2html_wrap_inline2669:lthtmlCropMarkHeight:=12.44444pt

:tex2html_wrap_inline2669:lthtmlCropMarkDepth:=0.0pt:1ex:=4.30554pt
[498]

:tex2html_wrap_inline2671:lthtmlCropMarkHeight:=12.44444pt

:tex2html_wrap_inline2671:lthtmlCropMarkDepth:=1.49998pt:1ex:=4.30554pt
[499]

:tex2html_wrap_inline2675:lthtmlCropMarkHeight:=10.30554pt

:tex2html_wrap_inline2675:lthtmlCropMarkDepth:=1.49998pt:1ex:=4.30554pt
[500]

:tex2html_wrap_inline2679:lthtmlCropMarkHeight:=15.07217pt

:tex2html_wrap_inline2679:lthtmlCropMarkDepth:=2.5pt:1ex:=4.30554pt
[501]

:tex2html_wrap_indisplay3936:lthtmlCropMarkHeight:=13.5pt

:tex2html_wrap_indisplay3936:lthtmlCropMarkDepth:=2.5pt:1ex:=4.30554pt
[502]

:tex2html_wrap_indisplay3938:lthtmlCropMarkHeight:=20.26508pt

:tex2html_wrap_indisplay3938:lthtmlCropMarkDepth:=9.35951pt:1ex:=4.30554pt
[503]

:tex2html_wrap_indisplay3940:lthtmlCropMarkHeight:=20.9051pt

:tex2html_wrap_indisplay3940:lthtmlCropMarkDepth:=13.50784pt:1ex:=4.30554pt
[504]

:tex2html_wrap_indisplay3942:lthtmlCropMarkHeight:=22.7077pt

:tex2html_wrap_indisplay3942:lthtmlCropMarkDepth:=9.2999pt:1ex:=4.30554pt
[505]

:tex2html_wrap_indisplay3944:lthtmlCropMarkHeight:=19.20952pt

:tex2html_wrap_indisplay3944:lthtmlCropMarkDepth:=17.30008pt:1ex:=4.30554pt
[506]

:tex2html_wrap_inline2689:lthtmlCropMarkHeight:=13.5pt

:tex2html_wrap_inline2689:lthtmlCropMarkDepth:=2.5pt:1ex:=4.30554pt
[507]

:tex2html_wrap_indisplay3952:lthtmlCropMarkHeight:=13.5pt

:tex2html_wrap_indisplay3952:lthtmlCropMarkDepth:=2.5pt:1ex:=4.30554pt
[508]

:tex2html_wrap_indisplay3954:lthtmlCropMarkHeight:=19.59839pt

:tex2html_wrap_indisplay3954:lthtmlCropMarkDepth:=9.35951pt:1ex:=4.30554pt
[509]

:tex2html_wrap_indisplay3956:lthtmlCropMarkHeight:=20.26508pt

:tex2html_wrap_indisplay3956:lthtmlCropMarkDepth:=9.35951pt:1ex:=4.30554pt
[510]

:tex2html_wrap_indisplay3958:lthtmlCropMarkHeight:=13.5pt

:tex2html_wrap_indisplay3958:lthtmlCropMarkDepth:=2.5pt:1ex:=4.30554pt
[511]

:tex2html_wrap_inline2697:lthtmlCropMarkHeight:=14.14003pt

:tex2html_wrap_inline2697:lthtmlCropMarkDepth:=2.47217pt:1ex:=4.30554pt
[512]

:tex2html_wrap_inline2699:lthtmlCropMarkHeight:=12.88586pt

:tex2html_wrap_inline2699:lthtmlCropMarkDepth:=0.0pt:1ex:=4.30554pt
[513]

:tex2html_wrap_inline2703:lthtmlCropMarkHeight:=13.5pt

:tex2html_wrap_inline2703:lthtmlCropMarkDepth:=2.5pt:1ex:=4.30554pt
[514]

:tex2html_wrap_inline2705:lthtmlCropMarkHeight:=13.5pt

:tex2html_wrap_inline2705:lthtmlCropMarkDepth:=2.5pt:1ex:=4.30554pt
[515]

:tex2html_wrap_inline2707:lthtmlCropMarkHeight:=15.2666pt

:tex2html_wrap_inline2707:lthtmlCropMarkDepth:=2.5pt:1ex:=4.30554pt
[516]

:tex2html_wrap_inline2709:lthtmlCropMarkHeight:=13.5pt

:tex2html_wrap_inline2709:lthtmlCropMarkDepth:=2.5pt:1ex:=4.30554pt
[517]

:tex2html_wrap_inline2711:lthtmlCropMarkHeight:=12.83331pt

:tex2html_wrap_inline2711:lthtmlCropMarkDepth:=1.49998pt:1ex:=4.30554pt
[518]

:tex2html_wrap_indisplay3969:lthtmlCropMarkHeight:=13.5pt

:tex2html_wrap_indisplay3969:lthtmlCropMarkDepth:=2.5pt:1ex:=4.30554pt
[519]

:tex2html_wrap_indisplay3971:lthtmlCropMarkHeight:=20.9051pt

:tex2html_wrap_indisplay3971:lthtmlCropMarkDepth:=9.35951pt:1ex:=4.30554pt
[520]

:tex2html_wrap_indisplay3973:lthtmlCropMarkHeight:=20.9051pt

:tex2html_wrap_indisplay3973:lthtmlCropMarkDepth:=9.35951pt:1ex:=4.30554pt
[521]

:tex2html_wrap_indisplay3975:lthtmlCropMarkHeight:=14.64003pt

:tex2html_wrap_indisplay3975:lthtmlCropMarkDepth:=2.5pt:1ex:=4.30554pt
[522]

:tex2html_wrap_inline2715:lthtmlCropMarkHeight:=14.14003pt

:tex2html_wrap_inline2715:lthtmlCropMarkDepth:=2.47217pt:1ex:=4.30554pt
[523]

:tex2html_wrap_inline2721:lthtmlCropMarkHeight:=12.44444pt

:tex2html_wrap_inline2721:lthtmlCropMarkDepth:=1.49998pt:1ex:=4.30554pt
[524]

:tex2html_wrap_inline2723:lthtmlCropMarkHeight:=12.94444pt

:tex2html_wrap_inline2723:lthtmlCropMarkDepth:=1.94444pt:1ex:=4.30554pt
[525]

:tex2html_wrap_inline2727:lthtmlCropMarkHeight:=14.14003pt

:tex2html_wrap_inline2727:lthtmlCropMarkDepth:=2.5pt:1ex:=4.30554pt
[526]

:tex2html_wrap_inline2729:lthtmlCropMarkHeight:=14.14003pt

:tex2html_wrap_inline2729:lthtmlCropMarkDepth:=2.5pt:1ex:=4.30554pt
[527]

:tex2html_wrap_indisplay3986:lthtmlCropMarkHeight:=20.26508pt

:tex2html_wrap_indisplay3986:lthtmlCropMarkDepth:=9.35951pt:1ex:=4.30554pt
[528]

:tex2html_wrap_inline2731:lthtmlCropMarkHeight:=12.83331pt

:tex2html_wrap_inline2731:lthtmlCropMarkDepth:=1.49998pt:1ex:=4.30554pt
[529]

:tex2html_wrap_inline2733:lthtmlCropMarkHeight:=12.83331pt

:tex2html_wrap_inline2733:lthtmlCropMarkDepth:=1.49998pt:1ex:=4.30554pt
[530]

:tex2html_wrap_inline2735:lthtmlCropMarkHeight:=12.83331pt

:tex2html_wrap_inline2735:lthtmlCropMarkDepth:=1.49998pt:1ex:=4.30554pt
[531]
Package atveryend Info: Empty hook `BeforeClearDocument' on input line 3620.
Package atveryend Info: Empty hook `AfterLastShipout' on input line 3620.
(./images.aux)
Package atveryend Info: Executing hook `AtVeryEndDocument' on input line 3620.
Package atveryend Info: Executing hook `AtEndAfterFileList' on input line 3620.

Package rerunfilecheck Info: File `images.out' has not changed.
(rerunfilecheck)             Checksum: D41D8CD98F00B204E9800998ECF8427E;0.
Package atveryend Info: Empty hook `AtVeryVeryEnd' on input line 3620.
 ) 
Here is how much of TeX's memory you used:
 6108 strings out of 492616
 87743 string characters out of 6129481
 180024 words of memory out of 5000000
 9986 multiletter control sequences out of 15000+600000
 5339 words of font info for 22 fonts, out of 8000000 for 9000
 1141 hyphenation exceptions out of 8191
 35i,11n,35p,253b,336s stack positions out of 5000i,500n,10000p,200000b,80000s
</usr/local/texlive/2019/texmf-dist/fonts/type1/public/amsfonts/cm/cmex10.pfb
></usr/local/texlive/2019/texmf-dist/fonts/type1/public/amsfonts/cm/cmmi10.pfb>
</usr/local/texlive/2019/texmf-dist/fonts/type1/public/amsfonts/cm/cmmi5.pfb></
usr/local/texlive/2019/texmf-dist/fonts/type1/public/amsfonts/cm/cmmi7.pfb></us
r/local/texlive/2019/texmf-dist/fonts/type1/public/amsfonts/cm/cmr10.pfb></usr/
local/texlive/2019/texmf-dist/fonts/type1/public/amsfonts/cm/cmr5.pfb></usr/loc
al/texlive/2019/texmf-dist/fonts/type1/public/amsfonts/cm/cmr7.pfb></usr/local/
texlive/2019/texmf-dist/fonts/type1/public/amsfonts/cm/cmsy10.pfb></usr/local/t
exlive/2019/texmf-dist/fonts/type1/public/amsfonts/cm/cmsy5.pfb></usr/local/tex
live/2019/texmf-dist/fonts/type1/public/amsfonts/cm/cmsy7.pfb></usr/local/texli
ve/2019/texmf-dist/fonts/type1/public/amsfonts/symbols/msam10.pfb></usr/local/t
exlive/2019/texmf-dist/fonts/type1/public/amsfonts/symbols/msam7.pfb>
Output written on images.pdf (531 pages, 301068 bytes).
PDF statistics:
 1766 PDF objects out of 2073 (max. 8388607)
 1208 compressed objects within 13 object streams
 0 named destinations out of 1000 (max. 500000)
 1 words of extra memory for PDF output out of 10000 (max. 10000000)

