This is pdfTeX, Version 3.1415926-2.3-1.40.12 (TeX Live 2011/MacPorts 2011_5) (format=latex 2012.7.2)  24 SEP 2014 09:33
entering extended mode
 restricted \write18 enabled.
 %&-line parsing enabled.
**./images.tex
(./images.tex
LaTeX2e <2009/09/24>
Babel <v3.8l> and hyphenation patterns for english, dumylang, nohyphenation, lo
aded.

(/opt/local/share/texmf-texlive-dist/tex/latex/base/latex209.def
File: latex209.def 1998/05/13 v0.52 Standard LaTeX file

          Entering LaTeX 2.09 COMPATIBILITY MODE
 *************************************************************
    !!WARNING!!    !!WARNING!!    !!WARNING!!    !!WARNING!!   
 
 This mode attempts to provide an emulation of the LaTeX 2.09
 author environment so that OLD documents can be successfully
 processed. It should NOT be used for NEW documents!
 
 New documents should use Standard LaTeX conventions and start
 with the \documentclass command.
 
 Compatibility mode is UNLIKELY TO WORK with LaTeX 2.09 style
 files that change any internal macros, especially not with
 those that change the FONT SELECTION or OUTPUT ROUTINES.
 
 Therefore such style files MUST BE UPDATED to use
          Current Standard LaTeX: LaTeX2e.
 If you suspect that you may be using such a style file, which
 is probably very, very old by now, then you should attempt to
 get it updated by sending a copy of this error message to the
 author of that file.
 *************************************************************

\footheight=\dimen102
\@maxsep=\dimen103
\@dblmaxsep=\dimen104
\@cla=\count79
\@clb=\count80
\mscount=\count81
(/opt/local/share/texmf-texlive-dist/tex/latex/base/tracefnt.sty
Package: tracefnt 1997/05/29 v3.0j Standard LaTeX package (font tracing)
\tracingfonts=\count82
LaTeX Info: Redefining \selectfont on input line 101.
)
\symbold=\mathgroup4
\symsans=\mathgroup5
\symtypewriter=\mathgroup6
\symitalic=\mathgroup7
\symsmallcaps=\mathgroup8
\symslanted=\mathgroup9
LaTeX Font Info:    Redeclaring math alphabet \mathbf on input line 293.
LaTeX Font Info:    Redeclaring math alphabet \mathsf on input line 294.
LaTeX Font Info:    Redeclaring math alphabet \mathtt on input line 295.
LaTeX Font Info:    Redeclaring math alphabet \mathit on input line 301.
LaTeX Info: Redefining \em on input line 311.
(/opt/local/share/texmf-texlive-dist/tex/latex/base/latexsym.sty
Package: latexsym 1998/08/17 v2.2e Standard LaTeX package (lasy symbols)
\symlasy=\mathgroup10
LaTeX Font Info:    Overwriting symbol font `lasy' in version `bold'
(Font)                  U/lasy/m/n --> U/lasy/b/n on input line 47.
)
LaTeX Font Info:    Redeclaring math delimiter \lgroup on input line 375.
LaTeX Font Info:    Redeclaring math delimiter \rgroup on input line 377.
LaTeX Font Info:    Redeclaring math delimiter \bracevert on input line 379.
) (/opt/local/share/texmf-texlive-dist/tex/latex/base/article.cls
Document Class: article 2007/10/19 v1.4h Standard LaTeX document class
(/opt/local/share/texmf-texlive-dist/tex/latex/base/size12.clo
File: size12.clo 2007/10/19 v1.4h Standard LaTeX file (size option)
)
\c@part=\count83
\c@section=\count84
\c@subsection=\count85
\c@subsubsection=\count86
\c@paragraph=\count87
\c@subparagraph=\count88
\c@figure=\count89
\c@table=\count90
\abovecaptionskip=\skip41
\belowcaptionskip=\skip42
Compatibility mode: definition of \rm ignored.
Compatibility mode: definition of \sf ignored.
Compatibility mode: definition of \tt ignored.
Compatibility mode: definition of \bf ignored.
Compatibility mode: definition of \it ignored.
Compatibility mode: definition of \sl ignored.
Compatibility mode: definition of \sc ignored.
LaTeX Info: Redefining \cal on input line 506.
LaTeX Info: Redefining \mit on input line 507.
\bibindent=\dimen105
) (/opt/local/share/texmf-texlive-dist/tex/latex/base/ifthen.sty
Package: ifthen 2001/05/26 v1.1c Standard LaTeX ifthen package (DPC)
)

! LaTeX Error: LaTeX2e command \usepackage in LaTeX 2.09 document.

See the LaTeX manual or LaTeX Companion for explanation.
Type  H <return>  for immediate help.
 ...                                              
                                                  
l.8 \usepackage
               {html}
This is a LaTeX 2.09 document, but it contains \usepackage.
If you want to use the new features of LaTeX2e, your document
should begin with \documentclass rather than \documentstyle


! LaTeX Error: \usepackage before \documentclass.

See the LaTeX manual or LaTeX Companion for explanation.
Type  H <return>  for immediate help.
 ...                                              
                                                  
l.8 \usepackage{
                html}
\usepackage may only appear in the document preamble, i.e.,
between \documentclass and \begin{document}.


! LaTeX Error: LaTeX2e command \usepackage in LaTeX 2.09 document.

See the LaTeX manual or LaTeX Companion for explanation.
Type  H <return>  for immediate help.
 ...                                              
                                                  
l.19 \usepackage
                []{inputenc}
This is a LaTeX 2.09 document, but it contains \usepackage.
If you want to use the new features of LaTeX2e, your document
should begin with \documentclass rather than \documentstyle


! LaTeX Error: \usepackage before \documentclass.

See the LaTeX manual or LaTeX Companion for explanation.
Type  H <return>  for immediate help.
 ...                                              
                                                  
l.19 \usepackage[]{
                   inputenc}
\usepackage may only appear in the document preamble, i.e.,
between \documentclass and \begin{document}.

\sizebox=\box26
\lthtmlwrite=\write3

! LaTeX Error: Command \selectlanguage already defined.
               Or name \end... illegal, see p.192 of the manual.

See the LaTeX manual or LaTeX Companion for explanation.
Type  H <return>  for immediate help.
 ...                                              
                                                  
l.115 \providecommand{\selectlanguage}[1]{}
                                           %
Your command was ignored.
Type  I <command> <return>  to replace it with another command,
or  <return>  to continue without it.

No file images.aux.
\openout1 = `images.aux'.

LaTeX Font Info:    Checking defaults for OML/cmm/m/it on input line 119.
LaTeX Font Info:    ... okay on input line 119.
LaTeX Font Info:    Checking defaults for T1/cmr/m/n on input line 119.
LaTeX Font Info:    ... okay on input line 119.
LaTeX Font Info:    Checking defaults for OT1/cmr/m/n on input line 119.
LaTeX Font Info:    ... okay on input line 119.
LaTeX Font Info:    Checking defaults for OMS/cmsy/m/n on input line 119.
LaTeX Font Info:    ... okay on input line 119.
LaTeX Font Info:    Checking defaults for OMX/cmex/m/n on input line 119.
LaTeX Font Info:    ... okay on input line 119.
LaTeX Font Info:    Checking defaults for U/cmr/m/n on input line 119.
LaTeX Font Info:    ... okay on input line 119.

latex2htmlLength hsize=349.0pt

latex2htmlLength vsize=564.865pt

latex2htmlLength hoffset=0.0pt

latex2htmlLength voffset=0.0pt

latex2htmlLength topmargin=0.0pt

latex2htmlLength topskip=0.00003pt

latex2htmlLength headheight=0.0pt

latex2htmlLength headsep=0.0pt

latex2htmlLength parskip=0.0pt plus 1.0pt

latex2htmlLength oddsidemargin=0.0pt

latex2htmlLength evensidemargin=0.0pt

LaTeX Font Info:    External font `cmex10' loaded for size
(Font)              <12> on input line 143.
LaTeX Font Info:    External font `cmex10' loaded for size
(Font)              <8> on input line 143.
LaTeX Font Info:    External font `cmex10' loaded for size
(Font)              <6> on input line 143.
LaTeX Font Info:    Try loading font information for U+lasy on input line 143.
(/opt/local/share/texmf-texlive-dist/tex/latex/base/ulasy.fd
File: ulasy.fd 1998/08/17 v2.2e LaTeX symbol font definitions
)
l2hSize :tex2html_wrap_inline1694:8.7pt::8.7pt::40.91211pt.
[1



]
l2hSize :tex2html_wrap_inline1696:8.7pt::8.7pt::56.64354pt.
[2


]
l2hSize :tex2html_wrap_inline1698:8.33331pt::0.0pt::4.3514pt.
[3


]
l2hSize :tex2html_wrap_inline1708:8.7pt::8.7pt::10.51984pt.
[4


]
l2hSize :tex2html_wrap_inline1710:8.7pt::8.7pt::10.51984pt.
[5


]
l2hSize :tex2html_wrap_inline1712:8.7pt::8.7pt::10.78465pt.
[6


]
l2hSize :tex2html_wrap_inline1714:8.7pt::8.7pt::9.90594pt.
[7


]
l2hSize :displaymath1420:19.50006pt::0.0pt::349.0pt.
[8


]
l2hSize :displaymath1421:19.50006pt::0.0pt::349.0pt.
[9


]
l2hSize :displaymath1422:31.00029pt::0.0pt::349.0pt.
[10


]
l2hSize :tex2html_wrap_inline1716:8.7pt::8.7pt::58.20262pt.
[11


]
l2hSize :tex2html_wrap_inline1718:8.7pt::8.7pt::66.65727pt.
[12


]
l2hSize :tex2html_wrap_inline1720:8.7pt::8.7pt::82.18765pt.
[13


]
l2hSize :displaymath1423:19.50006pt::0.0pt::349.0pt.
[14


]
l2hSize :tex2html_wrap_inline1726:8.7pt::8.7pt::32.46495pt.
[15


]
l2hSize :tex2html_wrap_inline1728:8.7pt::8.7pt::31.58624pt.
[16


]
l2hSize :tex2html_wrap_inline1730:8.7pt::8.7pt::31.6316pt.
[17


]
l2hSize :tex2html_wrap_inline1734:8.7pt::8.7pt::9.95131pt.
[18


]
l2hSize :displaymath1424:19.50006pt::0.0pt::349.0pt.
[19


]
l2hSize :displaymath1425:19.50006pt::0.0pt::349.0pt.
[20


]
l2hSize :displaymath1426:31.00029pt::0.0pt::349.0pt.
[21


]
l2hSize :tex2html_wrap_inline1736:8.7pt::8.7pt::32.46495pt.
[22


]
l2hSize :tex2html_wrap_inline1738:8.7pt::8.7pt::31.6316pt.
[23


]
l2hSize :tex2html_wrap_inline1740:8.7pt::8.7pt::82.03845pt.
[24


]
l2hSize :tex2html_wrap_inline1742:8.7pt::8.7pt::57.36928pt.
[25


]
l2hSize :tex2html_wrap_inline1744:7.75pt::0.0pt::7.60133pt.
[26


]
l2hSize :tex2html_wrap_inline1746:8.25pt::8.25pt::28.14288pt.
[27


]
l2hSize :tex2html_wrap_inline1756:8.33331pt::0.0pt::5.58328pt.
[28


]
l2hSize :tex2html_wrap_inline1758:8.33331pt::0.0pt::6.69302pt.
[29


]
l2hSize :tex2html_wrap_inline1760:7.75pt::0.0pt::6.75551pt.
[30


]
l2hSize :tex2html_wrap_inline1762:7.75pt::0.0pt::5.6444pt.
[31


]
l2hSize :tex2html_wrap_inline1766:8.7pt::8.7pt::42.73874pt.
[32


]
l2hSize :tex2html_wrap_inline1768:7.75pt::0.0pt::6.69856pt.
[33


]
l2hSize :displaymath1427:27.45541pt::0.0pt::349.0pt.
[34


]
Overfull \hbox (25.21082pt too wide) detected at line 366
\OML/cmm/m/it/12 I[] \OT1/cmr/m/n/12 = [] = []\OML/cmm/m/it/12 ;     I[] \OT1/c
mr/m/n/12 = [] = []\OML/cmm/m/it/12 ;     I[] \OT1/cmr/m/n/12 = [] = []
 []

l2hSize :displaymath1428:27.34949pt::0.0pt::349.0pt.
[35


]
l2hSize :tex2html_wrap_inline1776:8.7pt::8.7pt::10.51984pt.
[36


]
l2hSize :tex2html_wrap_inline1778:8.7pt::8.7pt::39.12886pt.
[37


]
l2hSize :tex2html_wrap_inline1780:8.7pt::8.7pt::130.86784pt.
[38


]
l2hSize :tex2html_wrap_inline1786:8.2pt::0.0pt::10.04854pt.
[39


]
l2hSize :tex2html_wrap_inline1792:8.7pt::8.7pt::10.16837pt.
[40


]
l2hSize :tex2html_wrap_inline1796:8.7pt::8.7pt::14.66998pt.
[41


]
l2hSize :displaymath1429:31.82906pt::0.0pt::349.0pt.
[42


]
l2hSize :displaymath1430:29.68697pt::0.0pt::349.0pt.
[43


]
l2hSize :tex2html_wrap_inline1802:9.5pt::9.5pt::46.45331pt.
[44


]
l2hSize :displaymath1431:44.49995pt::0.0pt::349.0pt.
[45


]
Overfull \hbox (27.9901pt too wide) detected at line 444
[]
 []

l2hSize :displaymath1432:44.49995pt::0.0pt::349.0pt.
[46


]
l2hSize :tex2html_wrap_inline1810:8.2pt::0.0pt::46.34052pt.
[47


]
l2hSize :tex2html_wrap_inline1812:8.2pt::0.0pt::41.18985pt.
[48


]
l2hSize :tex2html_wrap_inline1814:8.7pt::8.7pt::44.44742pt.
[49


]
l2hSize :tex2html_wrap_inline1816:8.7pt::8.7pt::44.44742pt.
[50


]
l2hSize :tex2html_wrap_inline1818:8.7pt::8.7pt::44.44742pt.
[51


]
l2hSize :tex2html_wrap_inline1820:8.7pt::8.7pt::44.44742pt.
[52


]
l2hSize :displaymath1433:16.29999pt::0.0pt::349.0pt.
[53


]
Overfull \hbox (36.28221pt too wide) detected at line 498
[]        []        []
 []

l2hSize :displaymath1434:31.00029pt::0.0pt::349.0pt.
[54


]
l2hSize :tex2html_wrap_inline1828:8.7pt::8.7pt::61.89705pt.
[55


]
l2hSize :tex2html_wrap_inline1830:8.7pt::8.7pt::61.89705pt.
[56


]
l2hSize :tex2html_wrap_inline1832:8.7pt::8.7pt::52.66219pt.
[57


]
l2hSize :tex2html_wrap_inline1834:9.5pt::9.5pt::233.98286pt.
[58


]
l2hSize :tex2html_wrap_inline1836:8.7pt::8.7pt::133.1792pt.
[59


]
l2hSize :tex2html_wrap_inline1838:8.7pt::8.7pt::12.18752pt.
[60


]
l2hSize :tex2html_wrap_inline1840:8.7pt::8.7pt::12.18752pt.
[61


]
l2hSize :tex2html_wrap_inline1842:8.7pt::8.7pt::77.92856pt.
[62


]
Overfull \hbox (71.65028pt too wide) detected at line 559
[]        []        []
 []

l2hSize :displaymath1435:31.00029pt::0.0pt::349.0pt.
[63


]
l2hSize :tex2html_wrap_inline1848:8.7pt::8.7pt::58.2149pt.
[64


]
l2hSize :tex2html_wrap_inline1850:8.7pt::8.7pt::64.08984pt.
[65


]
l2hSize :tex2html_wrap_inline1852:8.7pt::8.7pt::49.20377pt.
[66


]
l2hSize :tex2html_wrap_inline1854:8.7pt::8.7pt::43.32883pt.
[67


]
l2hSize :tex2html_wrap_inline1864:8.7pt::8.7pt::56.1973pt.
[68


]
l2hSize :tex2html_wrap_inline1866:8.7pt::8.7pt::44.44742pt.
[69


]
l2hSize :tex2html_wrap_inline1868:8.7pt::8.7pt::56.1973pt.
[70


]
l2hSize :tex2html_wrap_inline1870:8.7pt::8.7pt::50.32236pt.
[71


]
l2hSize :tex2html_wrap_inline1872:8.2pt::0.0pt::47.06479pt.
[72


]
l2hSize :tex2html_wrap_inline1874:8.2pt::0.0pt::46.34052pt.
[73


]
l2hSize :tex2html_wrap_inline1876:7.75pt::0.0pt::7.26456pt.
[74


]
l2hSize :tex2html_wrap_inline1878:8.25pt::8.25pt::6.74718pt.
[75


]
l2hSize :tex2html_wrap_inline1880:9.5pt::9.5pt::47.60649pt.
[76


]
l2hSize :displaymath1436:17.5pt::0.0pt::349.0pt.
[77


]
l2hSize :displaymath1437:17.5pt::0.0pt::349.0pt.
[78


]
l2hSize :displaymath1438:17.5pt::0.0pt::349.0pt.
[79


]
l2hSize :tex2html_wrap_inline1882:8.2pt::0.0pt::9.82565pt.
[80


]
l2hSize :tex2html_wrap_inline1884:8.25pt::8.25pt::12.01462pt.
[81


]
l2hSize :tex2html_wrap_inline1886:8.25pt::8.25pt::12.01462pt.
[82


]
l2hSize :tex2html_wrap_inline1888:9.5pt::9.5pt::30.39154pt.
[83


]
l2hSize :tex2html_wrap_inline1890:9.5pt::9.5pt::30.39154pt.
[84


]
l2hSize :tex2html_wrap_inline1892:10.01027pt::10.01027pt::29.71584pt.
[85


]
l2hSize :tex2html_wrap_inline1894:9.51027pt::0.0pt::20.50554pt.
[86


]
l2hSize :displaymath1439:25.68282pt::0.0pt::349.0pt.
[87


]
l2hSize :tex2html_wrap_inline1896:9.5pt::9.5pt::52.84242pt.
[88


]
l2hSize :tex2html_wrap_inline1900:9.5pt::9.5pt::52.84242pt.
[89


]
l2hSize :displaymath1440:17.5pt::0.0pt::349.0pt.
[90


]
l2hSize :tex2html_wrap_inline1904:8.7pt::8.7pt::46.96748pt.
[91


]
l2hSize :tex2html_wrap_inline1908:8.7pt::8.7pt::46.96748pt.
[92


]
Overfull \hbox (72.37961pt too wide) detected at line 743
\OML/cmm/m/it/12 P[] \OT1/cmr/m/n/12 = [] \OMS/cmsy/m/n/12 6\OT1/cmr/m/n/12 = [
] + [] = \OML/cmm/m/it/12 P[] \OT1/cmr/m/n/12 + \OML/cmm/m/it/12 P[];        P[
] \OT1/cmr/m/n/12 = \OML/cmm/m/it/12 R\OT1/cmr/m/n/12 (\OML/cmm/m/it/12 I[] \OT
1/cmr/m/n/12 + \OML/cmm/m/it/12 I[]\OT1/cmr/m/n/12 )[] \OMS/cmsy/m/n/12 6\OT1/c
mr/m/n/12 = \OML/cmm/m/it/12 RI[] \OT1/cmr/m/n/12 + \OML/cmm/m/it/12 RI[] \OT1/
cmr/m/n/12 = \OML/cmm/m/it/12 P[] \OT1/cmr/m/n/12 + \OML/cmm/m/it/12 P[]
 []

l2hSize :displaymath1441:26.85977pt::0.0pt::349.0pt.
[93


]
l2hSize :displaymath1442:28.08282pt::0.0pt::349.0pt.
[94


]
l2hSize :displaymath1443:28.08282pt::0.0pt::349.0pt.
[95


]
Overfull \hbox (84.95068pt too wide) detected at line 765
\OML/cmm/m/it/12 I[] \OT1/cmr/m/n/12 = \OML/cmm/m/it/12 I[] \OT1/cmr/m/n/12 + \
OML/cmm/m/it/12 I[] \OT1/cmr/m/n/12 = [] \OMS/cmsy/m/n/12 ^^@ [] \OT1/cmr/m/n/1
2 = 4\OML/cmm/m/it/12 ;     I[] \OT1/cmr/m/n/12 = \OML/cmm/m/it/12 I[] \OT1/cmr
/m/n/12 + \OML/cmm/m/it/12 I[] \OT1/cmr/m/n/12 = [] \OMS/cmsy/m/n/12 ^^@ [] \OT
1/cmr/m/n/12 = \OMS/cmsy/m/n/12 ^^@\OT1/cmr/m/n/12 1\OML/cmm/m/it/12 ;     I[] 
\OT1/cmr/m/n/12 = \OML/cmm/m/it/12 I[] \OT1/cmr/m/n/12 + \OML/cmm/m/it/12 I[] \
OT1/cmr/m/n/12 = [] + [] = 3
 []

l2hSize :displaymath1444:25.08282pt::0.0pt::349.0pt.
[96


]
l2hSize :tex2html_wrap_inline1914:8.2pt::0.0pt::6.71318pt.
[97


]
l2hSize :tex2html_wrap_inline1918:8.7pt::8.7pt::10.51984pt.
[98


]
Overfull \hbox (22.85759pt too wide) detected at line 784
\OML/cmm/m/it/12 I[] \OT1/cmr/m/n/12 + \OML/cmm/m/it/12 I[] \OT1/cmr/m/n/12 + \
OML/cmm/m/it/12 I[] \OT1/cmr/m/n/12 = \OML/cmm/m/it/12 I[] \OT1/cmr/m/n/12 + []
 + [] = 0\OML/cmm/m/it/12 ;     []    I[]R[]R[] \OT1/cmr/m/n/12 + \OML/cmm/m/it
/12 R[]\OT1/cmr/m/n/12 (\OML/cmm/m/it/12 V \OMS/cmsy/m/n/12 ^^@ \OML/cmm/m/it/1
2 V[]\OT1/cmr/m/n/12 ) + \OML/cmm/m/it/12 R[]V \OT1/cmr/m/n/12 = 0
 []

l2hSize :displaymath1445:27.34949pt::0.0pt::349.0pt.
[99


]
l2hSize :displaymath1446:27.34949pt::0.0pt::349.0pt.
[100


]
l2hSize :displaymath1447:27.34949pt::0.0pt::349.0pt.
[101


]
l2hSize :tex2html_wrap_inline1926:8.79916pt::0.0pt::12.8541pt.
[102


]
l2hSize :tex2html_wrap_inline1928:8.79916pt::0.0pt::9.51874pt.
[103


]
l2hSize :displaymath1448:27.34949pt::0.0pt::349.0pt.
[104


]
l2hSize :tex2html_wrap_inline1930:8.79916pt::0.0pt::15.15965pt.
[105


]
l2hSize :tex2html_wrap_inline1932:8.79916pt::0.0pt::11.8243pt.
[106


]
l2hSize :displaymath1449:27.34949pt::0.0pt::349.0pt.
[107


]
l2hSize :displaymath1450:27.34949pt::0.0pt::349.0pt.
[108


]
l2hSize :tex2html_wrap_inline1938:8.7pt::8.7pt::14.06671pt.
[109


]
l2hSize :tex2html_wrap_inline1940:8.7pt::8.7pt::16.1603pt.
[110


]
l2hSize :tex2html_wrap_inline1950:8.7pt::8.7pt::15.81168pt.
[111


]
l2hSize :tex2html_wrap_inline1952:9.5pt::9.5pt::44.0421pt.
[112


]
l2hSize :tex2html_wrap_inline1964:9.5pt::9.5pt::51.7731pt.
[113


]
l2hSize :tex2html_wrap_inline1970:9.29916pt::9.29916pt::43.79932pt.
[114


]
l2hSize :tex2html_wrap_inline1972:9.29916pt::9.29916pt::60.1176pt.
[115


]
l2hSize :tex2html_wrap_inline1974:8.7pt::8.7pt::14.2811pt.
[116


]
l2hSize :tex2html_wrap_inline1976:9.29916pt::9.29916pt::132.5957pt.
[117


]
l2hSize :tex2html_wrap_inline1982:8.7pt::8.7pt::45.01193pt.
[118


]
l2hSize :tex2html_wrap_inline1984:8.7pt::8.7pt::45.65923pt.
[119


]
l2hSize :tex2html_wrap_inline1986:8.7pt::8.7pt::13.86847pt.
[120


]
l2hSize :tex2html_wrap_inline1988:8.7pt::8.7pt::17.62973pt.
[121


]
l2hSize :tex2html_wrap_inline2000:8.7pt::8.7pt::47.2037pt.
[122


]
l2hSize :tex2html_wrap_inline2006:9.29916pt::9.29916pt::38.61848pt.
[123


]
l2hSize :tex2html_wrap_inline2008:9.5pt::9.5pt::64.687pt.
[124


]
l2hSize :tex2html_wrap_inline2012:9.5pt::9.5pt::128.64891pt.
[125


]
l2hSize :tex2html_wrap_inline2018:8.7pt::8.7pt::42.96822pt.
[126


]
l2hSize :tex2html_wrap_inline2020:8.7pt::8.7pt::47.12866pt.
[127


]
l2hSize :tex2html_wrap_inline2026:9.5pt::9.5pt::95.61021pt.
[128


]
l2hSize :tex2html_wrap_inline2028:8.7pt::8.7pt::49.00786pt.
[129


]
l2hSize :tex2html_wrap_inline2036:9.5pt::9.5pt::78.24258pt.
[130


]
l2hSize :tex2html_wrap_inline2040:9.5pt::9.5pt::73.10648pt.
[131


]
l2hSize :tex2html_wrap_inline2052:9.5pt::9.5pt::36.52245pt.
[132


]
l2hSize :tex2html_wrap_inline2054:8.7pt::8.7pt::14.2811pt.
[133


]
l2hSize :tex2html_wrap_inline2056:9.5pt::9.5pt::36.52245pt.
[134


]
l2hSize :tex2html_wrap_inline2058:8.7pt::8.7pt::14.2811pt.
[135


]
l2hSize :displaymath1451:28.01616pt::0.0pt::349.0pt.
[136


]
l2hSize :tex2html_wrap_inline2060:8.7pt::8.7pt::12.18752pt.
[137


]
Overfull \hbox (19.9802pt too wide) detected at line 1021
\OML/cmm/m/it/12 I[] \OT1/cmr/m/n/12 = []\OML/cmm/m/it/12 ;     V[] \OT1/cmr/m/
n/12 = \OML/cmm/m/it/12 V[] [];     I[] \OT1/cmr/m/n/12 = []\OML/cmm/m/it/12 ; 
    V[] \OT1/cmr/m/n/12 = \OML/cmm/m/it/12 V[] []
 []

l2hSize :displaymath1452:27.34949pt::0.0pt::349.0pt.
[138


]
Overfull \hbox (99.81747pt too wide) detected at line 1030
\OMS/cmsy/m/n/12 4\OML/cmm/m/it/12 I \OT1/cmr/m/n/12 = \OML/cmm/m/it/12 I[] \OM
S/cmsy/m/n/12 ^^@ \OML/cmm/m/it/12 I[] \OT1/cmr/m/n/12 = \OML/cmm/m/it/12 V[]  
[] ;    \OMS/cmsy/m/n/12 4\OML/cmm/m/it/12 V \OT1/cmr/m/n/12 = \OML/cmm/m/it/12
 V[] \OMS/cmsy/m/n/12 ^^@ \OML/cmm/m/it/12 V[] \OT1/cmr/m/n/12 = \OML/cmm/m/it/
12 V[]  []
 []

l2hSize :displaymath1453:27.34949pt::0.0pt::349.0pt.
[139


]
l2hSize :displaymath1454:28.01616pt::0.0pt::349.0pt.
[140


]
l2hSize :tex2html_wrap_inline2074:8.7pt::8.7pt::35.9614pt.
[141


]
l2hSize :displaymath1455:17.5pt::0.0pt::349.0pt.
[142


]
l2hSize :tex2html_wrap_inline2076:8.7pt::8.7pt::42.08649pt.
[143


]
l2hSize :displaymath1456:16.83331pt::0.0pt::349.0pt.
[144


]
l2hSize :tex2html_wrap_inline2078:8.83333pt::8.83333pt::111.12589pt.
[145


]
l2hSize :tex2html_wrap_inline2080:9.5pt::9.5pt::118.02568pt.
[146


]
l2hSize :displaymath1457:28.01616pt::0.0pt::349.0pt.
[147


]
l2hSize :tex2html_wrap_inline2082:8.7pt::8.7pt::142.01611pt.
[148


]
l2hSize :tex2html_wrap_inline2084:8.7pt::8.7pt::45.65923pt.
[149


]
l2hSize :tex2html_wrap_inline2086:9.5pt::9.5pt::144.17966pt.
[150


]
l2hSize :tex2html_wrap_inline2088:8.7pt::8.7pt::47.12866pt.
[151


]
l2hSize :displaymath1458:17.5pt::0.0pt::349.0pt.
[152


]
l2hSize :displaymath1459:16.29999pt::0.0pt::349.0pt.
[153


]
l2hSize :tex2html_wrap_inline2098:8.2pt::0.0pt::10.37909pt.
[154


]
l2hSize :tex2html_wrap_inline2102:8.2pt::0.0pt::10.0159pt.
[155


]
l2hSize :tex2html_wrap_inline2108:9.29916pt::9.29916pt::18.18208pt.
[156


]
l2hSize :displaymath1460:44.49995pt::0.0pt::349.0pt.
[157


]
l2hSize :tex2html_wrap_inline2118:8.7pt::8.7pt::18.18208pt.
[158


]
l2hSize :tex2html_wrap_inline2120:8.7pt::8.7pt::18.22745pt.
[159


]
l2hSize :tex2html_wrap_inline2122:8.7pt::8.7pt::17.34874pt.
[160


]
l2hSize :tex2html_wrap_inline2126:8.7pt::8.7pt::14.54591pt.
[161


]
l2hSize :tex2html_wrap_inline2128:8.7pt::8.7pt::13.6672pt.
[162


]
l2hSize :tex2html_wrap_inline2130:8.7pt::8.7pt::13.71257pt.
[163


]
l2hSize :displaymath1461:44.49995pt::0.0pt::349.0pt.
[164


]
l2hSize :displaymath1462:44.49995pt::0.0pt::349.0pt.
[165


]
l2hSize :tex2html_wrap_inline2158:8.7pt::8.7pt::13.37988pt.
[166


]
l2hSize :tex2html_wrap_inline2162:8.7pt::8.7pt::13.37988pt.
[167


]
l2hSize :tex2html_wrap_inline2164:8.7pt::8.7pt::13.37988pt.
[168


]
l2hSize :displaymath1463:44.49995pt::0.0pt::349.0pt.
[169


]
l2hSize :tex2html_wrap_inline2168:8.7pt::8.7pt::13.37988pt.
[170


]
l2hSize :displaymath1464:44.49995pt::0.0pt::349.0pt.
[171


]
l2hSize :tex2html_wrap_inline2188:8.7pt::8.7pt::55.0787pt.
[172


]
l2hSize :tex2html_wrap_inline2190:8.7pt::8.7pt::44.44742pt.
[173


]
l2hSize :tex2html_wrap_inline2192:8.7pt::8.7pt::50.32236pt.
[174


]
l2hSize :tex2html_wrap_inline2194:8.7pt::8.7pt::50.32236pt.
[175


]
l2hSize :tex2html_wrap_inline2196:8.7pt::8.7pt::50.32236pt.
[176


]
l2hSize :tex2html_wrap_inline2198:8.7pt::8.7pt::50.32236pt.
[177


]
l2hSize :tex2html_wrap_inline2200:8.7pt::8.7pt::50.32236pt.
[178


]
l2hSize :tex2html_wrap_inline2210:8.7pt::8.7pt::10.51984pt.
[179


]
l2hSize :tex2html_wrap_inline2212:8.7pt::8.7pt::10.51984pt.
[180


]
l2hSize :tex2html_wrap_inline2214:8.7pt::8.7pt::49.20377pt.
[181


]
l2hSize :tex2html_wrap_inline2216:8.7pt::8.7pt::73.94635pt.
[182


]
l2hSize :tex2html_wrap_inline2220:8.7pt::8.7pt::53.58621pt.
[183


]
l2hSize :tex2html_wrap_inline2224:8.7pt::8.7pt::14.2811pt.
[184


]
l2hSize :tex2html_wrap_inline2226:8.2pt::0.0pt::14.94849pt.
[185


]
l2hSize :tex2html_wrap_inline2228:8.2pt::0.0pt::14.94849pt.
[186


]
l2hSize :tex2html_wrap_inline2230:8.2pt::0.0pt::14.94849pt.
[187


]
l2hSize :tex2html_wrap_inline2236:8.7pt::8.7pt::34.47408pt.
[188


]
l2hSize :tex2html_wrap_inline2240:8.7pt::8.7pt::44.44742pt.
[189


]
Overfull \hbox (65.28839pt too wide) detected at line 1358
\OML/cmm/m/it/12 R[] \OT1/cmr/m/n/12 = [] = []\OML/cmm/m/it/12 ;     R[] \OT1/c
mr/m/n/12 = [] = []\OML/cmm/m/it/12 ;     R[] \OT1/cmr/m/n/12 = [] = []
 []

l2hSize :displaymath1465:27.34949pt::0.0pt::349.0pt.
[190


]
l2hSize :displaymath1466:25.08282pt::0.0pt::349.0pt.
[191


]
l2hSize :displaymath1467:28.5495pt::0.0pt::349.0pt.
[192


]
l2hSize :tex2html_wrap_inline2258:8.7pt::8.7pt::14.2811pt.
[193


]
l2hSize :tex2html_wrap_inline2260:8.7pt::8.7pt::14.2811pt.
[194


]
l2hSize :displaymath1468:28.5495pt::0.0pt::349.0pt.
[195


]
l2hSize :displaymath1469:28.5495pt::0.0pt::349.0pt.
[196


]
l2hSize :displaymath1470:25.08282pt::0.0pt::349.0pt.
[197


]
l2hSize :displaymath1471:27.34949pt::0.0pt::349.0pt.
[198


]
l2hSize :tex2html_wrap_inline2270:8.7pt::8.7pt::44.44742pt.
[199


]
l2hSize :tex2html_wrap_inline2272:8.7pt::8.7pt::44.44742pt.
[200


]
l2hSize :tex2html_wrap_inline2276:8.2pt::0.0pt::37.53227pt.
[201


]
l2hSize :displaymath1472:27.34949pt::0.0pt::349.0pt.
[202


]
l2hSize :displaymath1473:25.99945pt::0.0pt::349.0pt.
[203


]
l2hSize :tex2html_wrap_inline2300:8.7pt::8.7pt::35.9614pt.
[204


]
l2hSize :tex2html_wrap_inline2302:9.5pt::9.5pt::100.44823pt.
[205


]
l2hSize :tex2html_wrap_inline2304:8.7pt::8.7pt::35.9614pt.
[206


]
l2hSize :tex2html_wrap_inline2306:9.5pt::9.5pt::100.44823pt.
[207


]
l2hSize :tex2html_wrap_inline2308:8.7pt::8.7pt::35.9614pt.
[208


]
l2hSize :tex2html_wrap_inline2310:9.5pt::9.5pt::100.44823pt.
[209


]
l2hSize :tex2html_wrap_inline2314:9.5pt::9.5pt::170.59644pt.
[210


]
l2hSize :displaymath1474:16.83331pt::0.0pt::349.0pt.
[211


]
l2hSize :tex2html_wrap_inline2316:8.7pt::8.7pt::12.05042pt.
[212


]
l2hSize :tex2html_wrap_inline2318:8.7pt::8.7pt::55.11679pt.
[213


]
l2hSize :tex2html_wrap_inline2320:8.7pt::8.7pt::12.92499pt.
[214


]
l2hSize :tex2html_wrap_inline2322:8.7pt::8.7pt::9.16373pt.
[215


]
l2hSize :tex2html_wrap_inline2326:8.7pt::8.7pt::12.45233pt.
[216


]
l2hSize :tex2html_wrap_inline2328:8.7pt::8.7pt::11.57362pt.
[217


]
l2hSize :tex2html_wrap_inline2330:9.29916pt::9.29916pt::12.05042pt.
[218


]
l2hSize :tex2html_wrap_inline2332:8.7pt::8.7pt::39.74275pt.
[219


]
l2hSize :tex2html_wrap_inline2334:9.29916pt::9.29916pt::12.05042pt.
[220


]
l2hSize :tex2html_wrap_inline2336:8.7pt::8.7pt::39.74275pt.
[221


]
l2hSize :tex2html_wrap_inline2338:9.29916pt::9.29916pt::65.2536pt.
[222


]
l2hSize :tex2html_wrap_inline2342:9.29916pt::9.29916pt::33.73071pt.
[223


]
l2hSize :tex2html_wrap_inline2344:8.7pt::8.7pt::45.10019pt.
[224


]
l2hSize :tex2html_wrap_inline2346:8.7pt::8.7pt::45.10019pt.
[225


]
l2hSize :tex2html_wrap_inline2348:8.7pt::8.7pt::32.20013pt.
[226


]
l2hSize :tex2html_wrap_inline2350:8.7pt::8.7pt::32.20013pt.
[227


]
l2hSize :tex2html_wrap_inline2352:8.7pt::8.7pt::223.97649pt.
[228


]
l2hSize :tex2html_wrap_inline2354:9.29916pt::9.29916pt::197.94333pt.
[229


]
l2hSize :tex2html_wrap_inline2356:8.7pt::8.7pt::35.9614pt.
[230


]
l2hSize :tex2html_wrap_inline2358:9.5pt::9.5pt::137.02151pt.
[231


]
l2hSize :tex2html_wrap_inline2362:9.29916pt::9.29916pt::150.05255pt.
[232


]
l2hSize :tex2html_wrap_inline2364:9.29916pt::9.29916pt::237.59286pt.
[233


]
l2hSize :tex2html_wrap_inline2368:9.5pt::9.5pt::135.70287pt.
[234


]
l2hSize :tex2html_wrap_inline2370:9.5pt::9.5pt::77.77202pt.
[235


]
l2hSize :tex2html_wrap_inline2374:9.29916pt::9.29916pt::33.73071pt.
[236


]
l2hSize :tex2html_wrap_inline2376:8.7pt::8.7pt::45.10019pt.
[237


]
l2hSize :tex2html_wrap_inline2380:8.7pt::8.7pt::32.20013pt.
[238


]
l2hSize :tex2html_wrap_inline2382:8.7pt::8.7pt::32.20013pt.
[239


]
l2hSize :tex2html_wrap_inline2384:8.7pt::8.7pt::205.2443pt.
[240


]
l2hSize :tex2html_wrap_inline2386:9.29916pt::9.29916pt::182.9296pt.
[241


]
l2hSize :tex2html_wrap_inline2390:9.5pt::9.5pt::130.26787pt.
[242


]
l2hSize :tex2html_wrap_inline2394:9.29916pt::9.29916pt::125.90002pt.
[243


]
l2hSize :tex2html_wrap_inline2396:9.29916pt::9.29916pt::209.95055pt.
[244


]
l2hSize :tex2html_wrap_inline2400:9.5pt::9.5pt::129.82793pt.
[245


]
l2hSize :tex2html_wrap_inline2402:9.5pt::9.5pt::122.95207pt.
[246


]
l2hSize :displaymath1475:25.08282pt::0.0pt::349.0pt.
[247


]
l2hSize :tex2html_wrap_inline2404:8.2pt::0.0pt::9.62982pt.
[248


]
l2hSize :tex2html_wrap_inline2406:8.7pt::8.7pt::69.41138pt.
[249


]
l2hSize :tex2html_wrap_inline2410:9.5pt::9.5pt::97.10898pt.
[250


]
l2hSize :tex2html_wrap_inline2412:9.5pt::9.5pt::251.11726pt.
[251


]
l2hSize :tex2html_wrap_inline2414:9.5pt::9.5pt::268.51614pt.
[252


]
l2hSize :tex2html_wrap_inline2416:8.7pt::8.7pt::180.22289pt.
[253


]
l2hSize :tex2html_wrap_inline2418:9.5pt::9.5pt::257.51619pt.
[254


]
l2hSize :displaymath1476:28.5495pt::0.0pt::349.0pt.
[255


]
l2hSize :tex2html_wrap_inline2436:10.99763pt::0.0pt::10.04854pt.
[256


]
l2hSize :tex2html_wrap_inline2438:10.99763pt::0.0pt::6.71318pt.
[257


]
l2hSize :displaymath1477:31.00029pt::0.0pt::349.0pt.
[258


]
l2hSize :tex2html_wrap_inline2452:8.7pt::8.7pt::17.62994pt.
[259


]
l2hSize :tex2html_wrap_inline2454:8.7pt::8.7pt::17.62994pt.
[260


]
l2hSize :tex2html_wrap_inline2456:8.7pt::8.7pt::17.62994pt.
[261


]
l2hSize :tex2html_wrap_inline2458:8.7pt::8.7pt::17.62994pt.
[262


]
l2hSize :tex2html_wrap_inline2472:9.5pt::9.5pt::60.84254pt.
[263


]
l2hSize :tex2html_wrap_inline2474:8.23334pt::0.0pt::8.83752pt.
[264


]
l2hSize :displaymath1478:31.00029pt::0.0pt::349.0pt.
[265


]
l2hSize :tex2html_wrap_inline2484:8.7pt::8.7pt::16.40494pt.
[266


]
l2hSize :tex2html_wrap_inline2486:8.7pt::8.7pt::16.40494pt.
[267


]
l2hSize :tex2html_wrap_inline2488:8.7pt::8.7pt::16.40494pt.
[268


]
l2hSize :tex2html_wrap_inline2490:8.7pt::8.7pt::16.40494pt.
[269


]
l2hSize :tex2html_wrap_inline2496:8.23334pt::0.0pt::11.11946pt.
[270


]
Overfull \hbox (34.64058pt too wide) detected at line 1882
[]      [] \OT1/cmr/m/n/12 = [] [] = \OT1/cmr/bx/n/12 A []
 []

l2hSize :displaymath1479:31.00029pt::0.0pt::349.0pt.
[271


]
l2hSize :tex2html_wrap_inline2506:8.7pt::8.7pt::18.39589pt.
[272


]
l2hSize :tex2html_wrap_inline2508:8.7pt::8.7pt::18.39589pt.
[273


]
l2hSize :tex2html_wrap_inline2510:8.7pt::8.7pt::18.39589pt.
[274


]
l2hSize :tex2html_wrap_inline2512:8.7pt::8.7pt::18.39589pt.
[275


]
Overfull \hbox (4.90663pt too wide) detected at line 1918
[]      [] \OT1/cmr/m/n/12 = [] [] = \OT1/cmr/bx/n/12 H []
 []

l2hSize :displaymath1480:31.00029pt::0.0pt::349.0pt.
[276


]
l2hSize :tex2html_wrap_inline2524:8.7pt::8.7pt::19.323pt.
[277


]
l2hSize :tex2html_wrap_inline2526:8.7pt::8.7pt::19.323pt.
[278


]
l2hSize :tex2html_wrap_inline2528:8.7pt::8.7pt::19.323pt.
[279


]
l2hSize :tex2html_wrap_inline2530:8.7pt::8.7pt::19.323pt.
[280


]
l2hSize :tex2html_wrap_inline2532:9.5pt::9.5pt::56.69804pt.
[281


]
l2hSize :tex2html_wrap_inline2538:8.83333pt::8.83333pt::17.93124pt.
[282


]
l2hSize :tex2html_wrap_inline2540:8.83333pt::8.83333pt::17.41386pt.
[283


]
l2hSize :displaymath1481:28.01613pt::0.0pt::349.0pt.
[284


]
l2hSize :displaymath1482:28.5071pt::0.0pt::349.0pt.
[285


]
l2hSize :displaymath1483:27.9293pt::0.0pt::349.0pt.
[286


]
Overfull \hbox (1.10039pt too wide) detected at line 1998
\OML/cmm/m/it/12 Y[] \OT1/cmr/m/n/12 = [][][]\OML/cmm/m/it/12 ;     Y[] \OT1/cm
r/m/n/12 = [][][]\OML/cmm/m/it/12 ;     Y[] \OT1/cmr/m/n/12 = [][][]\OML/cmm/m/
it/12 ;     Y[] \OT1/cmr/m/n/12 = [][][]\OML/cmm/m/it/12 ;    
 []

l2hSize :displaymath1484:27.9293pt::0.0pt::349.0pt.
[287


]
l2hSize :displaymath1485:27.9293pt::0.0pt::349.0pt.
[288


]
l2hSize :displaymath1486:27.9293pt::0.0pt::349.0pt.
[289


]
l2hSize :displaymath1487:17.5pt::0.0pt::349.0pt.
[290


]
l2hSize :displaymath1488:16.83331pt::0.0pt::349.0pt.
[291


]
l2hSize :displaymath1489:31.00029pt::0.0pt::349.0pt.
[292


]
l2hSize :tex2html_wrap_inline2550:8.7pt::8.7pt::32.20013pt.
[293


]
l2hSize :displaymath1490:17.5pt::0.0pt::349.0pt.
[294


]
l2hSize :tex2html_wrap_inline2552:8.7pt::8.7pt::32.20013pt.
[295


]
l2hSize :displaymath1491:17.5pt::0.0pt::349.0pt.
[296


]
l2hSize :tex2html_wrap_inline2554:8.2pt::0.0pt::9.49161pt.
[297


]
Overfull \hbox (130.28978pt too wide) detected at line 2080
[] \OT1/cmr/m/n/12 = [][] = [][] = []
 []

l2hSize :displaymath1492:32.98918pt::0.0pt::349.0pt.
[298


]
l2hSize :displaymath1493:32.98918pt::0.0pt::349.0pt.
[299


]
l2hSize :tex2html_wrap_inline2556:8.73334pt::8.73334pt::65.11505pt.
[300


]
l2hSize :tex2html_wrap_inline2558:8.73334pt::8.73334pt::71.28587pt.
[301


]
l2hSize :tex2html_wrap_inline2560:8.73334pt::8.73334pt::65.14293pt.
[302


]
l2hSize :displaymath1494:31.00029pt::0.0pt::349.0pt.
[303


]
l2hSize :tex2html_wrap_inline2562:8.7pt::8.7pt::51.10402pt.
[304


]
l2hSize :tex2html_wrap_inline2564:8.7pt::8.7pt::43.5462pt.
[305


]
l2hSize :tex2html_wrap_inline2566:8.7pt::8.7pt::45.978pt.
[306


]
l2hSize :displaymath1495:31.00029pt::0.0pt::349.0pt.
[307


]
l2hSize :displaymath1496:31.00029pt::0.0pt::349.0pt.
[308


]
l2hSize :displaymath1497:31.00029pt::0.0pt::349.0pt.
[309


]
l2hSize :displaymath1498:25.21658pt::0.0pt::349.0pt.
[310


]
l2hSize :displaymath1499:25.21658pt::0.0pt::349.0pt.
[311


]
l2hSize :tex2html_wrap_inline2588:9.5pt::9.5pt::58.47168pt.
[312


]
l2hSize :tex2html_wrap_inline2592:8.7pt::8.7pt::33.86781pt.
[313


]
l2hSize :displaymath1501:16.29999pt::0.0pt::349.0pt.
[314


]
l2hSize :displaymath1502:25.21658pt::0.0pt::349.0pt.
[315


]
l2hSize :displaymath1503:16.83331pt::0.0pt::349.0pt.
[316


]
l2hSize :displaymath1504:27.34949pt::0.0pt::349.0pt.
[317


]
l2hSize :displaymath1505:31.00029pt::0.0pt::349.0pt.
[318


]
l2hSize :displaymath1506:27.34949pt::0.0pt::349.0pt.
[319


]
l2hSize :tex2html_wrap_inline2610:9.5pt::9.5pt::43.95001pt.
[320


]
l2hSize :tex2html_wrap_inline2612:8.7pt::8.7pt::41.47206pt.
[321


]
l2hSize :displaymath1507:25.08282pt::0.0pt::349.0pt.
[322


]
l2hSize :displaymath1508:27.34949pt::0.0pt::349.0pt.
[323


]
l2hSize :displaymath1509:27.34949pt::0.0pt::349.0pt.
[324


]
l2hSize :tex2html_wrap_inline2618:11.49763pt::11.49763pt::10.51984pt.
[325


]
l2hSize :displaymath1510:28.5495pt::0.0pt::349.0pt.
[326


]
l2hSize :displaymath1511:28.5495pt::0.0pt::349.0pt.
[327


]
l2hSize :tex2html_wrap_inline2620:11.49763pt::11.49763pt::10.51984pt.
[328


]
l2hSize :tex2html_wrap_inline2636:8.2pt::0.0pt::9.39577pt.
[329


]
l2hSize :displaymath1512:31.00029pt::0.0pt::349.0pt.
[330


]
l2hSize :displaymath1513:16.83331pt::0.0pt::349.0pt.
[331


]
l2hSize :displaymath1514:16.83331pt::0.0pt::349.0pt.
[332


]
l2hSize :displaymath1515:31.00029pt::0.0pt::349.0pt.
[333


]
l2hSize :displaymath1516:16.83331pt::0.0pt::349.0pt.
[334


]
l2hSize :tex2html_wrap_inline2648:8.7pt::8.7pt::12.15488pt.
[335


]
l2hSize :tex2html_wrap_inline2650:8.7pt::8.7pt::12.15488pt.
[336


]
l2hSize :tex2html_wrap_inline2652:8.7pt::8.7pt::12.15488pt.
[337


]
l2hSize :displaymath1517:16.83331pt::0.0pt::349.0pt.
[338


]
l2hSize :tex2html_wrap_inline2656:8.7pt::8.7pt::40.59636pt.
[339


]
l2hSize :tex2html_wrap_inline2658:8.7pt::8.7pt::49.92972pt.
[340


]
l2hSize :tex2html_wrap_inline2660:8.7pt::8.7pt::35.06018pt.
[341


]
Overfull \hbox (8.15968pt too wide) detected at line 2357
\OML/cmm/m/it/12 Z[] \OT1/cmr/m/n/12 = \OML/cmm/m/it/12 Z[] \OT1/cmr/m/n/12 + \
OML/cmm/m/it/12 Z[] \OT1/cmr/m/n/12 = 1 + \OML/cmm/m/it/12 j\OT1/cmr/m/n/12 5\O
ML/cmm/m/it/12 ;     Z[] \OT1/cmr/m/n/12 = \OML/cmm/m/it/12 Z[] \OT1/cmr/m/n/12
 + \OML/cmm/m/it/12 Z[] \OT1/cmr/m/n/12 = 1 \OMS/cmsy/m/n/12 ^^@ \OML/cmm/m/it/
12 j\OT1/cmr/m/n/12 5\OML/cmm/m/it/12 ;     Z[] \OT1/cmr/m/n/12 = \OML/cmm/m/it
/12 Z[] \OT1/cmr/m/n/12 = \OML/cmm/m/it/12 Z[] \OT1/cmr/m/n/12 = 1
 []

l2hSize :displaymath1518:16.83331pt::0.0pt::349.0pt.
[342


]
l2hSize :displaymath1519:31.00029pt::0.0pt::349.0pt.
[343


]
Overfull \hbox (117.38277pt too wide) detected at line 2382
[] \OT1/cmr/m/n/12 = [][] [] = [] [] [] = [] []
 []

l2hSize :displaymath1520:32.98918pt::0.0pt::349.0pt.
[344


]
Overfull \hbox (34.0125pt too wide) detected at line 2389
\OML/cmm/m/it/12 Y[] \OT1/cmr/m/n/12 = \OML/cmm/m/it/12 Y[] \OT1/cmr/m/n/12 + \
OML/cmm/m/it/12 Y[] \OT1/cmr/m/n/12 = \OMS/cmsy/m/n/12 ^^@\OML/cmm/m/it/12 j=\O
T1/cmr/m/n/12 5\OML/cmm/m/it/12 ;     Z[] \OT1/cmr/m/n/12 = \OML/cmm/m/it/12 Y[
] \OT1/cmr/m/n/12 + \OML/cmm/m/it/12 Y[] \OT1/cmr/m/n/12 = \OML/cmm/m/it/12 j=\
OT1/cmr/m/n/12 5\OML/cmm/m/it/12 ;     Y[] \OT1/cmr/m/n/12 = \OMS/cmsy/m/n/12 ^
^@\OML/cmm/m/it/12 Y[] \OT1/cmr/m/n/12 = \OMS/cmsy/m/n/12 ^^@\OML/cmm/m/it/12 Y
[] \OT1/cmr/m/n/12 = 1\OML/cmm/m/it/12 =\OT1/cmr/m/n/12 25
 []

l2hSize :displaymath1521:17.5pt::0.0pt::349.0pt.
[345


]
l2hSize :displaymath1522:17.5pt::0.0pt::349.0pt.
[346


]
l2hSize :tex2html_wrap_inline2664:8.7pt::8.7pt::50.32236pt.
[347


]
l2hSize :tex2html_wrap_inline2666:8.7pt::8.7pt::45.978pt.
[348


]
l2hSize :tex2html_wrap_inline2668:9.5pt::9.5pt::74.48967pt.
[349


]
l2hSize :displaymath1523:31.00029pt::0.0pt::349.0pt.
[350


]
l2hSize :displaymath1524:16.29999pt::0.0pt::349.0pt.
[351


]
l2hSize :displaymath1525:16.29999pt::0.0pt::349.0pt.
[352


]
l2hSize :displaymath1526:31.00029pt::0.0pt::349.0pt.
[353


]
l2hSize :tex2html_wrap_inline2670:8.7pt::8.7pt::78.03296pt.
[354


]
l2hSize :displaymath1527:31.00029pt::0.0pt::349.0pt.
[355


]
l2hSize :displaymath1528:17.5pt::0.0pt::349.0pt.
[356


]
l2hSize :displaymath1529:17.5pt::0.0pt::349.0pt.
[357


]
l2hSize :displaymath1530:31.00029pt::0.0pt::349.0pt.
[358


]
l2hSize :tex2html_wrap_inline2672:9.51027pt::0.0pt::46.53609pt.
[359


]
l2hSize :displaymath1531:32.98918pt::0.0pt::349.0pt.
[360


]
l2hSize :tex2html_wrap_inline2674:8.2pt::0.0pt::9.39577pt.
[361


]
l2hSize :tex2html_wrap_inline2676:8.25pt::8.25pt::18.86725pt.
[362


]
l2hSize :tex2html_wrap_inline2678:8.25pt::8.25pt::14.81943pt.
[363


]
l2hSize :tex2html_wrap_inline2680:8.7pt::8.7pt::57.71275pt.
[364


]
l2hSize :tex2html_wrap_inline2682:8.7pt::8.7pt::31.07607pt.
[365


]
l2hSize :tex2html_wrap_inline2684:8.25pt::8.25pt::14.43404pt.
[366


]
l2hSize :tex2html_wrap_inline2688:8.25pt::8.25pt::42.23943pt.
[367


]
l2hSize :tex2html_wrap_inline2690:8.25pt::8.25pt::18.48186pt.
[368


]
l2hSize :displaymath1532:27.34949pt::0.0pt::349.0pt.
[369


]
l2hSize :displaymath1533:27.34949pt::0.0pt::349.0pt.
[370


]
l2hSize :tex2html_wrap_inline2696:8.25pt::8.25pt::40.16216pt.
[371


]
l2hSize :tex2html_wrap_inline2698:8.7pt::8.7pt::65.29398pt.
[372


]
l2hSize :displaymath1534:24.5314pt::0.0pt::349.0pt.
[373


]
l2hSize :displaymath1535:27.34949pt::0.0pt::349.0pt.
[374


]
l2hSize :tex2html_wrap_inline2700:8.7pt::8.7pt::17.19476pt.
[375


]
l2hSize :tex2html_wrap_inline2702:8.7pt::8.7pt::14.66554pt.
[376


]
l2hSize :tex2html_wrap_inline2704:8.7pt::8.7pt::16.9253pt.
[377


]
l2hSize :displaymath1536:27.34949pt::0.0pt::349.0pt.
[378


]
l2hSize :tex2html_wrap_inline2712:8.7pt::8.7pt::53.59193pt.
[379


]
l2hSize :tex2html_wrap_inline2714:8.7pt::8.7pt::41.80836pt.
[380


]
Overfull \hbox (33.94359pt too wide) detected at line 2623
\OML/cmm/m/it/12 G[] \OT1/cmr/m/n/12 = [] = [] = [] = []
 []

l2hSize :displaymath1537:29.3495pt::0.0pt::349.0pt.
[381


]
l2hSize :tex2html_wrap_inline2722:8.7pt::8.7pt::42.47093pt.
[382


]
l2hSize :displaymath1538:29.85977pt::0.0pt::349.0pt.
[383


]
l2hSize :tex2html_wrap_inline2726:8.7pt::8.7pt::18.08246pt.
[384


]
l2hSize :displaymath1539:28.01613pt::0.0pt::349.0pt.
[385


]
l2hSize :tex2html_wrap_inline2740:8.7pt::8.7pt::22.13028pt.
[386


]
l2hSize :tex2html_wrap_inline2742:8.25pt::8.25pt::12.89726pt.
[387


]
l2hSize :displaymath1540:29.3495pt::0.0pt::349.0pt.
[388


]
l2hSize :tex2html_wrap_inline2750:8.25pt::8.25pt::10.69861pt.
[389


]
l2hSize :tex2html_wrap_inline2752:8.7pt::8.7pt::13.96164pt.
[390


]
l2hSize :tex2html_wrap_inline2758:8.7pt::8.7pt::17.6857pt.
[391


]
l2hSize :tex2html_wrap_inline2760:8.25pt::8.25pt::14.55794pt.
[392


]
l2hSize :tex2html_wrap_inline2762:8.7pt::8.7pt::43.61707pt.
[393


]
l2hSize :displaymath1541:29.3495pt::0.0pt::349.0pt.
[394


]
l2hSize :tex2html_wrap_inline2776:8.7pt::8.7pt::35.64194pt.
[395


]
l2hSize :tex2html_wrap_inline2782:8.83333pt::8.83333pt::35.64194pt.
[396


]
l2hSize :tex2html_wrap_inline2784:8.25pt::8.25pt::19.9404pt.
[397


]
l2hSize :tex2html_wrap_inline2802:8.7pt::8.7pt::75.89995pt.
[398


]
l2hSize :tex2html_wrap_inline2806:9.5pt::9.5pt::117.44029pt.
[399


]
l2hSize :tex2html_wrap_inline2808:9.5pt::9.5pt::64.59244pt.
[400


]
l2hSize :displaymath1542:27.34949pt::0.0pt::349.0pt.
[401


]
l2hSize :tex2html_wrap_inline2812:9.5pt::9.5pt::80.19017pt.
[402


]
l2hSize :tex2html_wrap_inline2814:8.7pt::8.7pt::21.7704pt.
[403


]
l2hSize :tex2html_wrap_inline2816:8.7pt::8.7pt::21.10985pt.
[404


]
l2hSize :tex2html_wrap_indisplay4338:8.25pt::8.25pt::14.81943pt.
[405


]
l2hSize :tex2html_wrap_indisplay4339:8.25pt::8.25pt::9.72632pt.
[406


]
l2hSize :tex2html_wrap_indisplay4340:13.78476pt::13.78476pt::65.52197pt.
[407


]
l2hSize :tex2html_wrap_indisplay4341:8.7pt::8.7pt::21.7704pt.
[408


]
l2hSize :tex2html_wrap_indisplay4343:16.81808pt::16.81808pt::210.09561pt.
[409


]
l2hSize :tex2html_wrap_indisplay4344:8.7pt::8.7pt::17.6857pt.
[410


]
l2hSize :tex2html_wrap_indisplay4346:16.81808pt::16.81808pt::148.72542pt.
[411


]
l2hSize :tex2html_wrap_inline2840:8.25pt::8.25pt::11.01807pt.
[412


]
l2hSize :displaymath1543:27.34949pt::0.0pt::349.0pt.
[413


]
l2hSize :displaymath1544:27.34949pt::0.0pt::349.0pt.
[414


]
l2hSize :displaymath1545:27.34949pt::0.0pt::349.0pt.
[415


]
l2hSize :tex2html_wrap_inline2846:8.7pt::8.7pt::42.2993pt.
[416


]
l2hSize :tex2html_wrap_inline2848:8.36708pt::8.36708pt::12.70807pt.
[417


]
l2hSize :displaymath1546:17.5pt::0.0pt::349.0pt.
[418


]
l2hSize :displaymath1547:17.5pt::0.0pt::349.0pt.
[419


]
l2hSize :tex2html_wrap_inline2854:8.36708pt::8.36708pt::13.14735pt.
[420


]
l2hSize :displaymath1548:28.5495pt::0.0pt::349.0pt.
[421


]
l2hSize :displaymath1549:24.5314pt::0.0pt::349.0pt.
[422


]
Overfull \hbox (94.66263pt too wide) detected at line 2881
\OML/cmm/m/it/12 R[] \OT1/cmr/m/n/12 = [] = [] = \OML/cmm/m/it/12 r[] \OT1/cmr/
m/n/12 + []
 []

l2hSize :displaymath1550:28.14949pt::0.0pt::349.0pt.
[423


]
l2hSize :displaymath1551:17.5pt::0.0pt::349.0pt.
[424


]
l2hSize :tex2html_wrap_inline2868:8.7pt::8.7pt::55.82997pt.
[425


]
l2hSize :tex2html_wrap_inline2874:9.5pt::9.5pt::62.43367pt.
[426


]
l2hSize :displaymath1552:17.5pt::0.0pt::349.0pt.
[427


]
l2hSize :displaymath1553:17.5pt::0.0pt::349.0pt.
[428


]
l2hSize :tex2html_wrap_inline2880:8.36708pt::8.36708pt::17.19518pt.
[429


]
l2hSize :displaymath1554:28.5495pt::0.0pt::349.0pt.
[430


]
Overfull \hbox (7.82355pt too wide) detected at line 2933
\OML/cmm/m/it/12 R[] \OT1/cmr/m/n/12 = [] = [] [] \OML/cmm/m/it/12 R[] \OT1/cmr
/m/n/12 + \OML/cmm/m/it/12 r[] > r[]
 []

l2hSize :displaymath1555:28.14949pt::0.0pt::349.0pt.
[431


]
l2hSize :tex2html_wrap_inline2892:8.7pt::8.7pt::47.73433pt.
[432


]
l2hSize :displaymath1556:16.83331pt::0.0pt::349.0pt.
[433


]
l2hSize :tex2html_wrap_inline2918:8.7pt::8.7pt::14.14583pt.
[434


]
l2hSize :tex2html_wrap_inline2920:8.25pt::8.25pt::13.52663pt.
[435


]
l2hSize :tex2html_wrap_inline2922:8.25pt::8.25pt::14.74107pt.
[436


]
l2hSize :tex2html_wrap_inline2924:8.7pt::8.7pt::14.14583pt.
[437


]
l2hSize :tex2html_wrap_inline2926:8.25pt::8.25pt::13.52663pt.
[438


]
l2hSize :tex2html_wrap_inline2928:8.25pt::8.25pt::14.74107pt.
[439


]
l2hSize :tex2html_wrap_inline2936:8.7pt::8.7pt::14.63454pt.
[440


]
l2hSize :tex2html_wrap_inline2956:8.7pt::8.7pt::50.97871pt.
[441


]
l2hSize :tex2html_wrap_inline2958:8.83331pt::8.83331pt::50.6418pt.
[442


]
l2hSize :tex2html_wrap_inline2960:8.7pt::8.7pt::60.97447pt.
[443


]
l2hSize :tex2html_wrap_inline2962:8.7pt::8.7pt::56.1973pt.
[444


]
l2hSize :tex2html_wrap_inline2964:8.7pt::8.7pt::56.1973pt.
[445


]
l2hSize :tex2html_wrap_inline2966:8.7pt::8.7pt::63.04805pt.
[446


]
l2hSize :tex2html_wrap_inline2968:8.25pt::8.25pt::38.5733pt.
[447


] (./images.aux) ) 
Here is how much of TeX's memory you used:
 453 strings out of 495071
 5370 string characters out of 3181986
 52041 words of memory out of 3000000
 3679 multiletter control sequences out of 15000+200000
 12041 words of font info for 44 fonts, out of 3000000 for 9000
 14 hyphenation exceptions out of 8191
 24i,8n,19p,200b,163s stack positions out of 5000i,500n,10000p,200000b,50000s

Output written on images.dvi (447 pages, 95532 bytes).
