This is pdfTeX, Version 3.14159265-2.6-1.40.20 (TeX Live 2019) (preloaded format=pdflatex 2019.5.29)  12 SEP 2019 14:04
entering extended mode
 restricted \write18 enabled.
 %&-line parsing enabled.
**./images.tex
(./images.tex
LaTeX2e <2018-12-01>

(/usr/local/texlive/2019/texmf-dist/tex/latex/base/article.cls
Document Class: article 2018/09/03 v1.4i Standard LaTeX document class
(/usr/local/texlive/2019/texmf-dist/tex/latex/base/size10.clo
File: size10.clo 2018/09/03 v1.4i Standard LaTeX file (size option)
)
\c@part=\count80
\c@section=\count81
\c@subsection=\count82
\c@subsubsection=\count83
\c@paragraph=\count84
\c@subparagraph=\count85
\c@figure=\count86
\c@table=\count87
\abovecaptionskip=\skip41
\belowcaptionskip=\skip42
\bibindent=\dimen102
) (/usr/local/texlive/2019/texmf-dist/tex/latex/base/ifthen.sty
Package: ifthen 2014/09/29 v1.1c Standard LaTeX ifthen package (DPC)
) (/usr/local/texlive/2019/texmf-dist/tex/latex/amsmath/amsmath.sty
Package: amsmath 2018/12/01 v2.17b AMS math features
\@mathmargin=\skip43
For additional information on amsmath, use the `?' option.
(/usr/local/texlive/2019/texmf-dist/tex/latex/amsmath/amstext.sty
Package: amstext 2000/06/29 v2.01 AMS text
(/usr/local/texlive/2019/texmf-dist/tex/latex/amsmath/amsgen.sty
File: amsgen.sty 1999/11/30 v2.0 generic functions
\@emptytoks=\toks14
\ex@=\dimen103
)) (/usr/local/texlive/2019/texmf-dist/tex/latex/amsmath/amsbsy.sty
Package: amsbsy 1999/11/29 v1.2d Bold Symbols
\pmbraise@=\dimen104
) (/usr/local/texlive/2019/texmf-dist/tex/latex/amsmath/amsopn.sty
Package: amsopn 2016/03/08 v2.02 operator names
)
\inf@bad=\count88
LaTeX Info: Redefining \frac on input line 223.
\uproot@=\count89
\leftroot@=\count90
LaTeX Info: Redefining \overline on input line 385.
\classnum@=\count91
\DOTSCASE@=\count92
LaTeX Info: Redefining \ldots on input line 482.
LaTeX Info: Redefining \dots on input line 485.
LaTeX Info: Redefining \cdots on input line 606.
\Mathstrutbox@=\box27
\strutbox@=\box28
\big@size=\dimen105
LaTeX Font Info:    Redeclaring font encoding OML on input line 729.
LaTeX Font Info:    Redeclaring font encoding OMS on input line 730.
\macc@depth=\count93
\c@MaxMatrixCols=\count94
\dotsspace@=\muskip10
\c@parentequation=\count95
\dspbrk@lvl=\count96
\tag@help=\toks15
\row@=\count97
\column@=\count98
\maxfields@=\count99
\andhelp@=\toks16
\eqnshift@=\dimen106
\alignsep@=\dimen107
\tagshift@=\dimen108
\tagwidth@=\dimen109
\totwidth@=\dimen110
\lineht@=\dimen111
\@envbody=\toks17
\multlinegap=\skip44
\multlinetaggap=\skip45
\mathdisplay@stack=\toks18
LaTeX Info: Redefining \[ on input line 2844.
LaTeX Info: Redefining \] on input line 2845.
) (/usr/local/texlive/2019/texmf-dist/tex/latex/amsfonts/amssymb.sty
Package: amssymb 2013/01/14 v3.01 AMS font symbols
(/usr/local/texlive/2019/texmf-dist/tex/latex/amsfonts/amsfonts.sty
Package: amsfonts 2013/01/14 v3.01 Basic AMSFonts support
\symAMSa=\mathgroup4
\symAMSb=\mathgroup5
LaTeX Font Info:    Overwriting math alphabet `\mathfrak' in version `bold'
(Font)                  U/euf/m/n --> U/euf/b/n on input line 106.
)) (/usr/local/texlive/2019/texmf-dist/tex/latex/graphics/graphics.sty
Package: graphics 2017/06/25 v1.2c Standard LaTeX Graphics (DPC,SPQR)
(/usr/local/texlive/2019/texmf-dist/tex/latex/graphics/trig.sty
Package: trig 2016/01/03 v1.10 sin cos tan (DPC)
) (/usr/local/texlive/2019/texmf-dist/tex/latex/graphics-cfg/graphics.cfg
File: graphics.cfg 2016/06/04 v1.11 sample graphics configuration
)
Package graphics Info: Driver file: pdftex.def on input line 99.
(/usr/local/texlive/2019/texmf-dist/tex/latex/graphics-def/pdftex.def
File: pdftex.def 2018/01/08 v1.0l Graphics/color driver for pdftex
)) (/usr/local/texlive/2019/texmf-dist/tex/latex/comment/comment.sty
\CommentStream=\write3
Excluding comment 'comment') (/usr/local/texlive/texmf-local/tex/latex/html/htm
l.sty (/usr/local/texlive/2019/texmf-dist/tex/latex/hyperref/hyperref.sty
Package: hyperref 2018/11/30 v6.88e Hypertext links for LaTeX
(/usr/local/texlive/2019/texmf-dist/tex/generic/oberdiek/hobsub-hyperref.sty
Package: hobsub-hyperref 2016/05/16 v1.14 Bundle oberdiek, subset hyperref (HO)

(/usr/local/texlive/2019/texmf-dist/tex/generic/oberdiek/hobsub-generic.sty
Package: hobsub-generic 2016/05/16 v1.14 Bundle oberdiek, subset generic (HO)
Package: hobsub 2016/05/16 v1.14 Construct package bundles (HO)
Package: infwarerr 2016/05/16 v1.4 Providing info/warning/error messages (HO)
Package: ltxcmds 2016/05/16 v1.23 LaTeX kernel commands for general use (HO)
Package: ifluatex 2016/05/16 v1.4 Provides the ifluatex switch (HO)
Package ifluatex Info: LuaTeX not detected.
Package: ifvtex 2016/05/16 v1.6 Detect VTeX and its facilities (HO)
Package ifvtex Info: VTeX not detected.
Package: intcalc 2016/05/16 v1.2 Expandable calculations with integers (HO)
Package: ifpdf 2018/09/07 v3.3 Provides the ifpdf switch
Package: etexcmds 2016/05/16 v1.6 Avoid name clashes with e-TeX commands (HO)
Package: kvsetkeys 2016/05/16 v1.17 Key value parser (HO)
Package: kvdefinekeys 2016/05/16 v1.4 Define keys (HO)
Package: pdftexcmds 2018/09/10 v0.29 Utility functions of pdfTeX for LuaTeX (HO
)
Package pdftexcmds Info: LuaTeX not detected.
Package pdftexcmds Info: \pdf@primitive is available.
Package pdftexcmds Info: \pdf@ifprimitive is available.
Package pdftexcmds Info: \pdfdraftmode found.
Package: pdfescape 2016/05/16 v1.14 Implements pdfTeX's escape features (HO)
Package: bigintcalc 2016/05/16 v1.4 Expandable calculations on big integers (HO
)
Package: bitset 2016/05/16 v1.2 Handle bit-vector datatype (HO)
Package: uniquecounter 2016/05/16 v1.3 Provide unlimited unique counter (HO)
)
Package hobsub Info: Skipping package `hobsub' (already loaded).
Package: letltxmacro 2016/05/16 v1.5 Let assignment for LaTeX macros (HO)
Package: hopatch 2016/05/16 v1.3 Wrapper for package hooks (HO)
Package: xcolor-patch 2016/05/16 xcolor patch
Package: atveryend 2016/05/16 v1.9 Hooks at the very end of document (HO)
Package atveryend Info: \enddocument detected (standard20110627).
Package: atbegshi 2016/06/09 v1.18 At begin shipout hook (HO)
Package: refcount 2016/05/16 v3.5 Data extraction from label references (HO)
Package: hycolor 2016/05/16 v1.8 Color options for hyperref/bookmark (HO)
) (/usr/local/texlive/2019/texmf-dist/tex/latex/graphics/keyval.sty
Package: keyval 2014/10/28 v1.15 key=value parser (DPC)
\KV@toks@=\toks19
) (/usr/local/texlive/2019/texmf-dist/tex/generic/ifxetex/ifxetex.sty
Package: ifxetex 2010/09/12 v0.6 Provides ifxetex conditional
) (/usr/local/texlive/2019/texmf-dist/tex/latex/oberdiek/auxhook.sty
Package: auxhook 2016/05/16 v1.4 Hooks for auxiliary files (HO)
) (/usr/local/texlive/2019/texmf-dist/tex/latex/oberdiek/kvoptions.sty
Package: kvoptions 2016/05/16 v3.12 Key value format for package options (HO)
)
\@linkdim=\dimen112
\Hy@linkcounter=\count100
\Hy@pagecounter=\count101
(/usr/local/texlive/2019/texmf-dist/tex/latex/hyperref/pd1enc.def
File: pd1enc.def 2018/11/30 v6.88e Hyperref: PDFDocEncoding definition (HO)
Now handling font encoding PD1 ...
... no UTF-8 mapping file for font encoding PD1
)
\Hy@SavedSpaceFactor=\count102
(/usr/local/texlive/2019/texmf-dist/tex/latex/latexconfig/hyperref.cfg
File: hyperref.cfg 2002/06/06 v1.2 hyperref configuration of TeXLive
)
Package hyperref Info: Hyper figures OFF on input line 4519.
Package hyperref Info: Link nesting OFF on input line 4524.
Package hyperref Info: Hyper index ON on input line 4527.
Package hyperref Info: Plain pages OFF on input line 4534.
Package hyperref Info: Backreferencing OFF on input line 4539.
Package hyperref Info: Implicit mode ON; LaTeX internals redefined.
Package hyperref Info: Bookmarks ON on input line 4772.
\c@Hy@tempcnt=\count103
(/usr/local/texlive/2019/texmf-dist/tex/latex/url/url.sty
\Urlmuskip=\muskip11
Package: url 2013/09/16  ver 3.4  Verb mode for urls, etc.
)
LaTeX Info: Redefining \url on input line 5125.
\XeTeXLinkMargin=\dimen113
\Fld@menulength=\count104
\Field@Width=\dimen114
\Fld@charsize=\dimen115
Package hyperref Info: Hyper figures OFF on input line 6380.
Package hyperref Info: Link nesting OFF on input line 6385.
Package hyperref Info: Hyper index ON on input line 6388.
Package hyperref Info: backreferencing OFF on input line 6395.
Package hyperref Info: Link coloring OFF on input line 6400.
Package hyperref Info: Link coloring with OCG OFF on input line 6405.
Package hyperref Info: PDF/A mode OFF on input line 6410.
LaTeX Info: Redefining \ref on input line 6450.
LaTeX Info: Redefining \pageref on input line 6454.
\Hy@abspage=\count105
\c@Item=\count106
\c@Hfootnote=\count107
)
Package hyperref Info: Driver: hpdftex.
(/usr/local/texlive/2019/texmf-dist/tex/latex/hyperref/hpdftex.def
File: hpdftex.def 2018/11/30 v6.88e Hyperref driver for pdfTeX
\Fld@listcount=\count108
\c@bookmark@seq@number=\count109
(/usr/local/texlive/2019/texmf-dist/tex/latex/oberdiek/rerunfilecheck.sty
Package: rerunfilecheck 2016/05/16 v1.8 Rerun checks for auxiliary files (HO)
Package uniquecounter Info: New unique counter `rerunfilecheck' on input line 2
82.
)
\Hy@SectionHShift=\skip46
)
Package: html 1999/07/19 v1.38 hypertext commands for latex2html (nd, hws, rrm)

\c@lpart=\count110
\c@lchapter=\count111
\c@chapter=\count112
\c@lsection=\count113
\c@lsubsection=\count114
\c@lsubsubsection=\count115
\c@lparagraph=\count116
\c@lsubparagraph=\count117
\c@lsubsubparagraph=\count118
\ptrfile=\write4
) (/usr/local/texlive/2019/texmf-dist/tex/latex/base/makeidx.sty
Package: makeidx 2014/09/29 v1.0m Standard LaTeX package
) (/usr/local/texlive/2019/texmf-dist/tex/latex/xcolor/xcolor.sty
Package: xcolor 2016/05/11 v2.12 LaTeX color extensions (UK)
(/usr/local/texlive/2019/texmf-dist/tex/latex/graphics-cfg/color.cfg
File: color.cfg 2016/01/02 v1.6 sample color configuration
)
Package xcolor Info: Driver file: pdftex.def on input line 225.
Package xcolor Info: Model `cmy' substituted by `cmy0' on input line 1348.
Package xcolor Info: Model `hsb' substituted by `rgb' on input line 1352.
Package xcolor Info: Model `RGB' extended on input line 1364.
Package xcolor Info: Model `HTML' substituted by `rgb' on input line 1366.
Package xcolor Info: Model `Hsb' substituted by `hsb' on input line 1367.
Package xcolor Info: Model `tHsb' substituted by `hsb' on input line 1368.
Package xcolor Info: Model `HSB' substituted by `hsb' on input line 1369.
Package xcolor Info: Model `Gray' substituted by `gray' on input line 1370.
Package xcolor Info: Model `wave' substituted by `hsb' on input line 1371.
) (/usr/local/texlive/2019/texmf-dist/tex/latex/base/inputenc.sty
Package: inputenc 2018/08/11 v1.3c Input encoding file
\inpenc@prehook=\toks20
\inpenc@posthook=\toks21
)
\sizebox=\box29
\lthtmlwrite=\write5
(/usr/local/texlive/2019/texmf-dist/tex/latex/preview/preview.sty
Package: preview 2017/04/24 11.91 (AUCTeX/preview-latex)
(/usr/local/texlive/2019/texmf-dist/tex/generic/luatex85/luatex85.sty
Package: luatex85 2016/06/15 v1.4 pdftex aliases for luatex
) (/usr/local/texlive/2019/texmf-dist/tex/latex/preview/prtightpage.def
\PreviewBorder=\dimen116
)
\pr@snippet=\count119
\pr@box=\box30
\pr@output=\toks22
)
\lthtmlPageBox=\box31
\lthtmlCropMarkHeight=\dimen117
\lthtmlCropMarkDepth=\dimen118
! Too many }'s.
l.71 ...preview}\copy\lthtmlPageBox\end{preview}}}
                                                  %
You've closed more groups than you opened.
Such booboos are generally harmless, so keep going.

(./images.aux)
\openout1 = `images.aux'.

LaTeX Font Info:    Checking defaults for OML/cmm/m/it on input line 116.
LaTeX Font Info:    ... okay on input line 116.
LaTeX Font Info:    Checking defaults for T1/cmr/m/n on input line 116.
LaTeX Font Info:    ... okay on input line 116.
LaTeX Font Info:    Checking defaults for OT1/cmr/m/n on input line 116.
LaTeX Font Info:    ... okay on input line 116.
LaTeX Font Info:    Checking defaults for OMS/cmsy/m/n on input line 116.
LaTeX Font Info:    ... okay on input line 116.
LaTeX Font Info:    Checking defaults for OMX/cmex/m/n on input line 116.
LaTeX Font Info:    ... okay on input line 116.
LaTeX Font Info:    Checking defaults for U/cmr/m/n on input line 116.
LaTeX Font Info:    ... okay on input line 116.
LaTeX Font Info:    Checking defaults for PD1/pdf/m/n on input line 116.
LaTeX Font Info:    ... okay on input line 116.
(/usr/local/texlive/2019/texmf-dist/tex/context/base/mkii/supp-pdf.mkii
[Loading MPS to PDF converter (version 2006.09.02).]
\scratchcounter=\count120
\scratchdimen=\dimen119
\scratchbox=\box32
\nofMPsegments=\count121
\nofMParguments=\count122
\everyMPshowfont=\toks23
\MPscratchCnt=\count123
\MPscratchDim=\dimen120
\MPnumerator=\count124
\makeMPintoPDFobject=\count125
\everyMPtoPDFconversion=\toks24
) (/usr/local/texlive/2019/texmf-dist/tex/latex/oberdiek/epstopdf-base.sty
Package: epstopdf-base 2016/05/15 v2.6 Base part for package epstopdf
(/usr/local/texlive/2019/texmf-dist/tex/latex/oberdiek/grfext.sty
Package: grfext 2016/05/16 v1.2 Manage graphics extensions (HO)
)
Package epstopdf-base Info: Redefining graphics rule for `.eps' on input line 4
38.
Package grfext Info: Graphics extension search list:
(grfext)             [.pdf,.png,.jpg,.mps,.jpeg,.jbig2,.jb2,.PDF,.PNG,.JPG,.JPE
G,.JBIG2,.JB2,.eps]
(grfext)             \AppendGraphicsExtensions on input line 456.
(/usr/local/texlive/2019/texmf-dist/tex/latex/latexconfig/epstopdf-sys.cfg
File: epstopdf-sys.cfg 2010/07/13 v1.3 Configuration of (r)epstopdf for TeX Liv
e
))
\AtBeginShipoutBox=\box33
Package hyperref Info: Link coloring OFF on input line 116.
(/usr/local/texlive/2019/texmf-dist/tex/latex/hyperref/nameref.sty
Package: nameref 2016/05/21 v2.44 Cross-referencing by name of section
(/usr/local/texlive/2019/texmf-dist/tex/generic/oberdiek/gettitlestring.sty
Package: gettitlestring 2016/05/16 v1.5 Cleanup title references (HO)
)
\c@section@level=\count126
)
LaTeX Info: Redefining \ref on input line 116.
LaTeX Info: Redefining \pageref on input line 116.
LaTeX Info: Redefining \nameref on input line 116.
(./images.out) (./images.out)
\@outlinefile=\write6
\openout6 = `images.out'.

Preview: Fontsize 10pt
Preview: PDFoutput 1

latex2htmlLength hsize=349.0pt

latex2htmlLength vsize=633.0pt

latex2htmlLength hoffset=0.0pt

latex2htmlLength voffset=0.0pt

latex2htmlLength topmargin=0.0pt

latex2htmlLength topskip=0.00003pt

latex2htmlLength headheight=0.0pt

latex2htmlLength headsep=0.0pt

latex2htmlLength parskip=0.0pt plus 1.0pt

latex2htmlLength oddsidemargin=62.0pt

latex2htmlLength evensidemargin=62.0pt

LaTeX Font Info:    Try loading font information for U+msa on input line 141.
(/usr/local/texlive/2019/texmf-dist/tex/latex/amsfonts/umsa.fd
File: umsa.fd 2013/01/14 v3.01 AMS symbols A
)
LaTeX Font Info:    Try loading font information for U+msb on input line 141.
(/usr/local/texlive/2019/texmf-dist/tex/latex/amsfonts/umsb.fd
File: umsb.fd 2013/01/14 v3.01 AMS symbols B
)

:tex2html_wrap_inline3248:lthtmlCropMarkHeight:=14.14003pt

:tex2html_wrap_inline3248:lthtmlCropMarkDepth:=0.83333pt:1ex:=4.30554pt
Preview: Tightpage -32891 -32891 32891 32891
[1{/usr/local/texlive/2019/texmf-var/fonts/map/pdftex/updmap/pdftex.map}]

:tex2html_wrap_inline3250:lthtmlCropMarkHeight:=14.14003pt

:tex2html_wrap_inline3250:lthtmlCropMarkDepth:=2.5pt:1ex:=4.30554pt
[2]

:tex2html_wrap_inline3252:lthtmlCropMarkHeight:=12.94444pt

:tex2html_wrap_inline3252:lthtmlCropMarkDepth:=1.94444pt:1ex:=4.30554pt
[3]

:tex2html_wrap_indisplay3254:lthtmlCropMarkHeight:=20.26508pt

:tex2html_wrap_indisplay3254:lthtmlCropMarkDepth:=9.35951pt:1ex:=4.30554pt
[4]

:tex2html_wrap_indisplay3256:lthtmlCropMarkHeight:=17.07062pt

:tex2html_wrap_indisplay3256:lthtmlCropMarkDepth:=6.85951pt:1ex:=4.30554pt
[5]

:tex2html_wrap_inline3258:lthtmlCropMarkHeight:=14.14003pt

:tex2html_wrap_inline3258:lthtmlCropMarkDepth:=0.83333pt:1ex:=4.30554pt
[6]

:tex2html_wrap_inline3260:lthtmlCropMarkHeight:=14.14003pt

:tex2html_wrap_inline3260:lthtmlCropMarkDepth:=2.5pt:1ex:=4.30554pt
[7]

:tex2html_wrap_inline3262:lthtmlCropMarkHeight:=10.30554pt

:tex2html_wrap_inline3262:lthtmlCropMarkDepth:=0.0pt:1ex:=4.30554pt
[8]

:tex2html_wrap_indisplay3264:lthtmlCropMarkHeight:=19.59839pt

:tex2html_wrap_indisplay3264:lthtmlCropMarkDepth:=6.85951pt:1ex:=4.30554pt
[9]

:tex2html_wrap_inline3266:lthtmlCropMarkHeight:=14.14003pt

:tex2html_wrap_inline3266:lthtmlCropMarkDepth:=2.5pt:1ex:=4.30554pt
[10]

:tex2html_wrap_inline3267:lthtmlCropMarkHeight:=13.5pt

:tex2html_wrap_inline3267:lthtmlCropMarkDepth:=2.5pt:1ex:=4.30554pt
[11]

:tex2html_wrap_inline3268:lthtmlCropMarkHeight:=14.14003pt

:tex2html_wrap_inline3268:lthtmlCropMarkDepth:=0.0pt:1ex:=4.30554pt
[12]

:tex2html_wrap_indisplay3274:lthtmlCropMarkHeight:=17.07062pt

:tex2html_wrap_indisplay3274:lthtmlCropMarkDepth:=6.85951pt:1ex:=4.30554pt
[13]

:tex2html_wrap_inline3276:lthtmlCropMarkHeight:=14.14003pt

:tex2html_wrap_inline3276:lthtmlCropMarkDepth:=0.83333pt:1ex:=4.30554pt
[14]

:tex2html_wrap_inline3278:lthtmlCropMarkHeight:=14.14003pt

:tex2html_wrap_inline3278:lthtmlCropMarkDepth:=2.5pt:1ex:=4.30554pt
[15]

:tex2html_wrap_inline3280:lthtmlCropMarkHeight:=14.14003pt

:tex2html_wrap_inline3280:lthtmlCropMarkDepth:=2.5pt:1ex:=4.30554pt
[16]

:tex2html_wrap_inline3282:lthtmlCropMarkHeight:=10.30554pt

:tex2html_wrap_inline3282:lthtmlCropMarkDepth:=1.94444pt:1ex:=4.30554pt
[17]

:tex2html_wrap_inline3286:lthtmlCropMarkHeight:=10.30554pt

:tex2html_wrap_inline3286:lthtmlCropMarkDepth:=1.94444pt:1ex:=4.30554pt
[18]

:tex2html_wrap_inline3288:lthtmlCropMarkHeight:=10.30554pt

:tex2html_wrap_inline3288:lthtmlCropMarkDepth:=1.94444pt:1ex:=4.30554pt
[19]

:tex2html_wrap_inline3292:lthtmlCropMarkHeight:=12.94444pt

:tex2html_wrap_inline3292:lthtmlCropMarkDepth:=1.94444pt:1ex:=4.30554pt
[20]

:tex2html_wrap_inline3294:lthtmlCropMarkHeight:=12.94444pt

:tex2html_wrap_inline3294:lthtmlCropMarkDepth:=1.49998pt:1ex:=4.30554pt
[21]

:tex2html_wrap_inline3296:lthtmlCropMarkHeight:=12.94444pt

:tex2html_wrap_inline3296:lthtmlCropMarkDepth:=1.49998pt:1ex:=4.30554pt
[22]

:tex2html_wrap_indisplay3298:lthtmlCropMarkHeight:=20.26508pt

:tex2html_wrap_indisplay3298:lthtmlCropMarkDepth:=9.35951pt:1ex:=4.30554pt
[23]

:tex2html_wrap_inline3300:lthtmlCropMarkHeight:=12.83331pt

:tex2html_wrap_inline3300:lthtmlCropMarkDepth:=0.0pt:1ex:=4.30554pt
[24]

:tex2html_wrap_inline3302:lthtmlCropMarkHeight:=10.30554pt

:tex2html_wrap_inline3302:lthtmlCropMarkDepth:=1.94444pt:1ex:=4.30554pt
[25]

:tex2html_wrap_inline3304:lthtmlCropMarkHeight:=12.94444pt

:tex2html_wrap_inline3304:lthtmlCropMarkDepth:=1.49998pt:1ex:=4.30554pt
[26]

:tex2html_wrap_inline3306:lthtmlCropMarkHeight:=12.94444pt

:tex2html_wrap_inline3306:lthtmlCropMarkDepth:=1.49998pt:1ex:=4.30554pt
[27]

:tex2html_wrap_indisplay3308:lthtmlCropMarkHeight:=20.26508pt

:tex2html_wrap_indisplay3308:lthtmlCropMarkDepth:=9.35951pt:1ex:=4.30554pt
[28]

:tex2html_wrap_indisplay3310:lthtmlCropMarkHeight:=19.70952pt

:tex2html_wrap_indisplay3310:lthtmlCropMarkDepth:=8.61124pt:1ex:=4.30554pt
[29]

:tex2html_wrap_indisplay3311:lthtmlCropMarkHeight:=20.26508pt

:tex2html_wrap_indisplay3311:lthtmlCropMarkDepth:=9.35951pt:1ex:=4.30554pt
[30]

:tex2html_wrap_inline3313:lthtmlCropMarkHeight:=13.5pt

:tex2html_wrap_inline3313:lthtmlCropMarkDepth:=2.5pt:1ex:=4.30554pt
[31]

:tex2html_wrap_indisplay3315:lthtmlCropMarkHeight:=19.61122pt

:tex2html_wrap_indisplay3315:lthtmlCropMarkDepth:=8.61124pt:1ex:=4.30554pt
[32]

:tex2html_wrap_indisplay3317:lthtmlCropMarkHeight:=20.26508pt

:tex2html_wrap_indisplay3317:lthtmlCropMarkDepth:=9.35951pt:1ex:=4.30554pt
[33]

:tex2html_wrap_inline3319:lthtmlCropMarkHeight:=12.94444pt

:tex2html_wrap_inline3319:lthtmlCropMarkDepth:=1.49998pt:1ex:=4.30554pt
[34]

:tex2html_wrap_inline3321:lthtmlCropMarkHeight:=12.44444pt

:tex2html_wrap_inline3321:lthtmlCropMarkDepth:=1.49998pt:1ex:=4.30554pt
[35]

:tex2html_wrap_inline3323:lthtmlCropMarkHeight:=10.30554pt

:tex2html_wrap_inline3323:lthtmlCropMarkDepth:=1.49998pt:1ex:=4.30554pt
[36]

:tex2html_wrap_inline3325:lthtmlCropMarkHeight:=10.30554pt

:tex2html_wrap_inline3325:lthtmlCropMarkDepth:=1.49998pt:1ex:=4.30554pt
[37]

:tex2html_wrap_inline3327:lthtmlCropMarkHeight:=12.44444pt

:tex2html_wrap_inline3327:lthtmlCropMarkDepth:=1.94444pt:1ex:=4.30554pt
[38]

:tex2html_wrap_inline3329:lthtmlCropMarkHeight:=12.94444pt

:tex2html_wrap_inline3329:lthtmlCropMarkDepth:=1.49998pt:1ex:=4.30554pt
[39]

:tex2html_wrap_inline3331:lthtmlCropMarkHeight:=12.94444pt

:tex2html_wrap_inline3331:lthtmlCropMarkDepth:=1.49998pt:1ex:=4.30554pt
[40]

:tex2html_wrap_indisplay3333:lthtmlCropMarkHeight:=13.5pt

:tex2html_wrap_indisplay3333:lthtmlCropMarkDepth:=2.5pt:1ex:=4.30554pt
[41]

:tex2html_wrap_indisplay3335:lthtmlCropMarkHeight:=19.70952pt

:tex2html_wrap_indisplay3335:lthtmlCropMarkDepth:=8.80396pt:1ex:=4.30554pt
[42]

:tex2html_wrap_inline3339:lthtmlCropMarkHeight:=13.5pt

:tex2html_wrap_inline3339:lthtmlCropMarkDepth:=2.5pt:1ex:=4.30554pt
[43]

:tex2html_wrap_inline3341:lthtmlCropMarkHeight:=13.5pt

:tex2html_wrap_inline3341:lthtmlCropMarkDepth:=2.5pt:1ex:=4.30554pt
[44]

:tex2html_wrap_inline3343:lthtmlCropMarkHeight:=13.5pt

:tex2html_wrap_inline3343:lthtmlCropMarkDepth:=2.5pt:1ex:=4.30554pt
[45]

:tex2html_wrap_inline3345:lthtmlCropMarkHeight:=10.30554pt

:tex2html_wrap_inline3345:lthtmlCropMarkDepth:=1.94444pt:1ex:=4.30554pt
[46]

:tex2html_wrap_indisplay3347:lthtmlCropMarkHeight:=20.26508pt

:tex2html_wrap_indisplay3347:lthtmlCropMarkDepth:=9.35951pt:1ex:=4.30554pt
[47]

:tex2html_wrap_indisplay3349:lthtmlCropMarkHeight:=19.61122pt

:tex2html_wrap_indisplay3349:lthtmlCropMarkDepth:=8.61124pt:1ex:=4.30554pt
[48]

:tex2html_wrap_inline3351:lthtmlCropMarkHeight:=12.44444pt

:tex2html_wrap_inline3351:lthtmlCropMarkDepth:=0.0pt:1ex:=4.30554pt
[49]

:tex2html_wrap_inline3352:lthtmlCropMarkHeight:=12.44444pt

:tex2html_wrap_inline3352:lthtmlCropMarkDepth:=0.0pt:1ex:=4.30554pt
[50]

:tex2html_wrap_inline3353:lthtmlCropMarkHeight:=6.0pt

:tex2html_wrap_inline3353:lthtmlCropMarkDepth:=0.0pt:1ex:=4.30554pt
[51]

:tex2html_wrap_inline3355:lthtmlCropMarkHeight:=14.14003pt

:tex2html_wrap_inline3355:lthtmlCropMarkDepth:=0.83333pt:1ex:=4.30554pt
[52]

:tex2html_wrap_indisplay3363:lthtmlCropMarkHeight:=13.5pt

:tex2html_wrap_indisplay3363:lthtmlCropMarkDepth:=2.5pt:1ex:=4.30554pt
[53]

:tex2html_wrap_inline3365:lthtmlCropMarkHeight:=13.5pt

:tex2html_wrap_inline3365:lthtmlCropMarkDepth:=2.5pt:1ex:=4.30554pt
[54]

:tex2html_wrap_inline3367:lthtmlCropMarkHeight:=13.5pt

:tex2html_wrap_inline3367:lthtmlCropMarkDepth:=2.5pt:1ex:=4.30554pt
[55]

:tex2html_wrap_inline3373:lthtmlCropMarkHeight:=12.94444pt

:tex2html_wrap_inline3373:lthtmlCropMarkDepth:=1.94444pt:1ex:=4.30554pt
[56]

:tex2html_wrap_inline3377:lthtmlCropMarkHeight:=12.94444pt

:tex2html_wrap_inline3377:lthtmlCropMarkDepth:=1.94444pt:1ex:=4.30554pt
[57]

:tex2html_wrap_indisplay3379:lthtmlCropMarkHeight:=13.5pt

:tex2html_wrap_indisplay3379:lthtmlCropMarkDepth:=2.5pt:1ex:=4.30554pt
[58]

:tex2html_wrap_inline3381:lthtmlCropMarkHeight:=13.5pt

:tex2html_wrap_inline3381:lthtmlCropMarkDepth:=2.5pt:1ex:=4.30554pt
[59]

:tex2html_wrap_inline3383:lthtmlCropMarkHeight:=13.5pt

:tex2html_wrap_inline3383:lthtmlCropMarkDepth:=2.5pt:1ex:=4.30554pt
[60]

:tex2html_wrap_inline3387:lthtmlCropMarkHeight:=13.5pt

:tex2html_wrap_inline3387:lthtmlCropMarkDepth:=2.5pt:1ex:=4.30554pt
[61]

:tex2html_wrap_inline3389:lthtmlCropMarkHeight:=13.5pt

:tex2html_wrap_inline3389:lthtmlCropMarkDepth:=2.5pt:1ex:=4.30554pt
[62]

:tex2html_wrap_inline3391:lthtmlCropMarkHeight:=13.5pt

:tex2html_wrap_inline3391:lthtmlCropMarkDepth:=2.5pt:1ex:=4.30554pt
[63]

:tex2html_wrap_inline3393:lthtmlCropMarkHeight:=14.14003pt

:tex2html_wrap_inline3393:lthtmlCropMarkDepth:=2.5pt:1ex:=4.30554pt
[64]

:tex2html_wrap_inline3395:lthtmlCropMarkHeight:=14.14003pt

:tex2html_wrap_inline3395:lthtmlCropMarkDepth:=2.5pt:1ex:=4.30554pt
[65]

:tex2html_wrap_inline3397:lthtmlCropMarkHeight:=14.14003pt

:tex2html_wrap_inline3397:lthtmlCropMarkDepth:=2.5pt:1ex:=4.30554pt
[66]

:tex2html_wrap_inline3399:lthtmlCropMarkHeight:=14.14003pt

:tex2html_wrap_inline3399:lthtmlCropMarkDepth:=2.5pt:1ex:=4.30554pt
[67]

:tex2html_wrap_inline3401:lthtmlCropMarkHeight:=13.5pt

:tex2html_wrap_inline3401:lthtmlCropMarkDepth:=2.5pt:1ex:=4.30554pt
[68]

:tex2html_wrap_inline3403:lthtmlCropMarkHeight:=13.5pt

:tex2html_wrap_inline3403:lthtmlCropMarkDepth:=2.5pt:1ex:=4.30554pt
[69]

:tex2html_wrap_inline3405:lthtmlCropMarkHeight:=12.94444pt

:tex2html_wrap_inline3405:lthtmlCropMarkDepth:=1.94444pt:1ex:=4.30554pt
[70]

:tex2html_wrap_inline3407:lthtmlCropMarkHeight:=11.83333pt

:tex2html_wrap_inline3407:lthtmlCropMarkDepth:=1.49998pt:1ex:=4.30554pt
[71]

:tex2html_wrap_inline3409:lthtmlCropMarkHeight:=13.5pt

:tex2html_wrap_inline3409:lthtmlCropMarkDepth:=2.5pt:1ex:=4.30554pt
[72]

:tex2html_wrap_inline3411:lthtmlCropMarkHeight:=13.5pt

:tex2html_wrap_inline3411:lthtmlCropMarkDepth:=2.5pt:1ex:=4.30554pt
[73]

:tex2html_wrap_inline3425:lthtmlCropMarkHeight:=12.86111pt

:tex2html_wrap_inline3425:lthtmlCropMarkDepth:=0.0pt:1ex:=4.30554pt
[74]

:tex2html_wrap_inline3427:lthtmlCropMarkHeight:=12.83331pt

:tex2html_wrap_inline3427:lthtmlCropMarkDepth:=0.0pt:1ex:=4.30554pt
[75]

:tex2html_wrap_inline3429:lthtmlCropMarkHeight:=12.86111pt

:tex2html_wrap_inline3429:lthtmlCropMarkDepth:=0.0pt:1ex:=4.30554pt
[76]

:tex2html_wrap_indisplay3431:lthtmlCropMarkHeight:=19.61122pt

:tex2html_wrap_indisplay3431:lthtmlCropMarkDepth:=8.61124pt:1ex:=4.30554pt
[77]

:tex2html_wrap_inline3433:lthtmlCropMarkHeight:=10.30554pt

:tex2html_wrap_inline3433:lthtmlCropMarkDepth:=0.0pt:1ex:=4.30554pt
[78]

:tex2html_wrap_inline3439:lthtmlCropMarkHeight:=12.44444pt

:tex2html_wrap_inline3439:lthtmlCropMarkDepth:=0.0pt:1ex:=4.30554pt
[79]

:tex2html_wrap_inline3449:lthtmlCropMarkHeight:=12.94444pt

:tex2html_wrap_inline3449:lthtmlCropMarkDepth:=0.0pt:1ex:=4.30554pt
[80]

:tex2html_wrap_inline3453:lthtmlCropMarkHeight:=10.44444pt

:tex2html_wrap_inline3453:lthtmlCropMarkDepth:=0.0pt:1ex:=4.30554pt
[81]

:tex2html_wrap_indisplay3455:lthtmlCropMarkHeight:=20.26508pt

:tex2html_wrap_indisplay3455:lthtmlCropMarkDepth:=9.35951pt:1ex:=4.30554pt
[82]

:tex2html_wrap_indisplay3465:lthtmlCropMarkHeight:=13.5pt

:tex2html_wrap_indisplay3465:lthtmlCropMarkDepth:=2.5pt:1ex:=4.30554pt
[83]

:tex2html_wrap_inline3468:lthtmlCropMarkHeight:=12.83331pt

:tex2html_wrap_inline3468:lthtmlCropMarkDepth:=0.0pt:1ex:=4.30554pt
[84]

:tex2html_wrap_inline3470:lthtmlCropMarkHeight:=12.83331pt

:tex2html_wrap_inline3470:lthtmlCropMarkDepth:=0.0pt:1ex:=4.30554pt
[85]

:tex2html_wrap_inline3472:lthtmlCropMarkHeight:=13.5pt

:tex2html_wrap_inline3472:lthtmlCropMarkDepth:=2.5pt:1ex:=4.30554pt
[86]

:tex2html_wrap_inline3474:lthtmlCropMarkHeight:=13.5pt

:tex2html_wrap_inline3474:lthtmlCropMarkDepth:=2.5pt:1ex:=4.30554pt
[87]

:tex2html_wrap_inline3476:lthtmlCropMarkHeight:=12.59525pt

:tex2html_wrap_inline3476:lthtmlCropMarkDepth:=0.0pt:1ex:=4.30554pt
[88]

:tex2html_wrap_inline3478:lthtmlCropMarkHeight:=10.30554pt

:tex2html_wrap_inline3478:lthtmlCropMarkDepth:=0.0pt:1ex:=4.30554pt
[89]

:tex2html_wrap_indisplay3480:lthtmlCropMarkHeight:=20.26508pt

:tex2html_wrap_indisplay3480:lthtmlCropMarkDepth:=9.35951pt:1ex:=4.30554pt
[90]

:tex2html_wrap_inline3482:lthtmlCropMarkHeight:=12.83331pt

:tex2html_wrap_inline3482:lthtmlCropMarkDepth:=0.0pt:1ex:=4.30554pt
[91]

:tex2html_wrap_inline3484:lthtmlCropMarkHeight:=12.83331pt

:tex2html_wrap_inline3484:lthtmlCropMarkDepth:=0.0pt:1ex:=4.30554pt
[92]

:tex2html_wrap_indisplay3486:lthtmlCropMarkHeight:=20.26508pt

:tex2html_wrap_indisplay3486:lthtmlCropMarkDepth:=9.35951pt:1ex:=4.30554pt
[93]

:tex2html_wrap_inline3488:lthtmlCropMarkHeight:=13.5pt

:tex2html_wrap_inline3488:lthtmlCropMarkDepth:=2.5pt:1ex:=4.30554pt
[94]

:tex2html_wrap_inline3490:lthtmlCropMarkHeight:=13.5pt

:tex2html_wrap_inline3490:lthtmlCropMarkDepth:=2.5pt:1ex:=4.30554pt
[95]

:tex2html_wrap_inline3492:lthtmlCropMarkHeight:=12.83331pt

:tex2html_wrap_inline3492:lthtmlCropMarkDepth:=1.94444pt:1ex:=4.30554pt
[96]

:tex2html_wrap_inline3498:lthtmlCropMarkHeight:=12.83331pt

:tex2html_wrap_inline3498:lthtmlCropMarkDepth:=0.0pt:1ex:=4.30554pt
[97]

:tex2html_wrap_indisplay3500:lthtmlCropMarkHeight:=19.59839pt

:tex2html_wrap_indisplay3500:lthtmlCropMarkDepth:=6.85951pt:1ex:=4.30554pt
[98]

:tex2html_wrap_inline3502:lthtmlCropMarkHeight:=12.83331pt

:tex2html_wrap_inline3502:lthtmlCropMarkDepth:=1.49998pt:1ex:=4.30554pt
[99]

:tex2html_wrap_inline3504:lthtmlCropMarkHeight:=12.83331pt

:tex2html_wrap_inline3504:lthtmlCropMarkDepth:=1.49998pt:1ex:=4.30554pt
[100]

:tex2html_wrap_inline3520:lthtmlCropMarkHeight:=13.5pt

:tex2html_wrap_inline3520:lthtmlCropMarkDepth:=2.5pt:1ex:=4.30554pt
[101]

:tex2html_wrap_indisplay3522:lthtmlCropMarkHeight:=21.44458pt

:tex2html_wrap_indisplay3522:lthtmlCropMarkDepth:=9.94456pt:1ex:=4.30554pt
[102]

:tex2html_wrap_inline3524:lthtmlCropMarkHeight:=15.88896pt

:tex2html_wrap_inline3524:lthtmlCropMarkDepth:=4.38895pt:1ex:=4.30554pt
[103]

:tex2html_wrap_inline3526:lthtmlCropMarkHeight:=13.5pt

:tex2html_wrap_inline3526:lthtmlCropMarkDepth:=2.5pt:1ex:=4.30554pt
[104]

:tex2html_wrap_indisplay3530:lthtmlCropMarkHeight:=19.59839pt

:tex2html_wrap_indisplay3530:lthtmlCropMarkDepth:=6.85951pt:1ex:=4.30554pt
[105]

:tex2html_wrap_inline3532:lthtmlCropMarkHeight:=12.83331pt

:tex2html_wrap_inline3532:lthtmlCropMarkDepth:=0.0pt:1ex:=4.30554pt
[106]

:tex2html_wrap_inline3534:lthtmlCropMarkHeight:=12.94444pt

:tex2html_wrap_inline3534:lthtmlCropMarkDepth:=0.0pt:1ex:=4.30554pt
[107]

:tex2html_wrap_inline3536:lthtmlCropMarkHeight:=10.30554pt

:tex2html_wrap_inline3536:lthtmlCropMarkDepth:=0.0pt:1ex:=4.30554pt
[108]

:tex2html_wrap_inline3538:lthtmlCropMarkHeight:=14.14003pt

:tex2html_wrap_inline3538:lthtmlCropMarkDepth:=2.5pt:1ex:=4.30554pt
[109]

:tex2html_wrap_inline3540:lthtmlCropMarkHeight:=13.5pt

:tex2html_wrap_inline3540:lthtmlCropMarkDepth:=2.5pt:1ex:=4.30554pt
[110]

:tex2html_wrap_indisplay3546:lthtmlCropMarkHeight:=20.26508pt

:tex2html_wrap_indisplay3546:lthtmlCropMarkDepth:=9.35951pt:1ex:=4.30554pt
[111]

:tex2html_wrap_inline3548:lthtmlCropMarkHeight:=14.14003pt

:tex2html_wrap_inline3548:lthtmlCropMarkDepth:=1.94444pt:1ex:=4.30554pt
[112]

:tex2html_wrap_inline3550:lthtmlCropMarkHeight:=14.14003pt

:tex2html_wrap_inline3550:lthtmlCropMarkDepth:=0.0pt:1ex:=4.30554pt
[113]

:tex2html_wrap_inline3552:lthtmlCropMarkHeight:=14.14003pt

:tex2html_wrap_inline3552:lthtmlCropMarkDepth:=1.94444pt:1ex:=4.30554pt
[114]

:tex2html_wrap_inline3554:lthtmlCropMarkHeight:=13.5pt

:tex2html_wrap_inline3554:lthtmlCropMarkDepth:=2.5pt:1ex:=4.30554pt
[115]

:tex2html_wrap_indisplay3556:lthtmlCropMarkHeight:=20.26508pt

:tex2html_wrap_indisplay3556:lthtmlCropMarkDepth:=6.85951pt:1ex:=4.30554pt
[116]

:tex2html_wrap_inline3558:lthtmlCropMarkHeight:=12.94444pt

:tex2html_wrap_inline3558:lthtmlCropMarkDepth:=1.94444pt:1ex:=4.30554pt
[117]

:tex2html_wrap_inline3560:lthtmlCropMarkHeight:=12.44444pt

:tex2html_wrap_inline3560:lthtmlCropMarkDepth:=0.0pt:1ex:=4.30554pt
[118]

:tex2html_wrap_inline3562:lthtmlCropMarkHeight:=13.5pt

:tex2html_wrap_inline3562:lthtmlCropMarkDepth:=2.5pt:1ex:=4.30554pt
[119]

:tex2html_wrap_inline3564:lthtmlCropMarkHeight:=10.30554pt

:tex2html_wrap_inline3564:lthtmlCropMarkDepth:=0.0pt:1ex:=4.30554pt
[120]

:tex2html_wrap_inline3566:lthtmlCropMarkHeight:=13.5pt

:tex2html_wrap_inline3566:lthtmlCropMarkDepth:=2.5pt:1ex:=4.30554pt
[121]

:tex2html_wrap_inline3570:lthtmlCropMarkHeight:=12.83331pt

:tex2html_wrap_inline3570:lthtmlCropMarkDepth:=0.0pt:1ex:=4.30554pt
[122]

:tex2html_wrap_inline3574:lthtmlCropMarkHeight:=12.83331pt

:tex2html_wrap_inline3574:lthtmlCropMarkDepth:=0.0pt:1ex:=4.30554pt
[123]

:tex2html_wrap_indisplay3578:lthtmlCropMarkHeight:=21.44458pt

:tex2html_wrap_indisplay3578:lthtmlCropMarkDepth:=9.94456pt:1ex:=4.30554pt
[124]

:tex2html_wrap_inline3580:lthtmlCropMarkHeight:=15.88896pt

:tex2html_wrap_inline3580:lthtmlCropMarkDepth:=4.38895pt:1ex:=4.30554pt
[125]

:tex2html_wrap_inline3582:lthtmlCropMarkHeight:=13.5pt

:tex2html_wrap_inline3582:lthtmlCropMarkDepth:=2.5pt:1ex:=4.30554pt
[126]

:tex2html_wrap_inline3584:lthtmlCropMarkHeight:=12.83331pt

:tex2html_wrap_inline3584:lthtmlCropMarkDepth:=0.0pt:1ex:=4.30554pt
[127]

:tex2html_wrap_indisplay3586:lthtmlCropMarkHeight:=20.9051pt

:tex2html_wrap_indisplay3586:lthtmlCropMarkDepth:=6.85951pt:1ex:=4.30554pt
[128]

:tex2html_wrap_inline3590:lthtmlCropMarkHeight:=12.94444pt

:tex2html_wrap_inline3590:lthtmlCropMarkDepth:=0.0pt:1ex:=4.30554pt
[129]

:tex2html_wrap_inline3594:lthtmlCropMarkHeight:=10.30554pt

:tex2html_wrap_inline3594:lthtmlCropMarkDepth:=1.94444pt:1ex:=4.30554pt
[130]

:tex2html_wrap_indisplay3600:lthtmlCropMarkHeight:=20.26508pt

:tex2html_wrap_indisplay3600:lthtmlCropMarkDepth:=9.35951pt:1ex:=4.30554pt
[131]

:tex2html_wrap_inline3604:lthtmlCropMarkHeight:=14.14003pt

:tex2html_wrap_inline3604:lthtmlCropMarkDepth:=0.0pt:1ex:=4.30554pt
[132]

:tex2html_wrap_inline3606:lthtmlCropMarkHeight:=14.14003pt

:tex2html_wrap_inline3606:lthtmlCropMarkDepth:=1.94444pt:1ex:=4.30554pt
[133]

:tex2html_wrap_inline3620:lthtmlCropMarkHeight:=13.5pt

:tex2html_wrap_inline3620:lthtmlCropMarkDepth:=2.5pt:1ex:=4.30554pt
[134]

:tex2html_wrap_indisplay3622:lthtmlCropMarkHeight:=20.26508pt

:tex2html_wrap_indisplay3622:lthtmlCropMarkDepth:=6.85951pt:1ex:=4.30554pt
[135]

:tex2html_wrap_inline3630:lthtmlCropMarkHeight:=13.5pt

:tex2html_wrap_inline3630:lthtmlCropMarkDepth:=2.5pt:1ex:=4.30554pt
[136]

:tex2html_wrap_inline3634:lthtmlCropMarkHeight:=14.0556pt

:tex2html_wrap_inline3634:lthtmlCropMarkDepth:=3.05562pt:1ex:=4.30554pt
[137]

:tex2html_wrap_inline3636:lthtmlCropMarkHeight:=13.5pt

:tex2html_wrap_inline3636:lthtmlCropMarkDepth:=2.5pt:1ex:=4.30554pt
[138]

:tex2html_wrap_inline3638:lthtmlCropMarkHeight:=14.0556pt

:tex2html_wrap_inline3638:lthtmlCropMarkDepth:=3.05562pt:1ex:=4.30554pt
[139]

:tex2html_wrap_inline3640:lthtmlCropMarkHeight:=13.5pt

:tex2html_wrap_inline3640:lthtmlCropMarkDepth:=2.5pt:1ex:=4.30554pt
[140]

:tex2html_wrap_indisplay3642:lthtmlCropMarkHeight:=24.79108pt

:tex2html_wrap_indisplay3642:lthtmlCropMarkDepth:=12.50015pt:1ex:=4.30554pt
[141]

:tex2html_wrap_indisplay3644:lthtmlCropMarkHeight:=24.79108pt

:tex2html_wrap_indisplay3644:lthtmlCropMarkDepth:=11.60919pt:1ex:=4.30554pt
[142]

:tex2html_wrap_inline3648:lthtmlCropMarkHeight:=12.83331pt

:tex2html_wrap_inline3648:lthtmlCropMarkDepth:=0.0pt:1ex:=4.30554pt
[143]
! Missing $ inserted.
<inserted text> 
                $
l.1031 \lthtmldisplayZ
                      
I've inserted a begin-math/end-math symbol since I think
you left one out. Proceed, with fingers crossed.

! Missing $ inserted.
<inserted text> 
                $
l.1031 \lthtmldisplayZ
                      
I've inserted something that you may have forgotten.
(See the <inserted text> above.)
With luck, this will get me unwedged. But if you
really didn't forget anything, try typing `2' now; then
my insertion and my current dilemma will both disappear.


! LaTeX Error: Bad math environment delimiter.

See the LaTeX manual or LaTeX Companion for explanation.
Type  H <return>  for immediate help.
 ...                                              
                                                  
l.1031 \lthtmldisplayZ
                      
Your command was ignored.
Type  I <command> <return>  to replace it with another command,
or  <return>  to continue without it.


:displaymath3654:lthtmlCropMarkHeight:=27.29999pt

:displaymath3654:lthtmlCropMarkDepth:=16.29999pt:1ex:=4.30554pt
[144]

:tex2html_wrap_inline3656:lthtmlCropMarkHeight:=12.83331pt

:tex2html_wrap_inline3656:lthtmlCropMarkDepth:=1.49998pt:1ex:=4.30554pt
[145]

:tex2html_wrap_inline3658:lthtmlCropMarkHeight:=12.83331pt

:tex2html_wrap_inline3658:lthtmlCropMarkDepth:=1.49998pt:1ex:=4.30554pt
[146]

:tex2html_wrap_indisplay3670:lthtmlCropMarkHeight:=19.70952pt

:tex2html_wrap_indisplay3670:lthtmlCropMarkDepth:=6.85951pt:1ex:=4.30554pt
[147]

:tex2html_wrap_indisplay3672:lthtmlCropMarkHeight:=19.59839pt

:tex2html_wrap_indisplay3672:lthtmlCropMarkDepth:=8.3595pt:1ex:=4.30554pt
[148]

:tex2html_wrap_indisplay3674:lthtmlCropMarkHeight:=12.59525pt

:tex2html_wrap_indisplay3674:lthtmlCropMarkDepth:=1.94444pt:1ex:=4.30554pt
[149]

:tex2html_wrap_indisplay3675:lthtmlCropMarkHeight:=19.59839pt

:tex2html_wrap_indisplay3675:lthtmlCropMarkDepth:=8.3595pt:1ex:=4.30554pt
[150]

:tex2html_wrap_indisplay3677:lthtmlCropMarkHeight:=19.59839pt

:tex2html_wrap_indisplay3677:lthtmlCropMarkDepth:=8.3595pt:1ex:=4.30554pt
[151]

:tex2html_wrap_inline3679:lthtmlCropMarkHeight:=12.83331pt

:tex2html_wrap_inline3679:lthtmlCropMarkDepth:=1.49998pt:1ex:=4.30554pt
[152]

:tex2html_wrap_inline3681:lthtmlCropMarkHeight:=13.5pt

:tex2html_wrap_inline3681:lthtmlCropMarkDepth:=2.5pt:1ex:=4.30554pt
[153]

:tex2html_wrap_indisplay3683:lthtmlCropMarkHeight:=22.53902pt

:tex2html_wrap_indisplay3683:lthtmlCropMarkDepth:=9.50012pt:1ex:=4.30554pt
[154]

:tex2html_wrap_indisplay3690:lthtmlCropMarkHeight:=19.70952pt

:tex2html_wrap_indisplay3690:lthtmlCropMarkDepth:=8.80396pt:1ex:=4.30554pt
[155]

:tex2html_wrap_inline3692:lthtmlCropMarkHeight:=13.5pt

:tex2html_wrap_inline3692:lthtmlCropMarkDepth:=2.5pt:1ex:=4.30554pt
[156]

:tex2html_wrap_inline3694:lthtmlCropMarkHeight:=12.83331pt

:tex2html_wrap_inline3694:lthtmlCropMarkDepth:=0.0pt:1ex:=4.30554pt
[157]

:tex2html_wrap_indisplay3696:lthtmlCropMarkHeight:=21.92236pt

:tex2html_wrap_indisplay3696:lthtmlCropMarkDepth:=9.11122pt:1ex:=4.30554pt
[158]

:tex2html_wrap_inline3698:lthtmlCropMarkHeight:=12.44444pt

:tex2html_wrap_inline3698:lthtmlCropMarkDepth:=0.39098pt:1ex:=4.30554pt
[159]

:tex2html_wrap_inline3700:lthtmlCropMarkHeight:=12.44444pt

:tex2html_wrap_inline3700:lthtmlCropMarkDepth:=0.39098pt:1ex:=4.30554pt
[160]

:tex2html_wrap_inline3714:lthtmlCropMarkHeight:=13.5pt

:tex2html_wrap_inline3714:lthtmlCropMarkDepth:=2.5pt:1ex:=4.30554pt
[161]

:tex2html_wrap_indisplay3716:lthtmlCropMarkHeight:=20.9051pt

:tex2html_wrap_indisplay3716:lthtmlCropMarkDepth:=6.85951pt:1ex:=4.30554pt
[162]

:tex2html_wrap_inline3718:lthtmlCropMarkHeight:=12.83331pt

:tex2html_wrap_inline3718:lthtmlCropMarkDepth:=0.0pt:1ex:=4.30554pt
[163]

:tex2html_wrap_indisplay3720:lthtmlCropMarkHeight:=21.92236pt

:tex2html_wrap_indisplay3720:lthtmlCropMarkDepth:=9.11122pt:1ex:=4.30554pt
[164]

:tex2html_wrap_inline3722:lthtmlCropMarkHeight:=13.5pt

:tex2html_wrap_inline3722:lthtmlCropMarkDepth:=2.5pt:1ex:=4.30554pt
[165]

:tex2html_wrap_inline3724:lthtmlCropMarkHeight:=13.5pt

:tex2html_wrap_inline3724:lthtmlCropMarkDepth:=2.5pt:1ex:=4.30554pt
[166]

:tex2html_wrap_inline3728:lthtmlCropMarkHeight:=13.5pt

:tex2html_wrap_inline3728:lthtmlCropMarkDepth:=2.5pt:1ex:=4.30554pt
[167]

:tex2html_wrap_indisplay3730:lthtmlCropMarkHeight:=20.9051pt

:tex2html_wrap_indisplay3730:lthtmlCropMarkDepth:=6.85951pt:1ex:=4.30554pt
[168]

:tex2html_wrap_indisplay3734:lthtmlCropMarkHeight:=21.92236pt

:tex2html_wrap_indisplay3734:lthtmlCropMarkDepth:=9.11122pt:1ex:=4.30554pt
[169]

:tex2html_wrap_inline3736:lthtmlCropMarkHeight:=13.5pt

:tex2html_wrap_inline3736:lthtmlCropMarkDepth:=2.86108pt:1ex:=4.30554pt
[170]

:tex2html_wrap_inline3740:lthtmlCropMarkHeight:=13.5pt

:tex2html_wrap_inline3740:lthtmlCropMarkDepth:=2.86108pt:1ex:=4.30554pt
[171]

:tex2html_wrap_inline3742:lthtmlCropMarkHeight:=13.5pt

:tex2html_wrap_inline3742:lthtmlCropMarkDepth:=2.5pt:1ex:=4.30554pt
[172]

:tex2html_wrap_indisplay3744:lthtmlCropMarkHeight:=21.92236pt

:tex2html_wrap_indisplay3744:lthtmlCropMarkDepth:=9.11122pt:1ex:=4.30554pt
[173]

:tex2html_wrap_inline3746:lthtmlCropMarkHeight:=12.83331pt

:tex2html_wrap_inline3746:lthtmlCropMarkDepth:=1.49998pt:1ex:=4.30554pt
[174]

:tex2html_wrap_indisplay3752:lthtmlCropMarkHeight:=21.92236pt

:tex2html_wrap_indisplay3752:lthtmlCropMarkDepth:=9.11122pt:1ex:=4.30554pt
[175]

:tex2html_wrap_indisplay3756:lthtmlCropMarkHeight:=25.74387pt

:tex2html_wrap_indisplay3756:lthtmlCropMarkDepth:=10.6564pt:1ex:=4.30554pt
[176]

:tex2html_wrap_inline3760:lthtmlCropMarkHeight:=12.83331pt

:tex2html_wrap_inline3760:lthtmlCropMarkDepth:=2.86108pt:1ex:=4.30554pt
[177]

:tex2html_wrap_inline3762:lthtmlCropMarkHeight:=15.07217pt

:tex2html_wrap_inline3762:lthtmlCropMarkDepth:=2.86108pt:1ex:=4.30554pt
[178]

:tex2html_wrap_indisplay3764:lthtmlCropMarkHeight:=19.20952pt

:tex2html_wrap_indisplay3764:lthtmlCropMarkDepth:=6.85951pt:1ex:=4.30554pt
[179]

:tex2html_wrap_inline3768:lthtmlCropMarkHeight:=12.83331pt

:tex2html_wrap_inline3768:lthtmlCropMarkDepth:=1.49998pt:1ex:=4.30554pt
[180]

:tex2html_wrap_indisplay3774:lthtmlCropMarkHeight:=21.92236pt

:tex2html_wrap_indisplay3774:lthtmlCropMarkDepth:=9.11122pt:1ex:=4.30554pt
[181]

:tex2html_wrap_indisplay3775:lthtmlCropMarkHeight:=21.92236pt

:tex2html_wrap_indisplay3775:lthtmlCropMarkDepth:=9.11122pt:1ex:=4.30554pt
[182]

:tex2html_wrap_indisplay3777:lthtmlCropMarkHeight:=21.92236pt

:tex2html_wrap_indisplay3777:lthtmlCropMarkDepth:=9.11122pt:1ex:=4.30554pt
[183]

:tex2html_wrap_indisplay3779:lthtmlCropMarkHeight:=13.5pt

:tex2html_wrap_indisplay3779:lthtmlCropMarkDepth:=2.86108pt:1ex:=4.30554pt
[184]

:tex2html_wrap_inline3781:lthtmlCropMarkHeight:=13.5pt

:tex2html_wrap_inline3781:lthtmlCropMarkDepth:=2.5pt:1ex:=4.30554pt
[185]

:tex2html_wrap_inline3783:lthtmlCropMarkHeight:=13.5pt

:tex2html_wrap_inline3783:lthtmlCropMarkDepth:=2.5pt:1ex:=4.30554pt
[186]

:tex2html_wrap_indisplay3786:lthtmlCropMarkHeight:=12.83331pt

:tex2html_wrap_indisplay3786:lthtmlCropMarkDepth:=1.49998pt:1ex:=4.30554pt
[187]

:tex2html_wrap_indisplay3788:lthtmlCropMarkHeight:=9.66875pt

:tex2html_wrap_indisplay3788:lthtmlCropMarkDepth:=0.0pt:1ex:=4.30554pt
[188]

:tex2html_wrap_indisplay3790:lthtmlCropMarkHeight:=23.27792pt

:tex2html_wrap_indisplay3790:lthtmlCropMarkDepth:=10.0001pt:1ex:=4.30554pt
[189]

:tex2html_wrap_indisplay3794:lthtmlCropMarkHeight:=19.59839pt

:tex2html_wrap_indisplay3794:lthtmlCropMarkDepth:=6.85951pt:1ex:=4.30554pt
[190]

:tex2html_wrap_indisplay3804:lthtmlCropMarkHeight:=21.92236pt

:tex2html_wrap_indisplay3804:lthtmlCropMarkDepth:=9.11122pt:1ex:=4.30554pt
[191]

:tex2html_wrap_inline3806:lthtmlCropMarkHeight:=13.5pt

:tex2html_wrap_inline3806:lthtmlCropMarkDepth:=2.5pt:1ex:=4.30554pt
[192]

:tex2html_wrap_inline3808:lthtmlCropMarkHeight:=13.5pt

:tex2html_wrap_inline3808:lthtmlCropMarkDepth:=2.5pt:1ex:=4.30554pt
[193]

:tex2html_wrap_inline3812:lthtmlCropMarkHeight:=13.5pt

:tex2html_wrap_inline3812:lthtmlCropMarkDepth:=2.86108pt:1ex:=4.30554pt
[194]

:tex2html_wrap_inline3814:lthtmlCropMarkHeight:=13.5pt

:tex2html_wrap_inline3814:lthtmlCropMarkDepth:=2.5pt:1ex:=4.30554pt
[195]

:tex2html_wrap_indisplay3816:lthtmlCropMarkHeight:=21.92236pt

:tex2html_wrap_indisplay3816:lthtmlCropMarkDepth:=9.11122pt:1ex:=4.30554pt
[196]

:tex2html_wrap_indisplay3832:lthtmlCropMarkHeight:=21.92236pt

:tex2html_wrap_indisplay3832:lthtmlCropMarkDepth:=9.11122pt:1ex:=4.30554pt
[197]

:tex2html_wrap_inline3834:lthtmlCropMarkHeight:=13.5pt

:tex2html_wrap_inline3834:lthtmlCropMarkDepth:=2.5pt:1ex:=4.30554pt
[198]

:tex2html_wrap_inline3836:lthtmlCropMarkHeight:=13.5pt

:tex2html_wrap_inline3836:lthtmlCropMarkDepth:=2.5pt:1ex:=4.30554pt
[199]

:tex2html_wrap_inline3838:lthtmlCropMarkHeight:=13.5pt

:tex2html_wrap_inline3838:lthtmlCropMarkDepth:=2.86108pt:1ex:=4.30554pt
[200]

:tex2html_wrap_inline3840:lthtmlCropMarkHeight:=13.5pt

:tex2html_wrap_inline3840:lthtmlCropMarkDepth:=2.86108pt:1ex:=4.30554pt
[201]

:tex2html_wrap_indisplay3844:lthtmlCropMarkHeight:=21.92236pt

:tex2html_wrap_indisplay3844:lthtmlCropMarkDepth:=9.11122pt:1ex:=4.30554pt
[202]

:tex2html_wrap_inline3852:lthtmlCropMarkHeight:=13.5pt

:tex2html_wrap_inline3852:lthtmlCropMarkDepth:=2.5pt:1ex:=4.30554pt
[203]

:tex2html_wrap_inline3854:lthtmlCropMarkHeight:=12.88586pt

:tex2html_wrap_inline3854:lthtmlCropMarkDepth:=0.0pt:1ex:=4.30554pt
[204]

:tex2html_wrap_inline3856:lthtmlCropMarkHeight:=13.5pt

:tex2html_wrap_inline3856:lthtmlCropMarkDepth:=2.5pt:1ex:=4.30554pt
[205]

:tex2html_wrap_inline3858:lthtmlCropMarkHeight:=13.5pt

:tex2html_wrap_inline3858:lthtmlCropMarkDepth:=2.5pt:1ex:=4.30554pt
[206]

:tex2html_wrap_inline3864:lthtmlCropMarkHeight:=13.5pt

:tex2html_wrap_inline3864:lthtmlCropMarkDepth:=2.5pt:1ex:=4.30554pt
[207]

:tex2html_wrap_inline3866:lthtmlCropMarkHeight:=13.5pt

:tex2html_wrap_inline3866:lthtmlCropMarkDepth:=2.5pt:1ex:=4.30554pt
[208]

:tex2html_wrap_indisplay3876:lthtmlCropMarkHeight:=19.20952pt

:tex2html_wrap_indisplay3876:lthtmlCropMarkDepth:=6.85951pt:1ex:=4.30554pt
[209]

:tex2html_wrap_indisplay3879:lthtmlCropMarkHeight:=20.26508pt

:tex2html_wrap_indisplay3879:lthtmlCropMarkDepth:=9.35951pt:1ex:=4.30554pt
[210]

:tex2html_wrap_indisplay3883:lthtmlCropMarkHeight:=13.5pt

:tex2html_wrap_indisplay3883:lthtmlCropMarkDepth:=2.5pt:1ex:=4.30554pt
[211]

:tex2html_wrap_indisplay3889:lthtmlCropMarkHeight:=19.20952pt

:tex2html_wrap_indisplay3889:lthtmlCropMarkDepth:=6.85951pt:1ex:=4.30554pt
[212]

:tex2html_wrap_indisplay3892:lthtmlCropMarkHeight:=20.26508pt

:tex2html_wrap_indisplay3892:lthtmlCropMarkDepth:=9.35951pt:1ex:=4.30554pt
[213]

:tex2html_wrap_indisplay3896:lthtmlCropMarkHeight:=13.5pt

:tex2html_wrap_indisplay3896:lthtmlCropMarkDepth:=2.5pt:1ex:=4.30554pt
[214]

:tex2html_wrap_inline3898:lthtmlCropMarkHeight:=10.30554pt

:tex2html_wrap_inline3898:lthtmlCropMarkDepth:=0.0pt:1ex:=4.30554pt
[215]

:tex2html_wrap_indisplay3900:lthtmlCropMarkHeight:=20.9051pt

:tex2html_wrap_indisplay3900:lthtmlCropMarkDepth:=9.35951pt:1ex:=4.30554pt
[216]

:tex2html_wrap_inline3903:lthtmlCropMarkHeight:=12.44444pt

:tex2html_wrap_inline3903:lthtmlCropMarkDepth:=0.0pt:1ex:=4.30554pt
[217]

:tex2html_wrap_inline3906:lthtmlCropMarkHeight:=13.5pt

:tex2html_wrap_inline3906:lthtmlCropMarkDepth:=2.5pt:1ex:=4.30554pt
[218]

:tex2html_wrap_inline3908:lthtmlCropMarkHeight:=12.83331pt

:tex2html_wrap_inline3908:lthtmlCropMarkDepth:=0.0pt:1ex:=4.30554pt
[219]

:tex2html_wrap_inline3910:lthtmlCropMarkHeight:=13.5pt

:tex2html_wrap_inline3910:lthtmlCropMarkDepth:=2.5pt:1ex:=4.30554pt
[220]

:tex2html_wrap_indisplay3912:lthtmlCropMarkHeight:=20.26508pt

:tex2html_wrap_indisplay3912:lthtmlCropMarkDepth:=9.35951pt:1ex:=4.30554pt
[221]

:tex2html_wrap_inline3914:lthtmlCropMarkHeight:=16.36674pt

:tex2html_wrap_inline3914:lthtmlCropMarkDepth:=3.5556pt:1ex:=4.30554pt
[222]

:tex2html_wrap_inline3916:lthtmlCropMarkHeight:=13.5pt

:tex2html_wrap_inline3916:lthtmlCropMarkDepth:=2.5pt:1ex:=4.30554pt
[223]

:tex2html_wrap_inline3918:lthtmlCropMarkHeight:=12.83331pt

:tex2html_wrap_inline3918:lthtmlCropMarkDepth:=0.0pt:1ex:=4.30554pt
[224]

:tex2html_wrap_inline3920:lthtmlCropMarkHeight:=12.94444pt

:tex2html_wrap_inline3920:lthtmlCropMarkDepth:=1.94444pt:1ex:=4.30554pt
[225]

:tex2html_wrap_inline3924:lthtmlCropMarkHeight:=12.94444pt

:tex2html_wrap_inline3924:lthtmlCropMarkDepth:=1.94444pt:1ex:=4.30554pt
[226]

:tex2html_wrap_indisplay3928:lthtmlCropMarkHeight:=21.92236pt

:tex2html_wrap_indisplay3928:lthtmlCropMarkDepth:=9.11122pt:1ex:=4.30554pt
[227]

:tex2html_wrap_indisplay3934:lthtmlCropMarkHeight:=21.92236pt

:tex2html_wrap_indisplay3934:lthtmlCropMarkDepth:=9.11122pt:1ex:=4.30554pt
[228]

:tex2html_wrap_inline3939:lthtmlCropMarkHeight:=12.94444pt

:tex2html_wrap_inline3939:lthtmlCropMarkDepth:=0.0pt:1ex:=4.30554pt
[229]

:tex2html_wrap_inline3943:lthtmlCropMarkHeight:=12.94444pt

:tex2html_wrap_inline3943:lthtmlCropMarkDepth:=1.94444pt:1ex:=4.30554pt
[230]

:tex2html_wrap_indisplay3945:lthtmlCropMarkHeight:=20.9051pt

:tex2html_wrap_indisplay3945:lthtmlCropMarkDepth:=6.85951pt:1ex:=4.30554pt
[231]

:tex2html_wrap_indisplay3946:lthtmlCropMarkHeight:=20.9051pt

:tex2html_wrap_indisplay3946:lthtmlCropMarkDepth:=6.85951pt:1ex:=4.30554pt
[232]

:tex2html_wrap_inline3948:lthtmlCropMarkHeight:=13.5pt

:tex2html_wrap_inline3948:lthtmlCropMarkDepth:=2.5pt:1ex:=4.30554pt
[233]

:tex2html_wrap_inline3950:lthtmlCropMarkHeight:=15.35pt

:tex2html_wrap_inline3950:lthtmlCropMarkDepth:=3.05008pt:1ex:=4.30554pt
[234]

:tex2html_wrap_inline3952:lthtmlCropMarkHeight:=13.5pt

:tex2html_wrap_inline3952:lthtmlCropMarkDepth:=2.5pt:1ex:=4.30554pt
[235]

:tex2html_wrap_indisplay3958:lthtmlCropMarkHeight:=20.26508pt

:tex2html_wrap_indisplay3958:lthtmlCropMarkDepth:=6.85951pt:1ex:=4.30554pt
[236]

:tex2html_wrap_inline3962:lthtmlCropMarkHeight:=13.5pt

:tex2html_wrap_inline3962:lthtmlCropMarkDepth:=2.5pt:1ex:=4.30554pt
[237]

:tex2html_wrap_inline3964:lthtmlCropMarkHeight:=13.5pt

:tex2html_wrap_inline3964:lthtmlCropMarkDepth:=2.5pt:1ex:=4.30554pt
[238]

:tex2html_wrap_inline3970:lthtmlCropMarkHeight:=13.5pt

:tex2html_wrap_inline3970:lthtmlCropMarkDepth:=2.5pt:1ex:=4.30554pt
[239]

:tex2html_wrap_inline3972:lthtmlCropMarkHeight:=13.5pt

:tex2html_wrap_inline3972:lthtmlCropMarkDepth:=2.5pt:1ex:=4.30554pt
[240]

:tex2html_wrap_indisplay3974:lthtmlCropMarkHeight:=19.70952pt

:tex2html_wrap_indisplay3974:lthtmlCropMarkDepth:=6.85951pt:1ex:=4.30554pt
[241]

:tex2html_wrap_indisplay3975:lthtmlCropMarkHeight:=20.9051pt

:tex2html_wrap_indisplay3975:lthtmlCropMarkDepth:=6.85951pt:1ex:=4.30554pt
[242]

:tex2html_wrap_inline3977:lthtmlCropMarkHeight:=13.93448pt

:tex2html_wrap_inline3977:lthtmlCropMarkDepth:=2.5pt:1ex:=4.30554pt
[243]

:tex2html_wrap_inline3979:lthtmlCropMarkHeight:=14.14003pt

:tex2html_wrap_inline3979:lthtmlCropMarkDepth:=2.5pt:1ex:=4.30554pt
[244]

:tex2html_wrap_indisplay3981:lthtmlCropMarkHeight:=14.64003pt

:tex2html_wrap_indisplay3981:lthtmlCropMarkDepth:=2.5pt:1ex:=4.30554pt
[245]

:tex2html_wrap_indisplay3982:lthtmlCropMarkHeight:=14.64003pt

:tex2html_wrap_indisplay3982:lthtmlCropMarkDepth:=2.47217pt:1ex:=4.30554pt
[246]

:tex2html_wrap_inline3984:lthtmlCropMarkHeight:=12.59525pt

:tex2html_wrap_inline3984:lthtmlCropMarkDepth:=1.94444pt:1ex:=4.30554pt
[247]

:tex2html_wrap_indisplay3986:lthtmlCropMarkHeight:=14.76085pt

:tex2html_wrap_indisplay3986:lthtmlCropMarkDepth:=2.5pt:1ex:=4.30554pt
[248]

:tex2html_wrap_inline3988:lthtmlCropMarkHeight:=13.5pt

:tex2html_wrap_inline3988:lthtmlCropMarkDepth:=2.5pt:1ex:=4.30554pt
[249]

:tex2html_wrap_inline3990:lthtmlCropMarkHeight:=13.5pt

:tex2html_wrap_inline3990:lthtmlCropMarkDepth:=2.5pt:1ex:=4.30554pt
[250]

:tex2html_wrap_inline3992:lthtmlCropMarkHeight:=13.5pt

:tex2html_wrap_inline3992:lthtmlCropMarkDepth:=2.5pt:1ex:=4.30554pt
[251]

:tex2html_wrap_inline3994:lthtmlCropMarkHeight:=13.5pt

:tex2html_wrap_inline3994:lthtmlCropMarkDepth:=2.5pt:1ex:=4.30554pt
[252]

:tex2html_wrap_inline3996:lthtmlCropMarkHeight:=13.5pt

:tex2html_wrap_inline3996:lthtmlCropMarkDepth:=2.5pt:1ex:=4.30554pt
[253]

:tex2html_wrap_inline3998:lthtmlCropMarkHeight:=14.14003pt

:tex2html_wrap_inline3998:lthtmlCropMarkDepth:=2.5pt:1ex:=4.30554pt
[254]

:tex2html_wrap_inline4000:lthtmlCropMarkHeight:=13.5pt

:tex2html_wrap_inline4000:lthtmlCropMarkDepth:=2.5pt:1ex:=4.30554pt
[255]

:tex2html_wrap_inline4002:lthtmlCropMarkHeight:=14.14003pt

:tex2html_wrap_inline4002:lthtmlCropMarkDepth:=2.5pt:1ex:=4.30554pt
[256]

:tex2html_wrap_inline4004:lthtmlCropMarkHeight:=13.5pt

:tex2html_wrap_inline4004:lthtmlCropMarkDepth:=2.5pt:1ex:=4.30554pt
[257]

:tex2html_wrap_inline4006:lthtmlCropMarkHeight:=13.5pt

:tex2html_wrap_inline4006:lthtmlCropMarkDepth:=2.5pt:1ex:=4.30554pt
[258]

:tex2html_wrap_inline4008:lthtmlCropMarkHeight:=12.67859pt

:tex2html_wrap_inline4008:lthtmlCropMarkDepth:=0.0pt:1ex:=4.30554pt
[259]

:tex2html_wrap_indisplay4010:lthtmlCropMarkHeight:=20.9051pt

:tex2html_wrap_indisplay4010:lthtmlCropMarkDepth:=6.85951pt:1ex:=4.30554pt
[260]

:tex2html_wrap_indisplay4012:lthtmlCropMarkHeight:=20.9051pt

:tex2html_wrap_indisplay4012:lthtmlCropMarkDepth:=6.85951pt:1ex:=4.30554pt
[261]

:tex2html_wrap_indisplay4014:lthtmlCropMarkHeight:=19.70952pt

:tex2html_wrap_indisplay4014:lthtmlCropMarkDepth:=6.85951pt:1ex:=4.30554pt
[262]

:tex2html_wrap_indisplay4016:lthtmlCropMarkHeight:=21.44458pt

:tex2html_wrap_indisplay4016:lthtmlCropMarkDepth:=9.11122pt:1ex:=4.30554pt
[263]

:tex2html_wrap_inline4018:lthtmlCropMarkHeight:=13.5pt

:tex2html_wrap_inline4018:lthtmlCropMarkDepth:=2.5pt:1ex:=4.30554pt
[264]

:tex2html_wrap_inline4020:lthtmlCropMarkHeight:=13.5pt

:tex2html_wrap_inline4020:lthtmlCropMarkDepth:=2.5pt:1ex:=4.30554pt
[265]

:tex2html_wrap_inline4024:lthtmlCropMarkHeight:=14.14003pt

:tex2html_wrap_inline4024:lthtmlCropMarkDepth:=2.5pt:1ex:=4.30554pt
[266]

:tex2html_wrap_inline4034:lthtmlCropMarkHeight:=14.14003pt

:tex2html_wrap_inline4034:lthtmlCropMarkDepth:=2.5pt:1ex:=4.30554pt
[267]

:tex2html_wrap_inline4038:lthtmlCropMarkHeight:=12.83331pt

:tex2html_wrap_inline4038:lthtmlCropMarkDepth:=0.0pt:1ex:=4.30554pt
[268]

:tex2html_wrap_indisplay4045:lthtmlCropMarkHeight:=16.50006pt

:tex2html_wrap_indisplay4045:lthtmlCropMarkDepth:=13.02782pt:1ex:=4.30554pt
[269]

:tex2html_wrap_indisplay4047:lthtmlCropMarkHeight:=16.50006pt

:tex2html_wrap_indisplay4047:lthtmlCropMarkDepth:=13.02782pt:1ex:=4.30554pt
[270]

:tex2html_wrap_inline4049:lthtmlCropMarkHeight:=12.44444pt

:tex2html_wrap_inline4049:lthtmlCropMarkDepth:=0.83333pt:1ex:=4.30554pt
[271]

:tex2html_wrap_inline4051:lthtmlCropMarkHeight:=12.44444pt

:tex2html_wrap_inline4051:lthtmlCropMarkDepth:=0.83333pt:1ex:=4.30554pt
[272]

:tex2html_wrap_inline4053:lthtmlCropMarkHeight:=12.83331pt

:tex2html_wrap_inline4053:lthtmlCropMarkDepth:=1.49998pt:1ex:=4.30554pt
[273]

:tex2html_wrap_inline4055:lthtmlCropMarkHeight:=12.83331pt

:tex2html_wrap_inline4055:lthtmlCropMarkDepth:=1.49998pt:1ex:=4.30554pt
[274]

:tex2html_wrap_inline4057:lthtmlCropMarkHeight:=12.83331pt

:tex2html_wrap_inline4057:lthtmlCropMarkDepth:=1.49998pt:1ex:=4.30554pt
[275]

:tex2html_wrap_inline4059:lthtmlCropMarkHeight:=12.83331pt

:tex2html_wrap_inline4059:lthtmlCropMarkDepth:=1.49998pt:1ex:=4.30554pt
[276]

:tex2html_wrap_inline4061:lthtmlCropMarkHeight:=12.83331pt

:tex2html_wrap_inline4061:lthtmlCropMarkDepth:=1.49998pt:1ex:=4.30554pt
[277]

:tex2html_wrap_inline4063:lthtmlCropMarkHeight:=13.5pt

:tex2html_wrap_inline4063:lthtmlCropMarkDepth:=2.5pt:1ex:=4.30554pt
[278]

:tex2html_wrap_indisplay4065:lthtmlCropMarkHeight:=12.83331pt

:tex2html_wrap_indisplay4065:lthtmlCropMarkDepth:=1.94444pt:1ex:=4.30554pt
[279]

:tex2html_wrap_inline4067:lthtmlCropMarkHeight:=13.5pt

:tex2html_wrap_inline4067:lthtmlCropMarkDepth:=2.5pt:1ex:=4.30554pt
[280]

:tex2html_wrap_indisplay4069:lthtmlCropMarkHeight:=12.83331pt

:tex2html_wrap_indisplay4069:lthtmlCropMarkDepth:=1.94444pt:1ex:=4.30554pt
[281]

:tex2html_wrap_inline4071:lthtmlCropMarkHeight:=13.5pt

:tex2html_wrap_inline4071:lthtmlCropMarkDepth:=2.5pt:1ex:=4.30554pt
[282]

:tex2html_wrap_indisplay4073:lthtmlCropMarkHeight:=12.83331pt

:tex2html_wrap_indisplay4073:lthtmlCropMarkDepth:=1.94444pt:1ex:=4.30554pt
[283]

:tex2html_wrap_indisplay4076:lthtmlCropMarkHeight:=12.83331pt

:tex2html_wrap_indisplay4076:lthtmlCropMarkDepth:=1.49998pt:1ex:=4.30554pt
[284]

:tex2html_wrap_indisplay4080:lthtmlCropMarkHeight:=13.5pt

:tex2html_wrap_indisplay4080:lthtmlCropMarkDepth:=2.5pt:1ex:=4.30554pt
[285]

:tex2html_wrap_indisplay4084:lthtmlCropMarkHeight:=20.5001pt

:tex2html_wrap_indisplay4084:lthtmlCropMarkDepth:=9.50012pt:1ex:=4.30554pt
[286]

:tex2html_wrap_indisplay4086:lthtmlCropMarkHeight:=19.59839pt

:tex2html_wrap_indisplay4086:lthtmlCropMarkDepth:=6.85951pt:1ex:=4.30554pt
[287]

:tex2html_wrap_indisplay4088:lthtmlCropMarkHeight:=19.59839pt

:tex2html_wrap_indisplay4088:lthtmlCropMarkDepth:=9.35951pt:1ex:=4.30554pt
[288]

:tex2html_wrap_inline4090:lthtmlCropMarkHeight:=12.83331pt

:tex2html_wrap_inline4090:lthtmlCropMarkDepth:=1.49998pt:1ex:=4.30554pt
[289]

:tex2html_wrap_inline4092:lthtmlCropMarkHeight:=12.83331pt

:tex2html_wrap_inline4092:lthtmlCropMarkDepth:=1.49998pt:1ex:=4.30554pt
[290]

:tex2html_wrap_indisplay4094:lthtmlCropMarkHeight:=19.59839pt

:tex2html_wrap_indisplay4094:lthtmlCropMarkDepth:=8.3595pt:1ex:=4.30554pt
[291]

:tex2html_wrap_inline4096:lthtmlCropMarkHeight:=12.44444pt

:tex2html_wrap_inline4096:lthtmlCropMarkDepth:=0.0pt:1ex:=4.30554pt
[292]

:tex2html_wrap_indisplay4098:lthtmlCropMarkHeight:=19.59839pt

:tex2html_wrap_indisplay4098:lthtmlCropMarkDepth:=8.3595pt:1ex:=4.30554pt
[293]

:tex2html_wrap_indisplay4101:lthtmlCropMarkHeight:=12.83331pt

:tex2html_wrap_indisplay4101:lthtmlCropMarkDepth:=1.49998pt:1ex:=4.30554pt
[294]

:tex2html_wrap_indisplay4105:lthtmlCropMarkHeight:=20.5001pt

:tex2html_wrap_indisplay4105:lthtmlCropMarkDepth:=9.7206pt:1ex:=4.30554pt
[295]

:tex2html_wrap_indisplay4109:lthtmlCropMarkHeight:=13.5pt

:tex2html_wrap_indisplay4109:lthtmlCropMarkDepth:=2.86108pt:1ex:=4.30554pt
[296]

:tex2html_wrap_indisplay4111:lthtmlCropMarkHeight:=19.59839pt

:tex2html_wrap_indisplay4111:lthtmlCropMarkDepth:=9.35951pt:1ex:=4.30554pt
[297]

:tex2html_wrap_indisplay4113:lthtmlCropMarkHeight:=19.59839pt

:tex2html_wrap_indisplay4113:lthtmlCropMarkDepth:=9.7206pt:1ex:=4.30554pt
[298]

:tex2html_wrap_indisplay4117:lthtmlCropMarkHeight:=19.59839pt

:tex2html_wrap_indisplay4117:lthtmlCropMarkDepth:=9.35951pt:1ex:=4.30554pt
[299]

:tex2html_wrap_inline4119:lthtmlCropMarkHeight:=12.83331pt

:tex2html_wrap_inline4119:lthtmlCropMarkDepth:=1.49998pt:1ex:=4.30554pt
[300]

:tex2html_wrap_indisplay4123:lthtmlCropMarkHeight:=20.26508pt

:tex2html_wrap_indisplay4123:lthtmlCropMarkDepth:=9.35951pt:1ex:=4.30554pt
[301]

:tex2html_wrap_indisplay4127:lthtmlCropMarkHeight:=20.26508pt

:tex2html_wrap_indisplay4127:lthtmlCropMarkDepth:=9.35951pt:1ex:=4.30554pt
[302]

:tex2html_wrap_indisplay4129:lthtmlCropMarkHeight:=20.26508pt

:tex2html_wrap_indisplay4129:lthtmlCropMarkDepth:=9.35951pt:1ex:=4.30554pt
[303]

:tex2html_wrap_indisplay4131:lthtmlCropMarkHeight:=19.70952pt

:tex2html_wrap_indisplay4131:lthtmlCropMarkDepth:=6.85951pt:1ex:=4.30554pt
[304]

:tex2html_wrap_indisplay4133:lthtmlCropMarkHeight:=12.83331pt

:tex2html_wrap_indisplay4133:lthtmlCropMarkDepth:=1.49998pt:1ex:=4.30554pt
[305]

:tex2html_wrap_indisplay4135:lthtmlCropMarkHeight:=20.5001pt

:tex2html_wrap_indisplay4135:lthtmlCropMarkDepth:=9.7206pt:1ex:=4.30554pt
[306]

:tex2html_wrap_indisplay4137:lthtmlCropMarkHeight:=19.20952pt

:tex2html_wrap_indisplay4137:lthtmlCropMarkDepth:=9.7206pt:1ex:=4.30554pt
[307]

:tex2html_wrap_indisplay4139:lthtmlCropMarkHeight:=19.70952pt

:tex2html_wrap_indisplay4139:lthtmlCropMarkDepth:=6.85951pt:1ex:=4.30554pt
[308]

:tex2html_wrap_indisplay4141:lthtmlCropMarkHeight:=12.83331pt

:tex2html_wrap_indisplay4141:lthtmlCropMarkDepth:=2.86108pt:1ex:=4.30554pt
[309]

:tex2html_wrap_indisplay4143:lthtmlCropMarkHeight:=20.5001pt

:tex2html_wrap_indisplay4143:lthtmlCropMarkDepth:=9.50012pt:1ex:=4.30554pt
[310]

:tex2html_wrap_indisplay4145:lthtmlCropMarkHeight:=19.20952pt

:tex2html_wrap_indisplay4145:lthtmlCropMarkDepth:=8.3595pt:1ex:=4.30554pt
[311]

:tex2html_wrap_inline4153:lthtmlCropMarkHeight:=13.5pt

:tex2html_wrap_inline4153:lthtmlCropMarkDepth:=2.5pt:1ex:=4.30554pt
[312]

:tex2html_wrap_inline4155:lthtmlCropMarkHeight:=13.5pt

:tex2html_wrap_inline4155:lthtmlCropMarkDepth:=2.5pt:1ex:=4.30554pt
[313]

:tex2html_wrap_inline4157:lthtmlCropMarkHeight:=13.5pt

:tex2html_wrap_inline4157:lthtmlCropMarkDepth:=2.5pt:1ex:=4.30554pt
[314]

:tex2html_wrap_inline4159:lthtmlCropMarkHeight:=14.0556pt

:tex2html_wrap_inline4159:lthtmlCropMarkDepth:=3.05562pt:1ex:=4.30554pt
[315]

:tex2html_wrap_inline4161:lthtmlCropMarkHeight:=14.0556pt

:tex2html_wrap_inline4161:lthtmlCropMarkDepth:=3.05562pt:1ex:=4.30554pt
[316]

:tex2html_wrap_inline4163:lthtmlCropMarkHeight:=13.5pt

:tex2html_wrap_inline4163:lthtmlCropMarkDepth:=2.5pt:1ex:=4.30554pt
[317]

:tex2html_wrap_inline4165:lthtmlCropMarkHeight:=12.83331pt

:tex2html_wrap_inline4165:lthtmlCropMarkDepth:=1.49998pt:1ex:=4.30554pt
[318]

:tex2html_wrap_inline4167:lthtmlCropMarkHeight:=13.5pt

:tex2html_wrap_inline4167:lthtmlCropMarkDepth:=2.5pt:1ex:=4.30554pt
[319]

:tex2html_wrap_inline4169:lthtmlCropMarkHeight:=12.83331pt

:tex2html_wrap_inline4169:lthtmlCropMarkDepth:=1.49998pt:1ex:=4.30554pt
[320]

:tex2html_wrap_inline4171:lthtmlCropMarkHeight:=13.5pt

:tex2html_wrap_inline4171:lthtmlCropMarkDepth:=2.5pt:1ex:=4.30554pt
[321]

:tex2html_wrap_inline4173:lthtmlCropMarkHeight:=13.5pt

:tex2html_wrap_inline4173:lthtmlCropMarkDepth:=2.86108pt:1ex:=4.30554pt
[322]

:tex2html_wrap_inline4175:lthtmlCropMarkHeight:=12.83331pt

:tex2html_wrap_inline4175:lthtmlCropMarkDepth:=2.86108pt:1ex:=4.30554pt
[323]

:tex2html_wrap_inline4177:lthtmlCropMarkHeight:=13.5pt

:tex2html_wrap_inline4177:lthtmlCropMarkDepth:=2.86108pt:1ex:=4.30554pt
[324]

:tex2html_wrap_inline4179:lthtmlCropMarkHeight:=12.83331pt

:tex2html_wrap_inline4179:lthtmlCropMarkDepth:=2.86108pt:1ex:=4.30554pt
[325]

:tex2html_wrap_inline4197:lthtmlCropMarkHeight:=12.59525pt

:tex2html_wrap_inline4197:lthtmlCropMarkDepth:=1.49998pt:1ex:=4.30554pt
[326]

:tex2html_wrap_inline4199:lthtmlCropMarkHeight:=12.59525pt

:tex2html_wrap_inline4199:lthtmlCropMarkDepth:=1.49998pt:1ex:=4.30554pt
[327]

:tex2html_wrap_indisplay4203:lthtmlCropMarkHeight:=19.59839pt

:tex2html_wrap_indisplay4203:lthtmlCropMarkDepth:=8.3595pt:1ex:=4.30554pt
[328]

:tex2html_wrap_indisplay4205:lthtmlCropMarkHeight:=19.59839pt

:tex2html_wrap_indisplay4205:lthtmlCropMarkDepth:=8.3595pt:1ex:=4.30554pt
[329]

:tex2html_wrap_indisplay4207:lthtmlCropMarkHeight:=19.59839pt

:tex2html_wrap_indisplay4207:lthtmlCropMarkDepth:=8.3595pt:1ex:=4.30554pt
[330]

:tex2html_wrap_indisplay4215:lthtmlCropMarkHeight:=19.59839pt

:tex2html_wrap_indisplay4215:lthtmlCropMarkDepth:=8.3595pt:1ex:=4.30554pt
[331]

:tex2html_wrap_indisplay4217:lthtmlCropMarkHeight:=19.59839pt

:tex2html_wrap_indisplay4217:lthtmlCropMarkDepth:=8.3595pt:1ex:=4.30554pt
[332]

:tex2html_wrap_indisplay4219:lthtmlCropMarkHeight:=19.59839pt

:tex2html_wrap_indisplay4219:lthtmlCropMarkDepth:=8.3595pt:1ex:=4.30554pt
[333]

:tex2html_wrap_inline4224:lthtmlCropMarkHeight:=12.83331pt

:tex2html_wrap_inline4224:lthtmlCropMarkDepth:=1.49998pt:1ex:=4.30554pt
[334]

:tex2html_wrap_inline4238:lthtmlCropMarkHeight:=13.5pt

:tex2html_wrap_inline4238:lthtmlCropMarkDepth:=2.5pt:1ex:=4.30554pt
[335]

:tex2html_wrap_inline4242:lthtmlCropMarkHeight:=12.83331pt

:tex2html_wrap_inline4242:lthtmlCropMarkDepth:=1.49998pt:1ex:=4.30554pt
[336]

:tex2html_wrap_inline4244:lthtmlCropMarkHeight:=12.83331pt

:tex2html_wrap_inline4244:lthtmlCropMarkDepth:=1.49998pt:1ex:=4.30554pt
[337]

:tex2html_wrap_inline4246:lthtmlCropMarkHeight:=12.94444pt

:tex2html_wrap_inline4246:lthtmlCropMarkDepth:=1.94443pt:1ex:=4.30554pt
[338]

:tex2html_wrap_inline4248:lthtmlCropMarkHeight:=12.83331pt

:tex2html_wrap_inline4248:lthtmlCropMarkDepth:=1.49998pt:1ex:=4.30554pt
[339]

:tex2html_wrap_inline4250:lthtmlCropMarkHeight:=13.5pt

:tex2html_wrap_inline4250:lthtmlCropMarkDepth:=2.5pt:1ex:=4.30554pt
[340]

:tex2html_wrap_inline4254:lthtmlCropMarkHeight:=12.83331pt

:tex2html_wrap_inline4254:lthtmlCropMarkDepth:=1.49998pt:1ex:=4.30554pt
[341]

:tex2html_wrap_inline4256:lthtmlCropMarkHeight:=12.83331pt

:tex2html_wrap_inline4256:lthtmlCropMarkDepth:=1.49998pt:1ex:=4.30554pt
[342]

:tex2html_wrap_inline4262:lthtmlCropMarkHeight:=12.83331pt

:tex2html_wrap_inline4262:lthtmlCropMarkDepth:=1.49998pt:1ex:=4.30554pt
[343]

:tex2html_wrap_inline4270:lthtmlCropMarkHeight:=13.5pt

:tex2html_wrap_inline4270:lthtmlCropMarkDepth:=2.5pt:1ex:=4.30554pt
[344]

:tex2html_wrap_indisplay4274:lthtmlCropMarkHeight:=20.5001pt

:tex2html_wrap_indisplay4274:lthtmlCropMarkDepth:=9.50012pt:1ex:=4.30554pt
[345]

:tex2html_wrap_indisplay4280:lthtmlCropMarkHeight:=20.5001pt

:tex2html_wrap_indisplay4280:lthtmlCropMarkDepth:=9.50012pt:1ex:=4.30554pt
[346]

:tex2html_wrap_inline4288:lthtmlCropMarkHeight:=12.83331pt

:tex2html_wrap_inline4288:lthtmlCropMarkDepth:=1.49998pt:1ex:=4.30554pt
[347]

:tex2html_wrap_inline4300:lthtmlCropMarkHeight:=12.83331pt

:tex2html_wrap_inline4300:lthtmlCropMarkDepth:=1.49998pt:1ex:=4.30554pt
[348]

:tex2html_wrap_inline4302:lthtmlCropMarkHeight:=12.83331pt

:tex2html_wrap_inline4302:lthtmlCropMarkDepth:=1.49998pt:1ex:=4.30554pt
[349]

:tex2html_wrap_indisplay4310:lthtmlCropMarkHeight:=12.94444pt

:tex2html_wrap_indisplay4310:lthtmlCropMarkDepth:=1.94443pt:1ex:=4.30554pt
[350]

:tex2html_wrap_inline4314:lthtmlCropMarkHeight:=12.83331pt

:tex2html_wrap_inline4314:lthtmlCropMarkDepth:=1.49998pt:1ex:=4.30554pt
[351]

:tex2html_wrap_inline4324:lthtmlCropMarkHeight:=13.5pt

:tex2html_wrap_inline4324:lthtmlCropMarkDepth:=2.5pt:1ex:=4.30554pt
[352]

:tex2html_wrap_inline4326:lthtmlCropMarkHeight:=13.5pt

:tex2html_wrap_inline4326:lthtmlCropMarkDepth:=2.5pt:1ex:=4.30554pt
[353]

:tex2html_wrap_inline4334:lthtmlCropMarkHeight:=13.5pt

:tex2html_wrap_inline4334:lthtmlCropMarkDepth:=2.5pt:1ex:=4.30554pt
[354]

:tex2html_wrap_indisplay4338:lthtmlCropMarkHeight:=20.5001pt

:tex2html_wrap_indisplay4338:lthtmlCropMarkDepth:=9.50012pt:1ex:=4.30554pt
[355]

:tex2html_wrap_indisplay4344:lthtmlCropMarkHeight:=20.5001pt

:tex2html_wrap_indisplay4344:lthtmlCropMarkDepth:=9.50012pt:1ex:=4.30554pt
[356]

:tex2html_wrap_inline4352:lthtmlCropMarkHeight:=12.83331pt

:tex2html_wrap_inline4352:lthtmlCropMarkDepth:=1.49998pt:1ex:=4.30554pt
[357]

:tex2html_wrap_inline4364:lthtmlCropMarkHeight:=12.83331pt

:tex2html_wrap_inline4364:lthtmlCropMarkDepth:=1.49998pt:1ex:=4.30554pt
[358]

:tex2html_wrap_inline4366:lthtmlCropMarkHeight:=12.83331pt

:tex2html_wrap_inline4366:lthtmlCropMarkDepth:=1.49998pt:1ex:=4.30554pt
[359]

:tex2html_wrap_inline4370:lthtmlCropMarkHeight:=12.83331pt

:tex2html_wrap_inline4370:lthtmlCropMarkDepth:=1.49998pt:1ex:=4.30554pt
[360]

:tex2html_wrap_indisplay4372:lthtmlCropMarkHeight:=13.5pt

:tex2html_wrap_indisplay4372:lthtmlCropMarkDepth:=2.5pt:1ex:=4.30554pt
[361]

:tex2html_wrap_inline4376:lthtmlCropMarkHeight:=12.83331pt

:tex2html_wrap_inline4376:lthtmlCropMarkDepth:=1.94444pt:1ex:=4.30554pt
[362]

:tex2html_wrap_indisplay4378:lthtmlCropMarkHeight:=13.5pt

:tex2html_wrap_indisplay4378:lthtmlCropMarkDepth:=2.5pt:1ex:=4.30554pt
[363]

:tex2html_wrap_inline4380:lthtmlCropMarkHeight:=13.51782pt

:tex2html_wrap_inline4380:lthtmlCropMarkDepth:=2.5pt:1ex:=4.30554pt
[364]

:tex2html_wrap_indisplay4382:lthtmlCropMarkHeight:=14.01782pt

:tex2html_wrap_indisplay4382:lthtmlCropMarkDepth:=2.5pt:1ex:=4.30554pt
[365]

:tex2html_wrap_inline4384:lthtmlCropMarkHeight:=13.51782pt

:tex2html_wrap_inline4384:lthtmlCropMarkDepth:=2.4821pt:1ex:=4.30554pt
[366]

:tex2html_wrap_inline4386:lthtmlCropMarkHeight:=12.83331pt

:tex2html_wrap_inline4386:lthtmlCropMarkDepth:=1.49998pt:1ex:=4.30554pt
[367]

:tex2html_wrap_inline4390:lthtmlCropMarkHeight:=13.5pt

:tex2html_wrap_inline4390:lthtmlCropMarkDepth:=2.5pt:1ex:=4.30554pt
[368]

:tex2html_wrap_inline4394:lthtmlCropMarkHeight:=13.51782pt

:tex2html_wrap_inline4394:lthtmlCropMarkDepth:=2.5pt:1ex:=4.30554pt
[369]

:tex2html_wrap_inline4404:lthtmlCropMarkHeight:=13.5pt

:tex2html_wrap_inline4404:lthtmlCropMarkDepth:=2.5pt:1ex:=4.30554pt
[370]

:tex2html_wrap_indisplay4418:lthtmlCropMarkHeight:=20.26508pt

:tex2html_wrap_indisplay4418:lthtmlCropMarkDepth:=9.35951pt:1ex:=4.30554pt
[371]

:tex2html_wrap_inline4420:lthtmlCropMarkHeight:=12.83331pt

:tex2html_wrap_inline4420:lthtmlCropMarkDepth:=0.0pt:1ex:=4.30554pt
[372]

:tex2html_wrap_inline4422:lthtmlCropMarkHeight:=12.83331pt

:tex2html_wrap_inline4422:lthtmlCropMarkDepth:=0.0pt:1ex:=4.30554pt
[373]
! Missing $ inserted.
<inserted text> 
                $
l.2468 \lthtmldisplayZ
                      
I've inserted a begin-math/end-math symbol since I think
you left one out. Proceed, with fingers crossed.

! Missing $ inserted.
<inserted text> 
                $
l.2468 \lthtmldisplayZ
                      
I've inserted something that you may have forgotten.
(See the <inserted text> above.)
With luck, this will get me unwedged. But if you
really didn't forget anything, try typing `2' now; then
my insertion and my current dilemma will both disappear.


! LaTeX Error: Bad math environment delimiter.

See the LaTeX manual or LaTeX Companion for explanation.
Type  H <return>  for immediate help.
 ...                                              
                                                  
l.2468 \lthtmldisplayZ
                      
Your command was ignored.
Type  I <command> <return>  to replace it with another command,
or  <return>  to continue without it.


:displaymath4428:lthtmlCropMarkHeight:=28.29999pt

:displaymath4428:lthtmlCropMarkDepth:=17.29999pt:1ex:=4.30554pt
[374]

:tex2html_wrap_indisplay4430:lthtmlCropMarkHeight:=20.5001pt

:tex2html_wrap_indisplay4430:lthtmlCropMarkDepth:=9.50012pt:1ex:=4.30554pt
[375]

:tex2html_wrap_inline4438:lthtmlCropMarkHeight:=12.83331pt

:tex2html_wrap_inline4438:lthtmlCropMarkDepth:=1.49998pt:1ex:=4.30554pt
[376]

:tex2html_wrap_inline4440:lthtmlCropMarkHeight:=12.83331pt

:tex2html_wrap_inline4440:lthtmlCropMarkDepth:=1.49998pt:1ex:=4.30554pt
[377]

:tex2html_wrap_inline4442:lthtmlCropMarkHeight:=12.59525pt

:tex2html_wrap_inline4442:lthtmlCropMarkDepth:=1.94444pt:1ex:=4.30554pt
[378]

:tex2html_wrap_inline4450:lthtmlCropMarkHeight:=13.5pt

:tex2html_wrap_inline4450:lthtmlCropMarkDepth:=2.5pt:1ex:=4.30554pt
[379]

:tex2html_wrap_inline4452:lthtmlCropMarkHeight:=13.5pt

:tex2html_wrap_inline4452:lthtmlCropMarkDepth:=2.5pt:1ex:=4.30554pt
[380]

:tex2html_wrap_inline4454:lthtmlCropMarkHeight:=12.83331pt

:tex2html_wrap_inline4454:lthtmlCropMarkDepth:=1.49998pt:1ex:=4.30554pt
[381]

:tex2html_wrap_inline4456:lthtmlCropMarkHeight:=12.83331pt

:tex2html_wrap_inline4456:lthtmlCropMarkDepth:=1.49998pt:1ex:=4.30554pt
[382]

:tex2html_wrap_inline4458:lthtmlCropMarkHeight:=12.83331pt

:tex2html_wrap_inline4458:lthtmlCropMarkDepth:=1.49998pt:1ex:=4.30554pt
[383]

:tex2html_wrap_inline4460:lthtmlCropMarkHeight:=12.83331pt

:tex2html_wrap_inline4460:lthtmlCropMarkDepth:=1.49998pt:1ex:=4.30554pt
[384]

:tex2html_wrap_inline4462:lthtmlCropMarkHeight:=13.5pt

:tex2html_wrap_inline4462:lthtmlCropMarkDepth:=2.5pt:1ex:=4.30554pt
[385]

:tex2html_wrap_inline4466:lthtmlCropMarkHeight:=12.83331pt

:tex2html_wrap_inline4466:lthtmlCropMarkDepth:=1.49998pt:1ex:=4.30554pt
[386]

:tex2html_wrap_inline4468:lthtmlCropMarkHeight:=12.83331pt

:tex2html_wrap_inline4468:lthtmlCropMarkDepth:=1.49998pt:1ex:=4.30554pt
[387]

:tex2html_wrap_inline4470:lthtmlCropMarkHeight:=12.83331pt

:tex2html_wrap_inline4470:lthtmlCropMarkDepth:=1.49998pt:1ex:=4.30554pt
[388]

:tex2html_wrap_inline4474:lthtmlCropMarkHeight:=12.83331pt

:tex2html_wrap_inline4474:lthtmlCropMarkDepth:=1.49998pt:1ex:=4.30554pt
[389]

:tex2html_wrap_inline4476:lthtmlCropMarkHeight:=12.83331pt

:tex2html_wrap_inline4476:lthtmlCropMarkDepth:=1.49998pt:1ex:=4.30554pt
[390]

:tex2html_wrap_inline4478:lthtmlCropMarkHeight:=12.83331pt

:tex2html_wrap_inline4478:lthtmlCropMarkDepth:=1.49998pt:1ex:=4.30554pt
[391]

:tex2html_wrap_inline4482:lthtmlCropMarkHeight:=12.83331pt

:tex2html_wrap_inline4482:lthtmlCropMarkDepth:=1.49998pt:1ex:=4.30554pt
[392]

:tex2html_wrap_inline4484:lthtmlCropMarkHeight:=12.83331pt

:tex2html_wrap_inline4484:lthtmlCropMarkDepth:=1.49998pt:1ex:=4.30554pt
[393]

:tex2html_wrap_inline4486:lthtmlCropMarkHeight:=12.83331pt

:tex2html_wrap_inline4486:lthtmlCropMarkDepth:=1.49998pt:1ex:=4.30554pt
[394]

:tex2html_wrap_inline4494:lthtmlCropMarkHeight:=12.83331pt

:tex2html_wrap_inline4494:lthtmlCropMarkDepth:=0.0pt:1ex:=4.30554pt
[395]

:tex2html_wrap_inline4496:lthtmlCropMarkHeight:=12.83331pt

:tex2html_wrap_inline4496:lthtmlCropMarkDepth:=0.83333pt:1ex:=4.30554pt
[396]

:tex2html_wrap_inline4504:lthtmlCropMarkHeight:=12.83331pt

:tex2html_wrap_inline4504:lthtmlCropMarkDepth:=1.49998pt:1ex:=4.30554pt
[397]

:tex2html_wrap_inline4506:lthtmlCropMarkHeight:=12.83331pt

:tex2html_wrap_inline4506:lthtmlCropMarkDepth:=0.0pt:1ex:=4.30554pt
[398]

:tex2html_wrap_inline4508:lthtmlCropMarkHeight:=13.5pt

:tex2html_wrap_inline4508:lthtmlCropMarkDepth:=2.5pt:1ex:=4.30554pt
[399]

:tex2html_wrap_inline4510:lthtmlCropMarkHeight:=14.14003pt

:tex2html_wrap_inline4510:lthtmlCropMarkDepth:=2.5pt:1ex:=4.30554pt
[400]

:tex2html_wrap_inline4512:lthtmlCropMarkHeight:=12.83331pt

:tex2html_wrap_inline4512:lthtmlCropMarkDepth:=1.49998pt:1ex:=4.30554pt
[401]

:tex2html_wrap_inline4514:lthtmlCropMarkHeight:=12.83331pt

:tex2html_wrap_inline4514:lthtmlCropMarkDepth:=1.49998pt:1ex:=4.30554pt
[402]

:tex2html_wrap_inline4516:lthtmlCropMarkHeight:=12.83331pt

:tex2html_wrap_inline4516:lthtmlCropMarkDepth:=1.49998pt:1ex:=4.30554pt
[403]

:tex2html_wrap_inline4518:lthtmlCropMarkHeight:=12.83331pt

:tex2html_wrap_inline4518:lthtmlCropMarkDepth:=1.49998pt:1ex:=4.30554pt
[404]

:tex2html_wrap_inline4520:lthtmlCropMarkHeight:=12.83331pt

:tex2html_wrap_inline4520:lthtmlCropMarkDepth:=0.0pt:1ex:=4.30554pt
[405]

:tex2html_wrap_inline4528:lthtmlCropMarkHeight:=13.5pt

:tex2html_wrap_inline4528:lthtmlCropMarkDepth:=2.5pt:1ex:=4.30554pt
[406]

:tex2html_wrap_inline4530:lthtmlCropMarkHeight:=13.5pt

:tex2html_wrap_inline4530:lthtmlCropMarkDepth:=2.5pt:1ex:=4.30554pt
[407]

:tex2html_wrap_inline4534:lthtmlCropMarkHeight:=14.14003pt

:tex2html_wrap_inline4534:lthtmlCropMarkDepth:=2.5pt:1ex:=4.30554pt
[408]

:tex2html_wrap_inline4536:lthtmlCropMarkHeight:=13.5pt

:tex2html_wrap_inline4536:lthtmlCropMarkDepth:=2.5pt:1ex:=4.30554pt
[409]

:tex2html_wrap_inline4538:lthtmlCropMarkHeight:=12.83331pt

:tex2html_wrap_inline4538:lthtmlCropMarkDepth:=1.49998pt:1ex:=4.30554pt
[410]

:tex2html_wrap_inline4540:lthtmlCropMarkHeight:=13.5pt

:tex2html_wrap_inline4540:lthtmlCropMarkDepth:=2.5pt:1ex:=4.30554pt
[411]

:tex2html_wrap_inline4546:lthtmlCropMarkHeight:=12.83331pt

:tex2html_wrap_inline4546:lthtmlCropMarkDepth:=1.49998pt:1ex:=4.30554pt
[412]

:tex2html_wrap_inline4548:lthtmlCropMarkHeight:=12.83331pt

:tex2html_wrap_inline4548:lthtmlCropMarkDepth:=1.49998pt:1ex:=4.30554pt
[413]

:tex2html_wrap_inline4550:lthtmlCropMarkHeight:=12.83331pt

:tex2html_wrap_inline4550:lthtmlCropMarkDepth:=1.49998pt:1ex:=4.30554pt
[414]

:tex2html_wrap_inline4560:lthtmlCropMarkHeight:=12.83331pt

:tex2html_wrap_inline4560:lthtmlCropMarkDepth:=1.49998pt:1ex:=4.30554pt
[415]

:tex2html_wrap_indisplay4562:lthtmlCropMarkHeight:=12.83331pt

:tex2html_wrap_indisplay4562:lthtmlCropMarkDepth:=1.49998pt:1ex:=4.30554pt
[416]

:tex2html_wrap_inline4568:lthtmlCropMarkHeight:=12.83331pt

:tex2html_wrap_inline4568:lthtmlCropMarkDepth:=1.49998pt:1ex:=4.30554pt
[417]

:tex2html_wrap_indisplay4570:lthtmlCropMarkHeight:=19.59839pt

:tex2html_wrap_indisplay4570:lthtmlCropMarkDepth:=8.3595pt:1ex:=4.30554pt
[418]

:tex2html_wrap_inline4572:lthtmlCropMarkHeight:=12.83331pt

:tex2html_wrap_inline4572:lthtmlCropMarkDepth:=1.49998pt:1ex:=4.30554pt
[419]

:tex2html_wrap_inline4574:lthtmlCropMarkHeight:=12.83331pt

:tex2html_wrap_inline4574:lthtmlCropMarkDepth:=1.49998pt:1ex:=4.30554pt
[420]

:tex2html_wrap_inline4592:lthtmlCropMarkHeight:=12.83331pt

:tex2html_wrap_inline4592:lthtmlCropMarkDepth:=1.94444pt:1ex:=4.30554pt
[421]

:tex2html_wrap_inline4634:lthtmlCropMarkHeight:=12.83331pt

:tex2html_wrap_inline4634:lthtmlCropMarkDepth:=1.49998pt:1ex:=4.30554pt
[422]

:tex2html_wrap_inline4642:lthtmlCropMarkHeight:=12.83331pt

:tex2html_wrap_inline4642:lthtmlCropMarkDepth:=1.49998pt:1ex:=4.30554pt
[423]

:tex2html_wrap_inline4644:lthtmlCropMarkHeight:=12.94444pt

:tex2html_wrap_inline4644:lthtmlCropMarkDepth:=1.49998pt:1ex:=4.30554pt
[424]

:tex2html_wrap_inline4646:lthtmlCropMarkHeight:=12.83331pt

:tex2html_wrap_inline4646:lthtmlCropMarkDepth:=1.49998pt:1ex:=4.30554pt
[425]

:tex2html_wrap_inline4648:lthtmlCropMarkHeight:=12.94444pt

:tex2html_wrap_inline4648:lthtmlCropMarkDepth:=1.49998pt:1ex:=4.30554pt
[426]

:tex2html_wrap_inline4650:lthtmlCropMarkHeight:=12.83331pt

:tex2html_wrap_inline4650:lthtmlCropMarkDepth:=1.49998pt:1ex:=4.30554pt
[427]

:tex2html_wrap_indisplay4656:lthtmlCropMarkHeight:=19.20952pt

:tex2html_wrap_indisplay4656:lthtmlCropMarkDepth:=8.3595pt:1ex:=4.30554pt
[428]

:tex2html_wrap_indisplay4658:lthtmlCropMarkHeight:=12.83331pt

:tex2html_wrap_indisplay4658:lthtmlCropMarkDepth:=1.94444pt:1ex:=4.30554pt
[429]

:tex2html_wrap_indisplay4660:lthtmlCropMarkHeight:=19.20952pt

:tex2html_wrap_indisplay4660:lthtmlCropMarkDepth:=7.69284pt:1ex:=4.30554pt
[430]

:tex2html_wrap_indisplay4662:lthtmlCropMarkHeight:=12.83331pt

:tex2html_wrap_indisplay4662:lthtmlCropMarkDepth:=1.49998pt:1ex:=4.30554pt
[431]

:tex2html_wrap_inline4671:lthtmlCropMarkHeight:=12.83331pt

:tex2html_wrap_inline4671:lthtmlCropMarkDepth:=1.49998pt:1ex:=4.30554pt
[432]

:tex2html_wrap_inline4673:lthtmlCropMarkHeight:=10.30554pt

:tex2html_wrap_inline4673:lthtmlCropMarkDepth:=1.49998pt:1ex:=4.30554pt
[433]

:tex2html_wrap_inline4675:lthtmlCropMarkHeight:=12.83331pt

:tex2html_wrap_inline4675:lthtmlCropMarkDepth:=1.49998pt:1ex:=4.30554pt
[434]

:tex2html_wrap_inline4677:lthtmlCropMarkHeight:=12.83331pt

:tex2html_wrap_inline4677:lthtmlCropMarkDepth:=1.49998pt:1ex:=4.30554pt
[435]

:tex2html_wrap_inline4679:lthtmlCropMarkHeight:=10.30554pt

:tex2html_wrap_inline4679:lthtmlCropMarkDepth:=1.49998pt:1ex:=4.30554pt
[436]

:tex2html_wrap_inline4691:lthtmlCropMarkHeight:=12.83331pt

:tex2html_wrap_inline4691:lthtmlCropMarkDepth:=1.49998pt:1ex:=4.30554pt
[437]

:tex2html_wrap_inline4693:lthtmlCropMarkHeight:=12.83331pt

:tex2html_wrap_inline4693:lthtmlCropMarkDepth:=1.49998pt:1ex:=4.30554pt
[438]

:tex2html_wrap_indisplay4703:lthtmlCropMarkHeight:=22.53902pt

:tex2html_wrap_indisplay4703:lthtmlCropMarkDepth:=9.50012pt:1ex:=4.30554pt
[439]

:tex2html_wrap_inline4709:lthtmlCropMarkHeight:=12.83331pt

:tex2html_wrap_inline4709:lthtmlCropMarkDepth:=1.49998pt:1ex:=4.30554pt
[440]

:tex2html_wrap_indisplay4711:lthtmlCropMarkHeight:=20.9051pt

:tex2html_wrap_indisplay4711:lthtmlCropMarkDepth:=9.35951pt:1ex:=4.30554pt
[441]

:tex2html_wrap_indisplay4719:lthtmlCropMarkHeight:=20.9051pt

:tex2html_wrap_indisplay4719:lthtmlCropMarkDepth:=9.35951pt:1ex:=4.30554pt
[442]

:tex2html_wrap_inline4725:lthtmlCropMarkHeight:=12.83331pt

:tex2html_wrap_inline4725:lthtmlCropMarkDepth:=1.49998pt:1ex:=4.30554pt
[443]

:tex2html_wrap_indisplay4727:lthtmlCropMarkHeight:=20.9051pt

:tex2html_wrap_indisplay4727:lthtmlCropMarkDepth:=11.00568pt:1ex:=4.30554pt
[444]

:tex2html_wrap_indisplay4729:lthtmlCropMarkHeight:=19.59839pt

:tex2html_wrap_indisplay4729:lthtmlCropMarkDepth:=8.3595pt:1ex:=4.30554pt
[445]

:tex2html_wrap_indisplay4733:lthtmlCropMarkHeight:=20.9051pt

:tex2html_wrap_indisplay4733:lthtmlCropMarkDepth:=8.3595pt:1ex:=4.30554pt
[446]

:tex2html_wrap_inline4735:lthtmlCropMarkHeight:=12.83331pt

:tex2html_wrap_inline4735:lthtmlCropMarkDepth:=1.49998pt:1ex:=4.30554pt
[447]

:tex2html_wrap_inline4741:lthtmlCropMarkHeight:=12.83331pt

:tex2html_wrap_inline4741:lthtmlCropMarkDepth:=1.49998pt:1ex:=4.30554pt
[448]

:tex2html_wrap_inline4743:lthtmlCropMarkHeight:=12.83331pt

:tex2html_wrap_inline4743:lthtmlCropMarkDepth:=1.49998pt:1ex:=4.30554pt
[449]

:tex2html_wrap_inline4753:lthtmlCropMarkHeight:=12.83331pt

:tex2html_wrap_inline4753:lthtmlCropMarkDepth:=1.49998pt:1ex:=4.30554pt
[450]

:tex2html_wrap_indisplay4755:lthtmlCropMarkHeight:=20.9051pt

:tex2html_wrap_indisplay4755:lthtmlCropMarkDepth:=9.35951pt:1ex:=4.30554pt
[451]

:tex2html_wrap_inline4759:lthtmlCropMarkHeight:=13.5pt

:tex2html_wrap_inline4759:lthtmlCropMarkDepth:=0.55554pt:1ex:=4.30554pt
[452]

:tex2html_wrap_inline4763:lthtmlCropMarkHeight:=10.30554pt

:tex2html_wrap_inline4763:lthtmlCropMarkDepth:=1.94444pt:1ex:=4.30554pt
[453]

:tex2html_wrap_inline4765:lthtmlCropMarkHeight:=12.83331pt

:tex2html_wrap_inline4765:lthtmlCropMarkDepth:=1.49998pt:1ex:=4.30554pt
[454]

:tex2html_wrap_inline4767:lthtmlCropMarkHeight:=12.83331pt

:tex2html_wrap_inline4767:lthtmlCropMarkDepth:=1.49998pt:1ex:=4.30554pt
[455]

:tex2html_wrap_indisplay4769:lthtmlCropMarkHeight:=20.50012pt

:tex2html_wrap_indisplay4769:lthtmlCropMarkDepth:=11.00568pt:1ex:=4.30554pt
[456]

:tex2html_wrap_indisplay4771:lthtmlCropMarkHeight:=20.9051pt

:tex2html_wrap_indisplay4771:lthtmlCropMarkDepth:=9.35951pt:1ex:=4.30554pt
[457]

:tex2html_wrap_inline4773:lthtmlCropMarkHeight:=12.83331pt

:tex2html_wrap_inline4773:lthtmlCropMarkDepth:=1.49998pt:1ex:=4.30554pt
[458]

:tex2html_wrap_indisplay4781:lthtmlCropMarkHeight:=12.83331pt

:tex2html_wrap_indisplay4781:lthtmlCropMarkDepth:=1.49998pt:1ex:=4.30554pt
[459]

:tex2html_wrap_indisplay4782:lthtmlCropMarkHeight:=19.59839pt

:tex2html_wrap_indisplay4782:lthtmlCropMarkDepth:=8.3595pt:1ex:=4.30554pt
[460]

:tex2html_wrap_indisplay4786:lthtmlCropMarkHeight:=22.53902pt

:tex2html_wrap_indisplay4786:lthtmlCropMarkDepth:=9.79834pt:1ex:=4.30554pt
[461]

:tex2html_wrap_inline4792:lthtmlCropMarkHeight:=12.83331pt

:tex2html_wrap_inline4792:lthtmlCropMarkDepth:=1.49998pt:1ex:=4.30554pt
[462]

:tex2html_wrap_inline4798:lthtmlCropMarkHeight:=12.94444pt

:tex2html_wrap_inline4798:lthtmlCropMarkDepth:=0.0pt:1ex:=4.30554pt
[463]
Package atveryend Info: Empty hook `BeforeClearDocument' on input line 3013.
Package atveryend Info: Empty hook `AfterLastShipout' on input line 3013.
(./images.aux)
Package atveryend Info: Executing hook `AtVeryEndDocument' on input line 3013.
Package atveryend Info: Executing hook `AtEndAfterFileList' on input line 3013.

Package rerunfilecheck Info: File `images.out' has not changed.
(rerunfilecheck)             Checksum: D41D8CD98F00B204E9800998ECF8427E;0.
Package atveryend Info: Empty hook `AtVeryVeryEnd' on input line 3013.
 ) 
Here is how much of TeX's memory you used:
 6751 strings out of 492616
 95350 string characters out of 6129481
 191366 words of memory out of 5000000
 10603 multiletter control sequences out of 15000+600000
 6266 words of font info for 25 fonts, out of 8000000 for 9000
 1141 hyphenation exceptions out of 8191
 35i,9n,35p,253b,341s stack positions out of 5000i,500n,10000p,200000b,80000s
</usr/local/texlive/2019/texmf-dist/fonts/type1/public/amsfonts/cm/cmbx10.pfb
></usr/local/texlive/2019/texmf-dist/fonts/type1/public/amsfonts/cm/cmex10.pfb>
</usr/local/texlive/2019/texmf-dist/fonts/type1/public/amsfonts/cm/cmmi10.pfb><
/usr/local/texlive/2019/texmf-dist/fonts/type1/public/amsfonts/cm/cmmi5.pfb></u
sr/local/texlive/2019/texmf-dist/fonts/type1/public/amsfonts/cm/cmmi7.pfb></usr
/local/texlive/2019/texmf-dist/fonts/type1/public/amsfonts/cm/cmr10.pfb></usr/l
ocal/texlive/2019/texmf-dist/fonts/type1/public/amsfonts/cm/cmr5.pfb></usr/loca
l/texlive/2019/texmf-dist/fonts/type1/public/amsfonts/cm/cmr7.pfb></usr/local/t
exlive/2019/texmf-dist/fonts/type1/public/amsfonts/cm/cmsy10.pfb></usr/local/te
xlive/2019/texmf-dist/fonts/type1/public/amsfonts/cm/cmsy7.pfb>
Output written on images.pdf (463 pages, 244987 bytes).
PDF statistics:
 1539 PDF objects out of 1728 (max. 8388607)
 1053 compressed objects within 11 object streams
 0 named destinations out of 1000 (max. 500000)
 1 words of extra memory for PDF output out of 10000 (max. 10000000)

