This is TeX, Version 3.14159 (Web2C 7.4.5) (format=latex 2005.3.31)  7 OCT 2005 17:03
**./images.tex
(./images.tex
LaTeX2e <2001/06/01>
Babel <v3.7h> and hyphenation patterns for american, french, german, ngerman, n
ohyphenation, loaded.

(/sw/share/texmf/tex/latex/base/latex209.def
File: latex209.def 1998/05/13 v0.52 Standard LaTeX file

          Entering LaTeX 2.09 COMPATIBILITY MODE
 *************************************************************
    !!WARNING!!    !!WARNING!!    !!WARNING!!    !!WARNING!!   
 
 This mode attempts to provide an emulation of the LaTeX 2.09
 author environment so that OLD documents can be successfully
 processed. It should NOT be used for NEW documents!
 
 New documents should use Standard LaTeX conventions and start
 with the \documentclass command.
 
 Compatibility mode is UNLIKELY TO WORK with LaTeX 2.09 style
 files that change any internal macros, especially not with
 those that change the FONT SELECTION or OUTPUT ROUTINES.
 
 Therefore such style files MUST BE UPDATED to use
          Current Standard LaTeX: LaTeX2e.
 If you suspect that you may be using such a style file, which
 is probably very, very old by now, then you should attempt to
 get it updated by sending a copy of this error message to the
 author of that file.
 *************************************************************

\footheight=\dimen102
\@maxsep=\dimen103
\@dblmaxsep=\dimen104
\@cla=\count79
\@clb=\count80
\mscount=\count81
(/sw/share/texmf/tex/latex/base/tracefnt.sty
Package: tracefnt 1997/05/29 v3.0j Standard LaTeX package (font tracing)
\tracingfonts=\count82
LaTeX Info: Redefining \selectfont on input line 96.
)
\symbold=\mathgroup4
\symsans=\mathgroup5
\symtypewriter=\mathgroup6
\symitalic=\mathgroup7
\symsmallcaps=\mathgroup8
\symslanted=\mathgroup9
LaTeX Font Info:    Redeclaring math alphabet \mathbf on input line 288.
LaTeX Font Info:    Redeclaring math alphabet \mathsf on input line 289.
LaTeX Font Info:    Redeclaring math alphabet \mathtt on input line 290.
LaTeX Font Info:    Redeclaring math alphabet \mathit on input line 296.
LaTeX Info: Redefining \em on input line 306.
(/sw/share/texmf/tex/latex/base/latexsym.sty
Package: latexsym 1998/08/17 v2.2e Standard LaTeX package (lasy symbols)
\symlasy=\mathgroup10
LaTeX Font Info:    Overwriting symbol font `lasy' in version `bold'
(Font)                  U/lasy/m/n --> U/lasy/b/n on input line 42.
)
LaTeX Font Info:    Redeclaring math delimiter \lgroup on input line 370.
LaTeX Font Info:    Redeclaring math delimiter \rgroup on input line 372.
LaTeX Font Info:    Redeclaring math delimiter \bracevert on input line 374.
(/sw/share/texmf/tex/latex/config/latex209.cfg
File: latex209.cfg 2001/06/05 v1.0 teTeX customized LaTeX 2.09 compatibility mo
de setup
) (/sw/share/texmf/tex/latex/tools/rawfonts.sty
Package: rawfonts 1994/05/08 Low-level LaTeX 2.09 font compatibility
(/sw/share/texmf/tex/latex/tools/somedefs.sty
Package: somedefs 1994/06/01 Toolkit for optional definitions
)
LaTeX Font Info:    Try loading font information for U+lasy on input line 44.
(/sw/share/texmf/tex/latex/base/ulasy.fd
File: ulasy.fd 1998/08/17 v2.2e LaTeX symbol font definitions
))) (/sw/share/texmf/tex/latex/base/article.cls
Document Class: article 2001/04/21 v1.4e Standard LaTeX document class
(/sw/share/texmf/tex/latex/base/size11.clo
File: size11.clo 2001/04/21 v1.4e Standard LaTeX file (size option)
)
\c@part=\count83
\c@section=\count84
\c@subsection=\count85
\c@subsubsection=\count86
\c@paragraph=\count87
\c@subparagraph=\count88
\c@figure=\count89
\c@table=\count90
\abovecaptionskip=\skip41
\belowcaptionskip=\skip42
Compatibility mode: definition of \rm ignored.
Compatibility mode: definition of \sf ignored.
Compatibility mode: definition of \tt ignored.
Compatibility mode: definition of \bf ignored.
Compatibility mode: definition of \it ignored.
Compatibility mode: definition of \sl ignored.
Compatibility mode: definition of \sc ignored.
LaTeX Info: Redefining \cal on input line 501.
LaTeX Info: Redefining \mit on input line 502.
\bibindent=\dimen105
) (/sw/share/texmf/tex/latex/base/ifthen.sty
Package: ifthen 2001/05/26 v1.1c Standard LaTeX ifthen package (DPC)
)

! LaTeX Error: LaTeX2e command \usepackage in LaTeX 2.09 document.

See the LaTeX manual or LaTeX Companion for explanation.
Type  H <return>  for immediate help.
 ...                                              
                                                  
l.8 \usepackage
               {html}
This is a LaTeX 2.09 document, but it contains \usepackage.
If you want to use the new features of LaTeX2e, your document
should begin with \documentclass rather than \documentstyle


! LaTeX Error: \usepackage before \documentclass.

See the LaTeX manual or LaTeX Companion for explanation.
Type  H <return>  for immediate help.
 ...                                              
                                                  
l.8 \usepackage{
                html}
\usepackage may only appear in the document preamble, i.e.,
between \documentclass and \begin{document}.


! LaTeX Error: LaTeX2e command \usepackage in LaTeX 2.09 document.

See the LaTeX manual or LaTeX Companion for explanation.
Type  H <return>  for immediate help.
 ...                                              
                                                  
l.15 \usepackage
                []{inputenc}
This is a LaTeX 2.09 document, but it contains \usepackage.
If you want to use the new features of LaTeX2e, your document
should begin with \documentclass rather than \documentstyle


! LaTeX Error: \usepackage before \documentclass.

See the LaTeX manual or LaTeX Companion for explanation.
Type  H <return>  for immediate help.
 ...                                              
                                                  
l.15 \usepackage[]{
                   inputenc}
\usepackage may only appear in the document preamble, i.e.,
between \documentclass and \begin{document}.

\sizebox=\box26
\lthtmlwrite=\write3

! LaTeX Error: Command \selectlanguage already defined.
               Or name \end... illegal, see p.192 of the manual.

See the LaTeX manual or LaTeX Companion for explanation.
Type  H <return>  for immediate help.
 ...                                              
                                                  
l.106 \providecommand{\selectlanguage}[1]{}
                                           %
Your command was ignored.
Type  I <command> <return>  to replace it with another command,
or  <return>  to continue without it.

(./images.aux)
\openout1 = `images.aux'.

LaTeX Font Info:    Checking defaults for OML/cmm/m/it on input line 110.
LaTeX Font Info:    ... okay on input line 110.
LaTeX Font Info:    Checking defaults for T1/cmr/m/n on input line 110.
LaTeX Font Info:    ... okay on input line 110.
LaTeX Font Info:    Checking defaults for OT1/cmr/m/n on input line 110.
LaTeX Font Info:    ... okay on input line 110.
LaTeX Font Info:    Checking defaults for OMS/cmsy/m/n on input line 110.
LaTeX Font Info:    ... okay on input line 110.
LaTeX Font Info:    Checking defaults for OMX/cmex/m/n on input line 110.
LaTeX Font Info:    ... okay on input line 110.
LaTeX Font Info:    Checking defaults for U/cmr/m/n on input line 110.
LaTeX Font Info:    ... okay on input line 110.

latex2htmlLength hsize=349.0pt

latex2htmlLength vsize=621.80023pt

latex2htmlLength hoffset=0.0pt

latex2htmlLength voffset=0.0pt

latex2htmlLength topmargin=0.0pt

latex2htmlLength topskip=0.00003pt

latex2htmlLength headheight=0.0pt

latex2htmlLength headsep=0.0pt

latex2htmlLength parskip=0.0pt plus 1.0pt

latex2htmlLength oddsidemargin=54.0pt

latex2htmlLength evensidemargin=54.0pt

LaTeX Font Info:    External font `cmex10' loaded for size
(Font)              <10.95> on input line 134.
LaTeX Font Info:    External font `cmex10' loaded for size
(Font)              <8> on input line 134.
LaTeX Font Info:    External font `cmex10' loaded for size
(Font)              <6> on input line 134.
l2hSize :tex2html_wrap_inline102:7.48248pt::0.0pt::8.80565pt.
[1



]
l2hSize :tex2html_wrap_inline104:8.7125pt::8.7125pt::18.719pt.
[2


]
l2hSize :tex2html_wrap_inline106:8.7125pt::8.7125pt::16.79082pt.
[3


]
l2hSize :displaymath98:16.3375pt::0.0pt::349.0pt.
[4


]
l2hSize :tex2html_wrap_inline108:10.47366pt::10.47366pt::248.02725pt.
[5


]
l2hSize :tex2html_wrap_inline110:10.4103pt::10.4103pt::171.0446pt.
[6


]
l2hSize :tex2html_wrap_inline112:10.4103pt::10.4103pt::102.82701pt.
[7


]
l2hSize :tex2html_wrap_inline114:8.7125pt::8.7125pt::143.70511pt.
[8


]
l2hSize :tex2html_wrap_inline116:10.4103pt::10.4103pt::127.51054pt.
[9


]
l2hSize :tex2html_wrap_inline118:10.58516pt::10.58516pt::137.50089pt.
[10


]
l2hSize :tex2html_wrap_inline120:10.4103pt::10.4103pt::151.7982pt.
[11


]
l2hSize :tex2html_wrap_inline122:7.48248pt::0.0pt::42.4046pt.
[12


]
l2hSize :tex2html_wrap_inline124:7.98248pt::7.98248pt::58.38376pt.
[13


]
l2hSize :tex2html_wrap_inline126:7.48248pt::0.0pt::56.19725pt.
[14


]
l2hSize :tex2html_wrap_inline128:7.72179pt::7.72179pt::77.35916pt.
[15


]
l2hSize :tex2html_wrap_inline130:10.08096pt::0.0pt::62.70457pt.
[16


]
l2hSize :tex2html_wrap_inline132:10.58096pt::10.58096pt::171.65001pt.
[17


]
l2hSize :tex2html_wrap_inline134:10.58096pt::10.58096pt::347.92737pt.

Overfull \hbox (2.13638pt too wide) in paragraph at lines 238--239
[]|[] 
 []

[18


]
l2hSize :tex2html_wrap_inline136:10.58096pt::10.58096pt::263.76491pt.
[19


]
l2hSize :tex2html_wrap_inline138:10.58096pt::10.58096pt::338.528pt.
[20


]
l2hSize :tex2html_wrap_inline140:10.4103pt::10.4103pt::152.30331pt.
[21


]
l2hSize :tex2html_wrap_inline142:10.4103pt::10.4103pt::103.03392pt.
[22


]
l2hSize :tex2html_wrap_inline148:7.48248pt::0.0pt::47.68063pt.
[23


]
l2hSize :tex2html_wrap_inline150:7.98248pt::7.98248pt::15.14584pt.
[24


]
l2hSize :tex2html_wrap_inline152:7.98248pt::7.98248pt::20.75453pt.
[25


]
l2hSize :tex2html_wrap_inline154:7.98248pt::7.98248pt::18.30122pt.
[26


]
l2hSize :tex2html_wrap_inline158:8.12646pt::8.12646pt::137.81143pt.
[27


]
l2hSize :tex2html_wrap_inline160:8.12646pt::8.12646pt::184.43042pt.
[28


]
l2hSize :tex2html_wrap_inline162:9.62923pt::9.62923pt::261.32777pt.
[29


]
l2hSize :tex2html_wrap_inline164:8.12646pt::8.12646pt::187.70845pt.
[30


]
l2hSize :tex2html_wrap_inline166:8.7125pt::8.7125pt::648.13931pt.

Overfull \hbox (302.34833pt too wide) in paragraph at lines 321--322
[]|[] 
 []

[31


]
l2hSize :tex2html_wrap_inline168:10.58096pt::10.58096pt::205.51193pt.
[32


]
l2hSize :tex2html_wrap_inline170:10.4103pt::10.4103pt::152.30338pt.
[33


]
l2hSize :tex2html_wrap_inline172:8.7125pt::8.7125pt::53.56793pt.
[34


]
l2hSize :tex2html_wrap_inline174:8.7125pt::8.7125pt::64.78531pt.
[35


]
l2hSize :tex2html_wrap_inline176:8.7125pt::8.7125pt::59.8787pt.
[36


]
l2hSize :tex2html_wrap_inline184:10.58096pt::10.58096pt::74.97693pt.
[37


]
l2hSize :tex2html_wrap_inline186:8.7125pt::8.7125pt::231.73021pt.
[38


]
l2hSize :tex2html_wrap_inline188:8.7125pt::8.7125pt::281.88098pt.
[39


]
l2hSize :tex2html_wrap_inline190:8.12646pt::8.12646pt::356.96379pt.

Overfull \hbox (11.1728pt too wide) in paragraph at lines 375--376
[]|[] 
 []

[40


]
l2hSize :tex2html_wrap_inline192:8.12646pt::8.12646pt::206.04846pt.
[41


]
l2hSize :tex2html_wrap_inline194:8.12646pt::8.12646pt::239.77423pt.
[42


]
l2hSize :tex2html_wrap_inline196:8.12646pt::8.12646pt::337.43832pt.
[43


]
l2hSize :tex2html_wrap_inline198:8.12646pt::8.12646pt::205.67719pt.
[44


] (./images.aux) ) 
Here is how much of TeX's memory you used:
 599 strings out of 95847
 6631 string characters out of 1196009
 48855 words of memory out of 1000001
 3552 multiletter control sequences out of 10000+50000
 22500 words of font info for 84 fonts, out of 500000 for 1000
 14 hyphenation exceptions out of 1000
 25i,8n,22p,261b,217s stack positions out of 1500i,500n,5000p,200000b,5000s

Output written on images.dvi (44 pages, 10984 bytes).
