This is pdfeTeX, Version 3.141592-1.21a-2.2 (Web2C 7.5.4) (format=latex 2007.9.20)  9 DEC 2008 14:09
entering extended mode
**hw12_key.tex
(./hw12_key.tex
LaTeX2e <2003/12/01>
Babel <v3.8d> and hyphenation patterns for american, french, german, ngerman, b
ahasa, basque, bulgarian, catalan, croatian, czech, danish, dutch, esperanto, e
stonian, finnish, greek, icelandic, irish, italian, latin, magyar, norsk, polis
h, portuges, romanian, russian, serbian, slovak, slovene, spanish, swedish, tur
kish, ukrainian, nohyphenation, loaded.
(/sw/share/texmf-dist/tex/latex/base/latex209.def
File: latex209.def 1998/05/13 v0.52 Standard LaTeX file


          Entering LaTeX 2.09 COMPATIBILITY MODE
 *************************************************************
    !!WARNING!!    !!WARNING!!    !!WARNING!!    !!WARNING!!   
 
 This mode attempts to provide an emulation of the LaTeX 2.09
 author environment so that OLD documents can be successfully
 processed. It should NOT be used for NEW documents!
 
 New documents should use Standard LaTeX conventions and start
 with the \documentclass command.
 
 Compatibility mode is UNLIKELY TO WORK with LaTeX 2.09 style
 files that change any internal macros, especially not with
 those that change the FONT SELECTION or OUTPUT ROUTINES.
 
 Therefore such style files MUST BE UPDATED to use
          Current Standard LaTeX: LaTeX2e.
 If you suspect that you may be using such a style file, which
 is probably very, very old by now, then you should attempt to
 get it updated by sending a copy of this error message to the
 author of that file.
 *************************************************************

\footheight=\dimen102
\@maxsep=\dimen103
\@dblmaxsep=\dimen104
\@cla=\count79
\@clb=\count80
\mscount=\count81
(/sw/share/texmf-dist/tex/latex/base/tracefnt.sty
Package: tracefnt 1997/05/29 v3.0j Standard LaTeX package (font tracing)
\tracingfonts=\count82
LaTeX Info: Redefining \selectfont on input line 101.
)
\symbold=\mathgroup4
\symsans=\mathgroup5
\symtypewriter=\mathgroup6
\symitalic=\mathgroup7
\symsmallcaps=\mathgroup8
\symslanted=\mathgroup9
LaTeX Font Info:    Redeclaring math alphabet \mathbf on input line 293.
LaTeX Font Info:    Redeclaring math alphabet \mathsf on input line 294.
LaTeX Font Info:    Redeclaring math alphabet \mathtt on input line 295.
LaTeX Font Info:    Redeclaring math alphabet \mathit on input line 301.
LaTeX Info: Redefining \em on input line 311.

(/sw/share/texmf-dist/tex/latex/base/latexsym.sty
Package: latexsym 1998/08/17 v2.2e Standard LaTeX package (lasy symbols)
\symlasy=\mathgroup10
LaTeX Font Info:    Overwriting symbol font `lasy' in version `bold'
(Font)                  U/lasy/m/n --> U/lasy/b/n on input line 47.
)
LaTeX Font Info:    Redeclaring math delimiter \lgroup on input line 375.
LaTeX Font Info:    Redeclaring math delimiter \rgroup on input line 377.
LaTeX Font Info:    Redeclaring math delimiter \bracevert on input line 379.

(/sw/share/texmf-dist/tex/latex/base/latex209.cfg
File: latex209.cfg 2001/06/05 v1.0 teTeX customized LaTeX 2.09 compatibility mo
de setup
)
(/sw/share/texmf-dist/tex/latex/tools/rawfonts.sty
Package: rawfonts 1994/05/08 Low-level LaTeX 2.09 font compatibility

(/sw/share/texmf-dist/tex/latex/tools/somedefs.sty
Package: somedefs 1994/06/01 v0.03 Toolkit for optional definitions
)
LaTeX Font Info:    Try loading font information for U+lasy on input line 44.

(/sw/share/texmf-dist/tex/latex/base/ulasy.fd
File: ulasy.fd 1998/08/17 v2.2e LaTeX symbol font definitions
)))
(/sw/share/texmf-dist/tex/latex/base/article.cls
Document Class: article 2004/02/16 v1.4f Standard LaTeX document class
(/sw/share/texmf-dist/tex/latex/base/size11.clo
File: size11.clo 2004/02/16 v1.4f Standard LaTeX file (size option)
)
\c@part=\count83
\c@section=\count84
\c@subsection=\count85
\c@subsubsection=\count86
\c@paragraph=\count87
\c@subparagraph=\count88
\c@figure=\count89
\c@table=\count90
\abovecaptionskip=\skip41
\belowcaptionskip=\skip42
Compatibility mode: definition of \rm ignored.
Compatibility mode: definition of \sf ignored.
Compatibility mode: definition of \tt ignored.
Compatibility mode: definition of \bf ignored.
Compatibility mode: definition of \it ignored.
Compatibility mode: definition of \sl ignored.
Compatibility mode: definition of \sc ignored.
LaTeX Info: Redefining \cal on input line 506.
LaTeX Info: Redefining \mit on input line 507.
\bibindent=\dimen105
) (./hw12_key.aux)
\openout1 = `hw12_key.aux'.

LaTeX Font Info:    Checking defaults for OML/cmm/m/it on input line 3.
LaTeX Font Info:    ... okay on input line 3.
LaTeX Font Info:    Checking defaults for T1/cmr/m/n on input line 3.
LaTeX Font Info:    ... okay on input line 3.
LaTeX Font Info:    Checking defaults for OT1/cmr/m/n on input line 3.
LaTeX Font Info:    ... okay on input line 3.
LaTeX Font Info:    Checking defaults for OMS/cmsy/m/n on input line 3.
LaTeX Font Info:    ... okay on input line 3.
LaTeX Font Info:    Checking defaults for OMX/cmex/m/n on input line 3.
LaTeX Font Info:    ... okay on input line 3.
LaTeX Font Info:    Checking defaults for U/cmr/m/n on input line 3.
LaTeX Font Info:    ... okay on input line 3.
LaTeX Font Info:    External font `cmex10' loaded for size
(Font)              <10.95> on input line 9.
LaTeX Font Info:    External font `cmex10' loaded for size
(Font)              <8> on input line 9.
LaTeX Font Info:    External font `cmex10' loaded for size
(Font)              <6> on input line 9.
LaTeX Font Info:    Try loading font information for OMS+cmr on input line 51.

(/sw/share/texmf-dist/tex/latex/base/omscmr.fd
File: omscmr.fd 1999/05/25 v2.5h Standard LaTeX font definitions
)
LaTeX Font Info:    Font shape `OMS/cmr/m/n' in size <10.95> not available
(Font)              Font shape `OMS/cmsy/m/n' tried instead on input line 51.
 [1

]
Overfull \hbox (3.24059pt too wide) in paragraph at lines 70--72
[]\OT1/cmr/m/n/10.95 Find $\OML/cmm/m/it/10.95 R[]$\OT1/cmr/m/n/10.95 : To sat-
isfy $10\OML/cmm/m/it/10.95 R[] \OMS/cmsy/m/n/10.95 ^^T \OML/cmm/m/it/10.95 ^^L
[]R[]$\OT1/cmr/m/n/10.95 , we let $\OML/cmm/m/it/10.95 R[] \OT1/cmr/m/n/10.95 =
 0\OML/cmm/m/it/10.95 :\OT1/cmr/m/n/10.95 1 \OMS/cmsy/m/n/10.95 ^^B \OML/cmm/m/
it/10.95 ^^L[]R[] \OT1/cmr/m/n/10.95 =
 []


Overfull \hbox (31.05649pt too wide) detected at line 74
\OML/cmm/m/it/10.95 R[] \OT1/cmr/m/n/10.95 = [] = 5 \OML/cmm/m/it/10.95 K\OT1/c
mr/m/n/10.95 
        \OML/cmm/m/it/10.95 V[] \OT1/cmr/m/n/10.95 = 3\OML/cmm/m/it/10.95 :\OT1
/cmr/m/n/10.95 2\OML/cmm/m/it/10.95 V \OT1/cmr/m/n/10.95 = \OML/cmm/m/it/10.95 
V[][] \OT1/cmr/m/n/10.95 = 15[]
 []

[2]
! Misplaced \noalign.
<recently read> \noalign 
                         
l.108   $5.0$ & $5.0$ &         \hline
                                      
? 
! You can't use `\hrule' here except with leaders.
\hline ->\noalign {\ifnum 0=`}\fi \hrule 
                                         \@height \arrayrulewidth \futurelet...
l.108   $5.0$ & $5.0$ &         \hline
                                      
? 
! Missing number, treated as zero.
<to be read again> 
                   \futurelet 
l.108   $5.0$ & $5.0$ &         \hline
                                      
? 
! Illegal unit of measure (pt inserted).
<to be read again> 
                   \futurelet 
l.108   $5.0$ & $5.0$ &         \hline
                                      
? 
! Misplaced \noalign.
\hline ->\noalign 
                  {\ifnum 0=`}\fi \hrule \@height \arrayrulewidth \futurelet...
l.125   $5.0$ & $5.0$ & $0.2V$ \hline
                                     
? 
! You can't use `\hrule' here except with leaders.
\hline ->\noalign {\ifnum 0=`}\fi \hrule 
                                         \@height \arrayrulewidth \futurelet...
l.125   $5.0$ & $5.0$ & $0.2V$ \hline
                                     
? 
! Missing number, treated as zero.
<to be read again> 
                   \futurelet 
l.125   $5.0$ & $5.0$ & $0.2V$ \hline
                                     
? 
! Illegal unit of measure (pt inserted).
<to be read again> 
                   \futurelet 
l.125   $5.0$ & $5.0$ & $0.2V$ \hline
                                     
? 
[3] (./hw12_key.aux) ) 
Here is how much of TeX's memory you used:
 518 strings out of 94501
 5926 string characters out of 1176137
 52679 words of memory out of 1000000
 3709 multiletter control sequences out of 10000+50000
 22500 words of font info for 84 fonts, out of 500000 for 2000
 580 hyphenation exceptions out of 1000
 25i,8n,22p,261b,239s stack positions out of 1500i,500n,5000p,200000b,5000s

Output written on hw12_key.dvi (3 pages, 9132 bytes).
