This is pdfTeX, Version 3.14159265-2.6-1.40.20 (TeX Live 2019) (preloaded format=pdflatex 2019.5.29)  5 DEC 2019 16:09
entering extended mode
 restricted \write18 enabled.
 %&-line parsing enabled.
**./images.tex
(./images.tex
LaTeX2e <2018-12-01>

(/usr/local/texlive/2019/texmf-dist/tex/latex/base/article.cls
Document Class: article 2018/09/03 v1.4i Standard LaTeX document class
(/usr/local/texlive/2019/texmf-dist/tex/latex/base/size10.clo
File: size10.clo 2018/09/03 v1.4i Standard LaTeX file (size option)
)
\c@part=\count80
\c@section=\count81
\c@subsection=\count82
\c@subsubsection=\count83
\c@paragraph=\count84
\c@subparagraph=\count85
\c@figure=\count86
\c@table=\count87
\abovecaptionskip=\skip41
\belowcaptionskip=\skip42
\bibindent=\dimen102
) (/usr/local/texlive/2019/texmf-dist/tex/latex/base/ifthen.sty
Package: ifthen 2014/09/29 v1.1c Standard LaTeX ifthen package (DPC)
) (/usr/local/texlive/2019/texmf-dist/tex/latex/amsmath/amsmath.sty
Package: amsmath 2018/12/01 v2.17b AMS math features
\@mathmargin=\skip43
For additional information on amsmath, use the `?' option.
(/usr/local/texlive/2019/texmf-dist/tex/latex/amsmath/amstext.sty
Package: amstext 2000/06/29 v2.01 AMS text
(/usr/local/texlive/2019/texmf-dist/tex/latex/amsmath/amsgen.sty
File: amsgen.sty 1999/11/30 v2.0 generic functions
\@emptytoks=\toks14
\ex@=\dimen103
)) (/usr/local/texlive/2019/texmf-dist/tex/latex/amsmath/amsbsy.sty
Package: amsbsy 1999/11/29 v1.2d Bold Symbols
\pmbraise@=\dimen104
) (/usr/local/texlive/2019/texmf-dist/tex/latex/amsmath/amsopn.sty
Package: amsopn 2016/03/08 v2.02 operator names
)
\inf@bad=\count88
LaTeX Info: Redefining \frac on input line 223.
\uproot@=\count89
\leftroot@=\count90
LaTeX Info: Redefining \overline on input line 385.
\classnum@=\count91
\DOTSCASE@=\count92
LaTeX Info: Redefining \ldots on input line 482.
LaTeX Info: Redefining \dots on input line 485.
LaTeX Info: Redefining \cdots on input line 606.
\Mathstrutbox@=\box27
\strutbox@=\box28
\big@size=\dimen105
LaTeX Font Info:    Redeclaring font encoding OML on input line 729.
LaTeX Font Info:    Redeclaring font encoding OMS on input line 730.
\macc@depth=\count93
\c@MaxMatrixCols=\count94
\dotsspace@=\muskip10
\c@parentequation=\count95
\dspbrk@lvl=\count96
\tag@help=\toks15
\row@=\count97
\column@=\count98
\maxfields@=\count99
\andhelp@=\toks16
\eqnshift@=\dimen106
\alignsep@=\dimen107
\tagshift@=\dimen108
\tagwidth@=\dimen109
\totwidth@=\dimen110
\lineht@=\dimen111
\@envbody=\toks17
\multlinegap=\skip44
\multlinetaggap=\skip45
\mathdisplay@stack=\toks18
LaTeX Info: Redefining \[ on input line 2844.
LaTeX Info: Redefining \] on input line 2845.
) (/usr/local/texlive/2019/texmf-dist/tex/latex/amsfonts/amssymb.sty
Package: amssymb 2013/01/14 v3.01 AMS font symbols
(/usr/local/texlive/2019/texmf-dist/tex/latex/amsfonts/amsfonts.sty
Package: amsfonts 2013/01/14 v3.01 Basic AMSFonts support
\symAMSa=\mathgroup4
\symAMSb=\mathgroup5
LaTeX Font Info:    Overwriting math alphabet `\mathfrak' in version `bold'
(Font)                  U/euf/m/n --> U/euf/b/n on input line 106.
)) (/usr/local/texlive/2019/texmf-dist/tex/latex/graphics/graphics.sty
Package: graphics 2017/06/25 v1.2c Standard LaTeX Graphics (DPC,SPQR)
(/usr/local/texlive/2019/texmf-dist/tex/latex/graphics/trig.sty
Package: trig 2016/01/03 v1.10 sin cos tan (DPC)
) (/usr/local/texlive/2019/texmf-dist/tex/latex/graphics-cfg/graphics.cfg
File: graphics.cfg 2016/06/04 v1.11 sample graphics configuration
)
Package graphics Info: Driver file: pdftex.def on input line 99.
(/usr/local/texlive/2019/texmf-dist/tex/latex/graphics-def/pdftex.def
File: pdftex.def 2018/01/08 v1.0l Graphics/color driver for pdftex
)) (/usr/local/texlive/2019/texmf-dist/tex/latex/comment/comment.sty
\CommentStream=\write3
Excluding comment 'comment') (/usr/local/texlive/texmf-local/tex/latex/html/htm
l.sty (/usr/local/texlive/2019/texmf-dist/tex/latex/hyperref/hyperref.sty
Package: hyperref 2018/11/30 v6.88e Hypertext links for LaTeX
(/usr/local/texlive/2019/texmf-dist/tex/generic/oberdiek/hobsub-hyperref.sty
Package: hobsub-hyperref 2016/05/16 v1.14 Bundle oberdiek, subset hyperref (HO)

(/usr/local/texlive/2019/texmf-dist/tex/generic/oberdiek/hobsub-generic.sty
Package: hobsub-generic 2016/05/16 v1.14 Bundle oberdiek, subset generic (HO)
Package: hobsub 2016/05/16 v1.14 Construct package bundles (HO)
Package: infwarerr 2016/05/16 v1.4 Providing info/warning/error messages (HO)
Package: ltxcmds 2016/05/16 v1.23 LaTeX kernel commands for general use (HO)
Package: ifluatex 2016/05/16 v1.4 Provides the ifluatex switch (HO)
Package ifluatex Info: LuaTeX not detected.
Package: ifvtex 2016/05/16 v1.6 Detect VTeX and its facilities (HO)
Package ifvtex Info: VTeX not detected.
Package: intcalc 2016/05/16 v1.2 Expandable calculations with integers (HO)
Package: ifpdf 2018/09/07 v3.3 Provides the ifpdf switch
Package: etexcmds 2016/05/16 v1.6 Avoid name clashes with e-TeX commands (HO)
Package: kvsetkeys 2016/05/16 v1.17 Key value parser (HO)
Package: kvdefinekeys 2016/05/16 v1.4 Define keys (HO)
Package: pdftexcmds 2018/09/10 v0.29 Utility functions of pdfTeX for LuaTeX (HO
)
Package pdftexcmds Info: LuaTeX not detected.
Package pdftexcmds Info: \pdf@primitive is available.
Package pdftexcmds Info: \pdf@ifprimitive is available.
Package pdftexcmds Info: \pdfdraftmode found.
Package: pdfescape 2016/05/16 v1.14 Implements pdfTeX's escape features (HO)
Package: bigintcalc 2016/05/16 v1.4 Expandable calculations on big integers (HO
)
Package: bitset 2016/05/16 v1.2 Handle bit-vector datatype (HO)
Package: uniquecounter 2016/05/16 v1.3 Provide unlimited unique counter (HO)
)
Package hobsub Info: Skipping package `hobsub' (already loaded).
Package: letltxmacro 2016/05/16 v1.5 Let assignment for LaTeX macros (HO)
Package: hopatch 2016/05/16 v1.3 Wrapper for package hooks (HO)
Package: xcolor-patch 2016/05/16 xcolor patch
Package: atveryend 2016/05/16 v1.9 Hooks at the very end of document (HO)
Package atveryend Info: \enddocument detected (standard20110627).
Package: atbegshi 2016/06/09 v1.18 At begin shipout hook (HO)
Package: refcount 2016/05/16 v3.5 Data extraction from label references (HO)
Package: hycolor 2016/05/16 v1.8 Color options for hyperref/bookmark (HO)
) (/usr/local/texlive/2019/texmf-dist/tex/latex/graphics/keyval.sty
Package: keyval 2014/10/28 v1.15 key=value parser (DPC)
\KV@toks@=\toks19
) (/usr/local/texlive/2019/texmf-dist/tex/generic/ifxetex/ifxetex.sty
Package: ifxetex 2010/09/12 v0.6 Provides ifxetex conditional
) (/usr/local/texlive/2019/texmf-dist/tex/latex/oberdiek/auxhook.sty
Package: auxhook 2016/05/16 v1.4 Hooks for auxiliary files (HO)
) (/usr/local/texlive/2019/texmf-dist/tex/latex/oberdiek/kvoptions.sty
Package: kvoptions 2016/05/16 v3.12 Key value format for package options (HO)
)
\@linkdim=\dimen112
\Hy@linkcounter=\count100
\Hy@pagecounter=\count101
(/usr/local/texlive/2019/texmf-dist/tex/latex/hyperref/pd1enc.def
File: pd1enc.def 2018/11/30 v6.88e Hyperref: PDFDocEncoding definition (HO)
Now handling font encoding PD1 ...
... no UTF-8 mapping file for font encoding PD1
)
\Hy@SavedSpaceFactor=\count102
(/usr/local/texlive/2019/texmf-dist/tex/latex/latexconfig/hyperref.cfg
File: hyperref.cfg 2002/06/06 v1.2 hyperref configuration of TeXLive
)
Package hyperref Info: Hyper figures OFF on input line 4519.
Package hyperref Info: Link nesting OFF on input line 4524.
Package hyperref Info: Hyper index ON on input line 4527.
Package hyperref Info: Plain pages OFF on input line 4534.
Package hyperref Info: Backreferencing OFF on input line 4539.
Package hyperref Info: Implicit mode ON; LaTeX internals redefined.
Package hyperref Info: Bookmarks ON on input line 4772.
\c@Hy@tempcnt=\count103
(/usr/local/texlive/2019/texmf-dist/tex/latex/url/url.sty
\Urlmuskip=\muskip11
Package: url 2013/09/16  ver 3.4  Verb mode for urls, etc.
)
LaTeX Info: Redefining \url on input line 5125.
\XeTeXLinkMargin=\dimen113
\Fld@menulength=\count104
\Field@Width=\dimen114
\Fld@charsize=\dimen115
Package hyperref Info: Hyper figures OFF on input line 6380.
Package hyperref Info: Link nesting OFF on input line 6385.
Package hyperref Info: Hyper index ON on input line 6388.
Package hyperref Info: backreferencing OFF on input line 6395.
Package hyperref Info: Link coloring OFF on input line 6400.
Package hyperref Info: Link coloring with OCG OFF on input line 6405.
Package hyperref Info: PDF/A mode OFF on input line 6410.
LaTeX Info: Redefining \ref on input line 6450.
LaTeX Info: Redefining \pageref on input line 6454.
\Hy@abspage=\count105
\c@Item=\count106
\c@Hfootnote=\count107
)
Package hyperref Info: Driver: hpdftex.
(/usr/local/texlive/2019/texmf-dist/tex/latex/hyperref/hpdftex.def
File: hpdftex.def 2018/11/30 v6.88e Hyperref driver for pdfTeX
\Fld@listcount=\count108
\c@bookmark@seq@number=\count109
(/usr/local/texlive/2019/texmf-dist/tex/latex/oberdiek/rerunfilecheck.sty
Package: rerunfilecheck 2016/05/16 v1.8 Rerun checks for auxiliary files (HO)
Package uniquecounter Info: New unique counter `rerunfilecheck' on input line 2
82.
)
\Hy@SectionHShift=\skip46
)
Package: html 1999/07/19 v1.38 hypertext commands for latex2html (nd, hws, rrm)

\c@lpart=\count110
\c@lchapter=\count111
\c@chapter=\count112
\c@lsection=\count113
\c@lsubsection=\count114
\c@lsubsubsection=\count115
\c@lparagraph=\count116
\c@lsubparagraph=\count117
\c@lsubsubparagraph=\count118
\ptrfile=\write4
) (/usr/local/texlive/2019/texmf-dist/tex/latex/base/makeidx.sty
Package: makeidx 2014/09/29 v1.0m Standard LaTeX package
) (/usr/local/texlive/2019/texmf-dist/tex/latex/xcolor/xcolor.sty
Package: xcolor 2016/05/11 v2.12 LaTeX color extensions (UK)
(/usr/local/texlive/2019/texmf-dist/tex/latex/graphics-cfg/color.cfg
File: color.cfg 2016/01/02 v1.6 sample color configuration
)
Package xcolor Info: Driver file: pdftex.def on input line 225.
Package xcolor Info: Model `cmy' substituted by `cmy0' on input line 1348.
Package xcolor Info: Model `hsb' substituted by `rgb' on input line 1352.
Package xcolor Info: Model `RGB' extended on input line 1364.
Package xcolor Info: Model `HTML' substituted by `rgb' on input line 1366.
Package xcolor Info: Model `Hsb' substituted by `hsb' on input line 1367.
Package xcolor Info: Model `tHsb' substituted by `hsb' on input line 1368.
Package xcolor Info: Model `HSB' substituted by `hsb' on input line 1369.
Package xcolor Info: Model `Gray' substituted by `gray' on input line 1370.
Package xcolor Info: Model `wave' substituted by `hsb' on input line 1371.
) (/usr/local/texlive/2019/texmf-dist/tex/latex/base/inputenc.sty
Package: inputenc 2018/08/11 v1.3c Input encoding file
\inpenc@prehook=\toks20
\inpenc@posthook=\toks21
)
\sizebox=\box29
\lthtmlwrite=\write5
(/usr/local/texlive/2019/texmf-dist/tex/latex/preview/preview.sty
Package: preview 2017/04/24 11.91 (AUCTeX/preview-latex)
(/usr/local/texlive/2019/texmf-dist/tex/generic/luatex85/luatex85.sty
Package: luatex85 2016/06/15 v1.4 pdftex aliases for luatex
) (/usr/local/texlive/2019/texmf-dist/tex/latex/preview/prtightpage.def
\PreviewBorder=\dimen116
)
\pr@snippet=\count119
\pr@box=\box30
\pr@output=\toks22
)
\lthtmlPageBox=\box31
\lthtmlCropMarkHeight=\dimen117
\lthtmlCropMarkDepth=\dimen118
! Too many }'s.
l.70 ...preview}\copy\lthtmlPageBox\end{preview}}}
                                                  %
You've closed more groups than you opened.
Such booboos are generally harmless, so keep going.

(./images.aux)
\openout1 = `images.aux'.

LaTeX Font Info:    Checking defaults for OML/cmm/m/it on input line 115.
LaTeX Font Info:    ... okay on input line 115.
LaTeX Font Info:    Checking defaults for T1/cmr/m/n on input line 115.
LaTeX Font Info:    ... okay on input line 115.
LaTeX Font Info:    Checking defaults for OT1/cmr/m/n on input line 115.
LaTeX Font Info:    ... okay on input line 115.
LaTeX Font Info:    Checking defaults for OMS/cmsy/m/n on input line 115.
LaTeX Font Info:    ... okay on input line 115.
LaTeX Font Info:    Checking defaults for OMX/cmex/m/n on input line 115.
LaTeX Font Info:    ... okay on input line 115.
LaTeX Font Info:    Checking defaults for U/cmr/m/n on input line 115.
LaTeX Font Info:    ... okay on input line 115.
LaTeX Font Info:    Checking defaults for PD1/pdf/m/n on input line 115.
LaTeX Font Info:    ... okay on input line 115.
(/usr/local/texlive/2019/texmf-dist/tex/context/base/mkii/supp-pdf.mkii
[Loading MPS to PDF converter (version 2006.09.02).]
\scratchcounter=\count120
\scratchdimen=\dimen119
\scratchbox=\box32
\nofMPsegments=\count121
\nofMParguments=\count122
\everyMPshowfont=\toks23
\MPscratchCnt=\count123
\MPscratchDim=\dimen120
\MPnumerator=\count124
\makeMPintoPDFobject=\count125
\everyMPtoPDFconversion=\toks24
) (/usr/local/texlive/2019/texmf-dist/tex/latex/oberdiek/epstopdf-base.sty
Package: epstopdf-base 2016/05/15 v2.6 Base part for package epstopdf
(/usr/local/texlive/2019/texmf-dist/tex/latex/oberdiek/grfext.sty
Package: grfext 2016/05/16 v1.2 Manage graphics extensions (HO)
)
Package epstopdf-base Info: Redefining graphics rule for `.eps' on input line 4
38.
Package grfext Info: Graphics extension search list:
(grfext)             [.pdf,.png,.jpg,.mps,.jpeg,.jbig2,.jb2,.PDF,.PNG,.JPG,.JPE
G,.JBIG2,.JB2,.eps]
(grfext)             \AppendGraphicsExtensions on input line 456.
(/usr/local/texlive/2019/texmf-dist/tex/latex/latexconfig/epstopdf-sys.cfg
File: epstopdf-sys.cfg 2010/07/13 v1.3 Configuration of (r)epstopdf for TeX Liv
e
))
\AtBeginShipoutBox=\box33
Package hyperref Info: Link coloring OFF on input line 115.
(/usr/local/texlive/2019/texmf-dist/tex/latex/hyperref/nameref.sty
Package: nameref 2016/05/21 v2.44 Cross-referencing by name of section
(/usr/local/texlive/2019/texmf-dist/tex/generic/oberdiek/gettitlestring.sty
Package: gettitlestring 2016/05/16 v1.5 Cleanup title references (HO)
)
\c@section@level=\count126
)
LaTeX Info: Redefining \ref on input line 115.
LaTeX Info: Redefining \pageref on input line 115.
LaTeX Info: Redefining \nameref on input line 115.
(./images.out) (./images.out)
\@outlinefile=\write6
\openout6 = `images.out'.

Preview: Fontsize 10pt
Preview: PDFoutput 1

latex2htmlLength hsize=349.0pt

latex2htmlLength vsize=633.0pt

latex2htmlLength hoffset=0.0pt

latex2htmlLength voffset=0.0pt

latex2htmlLength topmargin=0.0pt

latex2htmlLength topskip=0.00003pt

latex2htmlLength headheight=0.0pt

latex2htmlLength headsep=0.0pt

latex2htmlLength parskip=0.0pt plus 1.0pt

latex2htmlLength oddsidemargin=62.0pt

latex2htmlLength evensidemargin=62.0pt

LaTeX Font Info:    Try loading font information for U+msa on input line 140.
(/usr/local/texlive/2019/texmf-dist/tex/latex/amsfonts/umsa.fd
File: umsa.fd 2013/01/14 v3.01 AMS symbols A
)
LaTeX Font Info:    Try loading font information for U+msb on input line 140.
(/usr/local/texlive/2019/texmf-dist/tex/latex/amsfonts/umsb.fd
File: umsb.fd 2013/01/14 v3.01 AMS symbols B
)

:tex2html_wrap_inline1588:lthtmlCropMarkHeight:=13.96227pt

:tex2html_wrap_inline1588:lthtmlCropMarkDepth:=0.83333pt:1ex:=4.30554pt
Preview: Tightpage -32891 -32891 32891 32891
[1{/usr/local/texlive/2019/texmf-var/fonts/map/pdftex/updmap/pdftex.map}]

:tex2html_wrap_inline1590:lthtmlCropMarkHeight:=12.83331pt

:tex2html_wrap_inline1590:lthtmlCropMarkDepth:=1.49998pt:1ex:=4.30554pt
[2]

:tex2html_wrap_inline1592:lthtmlCropMarkHeight:=12.83331pt

:tex2html_wrap_inline1592:lthtmlCropMarkDepth:=1.49998pt:1ex:=4.30554pt
[3]

:tex2html_wrap_inline1594:lthtmlCropMarkHeight:=10.30554pt

:tex2html_wrap_inline1594:lthtmlCropMarkDepth:=1.49998pt:1ex:=4.30554pt
[4]

:tex2html_wrap_inline1596:lthtmlCropMarkHeight:=10.30554pt

:tex2html_wrap_inline1596:lthtmlCropMarkDepth:=1.49998pt:1ex:=4.30554pt
[5]

:tex2html_wrap_inline1598:lthtmlCropMarkHeight:=14.14003pt

:tex2html_wrap_inline1598:lthtmlCropMarkDepth:=0.0pt:1ex:=4.30554pt
[6]

:tex2html_wrap_inline1600:lthtmlCropMarkHeight:=13.96227pt

:tex2html_wrap_inline1600:lthtmlCropMarkDepth:=0.0pt:1ex:=4.30554pt
[7]

:tex2html_wrap_inline1602:lthtmlCropMarkHeight:=10.30554pt

:tex2html_wrap_inline1602:lthtmlCropMarkDepth:=1.49998pt:1ex:=4.30554pt
[8]

:tex2html_wrap_inline1604:lthtmlCropMarkHeight:=12.44444pt

:tex2html_wrap_inline1604:lthtmlCropMarkDepth:=1.49998pt:1ex:=4.30554pt
[9]

:tex2html_wrap_inline1606:lthtmlCropMarkHeight:=12.83331pt

:tex2html_wrap_inline1606:lthtmlCropMarkDepth:=1.49998pt:1ex:=4.30554pt
[10]

:tex2html_wrap_inline1608:lthtmlCropMarkHeight:=12.83331pt

:tex2html_wrap_inline1608:lthtmlCropMarkDepth:=1.49998pt:1ex:=4.30554pt
[11]

:tex2html_wrap_inline1612:lthtmlCropMarkHeight:=12.83331pt

:tex2html_wrap_inline1612:lthtmlCropMarkDepth:=0.0pt:1ex:=4.30554pt
[12]

:tex2html_wrap_inline1616:lthtmlCropMarkHeight:=14.14003pt

:tex2html_wrap_inline1616:lthtmlCropMarkDepth:=0.0pt:1ex:=4.30554pt
[13]

:tex2html_wrap_inline1618:lthtmlCropMarkHeight:=12.83331pt

:tex2html_wrap_inline1618:lthtmlCropMarkDepth:=0.0pt:1ex:=4.30554pt
[14]

:tex2html_wrap_inline1622:lthtmlCropMarkHeight:=12.83331pt

:tex2html_wrap_inline1622:lthtmlCropMarkDepth:=0.0pt:1ex:=4.30554pt
[15]

:tex2html_wrap_inline1624:lthtmlCropMarkHeight:=12.83331pt

:tex2html_wrap_inline1624:lthtmlCropMarkDepth:=0.0pt:1ex:=4.30554pt
[16]

:tex2html_wrap_inline1626:lthtmlCropMarkHeight:=13.96227pt

:tex2html_wrap_inline1626:lthtmlCropMarkDepth:=0.0pt:1ex:=4.30554pt
[17]

:tex2html_wrap_inline1628:lthtmlCropMarkHeight:=13.96227pt

:tex2html_wrap_inline1628:lthtmlCropMarkDepth:=0.0pt:1ex:=4.30554pt
[18]

:tex2html_wrap_indisplay1630:lthtmlCropMarkHeight:=19.20952pt

:tex2html_wrap_indisplay1630:lthtmlCropMarkDepth:=6.85951pt:1ex:=4.30554pt
[19]

:tex2html_wrap_inline1632:lthtmlCropMarkHeight:=12.83331pt

:tex2html_wrap_inline1632:lthtmlCropMarkDepth:=1.49998pt:1ex:=4.30554pt
[20]

:tex2html_wrap_inline1634:lthtmlCropMarkHeight:=12.83331pt

:tex2html_wrap_inline1634:lthtmlCropMarkDepth:=1.49998pt:1ex:=4.30554pt
[21]

:tex2html_wrap_inline1636:lthtmlCropMarkHeight:=12.83331pt

:tex2html_wrap_inline1636:lthtmlCropMarkDepth:=1.49998pt:1ex:=4.30554pt
[22]

:tex2html_wrap_inline1638:lthtmlCropMarkHeight:=12.83331pt

:tex2html_wrap_inline1638:lthtmlCropMarkDepth:=1.49998pt:1ex:=4.30554pt
[23]

:tex2html_wrap_indisplay1642:lthtmlCropMarkHeight:=20.5001pt

:tex2html_wrap_indisplay1642:lthtmlCropMarkDepth:=9.50012pt:1ex:=4.30554pt
[24]

:tex2html_wrap_inline1644:lthtmlCropMarkHeight:=13.96227pt

:tex2html_wrap_inline1644:lthtmlCropMarkDepth:=2.5pt:1ex:=4.30554pt
[25]

:tex2html_wrap_inline1646:lthtmlCropMarkHeight:=12.83331pt

:tex2html_wrap_inline1646:lthtmlCropMarkDepth:=1.49998pt:1ex:=4.30554pt
[26]

:tex2html_wrap_inline1648:lthtmlCropMarkHeight:=12.83331pt

:tex2html_wrap_inline1648:lthtmlCropMarkDepth:=1.49998pt:1ex:=4.30554pt
[27]

:tex2html_wrap_inline1650:lthtmlCropMarkHeight:=14.14003pt

:tex2html_wrap_inline1650:lthtmlCropMarkDepth:=0.39098pt:1ex:=4.30554pt
[28]

:tex2html_wrap_inline1652:lthtmlCropMarkHeight:=13.96227pt

:tex2html_wrap_inline1652:lthtmlCropMarkDepth:=2.5pt:1ex:=4.30554pt
[29]

:tex2html_wrap_inline1654:lthtmlCropMarkHeight:=13.96227pt

:tex2html_wrap_inline1654:lthtmlCropMarkDepth:=0.0pt:1ex:=4.30554pt
[30]

:tex2html_wrap_inline1656:lthtmlCropMarkHeight:=13.96227pt

:tex2html_wrap_inline1656:lthtmlCropMarkDepth:=0.0pt:1ex:=4.30554pt
[31]

:tex2html_wrap_inline1658:lthtmlCropMarkHeight:=13.96227pt

:tex2html_wrap_inline1658:lthtmlCropMarkDepth:=0.0pt:1ex:=4.30554pt
[32]

:tex2html_wrap_inline1662:lthtmlCropMarkHeight:=13.96227pt

:tex2html_wrap_inline1662:lthtmlCropMarkDepth:=2.5pt:1ex:=4.30554pt
[33]

:tex2html_wrap_inline1672:lthtmlCropMarkHeight:=10.30554pt

:tex2html_wrap_inline1672:lthtmlCropMarkDepth:=1.49998pt:1ex:=4.30554pt
[34]

:tex2html_wrap_inline1674:lthtmlCropMarkHeight:=12.83331pt

:tex2html_wrap_inline1674:lthtmlCropMarkDepth:=1.49998pt:1ex:=4.30554pt
[35]

:tex2html_wrap_inline1676:lthtmlCropMarkHeight:=12.83331pt

:tex2html_wrap_inline1676:lthtmlCropMarkDepth:=1.49998pt:1ex:=4.30554pt
[36]

:tex2html_wrap_inline1678:lthtmlCropMarkHeight:=12.83331pt

:tex2html_wrap_inline1678:lthtmlCropMarkDepth:=1.49998pt:1ex:=4.30554pt
[37]

:tex2html_wrap_inline1698:lthtmlCropMarkHeight:=13.96227pt

:tex2html_wrap_inline1698:lthtmlCropMarkDepth:=2.5pt:1ex:=4.30554pt
[38]

:tex2html_wrap_inline1700:lthtmlCropMarkHeight:=13.5pt

:tex2html_wrap_inline1700:lthtmlCropMarkDepth:=2.5pt:1ex:=4.30554pt
[39]

:tex2html_wrap_indisplay1702:lthtmlCropMarkHeight:=14.46227pt

:tex2html_wrap_indisplay1702:lthtmlCropMarkDepth:=2.5pt:1ex:=4.30554pt
[40]

:tex2html_wrap_inline1704:lthtmlCropMarkHeight:=12.59525pt

:tex2html_wrap_inline1704:lthtmlCropMarkDepth:=1.49998pt:1ex:=4.30554pt
[41]

:tex2html_wrap_indisplay1706:lthtmlCropMarkHeight:=17.07062pt

:tex2html_wrap_indisplay1706:lthtmlCropMarkDepth:=8.3595pt:1ex:=4.30554pt
[42]

:tex2html_wrap_indisplay1710:lthtmlCropMarkHeight:=14.46227pt

:tex2html_wrap_indisplay1710:lthtmlCropMarkDepth:=2.5pt:1ex:=4.30554pt
[43]

:tex2html_wrap_indisplay1712:lthtmlCropMarkHeight:=19.59839pt

:tex2html_wrap_indisplay1712:lthtmlCropMarkDepth:=9.35951pt:1ex:=4.30554pt
[44]

:tex2html_wrap_inline1714:lthtmlCropMarkHeight:=13.5pt

:tex2html_wrap_inline1714:lthtmlCropMarkDepth:=2.5pt:1ex:=4.30554pt
[45]

:tex2html_wrap_inline1716:lthtmlCropMarkHeight:=12.83331pt

:tex2html_wrap_inline1716:lthtmlCropMarkDepth:=0.39098pt:1ex:=4.30554pt
[46]

:tex2html_wrap_indisplay1718:lthtmlCropMarkHeight:=10.8312pt

:tex2html_wrap_indisplay1718:lthtmlCropMarkDepth:=1.49998pt:1ex:=4.30554pt
[47]

:tex2html_wrap_inline1720:lthtmlCropMarkHeight:=13.5pt

:tex2html_wrap_inline1720:lthtmlCropMarkDepth:=2.5pt:1ex:=4.30554pt
[48]

:tex2html_wrap_inline1722:lthtmlCropMarkHeight:=12.83331pt

:tex2html_wrap_inline1722:lthtmlCropMarkDepth:=1.49998pt:1ex:=4.30554pt
[49]

:tex2html_wrap_inline1724:lthtmlCropMarkHeight:=13.96227pt

:tex2html_wrap_inline1724:lthtmlCropMarkDepth:=1.49998pt:1ex:=4.30554pt
[50]

:tex2html_wrap_indisplay1726:lthtmlCropMarkHeight:=20.72734pt

:tex2html_wrap_indisplay1726:lthtmlCropMarkDepth:=9.50012pt:1ex:=4.30554pt
[51]

:tex2html_wrap_inline1728:lthtmlCropMarkHeight:=10.8312pt

:tex2html_wrap_inline1728:lthtmlCropMarkDepth:=1.49998pt:1ex:=4.30554pt
[52]

:tex2html_wrap_indisplay1730:lthtmlCropMarkHeight:=20.5001pt

:tex2html_wrap_indisplay1730:lthtmlCropMarkDepth:=9.50012pt:1ex:=4.30554pt
[53]

:tex2html_wrap_inline1732:lthtmlCropMarkHeight:=12.83331pt

:tex2html_wrap_inline1732:lthtmlCropMarkDepth:=1.49998pt:1ex:=4.30554pt
[54]

:tex2html_wrap_inline1734:lthtmlCropMarkHeight:=12.83331pt

:tex2html_wrap_inline1734:lthtmlCropMarkDepth:=1.49998pt:1ex:=4.30554pt
[55]

:tex2html_wrap_inline1736:lthtmlCropMarkHeight:=14.14003pt

:tex2html_wrap_inline1736:lthtmlCropMarkDepth:=0.0pt:1ex:=4.30554pt
[56]

:tex2html_wrap_inline1738:lthtmlCropMarkHeight:=13.5pt

:tex2html_wrap_inline1738:lthtmlCropMarkDepth:=2.5pt:1ex:=4.30554pt
[57]

:tex2html_wrap_inline1740:lthtmlCropMarkHeight:=14.14003pt

:tex2html_wrap_inline1740:lthtmlCropMarkDepth:=0.0pt:1ex:=4.30554pt
[58]

:tex2html_wrap_inline1742:lthtmlCropMarkHeight:=12.83331pt

:tex2html_wrap_inline1742:lthtmlCropMarkDepth:=1.49998pt:1ex:=4.30554pt
[59]

:tex2html_wrap_inline1744:lthtmlCropMarkHeight:=12.83331pt

:tex2html_wrap_inline1744:lthtmlCropMarkDepth:=1.49998pt:1ex:=4.30554pt
[60]

:tex2html_wrap_inline1746:lthtmlCropMarkHeight:=12.83331pt

:tex2html_wrap_inline1746:lthtmlCropMarkDepth:=1.49998pt:1ex:=4.30554pt
[61]

:tex2html_wrap_inline1748:lthtmlCropMarkHeight:=12.83331pt

:tex2html_wrap_inline1748:lthtmlCropMarkDepth:=1.49998pt:1ex:=4.30554pt
[62]

:tex2html_wrap_indisplay1754:lthtmlCropMarkHeight:=20.5001pt

:tex2html_wrap_indisplay1754:lthtmlCropMarkDepth:=9.50012pt:1ex:=4.30554pt
[63]

:tex2html_wrap_inline1756:lthtmlCropMarkHeight:=13.5pt

:tex2html_wrap_inline1756:lthtmlCropMarkDepth:=2.5pt:1ex:=4.30554pt
[64]

:tex2html_wrap_indisplay1770:lthtmlCropMarkHeight:=20.5001pt

:tex2html_wrap_indisplay1770:lthtmlCropMarkDepth:=9.50012pt:1ex:=4.30554pt
[65]

:tex2html_wrap_inline1772:lthtmlCropMarkHeight:=12.83331pt

:tex2html_wrap_inline1772:lthtmlCropMarkDepth:=1.49998pt:1ex:=4.30554pt
[66]

:tex2html_wrap_inline1774:lthtmlCropMarkHeight:=13.5pt

:tex2html_wrap_inline1774:lthtmlCropMarkDepth:=2.5pt:1ex:=4.30554pt
[67]

:tex2html_wrap_inline1776:lthtmlCropMarkHeight:=13.5pt

:tex2html_wrap_inline1776:lthtmlCropMarkDepth:=2.5pt:1ex:=4.30554pt
[68]

:tex2html_wrap_indisplay1778:lthtmlCropMarkHeight:=20.5001pt

:tex2html_wrap_indisplay1778:lthtmlCropMarkDepth:=9.50012pt:1ex:=4.30554pt
[69]

:tex2html_wrap_inline1780:lthtmlCropMarkHeight:=13.5pt

:tex2html_wrap_inline1780:lthtmlCropMarkDepth:=2.5pt:1ex:=4.30554pt
[70]

:tex2html_wrap_inline1782:lthtmlCropMarkHeight:=12.83331pt

:tex2html_wrap_inline1782:lthtmlCropMarkDepth:=2.86108pt:1ex:=4.30554pt
[71]

:tex2html_wrap_inline1784:lthtmlCropMarkHeight:=12.83331pt

:tex2html_wrap_inline1784:lthtmlCropMarkDepth:=2.86108pt:1ex:=4.30554pt
[72]

:tex2html_wrap_inline1786:lthtmlCropMarkHeight:=10.8312pt

:tex2html_wrap_inline1786:lthtmlCropMarkDepth:=1.49998pt:1ex:=4.30554pt
[73]

:tex2html_wrap_inline1792:lthtmlCropMarkHeight:=13.96227pt

:tex2html_wrap_inline1792:lthtmlCropMarkDepth:=1.49998pt:1ex:=4.30554pt
[74]

:tex2html_wrap_inline1794:lthtmlCropMarkHeight:=13.96227pt

:tex2html_wrap_inline1794:lthtmlCropMarkDepth:=1.49998pt:1ex:=4.30554pt
[75]

:tex2html_wrap_indisplay1796:lthtmlCropMarkHeight:=20.26508pt

:tex2html_wrap_indisplay1796:lthtmlCropMarkDepth:=9.7206pt:1ex:=4.30554pt
[76]

:tex2html_wrap_indisplay1800:lthtmlCropMarkHeight:=20.26508pt

:tex2html_wrap_indisplay1800:lthtmlCropMarkDepth:=9.7206pt:1ex:=4.30554pt
[77]

:tex2html_wrap_indisplay1802:lthtmlCropMarkHeight:=20.5001pt

:tex2html_wrap_indisplay1802:lthtmlCropMarkDepth:=9.7206pt:1ex:=4.30554pt
[78]

:tex2html_wrap_indisplay1804:lthtmlCropMarkHeight:=19.59839pt

:tex2html_wrap_indisplay1804:lthtmlCropMarkDepth:=9.7206pt:1ex:=4.30554pt
[79]

:tex2html_wrap_indisplay1812:lthtmlCropMarkHeight:=17.07062pt

:tex2html_wrap_indisplay1812:lthtmlCropMarkDepth:=9.7206pt:1ex:=4.30554pt
[80]

:tex2html_wrap_indisplay1813:lthtmlCropMarkHeight:=19.59839pt

:tex2html_wrap_indisplay1813:lthtmlCropMarkDepth:=8.3595pt:1ex:=4.30554pt
[81]

:tex2html_wrap_inline1815:lthtmlCropMarkHeight:=12.83331pt

:tex2html_wrap_inline1815:lthtmlCropMarkDepth:=1.49998pt:1ex:=4.30554pt
[82]

:tex2html_wrap_inline1819:lthtmlCropMarkHeight:=10.30554pt

:tex2html_wrap_inline1819:lthtmlCropMarkDepth:=1.49998pt:1ex:=4.30554pt
[83]

:tex2html_wrap_indisplay1825:lthtmlCropMarkHeight:=20.72734pt

:tex2html_wrap_indisplay1825:lthtmlCropMarkDepth:=9.7206pt:1ex:=4.30554pt
[84]

:tex2html_wrap_indisplay1829:lthtmlCropMarkHeight:=19.59839pt

:tex2html_wrap_indisplay1829:lthtmlCropMarkDepth:=9.7206pt:1ex:=4.30554pt
[85]

:tex2html_wrap_indisplay1832:lthtmlCropMarkHeight:=12.59525pt

:tex2html_wrap_indisplay1832:lthtmlCropMarkDepth:=1.49998pt:1ex:=4.30554pt
[86]

:tex2html_wrap_indisplay1834:lthtmlCropMarkHeight:=9.66875pt

:tex2html_wrap_indisplay1834:lthtmlCropMarkDepth:=0.0pt:1ex:=4.30554pt
[87]

:tex2html_wrap_indisplay1836:lthtmlCropMarkHeight:=20.72734pt

:tex2html_wrap_indisplay1836:lthtmlCropMarkDepth:=9.7206pt:1ex:=4.30554pt
[88]

:tex2html_wrap_indisplay1840:lthtmlCropMarkHeight:=20.26508pt

:tex2html_wrap_indisplay1840:lthtmlCropMarkDepth:=9.7206pt:1ex:=4.30554pt
[89]

:tex2html_wrap_indisplay1846:lthtmlCropMarkHeight:=20.26508pt

:tex2html_wrap_indisplay1846:lthtmlCropMarkDepth:=7.69284pt:1ex:=4.30554pt
[90]

:tex2html_wrap_indisplay1852:lthtmlCropMarkHeight:=20.72734pt

:tex2html_wrap_indisplay1852:lthtmlCropMarkDepth:=9.7206pt:1ex:=4.30554pt
[91]

:tex2html_wrap_inline1854:lthtmlCropMarkHeight:=13.96227pt

:tex2html_wrap_inline1854:lthtmlCropMarkDepth:=2.86108pt:1ex:=4.30554pt
[92]

:tex2html_wrap_indisplay1856:lthtmlCropMarkHeight:=20.5001pt

:tex2html_wrap_indisplay1856:lthtmlCropMarkDepth:=9.7206pt:1ex:=4.30554pt
[93]

:tex2html_wrap_indisplay1860:lthtmlCropMarkHeight:=20.72734pt

:tex2html_wrap_indisplay1860:lthtmlCropMarkDepth:=9.7206pt:1ex:=4.30554pt
[94]

:tex2html_wrap_indisplay1864:lthtmlCropMarkHeight:=20.5001pt

:tex2html_wrap_indisplay1864:lthtmlCropMarkDepth:=9.7206pt:1ex:=4.30554pt
[95]

:tex2html_wrap_indisplay1867:lthtmlCropMarkHeight:=10.30554pt

:tex2html_wrap_indisplay1867:lthtmlCropMarkDepth:=1.49998pt:1ex:=4.30554pt
[96]

:tex2html_wrap_indisplay1871:lthtmlCropMarkHeight:=20.5001pt

:tex2html_wrap_indisplay1871:lthtmlCropMarkDepth:=9.7206pt:1ex:=4.30554pt
[97]

:tex2html_wrap_indisplay1875:lthtmlCropMarkHeight:=19.59839pt

:tex2html_wrap_indisplay1875:lthtmlCropMarkDepth:=9.7206pt:1ex:=4.30554pt
[98]

:tex2html_wrap_indisplay1878:lthtmlCropMarkHeight:=12.83331pt

:tex2html_wrap_indisplay1878:lthtmlCropMarkDepth:=1.49998pt:1ex:=4.30554pt
[99]

:tex2html_wrap_indisplay1882:lthtmlCropMarkHeight:=20.26508pt

:tex2html_wrap_indisplay1882:lthtmlCropMarkDepth:=9.7206pt:1ex:=4.30554pt
[100]

:tex2html_wrap_indisplay1884:lthtmlCropMarkHeight:=10.8312pt

:tex2html_wrap_indisplay1884:lthtmlCropMarkDepth:=0.0pt:1ex:=4.30554pt
[101]

:tex2html_wrap_indisplay1886:lthtmlCropMarkHeight:=20.5001pt

:tex2html_wrap_indisplay1886:lthtmlCropMarkDepth:=9.50012pt:1ex:=4.30554pt
[102]

:tex2html_wrap_inline1890:lthtmlCropMarkHeight:=12.83331pt

:tex2html_wrap_inline1890:lthtmlCropMarkDepth:=2.86108pt:1ex:=4.30554pt
[103]

:tex2html_wrap_indisplay1892:lthtmlCropMarkHeight:=19.59839pt

:tex2html_wrap_indisplay1892:lthtmlCropMarkDepth:=8.3595pt:1ex:=4.30554pt
[104]

:tex2html_wrap_indisplay1894:lthtmlCropMarkHeight:=12.83331pt

:tex2html_wrap_indisplay1894:lthtmlCropMarkDepth:=1.49998pt:1ex:=4.30554pt
[105]

:tex2html_wrap_indisplay1896:lthtmlCropMarkHeight:=20.5001pt

:tex2html_wrap_indisplay1896:lthtmlCropMarkDepth:=9.50012pt:1ex:=4.30554pt
[106]

:tex2html_wrap_indisplay1898:lthtmlCropMarkHeight:=19.59839pt

:tex2html_wrap_indisplay1898:lthtmlCropMarkDepth:=8.3595pt:1ex:=4.30554pt
[107]

:tex2html_wrap_indisplay1900:lthtmlCropMarkHeight:=20.5001pt

:tex2html_wrap_indisplay1900:lthtmlCropMarkDepth:=9.7206pt:1ex:=4.30554pt
[108]

:tex2html_wrap_indisplay1902:lthtmlCropMarkHeight:=20.5001pt

:tex2html_wrap_indisplay1902:lthtmlCropMarkDepth:=9.50012pt:1ex:=4.30554pt
[109]

:tex2html_wrap_inline1904:lthtmlCropMarkHeight:=12.83331pt

:tex2html_wrap_inline1904:lthtmlCropMarkDepth:=1.49998pt:1ex:=4.30554pt
[110]

:tex2html_wrap_inline1910:lthtmlCropMarkHeight:=12.83331pt

:tex2html_wrap_inline1910:lthtmlCropMarkDepth:=2.86108pt:1ex:=4.30554pt
[111]

:tex2html_wrap_inline1912:lthtmlCropMarkHeight:=12.83331pt

:tex2html_wrap_inline1912:lthtmlCropMarkDepth:=1.49998pt:1ex:=4.30554pt
[112]

:tex2html_wrap_inline1914:lthtmlCropMarkHeight:=12.83331pt

:tex2html_wrap_inline1914:lthtmlCropMarkDepth:=1.49998pt:1ex:=4.30554pt
[113]

:tex2html_wrap_inline1916:lthtmlCropMarkHeight:=13.5pt

:tex2html_wrap_inline1916:lthtmlCropMarkDepth:=2.5pt:1ex:=4.30554pt
[114]

:tex2html_wrap_inline1919:lthtmlCropMarkHeight:=13.96227pt

:tex2html_wrap_inline1919:lthtmlCropMarkDepth:=2.5pt:1ex:=4.30554pt
[115]

:tex2html_wrap_inline1921:lthtmlCropMarkHeight:=12.83331pt

:tex2html_wrap_inline1921:lthtmlCropMarkDepth:=0.83333pt:1ex:=4.30554pt
[116]

:tex2html_wrap_inline1923:lthtmlCropMarkHeight:=12.83331pt

:tex2html_wrap_inline1923:lthtmlCropMarkDepth:=0.0pt:1ex:=4.30554pt
[117]

:tex2html_wrap_inline1925:lthtmlCropMarkHeight:=13.96227pt

:tex2html_wrap_inline1925:lthtmlCropMarkDepth:=2.5pt:1ex:=4.30554pt
[118]

:tex2html_wrap_inline1927:lthtmlCropMarkHeight:=13.96227pt

:tex2html_wrap_inline1927:lthtmlCropMarkDepth:=0.0pt:1ex:=4.30554pt
[119]

:tex2html_wrap_inline1929:lthtmlCropMarkHeight:=13.96227pt

:tex2html_wrap_inline1929:lthtmlCropMarkDepth:=0.0pt:1ex:=4.30554pt
[120]

:tex2html_wrap_inline1931:lthtmlCropMarkHeight:=13.96227pt

:tex2html_wrap_inline1931:lthtmlCropMarkDepth:=0.0pt:1ex:=4.30554pt
[121]

:tex2html_wrap_indisplay1933:lthtmlCropMarkHeight:=14.46227pt

:tex2html_wrap_indisplay1933:lthtmlCropMarkDepth:=1.49998pt:1ex:=4.30554pt
[122]

:tex2html_wrap_inline1935:lthtmlCropMarkHeight:=12.83331pt

:tex2html_wrap_inline1935:lthtmlCropMarkDepth:=1.49998pt:1ex:=4.30554pt
[123]

:tex2html_wrap_inline1939:lthtmlCropMarkHeight:=13.96227pt

:tex2html_wrap_inline1939:lthtmlCropMarkDepth:=0.0pt:1ex:=4.30554pt
[124]

:tex2html_wrap_indisplay1943:lthtmlCropMarkHeight:=19.59839pt

:tex2html_wrap_indisplay1943:lthtmlCropMarkDepth:=9.7206pt:1ex:=4.30554pt
[125]

:tex2html_wrap_indisplay1944:lthtmlCropMarkHeight:=19.59839pt

:tex2html_wrap_indisplay1944:lthtmlCropMarkDepth:=8.3595pt:1ex:=4.30554pt
[126]

:tex2html_wrap_inline1946:lthtmlCropMarkHeight:=12.83331pt

:tex2html_wrap_inline1946:lthtmlCropMarkDepth:=1.49998pt:1ex:=4.30554pt
[127]

:tex2html_wrap_inline1948:lthtmlCropMarkHeight:=12.83331pt

:tex2html_wrap_inline1948:lthtmlCropMarkDepth:=1.49998pt:1ex:=4.30554pt
[128]

:tex2html_wrap_inline1950:lthtmlCropMarkHeight:=12.83331pt

:tex2html_wrap_inline1950:lthtmlCropMarkDepth:=1.49998pt:1ex:=4.30554pt
[129]

:tex2html_wrap_inline1952:lthtmlCropMarkHeight:=12.83331pt

:tex2html_wrap_inline1952:lthtmlCropMarkDepth:=1.49998pt:1ex:=4.30554pt
[130]

:tex2html_wrap_indisplay1954:lthtmlCropMarkHeight:=20.26508pt

:tex2html_wrap_indisplay1954:lthtmlCropMarkDepth:=9.35951pt:1ex:=4.30554pt
[131]

:tex2html_wrap_inline1956:lthtmlCropMarkHeight:=12.83331pt

:tex2html_wrap_inline1956:lthtmlCropMarkDepth:=1.49998pt:1ex:=4.30554pt
[132]

:tex2html_wrap_indisplay1958:lthtmlCropMarkHeight:=19.59839pt

:tex2html_wrap_indisplay1958:lthtmlCropMarkDepth:=9.7206pt:1ex:=4.30554pt
[133]

:tex2html_wrap_indisplay1959:lthtmlCropMarkHeight:=20.5001pt

:tex2html_wrap_indisplay1959:lthtmlCropMarkDepth:=9.50012pt:1ex:=4.30554pt
[134]

:tex2html_wrap_indisplay1963:lthtmlCropMarkHeight:=22.51393pt

:tex2html_wrap_indisplay1963:lthtmlCropMarkDepth:=13.02782pt:1ex:=4.30554pt
[135]

:tex2html_wrap_indisplay1964:lthtmlCropMarkHeight:=22.51393pt

:tex2html_wrap_indisplay1964:lthtmlCropMarkDepth:=13.02782pt:1ex:=4.30554pt
[136]

:tex2html_wrap_indisplay1966:lthtmlCropMarkHeight:=20.5001pt

:tex2html_wrap_indisplay1966:lthtmlCropMarkDepth:=9.50012pt:1ex:=4.30554pt
[137]

:tex2html_wrap_inline1968:lthtmlCropMarkHeight:=13.96227pt

:tex2html_wrap_inline1968:lthtmlCropMarkDepth:=0.0pt:1ex:=4.30554pt
[138]

:tex2html_wrap_indisplay1974:lthtmlCropMarkHeight:=19.59839pt

:tex2html_wrap_indisplay1974:lthtmlCropMarkDepth:=8.3595pt:1ex:=4.30554pt
[139]

:tex2html_wrap_indisplay1975:lthtmlCropMarkHeight:=20.5001pt

:tex2html_wrap_indisplay1975:lthtmlCropMarkDepth:=9.50012pt:1ex:=4.30554pt
[140]

:tex2html_wrap_indisplay1977:lthtmlCropMarkHeight:=19.59839pt

:tex2html_wrap_indisplay1977:lthtmlCropMarkDepth:=8.3595pt:1ex:=4.30554pt
[141]

:tex2html_wrap_indisplay1979:lthtmlCropMarkHeight:=20.5001pt

:tex2html_wrap_indisplay1979:lthtmlCropMarkDepth:=9.50012pt:1ex:=4.30554pt
[142]

:tex2html_wrap_inline1981:lthtmlCropMarkHeight:=12.83331pt

:tex2html_wrap_inline1981:lthtmlCropMarkDepth:=1.49998pt:1ex:=4.30554pt
[143]

:tex2html_wrap_inline1983:lthtmlCropMarkHeight:=12.83331pt

:tex2html_wrap_inline1983:lthtmlCropMarkDepth:=1.49998pt:1ex:=4.30554pt
[144]

:tex2html_wrap_indisplay1985:lthtmlCropMarkHeight:=20.5001pt

:tex2html_wrap_indisplay1985:lthtmlCropMarkDepth:=9.50012pt:1ex:=4.30554pt
[145]

:tex2html_wrap_inline1987:lthtmlCropMarkHeight:=13.5pt

:tex2html_wrap_inline1987:lthtmlCropMarkDepth:=2.5pt:1ex:=4.30554pt
[146]

:tex2html_wrap_indisplay1989:lthtmlCropMarkHeight:=14.01782pt

:tex2html_wrap_indisplay1989:lthtmlCropMarkDepth:=2.47217pt:1ex:=4.30554pt
[147]

:tex2html_wrap_indisplay1991:lthtmlCropMarkHeight:=19.59839pt

:tex2html_wrap_indisplay1991:lthtmlCropMarkDepth:=8.3595pt:1ex:=4.30554pt
[148]

:tex2html_wrap_inline1995:lthtmlCropMarkHeight:=12.83331pt

:tex2html_wrap_inline1995:lthtmlCropMarkDepth:=1.49998pt:1ex:=4.30554pt
[149]

:tex2html_wrap_inline1997:lthtmlCropMarkHeight:=10.30554pt

:tex2html_wrap_inline1997:lthtmlCropMarkDepth:=1.49998pt:1ex:=4.30554pt
[150]

:tex2html_wrap_inline1999:lthtmlCropMarkHeight:=12.83331pt

:tex2html_wrap_inline1999:lthtmlCropMarkDepth:=1.49998pt:1ex:=4.30554pt
[151]

:tex2html_wrap_inline2001:lthtmlCropMarkHeight:=13.96227pt

:tex2html_wrap_inline2001:lthtmlCropMarkDepth:=2.5pt:1ex:=4.30554pt
[152]

:tex2html_wrap_inline2003:lthtmlCropMarkHeight:=13.96227pt

:tex2html_wrap_inline2003:lthtmlCropMarkDepth:=2.5pt:1ex:=4.30554pt
[153]

:tex2html_wrap_indisplay2005:lthtmlCropMarkHeight:=19.59839pt

:tex2html_wrap_indisplay2005:lthtmlCropMarkDepth:=8.3595pt:1ex:=4.30554pt
[154]

:tex2html_wrap_inline2007:lthtmlCropMarkHeight:=10.30554pt

:tex2html_wrap_inline2007:lthtmlCropMarkDepth:=1.49998pt:1ex:=4.30554pt
[155]

:tex2html_wrap_inline2009:lthtmlCropMarkHeight:=12.83331pt

:tex2html_wrap_inline2009:lthtmlCropMarkDepth:=2.49998pt:1ex:=4.30554pt
[156]

:tex2html_wrap_inline2011:lthtmlCropMarkHeight:=11.83333pt

:tex2html_wrap_inline2011:lthtmlCropMarkDepth:=1.49998pt:1ex:=4.30554pt
[157]

:tex2html_wrap_indisplay2013:lthtmlCropMarkHeight:=14.46227pt

:tex2html_wrap_indisplay2013:lthtmlCropMarkDepth:=2.5pt:1ex:=4.30554pt
[158]

:tex2html_wrap_indisplay2014:lthtmlCropMarkHeight:=17.07062pt

:tex2html_wrap_indisplay2014:lthtmlCropMarkDepth:=8.3595pt:1ex:=4.30554pt
[159]

:tex2html_wrap_inline2018:lthtmlCropMarkHeight:=13.5pt

:tex2html_wrap_inline2018:lthtmlCropMarkDepth:=2.5pt:1ex:=4.30554pt
[160]

:tex2html_wrap_inline2026:lthtmlCropMarkHeight:=12.83331pt

:tex2html_wrap_inline2026:lthtmlCropMarkDepth:=1.49998pt:1ex:=4.30554pt
[161]

:tex2html_wrap_inline2028:lthtmlCropMarkHeight:=12.83331pt

:tex2html_wrap_inline2028:lthtmlCropMarkDepth:=1.49998pt:1ex:=4.30554pt
[162]

:tex2html_wrap_inline2030:lthtmlCropMarkHeight:=12.83331pt

:tex2html_wrap_inline2030:lthtmlCropMarkDepth:=1.49998pt:1ex:=4.30554pt
[163]

:tex2html_wrap_indisplay2032:lthtmlCropMarkHeight:=20.5001pt

:tex2html_wrap_indisplay2032:lthtmlCropMarkDepth:=9.50012pt:1ex:=4.30554pt
[164]

:tex2html_wrap_inline2034:lthtmlCropMarkHeight:=12.83331pt

:tex2html_wrap_inline2034:lthtmlCropMarkDepth:=1.49998pt:1ex:=4.30554pt
[165]

:tex2html_wrap_inline2036:lthtmlCropMarkHeight:=12.83331pt

:tex2html_wrap_inline2036:lthtmlCropMarkDepth:=1.49998pt:1ex:=4.30554pt
[166]

:tex2html_wrap_indisplay2038:lthtmlCropMarkHeight:=20.5001pt

:tex2html_wrap_indisplay2038:lthtmlCropMarkDepth:=9.50012pt:1ex:=4.30554pt
[167]

:tex2html_wrap_inline2040:lthtmlCropMarkHeight:=12.83331pt

:tex2html_wrap_inline2040:lthtmlCropMarkDepth:=1.49998pt:1ex:=4.30554pt
[168]

:tex2html_wrap_inline2042:lthtmlCropMarkHeight:=12.83331pt

:tex2html_wrap_inline2042:lthtmlCropMarkDepth:=1.49998pt:1ex:=4.30554pt
[169]

:tex2html_wrap_indisplay2044:lthtmlCropMarkHeight:=20.5001pt

:tex2html_wrap_indisplay2044:lthtmlCropMarkDepth:=9.50012pt:1ex:=4.30554pt
[170]

:tex2html_wrap_inline2046:lthtmlCropMarkHeight:=12.83331pt

:tex2html_wrap_inline2046:lthtmlCropMarkDepth:=1.49998pt:1ex:=4.30554pt
[171]

:tex2html_wrap_inline2050:lthtmlCropMarkHeight:=12.83331pt

:tex2html_wrap_inline2050:lthtmlCropMarkDepth:=1.49998pt:1ex:=4.30554pt
[172]

:tex2html_wrap_indisplay2052:lthtmlCropMarkHeight:=20.5001pt

:tex2html_wrap_indisplay2052:lthtmlCropMarkDepth:=9.50012pt:1ex:=4.30554pt
[173]

:tex2html_wrap_inline2054:lthtmlCropMarkHeight:=12.83331pt

:tex2html_wrap_inline2054:lthtmlCropMarkDepth:=2.86108pt:1ex:=4.30554pt
[174]

:tex2html_wrap_inline2056:lthtmlCropMarkHeight:=12.83331pt

:tex2html_wrap_inline2056:lthtmlCropMarkDepth:=2.86108pt:1ex:=4.30554pt
[175]

:tex2html_wrap_inline2058:lthtmlCropMarkHeight:=12.83331pt

:tex2html_wrap_inline2058:lthtmlCropMarkDepth:=1.49998pt:1ex:=4.30554pt
[176]

:tex2html_wrap_inline2060:lthtmlCropMarkHeight:=12.83331pt

:tex2html_wrap_inline2060:lthtmlCropMarkDepth:=2.86108pt:1ex:=4.30554pt
[177]

:tex2html_wrap_indisplay2062:lthtmlCropMarkHeight:=19.59839pt

:tex2html_wrap_indisplay2062:lthtmlCropMarkDepth:=8.3595pt:1ex:=4.30554pt
[178]

:tex2html_wrap_indisplay2063:lthtmlCropMarkHeight:=20.5001pt

:tex2html_wrap_indisplay2063:lthtmlCropMarkDepth:=9.50012pt:1ex:=4.30554pt
[179]

:tex2html_wrap_inline2065:lthtmlCropMarkHeight:=12.83331pt

:tex2html_wrap_inline2065:lthtmlCropMarkDepth:=2.86108pt:1ex:=4.30554pt
[180]

:tex2html_wrap_inline2067:lthtmlCropMarkHeight:=12.83331pt

:tex2html_wrap_inline2067:lthtmlCropMarkDepth:=1.49998pt:1ex:=4.30554pt
[181]

:tex2html_wrap_indisplay2071:lthtmlCropMarkHeight:=20.5001pt

:tex2html_wrap_indisplay2071:lthtmlCropMarkDepth:=9.50012pt:1ex:=4.30554pt
[182]

:tex2html_wrap_indisplay2072:lthtmlCropMarkHeight:=19.59839pt

:tex2html_wrap_indisplay2072:lthtmlCropMarkDepth:=8.3595pt:1ex:=4.30554pt
[183]

:tex2html_wrap_inline2074:lthtmlCropMarkHeight:=12.83331pt

:tex2html_wrap_inline2074:lthtmlCropMarkDepth:=1.49998pt:1ex:=4.30554pt
[184]

:tex2html_wrap_indisplay2080:lthtmlCropMarkHeight:=20.5001pt

:tex2html_wrap_indisplay2080:lthtmlCropMarkDepth:=9.50012pt:1ex:=4.30554pt
[185]

:tex2html_wrap_indisplay2082:lthtmlCropMarkHeight:=20.5001pt

:tex2html_wrap_indisplay2082:lthtmlCropMarkDepth:=9.50012pt:1ex:=4.30554pt
[186]

:tex2html_wrap_inline2086:lthtmlCropMarkHeight:=12.83331pt

:tex2html_wrap_inline2086:lthtmlCropMarkDepth:=1.49998pt:1ex:=4.30554pt
[187]

:tex2html_wrap_inline2088:lthtmlCropMarkHeight:=13.5pt

:tex2html_wrap_inline2088:lthtmlCropMarkDepth:=2.5pt:1ex:=4.30554pt
[188]

:tex2html_wrap_indisplay2090:lthtmlCropMarkHeight:=20.5001pt

:tex2html_wrap_indisplay2090:lthtmlCropMarkDepth:=9.50012pt:1ex:=4.30554pt
[189]

:tex2html_wrap_inline2092:lthtmlCropMarkHeight:=13.51782pt

:tex2html_wrap_inline2092:lthtmlCropMarkDepth:=2.4821pt:1ex:=4.30554pt
[190]

:tex2html_wrap_inline2094:lthtmlCropMarkHeight:=13.51782pt

:tex2html_wrap_inline2094:lthtmlCropMarkDepth:=2.4821pt:1ex:=4.30554pt
[191]

:tex2html_wrap_inline2096:lthtmlCropMarkHeight:=12.83331pt

:tex2html_wrap_inline2096:lthtmlCropMarkDepth:=2.86108pt:1ex:=4.30554pt
[192]

:tex2html_wrap_indisplay2104:lthtmlCropMarkHeight:=20.2829pt

:tex2html_wrap_indisplay2104:lthtmlCropMarkDepth:=9.7206pt:1ex:=4.30554pt
[193]

:tex2html_wrap_indisplay2106:lthtmlCropMarkHeight:=20.5001pt

:tex2html_wrap_indisplay2106:lthtmlCropMarkDepth:=9.50012pt:1ex:=4.30554pt
[194]

:tex2html_wrap_indisplay2108:lthtmlCropMarkHeight:=20.5001pt

:tex2html_wrap_indisplay2108:lthtmlCropMarkDepth:=9.50012pt:1ex:=4.30554pt
[195]

:tex2html_wrap_inline2112:lthtmlCropMarkHeight:=12.94444pt

:tex2html_wrap_inline2112:lthtmlCropMarkDepth:=2.86108pt:1ex:=4.30554pt
[196]

:tex2html_wrap_inline2114:lthtmlCropMarkHeight:=12.83331pt

:tex2html_wrap_inline2114:lthtmlCropMarkDepth:=1.49998pt:1ex:=4.30554pt
[197]

:tex2html_wrap_inline2116:lthtmlCropMarkHeight:=12.83331pt

:tex2html_wrap_inline2116:lthtmlCropMarkDepth:=1.49998pt:1ex:=4.30554pt
[198]

:tex2html_wrap_inline2118:lthtmlCropMarkHeight:=12.83331pt

:tex2html_wrap_inline2118:lthtmlCropMarkDepth:=1.49998pt:1ex:=4.30554pt
[199]

:tex2html_wrap_inline2130:lthtmlCropMarkHeight:=12.83331pt

:tex2html_wrap_inline2130:lthtmlCropMarkDepth:=1.49998pt:1ex:=4.30554pt
[200]
! Missing $ inserted.
<inserted text> 
                $
l.1392 \lthtmldisplayZ
                      
I've inserted a begin-math/end-math symbol since I think
you left one out. Proceed, with fingers crossed.

! Missing $ inserted.
<inserted text> 
                $
l.1392 \lthtmldisplayZ
                      
I've inserted something that you may have forgotten.
(See the <inserted text> above.)
With luck, this will get me unwedged. But if you
really didn't forget anything, try typing `2' now; then
my insertion and my current dilemma will both disappear.


! LaTeX Error: Bad math environment delimiter.

See the LaTeX manual or LaTeX Companion for explanation.
Type  H <return>  for immediate help.
 ...                                              
                                                  
l.1392 \lthtmldisplayZ
                      
Your command was ignored.
Type  I <command> <return>  to replace it with another command,
or  <return>  to continue without it.


:displaymath2132:lthtmlCropMarkHeight:=27.29999pt

:displaymath2132:lthtmlCropMarkDepth:=16.29999pt:1ex:=4.30554pt
[201]

:tex2html_wrap_inline2134:lthtmlCropMarkHeight:=13.96227pt

:tex2html_wrap_inline2134:lthtmlCropMarkDepth:=0.0pt:1ex:=4.30554pt
[202]

:tex2html_wrap_inline2136:lthtmlCropMarkHeight:=12.59525pt

:tex2html_wrap_inline2136:lthtmlCropMarkDepth:=1.49998pt:1ex:=4.30554pt
[203]

:tex2html_wrap_indisplay2138:lthtmlCropMarkHeight:=19.70952pt

:tex2html_wrap_indisplay2138:lthtmlCropMarkDepth:=6.85951pt:1ex:=4.30554pt
[204]

:tex2html_wrap_indisplay2139:lthtmlCropMarkHeight:=19.61122pt

:tex2html_wrap_indisplay2139:lthtmlCropMarkDepth:=8.61124pt:1ex:=4.30554pt
[205]

:tex2html_wrap_inline2141:lthtmlCropMarkHeight:=18.00206pt

:tex2html_wrap_inline2141:lthtmlCropMarkDepth:=0.0pt:1ex:=4.30554pt
[206]

:tex2html_wrap_indisplay2143:lthtmlCropMarkHeight:=20.26508pt

:tex2html_wrap_indisplay2143:lthtmlCropMarkDepth:=9.35951pt:1ex:=4.30554pt
[207]

:tex2html_wrap_indisplay2145:lthtmlCropMarkHeight:=19.70952pt

:tex2html_wrap_indisplay2145:lthtmlCropMarkDepth:=6.85951pt:1ex:=4.30554pt
[208]

:tex2html_wrap_indisplay2146:lthtmlCropMarkHeight:=19.70952pt

:tex2html_wrap_indisplay2146:lthtmlCropMarkDepth:=6.85951pt:1ex:=4.30554pt
[209]

:tex2html_wrap_indisplay2148:lthtmlCropMarkHeight:=20.26508pt

:tex2html_wrap_indisplay2148:lthtmlCropMarkDepth:=9.35951pt:1ex:=4.30554pt
[210]

:tex2html_wrap_indisplay2150:lthtmlCropMarkHeight:=19.70952pt

:tex2html_wrap_indisplay2150:lthtmlCropMarkDepth:=8.61124pt:1ex:=4.30554pt
[211]

:tex2html_wrap_inline2152:lthtmlCropMarkHeight:=13.5pt

:tex2html_wrap_inline2152:lthtmlCropMarkDepth:=2.5pt:1ex:=4.30554pt
[212]

:tex2html_wrap_indisplay2160:lthtmlCropMarkHeight:=20.72734pt

:tex2html_wrap_indisplay2160:lthtmlCropMarkDepth:=8.3595pt:1ex:=4.30554pt
[213]

:tex2html_wrap_indisplay2162:lthtmlCropMarkHeight:=13.5pt

:tex2html_wrap_indisplay2162:lthtmlCropMarkDepth:=2.5pt:1ex:=4.30554pt
[214]

:tex2html_wrap_inline2164:lthtmlCropMarkHeight:=12.83331pt

:tex2html_wrap_inline2164:lthtmlCropMarkDepth:=1.94444pt:1ex:=4.30554pt
[215]

:tex2html_wrap_inline2166:lthtmlCropMarkHeight:=12.94444pt

:tex2html_wrap_inline2166:lthtmlCropMarkDepth:=1.94444pt:1ex:=4.30554pt
[216]
Package atveryend Info: Empty hook `BeforeClearDocument' on input line 1489.
Package atveryend Info: Empty hook `AfterLastShipout' on input line 1489.
(./images.aux)
Package atveryend Info: Executing hook `AtVeryEndDocument' on input line 1489.
Package atveryend Info: Executing hook `AtEndAfterFileList' on input line 1489.

Package rerunfilecheck Info: File `images.out' has not changed.
(rerunfilecheck)             Checksum: D41D8CD98F00B204E9800998ECF8427E;0.
Package atveryend Info: Empty hook `AtVeryVeryEnd' on input line 1489.
 ) 
Here is how much of TeX's memory you used:
 6745 strings out of 492616
 95291 string characters out of 6129481
 191366 words of memory out of 5000000
 10600 multiletter control sequences out of 15000+600000
 5339 words of font info for 22 fonts, out of 8000000 for 9000
 1141 hyphenation exceptions out of 8191
 35i,8n,35p,253b,341s stack positions out of 5000i,500n,10000p,200000b,80000s
</usr/local/texlive/2019/texmf-dist/fonts/type1/public/amsfonts/cm/cmex10.pfb
></usr/local/texlive/2019/texmf-dist/fonts/type1/public/amsfonts/cm/cmmi10.pfb>
</usr/local/texlive/2019/texmf-dist/fonts/type1/public/amsfonts/cm/cmmi5.pfb></
usr/local/texlive/2019/texmf-dist/fonts/type1/public/amsfonts/cm/cmmi7.pfb></us
r/local/texlive/2019/texmf-dist/fonts/type1/public/amsfonts/cm/cmr10.pfb></usr/
local/texlive/2019/texmf-dist/fonts/type1/public/amsfonts/cm/cmr5.pfb></usr/loc
al/texlive/2019/texmf-dist/fonts/type1/public/amsfonts/cm/cmr7.pfb></usr/local/
texlive/2019/texmf-dist/fonts/type1/public/amsfonts/cm/cmsy10.pfb></usr/local/t
exlive/2019/texmf-dist/fonts/type1/public/amsfonts/cm/cmsy7.pfb>
Output written on images.pdf (216 pages, 154223 bytes).
PDF statistics:
 737 PDF objects out of 1000 (max. 8388607)
 504 compressed objects within 6 object streams
 0 named destinations out of 1000 (max. 500000)
 1 words of extra memory for PDF output out of 10000 (max. 10000000)

