This is pdfTeX, Version 3.14159265-2.6-1.40.15 (TeX Live 2014) (preloaded format=latex 2014.5.25)  11 OCT 2018 14:45
entering extended mode
 restricted \write18 enabled.
 %&-line parsing enabled.
**./images.tex
(./images.tex
LaTeX2e <2014/05/01>
Babel <3.9k> and hyphenation patterns for 78 languages loaded.

(/usr/local/texlive/2014/texmf-dist/tex/latex/base/latex209.def
File: latex209.def 1998/05/13 v0.52 Standard LaTeX file

          Entering LaTeX 2.09 COMPATIBILITY MODE
 *************************************************************
    !!WARNING!!    !!WARNING!!    !!WARNING!!    !!WARNING!!   
 
 This mode attempts to provide an emulation of the LaTeX 2.09
 author environment so that OLD documents can be successfully
 processed. It should NOT be used for NEW documents!
 
 New documents should use Standard LaTeX conventions and start
 with the \documentclass command.
 
 Compatibility mode is UNLIKELY TO WORK with LaTeX 2.09 style
 files that change any internal macros, especially not with
 those that change the FONT SELECTION or OUTPUT ROUTINES.
 
 Therefore such style files MUST BE UPDATED to use
          Current Standard LaTeX: LaTeX2e.
 If you suspect that you may be using such a style file, which
 is probably very, very old by now, then you should attempt to
 get it updated by sending a copy of this error message to the
 author of that file.
 *************************************************************

\footheight=\dimen102
\@maxsep=\dimen103
\@dblmaxsep=\dimen104
\@cla=\count79
\@clb=\count80
\mscount=\count81
(/usr/local/texlive/2014/texmf-dist/tex/latex/base/tracefnt.sty
Package: tracefnt 1997/05/29 v3.0j Standard LaTeX package (font tracing)
\tracingfonts=\count82
LaTeX Info: Redefining \selectfont on input line 101.
)
\symbold=\mathgroup4
\symsans=\mathgroup5
\symtypewriter=\mathgroup6
\symitalic=\mathgroup7
\symsmallcaps=\mathgroup8
\symslanted=\mathgroup9
LaTeX Font Info:    Redeclaring math alphabet \mathbf on input line 293.
LaTeX Font Info:    Redeclaring math alphabet \mathsf on input line 294.
LaTeX Font Info:    Redeclaring math alphabet \mathtt on input line 295.
LaTeX Font Info:    Redeclaring math alphabet \mathit on input line 301.
LaTeX Info: Redefining \em on input line 311.
(/usr/local/texlive/2014/texmf-dist/tex/latex/base/latexsym.sty
Package: latexsym 1998/08/17 v2.2e Standard LaTeX package (lasy symbols)
\symlasy=\mathgroup10
LaTeX Font Info:    Overwriting symbol font `lasy' in version `bold'
(Font)                  U/lasy/m/n --> U/lasy/b/n on input line 47.
)
LaTeX Font Info:    Redeclaring math delimiter \lgroup on input line 375.
LaTeX Font Info:    Redeclaring math delimiter \rgroup on input line 377.
LaTeX Font Info:    Redeclaring math delimiter \bracevert on input line 379.
) (/usr/local/texlive/2014/texmf-dist/tex/latex/base/article.cls
Document Class: article 2007/10/19 v1.4h Standard LaTeX document class
(/usr/local/texlive/2014/texmf-dist/tex/latex/base/size11.clo
File: size11.clo 2007/10/19 v1.4h Standard LaTeX file (size option)
)
\c@part=\count83
\c@section=\count84
\c@subsection=\count85
\c@subsubsection=\count86
\c@paragraph=\count87
\c@subparagraph=\count88
\c@figure=\count89
\c@table=\count90
\abovecaptionskip=\skip41
\belowcaptionskip=\skip42
Compatibility mode: definition of \rm ignored.
Compatibility mode: definition of \sf ignored.
Compatibility mode: definition of \tt ignored.
Compatibility mode: definition of \bf ignored.
Compatibility mode: definition of \it ignored.
Compatibility mode: definition of \sl ignored.
Compatibility mode: definition of \sc ignored.
LaTeX Info: Redefining \cal on input line 506.
LaTeX Info: Redefining \mit on input line 507.
\bibindent=\dimen105
) (/usr/local/texlive/2014/texmf-dist/tex/latex/base/ifthen.sty
Package: ifthen 2001/05/26 v1.1c Standard LaTeX ifthen package (DPC)
)

! LaTeX Error: LaTeX2e command \usepackage in LaTeX 2.09 document.

See the LaTeX manual or LaTeX Companion for explanation.
Type  H <return>  for immediate help.
 ...                                              
                                                  
l.8 \usepackage
               {html}
This is a LaTeX 2.09 document, but it contains \usepackage.
If you want to use the new features of LaTeX2e, your document
should begin with \documentclass rather than \documentstyle


! LaTeX Error: \usepackage before \documentclass.

See the LaTeX manual or LaTeX Companion for explanation.
Type  H <return>  for immediate help.
 ...                                              
                                                  
l.8 \usepackage{
                html}
\usepackage may only appear in the document preamble, i.e.,
between \documentclass and \begin{document}.


! LaTeX Error: LaTeX2e command \usepackage in LaTeX 2.09 document.

See the LaTeX manual or LaTeX Companion for explanation.
Type  H <return>  for immediate help.
 ...                                              
                                                  
l.17 \usepackage
                []{inputenc}
This is a LaTeX 2.09 document, but it contains \usepackage.
If you want to use the new features of LaTeX2e, your document
should begin with \documentclass rather than \documentstyle


! LaTeX Error: \usepackage before \documentclass.

See the LaTeX manual or LaTeX Companion for explanation.
Type  H <return>  for immediate help.
 ...                                              
                                                  
l.17 \usepackage[]{
                   inputenc}
\usepackage may only appear in the document preamble, i.e.,
between \documentclass and \begin{document}.

\sizebox=\box26
\lthtmlwrite=\write3

! LaTeX Error: Command \selectlanguage already defined.
               Or name \end... illegal, see p.192 of the manual.

See the LaTeX manual or LaTeX Companion for explanation.
Type  H <return>  for immediate help.
 ...                                              
                                                  
l.113 \providecommand{\selectlanguage}[1]{}
                                           %
Your command was ignored.
Type  I <command> <return>  to replace it with another command,
or  <return>  to continue without it.

No file images.aux.
\openout1 = `images.aux'.

LaTeX Font Info:    Checking defaults for OML/cmm/m/it on input line 117.
LaTeX Font Info:    ... okay on input line 117.
LaTeX Font Info:    Checking defaults for T1/cmr/m/n on input line 117.
LaTeX Font Info:    ... okay on input line 117.
LaTeX Font Info:    Checking defaults for OT1/cmr/m/n on input line 117.
LaTeX Font Info:    ... okay on input line 117.
LaTeX Font Info:    Checking defaults for OMS/cmsy/m/n on input line 117.
LaTeX Font Info:    ... okay on input line 117.
LaTeX Font Info:    Checking defaults for OMX/cmex/m/n on input line 117.
LaTeX Font Info:    ... okay on input line 117.
LaTeX Font Info:    Checking defaults for U/cmr/m/n on input line 117.
LaTeX Font Info:    ... okay on input line 117.

latex2htmlLength hsize=349.0pt

latex2htmlLength vsize=621.80023pt

latex2htmlLength hoffset=0.0pt

latex2htmlLength voffset=0.0pt

latex2htmlLength topmargin=0.0pt

latex2htmlLength topskip=0.00003pt

latex2htmlLength headheight=0.0pt

latex2htmlLength headsep=0.0pt

latex2htmlLength parskip=0.0pt plus 1.0pt

latex2htmlLength oddsidemargin=54.0pt

latex2htmlLength evensidemargin=54.0pt

LaTeX Font Info:    External font `cmex10' loaded for size
(Font)              <10.95> on input line 141.
LaTeX Font Info:    External font `cmex10' loaded for size
(Font)              <8> on input line 141.
LaTeX Font Info:    External font `cmex10' loaded for size
(Font)              <6> on input line 141.
LaTeX Font Info:    Try loading font information for U+lasy on input line 141.
(/usr/local/texlive/2014/texmf-dist/tex/latex/base/ulasy.fd
File: ulasy.fd 1998/08/17 v2.2e LaTeX symbol font definitions
)
l2hSize :tex2html_wrap_inline80:7.48248pt::0.0pt::15.75584pt.
[1



]
l2hSize :tex2html_wrap_inline82:7.48248pt::0.0pt::16.06001pt.
[2


]
l2hSize :tex2html_wrap_inline84:7.98248pt::7.98248pt::10.11104pt.
[3


]
l2hSize :tex2html_wrap_inline86:7.98248pt::7.98248pt::13.6118pt.
[4


]
l2hSize :tex2html_wrap_inline88:7.98248pt::7.98248pt::10.11104pt.
[5


]
l2hSize :tex2html_wrap_inline90:7.98248pt::7.98248pt::13.6118pt.
[6


]
l2hSize :tex2html_wrap_inline92:7.98248pt::7.98248pt::10.11104pt.
[7


]
l2hSize :tex2html_wrap_inline94:7.98248pt::7.98248pt::13.6118pt.
[8


]
l2hSize :tex2html_wrap_inline96:7.98248pt::7.98248pt::10.11104pt.
[9


]
l2hSize :tex2html_wrap_inline98:7.98248pt::7.98248pt::13.6118pt.
[10


]
l2hSize :tex2html_wrap_inline100:7.98248pt::7.98248pt::10.11104pt.
[11


]
l2hSize :tex2html_wrap_inline102:7.98248pt::7.98248pt::13.6118pt.
[12


]
l2hSize :tex2html_wrap_inline104:7.98248pt::7.98248pt::11.68509pt.
[13


]
l2hSize :tex2html_wrap_inline106:7.98248pt::7.98248pt::11.68509pt.
[14


]
l2hSize :tex2html_wrap_inline108:7.48248pt::0.0pt::17.88498pt.
[15


]
l2hSize :tex2html_wrap_inline112:8.7125pt::8.7125pt::189.63234pt.
[16


]
l2hSize :tex2html_wrap_inline114:7.98248pt::7.98248pt::76.52936pt.
[17


]
l2hSize :tex2html_wrap_inline116:8.7125pt::8.7125pt::165.58797pt.
[18


]
l2hSize :tex2html_wrap_inline118:8.7125pt::8.7125pt::37.24516pt.
[19


]
l2hSize :tex2html_wrap_inline120:7.98248pt::7.98248pt::41.44008pt.
[20


]
l2hSize :tex2html_wrap_inline122:8.7125pt::8.7125pt::52.39009pt.
[21


]
l2hSize :tex2html_wrap_inline124:8.7125pt::8.7125pt::52.39009pt.
[22


]
l2hSize :tex2html_wrap_inline126:8.7125pt::8.7125pt::60.90678pt.
[23


]
l2hSize :tex2html_wrap_inline128:8.7125pt::8.7125pt::60.90678pt.
[24


]
l2hSize :tex2html_wrap_inline130:8.7125pt::8.7125pt::42.71002pt.
[25


]
l2hSize :tex2html_wrap_inline132:8.7125pt::8.7125pt::122.40152pt.
[26


]
l2hSize :tex2html_wrap_inline134:7.48248pt::0.0pt::40.08908pt.
[27


]
l2hSize :tex2html_wrap_inline136:7.48248pt::0.0pt::36.33263pt.
[28


]
l2hSize :tex2html_wrap_inline138:7.98248pt::7.98248pt::43.42003pt.
[29


]
l2hSize :tex2html_wrap_inline140:7.98248pt::7.98248pt::43.42003pt.
[30


]
l2hSize :tex2html_wrap_inline142:7.98248pt::7.98248pt::43.42003pt.
[31


]
l2hSize :tex2html_wrap_inline144:7.98248pt::7.98248pt::43.42003pt.
[32


]
l2hSize :tex2html_wrap_inline146:7.98248pt::7.98248pt::15.14238pt.
[33


]
l2hSize :tex2html_wrap_inline148:7.98248pt::7.98248pt::15.491pt.
[34


]
l2hSize :tex2html_wrap_inline150:7.98248pt::7.98248pt::13.56429pt.
[35


]
l2hSize :tex2html_wrap_inline154:7.98248pt::7.98248pt::16.96043pt.
[36


]
l2hSize :tex2html_wrap_inline156:7.98248pt::7.98248pt::13.45967pt.
[37


]
Missing character: There is no Ô in font cmr10!
Missing character: There is no º in font cmr10!
Missing character: There is no ù in font cmr10!
l2hSize :displaymath66:22.97556pt::0.0pt::349.0pt.
[38


]
l2hSize :tex2html_wrap_inline158:7.98248pt::7.98248pt::42.84163pt.
[39


]
l2hSize :displaymath67:23.88806pt::0.0pt::349.0pt.
[40


]
l2hSize :tex2html_wrap_inline164:8.7125pt::8.7125pt::118.56401pt.
[41


]
l2hSize :tex2html_wrap_inline168:8.7125pt::8.7125pt::145.93898pt.
[42


]
l2hSize :tex2html_wrap_inline172:7.98248pt::7.98248pt::70.80995pt.
[43


]
l2hSize :tex2html_wrap_inline176:7.98248pt::7.98248pt::23.36006pt.
[44


]
l2hSize :tex2html_wrap_inline178:8.91812pt::8.91812pt::51.89192pt.
[45


]
l2hSize :displaymath68:22.97556pt::0.0pt::349.0pt.
[46


]
l2hSize :tex2html_wrap_inline180:7.98248pt::7.98248pt::39.51573pt.
[47


]
l2hSize :displaymath69:26.13887pt::0.0pt::349.0pt.
[48


]
l2hSize :tex2html_wrap_inline182:7.48248pt::0.0pt::13.93088pt.
[49


]
l2hSize :tex2html_wrap_inline184:7.48248pt::0.0pt::13.93088pt.
[50


]
l2hSize :tex2html_wrap_inline186:7.48248pt::0.0pt::13.93088pt.
[51


]
l2hSize :tex2html_wrap_inline188:8.7125pt::8.7125pt::44.90155pt.
[52


]
l2hSize :tex2html_wrap_inline190:8.7125pt::8.7125pt::44.02284pt.
[53


]
l2hSize :tex2html_wrap_inline192:7.98248pt::7.98248pt::33.1182pt.
[54


]
l2hSize :displaymath70:26.86888pt::0.0pt::349.0pt.
[55


]
l2hSize :displaymath71:22.97556pt::0.0pt::349.0pt.
[56


]
l2hSize :displaymath72:22.97556pt::0.0pt::349.0pt.
[57


] (./images.aux) ) 
Here is how much of TeX's memory you used:
 450 strings out of 493118
 5359 string characters out of 6135459
 54705 words of memory out of 5000000
 3964 multiletter control sequences out of 15000+600000
 12042 words of font info for 44 fonts, out of 8000000 for 9000
 1141 hyphenation exceptions out of 8191
 23i,4n,19p,166b,145s stack positions out of 5000i,500n,10000p,200000b,80000s

Output written on images.dvi (57 pages, 9276 bytes).
